[2024-10-30T03:50:31.322+0000] {local_task_job_runner.py:123} INFO - ::group::Pre task execution logs
[2024-10-30T03:50:31.330+0000] {taskinstance.py:2612} INFO - Dependencies all met for dep_context=non-requeueable deps ti=<TaskInstance: my_dag.training_model_C manual__2024-10-30T03:50:29.987583+00:00 [queued]>
[2024-10-30T03:50:31.333+0000] {taskinstance.py:2612} INFO - Dependencies all met for dep_context=requeueable deps ti=<TaskInstance: my_dag.training_model_C manual__2024-10-30T03:50:29.987583+00:00 [queued]>
[2024-10-30T03:50:31.333+0000] {taskinstance.py:2865} INFO - Starting attempt 1 of 1
[2024-10-30T03:50:31.337+0000] {taskinstance.py:2888} INFO - Executing <Task(PythonOperator): training_model_C> on 2024-10-30 03:50:29.987583+00:00
[2024-10-30T03:50:31.340+0000] {warnings.py:112} WARNING - /home/***/.local/lib/python3.12/site-packages/***/task/task_runner/standard_task_runner.py:70: DeprecationWarning: This process (pid=140) is multi-threaded, use of fork() may lead to deadlocks in the child.
  pid = os.fork()

[2024-10-30T03:50:31.342+0000] {standard_task_runner.py:72} INFO - Started process 149 to run task
[2024-10-30T03:50:31.342+0000] {standard_task_runner.py:104} INFO - Running: ['***', 'tasks', 'run', 'my_dag', 'training_model_C', 'manual__2024-10-30T03:50:29.987583+00:00', '--job-id', '12', '--raw', '--subdir', 'DAGS_FOLDER/my_dag.py', '--cfg-path', '/tmp/tmp2xp3hcnf']
[2024-10-30T03:50:31.342+0000] {standard_task_runner.py:105} INFO - Job 12: Subtask training_model_C
[2024-10-30T03:50:31.359+0000] {task_command.py:467} INFO - Running <TaskInstance: my_dag.training_model_C manual__2024-10-30T03:50:29.987583+00:00 [running]> on host 0966d11159e9
[2024-10-30T03:50:31.390+0000] {taskinstance.py:3131} INFO - Exporting env vars: AIRFLOW_CTX_DAG_OWNER='***' AIRFLOW_CTX_DAG_ID='my_dag' AIRFLOW_CTX_TASK_ID='training_model_C' AIRFLOW_CTX_EXECUTION_DATE='2024-10-30T03:50:29.987583+00:00' AIRFLOW_CTX_TRY_NUMBER='1' AIRFLOW_CTX_DAG_RUN_ID='manual__2024-10-30T03:50:29.987583+00:00'
[2024-10-30T03:50:31.391+0000] {logging_mixin.py:190} INFO - Task instance is in running state
[2024-10-30T03:50:31.391+0000] {logging_mixin.py:190} INFO -  Previous state of the Task instance: queued
[2024-10-30T03:50:31.391+0000] {logging_mixin.py:190} INFO - Current task name:training_model_C state:running start_date:2024-10-30 03:50:31.330690+00:00
[2024-10-30T03:50:31.391+0000] {logging_mixin.py:190} INFO - Dag name:my_dag and current dag run status:running
[2024-10-30T03:50:31.392+0000] {taskinstance.py:731} INFO - ::endgroup::
[2024-10-30T03:50:31.392+0000] {python.py:240} INFO - Done. Returned value was: 4
[2024-10-30T03:50:31.398+0000] {taskinstance.py:340} INFO - ::group::Post task execution logs
[2024-10-30T03:50:31.399+0000] {taskinstance.py:352} INFO - Marking task as SUCCESS. dag_id=my_dag, task_id=training_model_C, run_id=manual__2024-10-30T03:50:29.987583+00:00, execution_date=20241030T035029, start_date=20241030T035031, end_date=20241030T035031
[2024-10-30T03:50:31.401+0000] {logging_mixin.py:190} INFO - Task instance in success state
[2024-10-30T03:50:31.401+0000] {logging_mixin.py:190} INFO -  Previous state of the Task instance: running
[2024-10-30T03:50:31.401+0000] {logging_mixin.py:190} INFO - Dag name:my_dag queued_at:2024-10-30 03:50:29.999185+00:00
[2024-10-30T03:50:31.401+0000] {logging_mixin.py:190} INFO - Task hostname:0966d11159e9 operator:PythonOperator
[2024-10-30T03:50:31.440+0000] {local_task_job_runner.py:266} INFO - Task exited with return code 0
[2024-10-30T03:50:31.450+0000] {taskinstance.py:3900} INFO - 0 downstream tasks scheduled from follow-on schedule check
[2024-10-30T03:50:31.451+0000] {local_task_job_runner.py:245} INFO - ::endgroup::
