[2024-10-30T03:49:55.161+0000] {local_task_job_runner.py:123} INFO - ::group::Pre task execution logs
[2024-10-30T03:49:55.167+0000] {taskinstance.py:2612} INFO - Dependencies all met for dep_context=non-requeueable deps ti=<TaskInstance: my_dag.choose_best_model scheduled__2024-10-29T00:00:00+00:00 [queued]>
[2024-10-30T03:49:55.169+0000] {taskinstance.py:2612} INFO - Dependencies all met for dep_context=requeueable deps ti=<TaskInstance: my_dag.choose_best_model scheduled__2024-10-29T00:00:00+00:00 [queued]>
[2024-10-30T03:49:55.169+0000] {taskinstance.py:2865} INFO - Starting attempt 1 of 1
[2024-10-30T03:49:55.173+0000] {taskinstance.py:2888} INFO - Executing <Task(BranchPythonOperator): choose_best_model> on 2024-10-29 00:00:00+00:00
[2024-10-30T03:49:55.176+0000] {warnings.py:112} WARNING - /home/***/.local/lib/python3.12/site-packages/***/task/task_runner/standard_task_runner.py:70: DeprecationWarning: This process (pid=123) is multi-threaded, use of fork() may lead to deadlocks in the child.
  pid = os.fork()

[2024-10-30T03:49:55.176+0000] {standard_task_runner.py:72} INFO - Started process 125 to run task
[2024-10-30T03:49:55.177+0000] {standard_task_runner.py:104} INFO - Running: ['***', 'tasks', 'run', 'my_dag', 'choose_best_model', 'scheduled__2024-10-29T00:00:00+00:00', '--job-id', '8', '--raw', '--subdir', 'DAGS_FOLDER/my_dag.py', '--cfg-path', '/tmp/tmp3jn051s5']
[2024-10-30T03:49:55.177+0000] {standard_task_runner.py:105} INFO - Job 8: Subtask choose_best_model
[2024-10-30T03:49:55.193+0000] {task_command.py:467} INFO - Running <TaskInstance: my_dag.choose_best_model scheduled__2024-10-29T00:00:00+00:00 [running]> on host 0966d11159e9
[2024-10-30T03:49:55.216+0000] {taskinstance.py:3131} INFO - Exporting env vars: AIRFLOW_CTX_DAG_OWNER='***' AIRFLOW_CTX_DAG_ID='my_dag' AIRFLOW_CTX_TASK_ID='choose_best_model' AIRFLOW_CTX_EXECUTION_DATE='2024-10-29T00:00:00+00:00' AIRFLOW_CTX_TRY_NUMBER='1' AIRFLOW_CTX_DAG_RUN_ID='scheduled__2024-10-29T00:00:00+00:00'
[2024-10-30T03:49:55.217+0000] {logging_mixin.py:190} INFO - Task instance is in running state
[2024-10-30T03:49:55.217+0000] {logging_mixin.py:190} INFO -  Previous state of the Task instance: queued
[2024-10-30T03:49:55.217+0000] {logging_mixin.py:190} INFO - Current task name:choose_best_model state:running start_date:2024-10-30 03:49:55.167527+00:00
[2024-10-30T03:49:55.217+0000] {logging_mixin.py:190} INFO - Dag name:my_dag and current dag run status:running
[2024-10-30T03:49:55.217+0000] {taskinstance.py:731} INFO - ::endgroup::
[2024-10-30T03:49:55.218+0000] {baseoperator.py:405} WARNING - BranchPythonOperator.execute cannot be called outside TaskInstance!
[2024-10-30T03:49:55.221+0000] {python.py:240} INFO - Done. Returned value was: inaccurate
[2024-10-30T03:49:55.221+0000] {branch.py:38} INFO - Branch into inaccurate
[2024-10-30T03:49:55.221+0000] {skipmixin.py:230} INFO - Following branch ('inaccurate',)
[2024-10-30T03:49:55.224+0000] {skipmixin.py:278} INFO - Skipping tasks [('accurate', -1)]
[2024-10-30T03:49:55.232+0000] {taskinstance.py:340} INFO - ::group::Post task execution logs
[2024-10-30T03:49:55.232+0000] {taskinstance.py:352} INFO - Marking task as SUCCESS. dag_id=my_dag, task_id=choose_best_model, run_id=scheduled__2024-10-29T00:00:00+00:00, execution_date=20241029T000000, start_date=20241030T034955, end_date=20241030T034955
[2024-10-30T03:49:55.235+0000] {logging_mixin.py:190} INFO - Task instance in success state
[2024-10-30T03:49:55.235+0000] {logging_mixin.py:190} INFO -  Previous state of the Task instance: running
[2024-10-30T03:49:55.235+0000] {logging_mixin.py:190} INFO - Dag name:my_dag queued_at:2024-10-30 03:49:52.378728+00:00
[2024-10-30T03:49:55.235+0000] {logging_mixin.py:190} INFO - Task hostname:0966d11159e9 operator:BranchPythonOperator
[2024-10-30T03:49:55.238+0000] {local_task_job_runner.py:266} INFO - Task exited with return code 0
[2024-10-30T03:49:55.249+0000] {taskinstance.py:3900} INFO - 1 downstream tasks scheduled from follow-on schedule check
[2024-10-30T03:49:55.249+0000] {local_task_job_runner.py:245} INFO - ::endgroup::
