[2024-10-30T03:49:53.824+0000] {local_task_job_runner.py:123} INFO - ::group::Pre task execution logs
[2024-10-30T03:49:53.830+0000] {taskinstance.py:2612} INFO - Dependencies all met for dep_context=non-requeueable deps ti=<TaskInstance: my_dag.training_model_C scheduled__2024-10-29T00:00:00+00:00 [queued]>
[2024-10-30T03:49:53.834+0000] {taskinstance.py:2612} INFO - Dependencies all met for dep_context=requeueable deps ti=<TaskInstance: my_dag.training_model_C scheduled__2024-10-29T00:00:00+00:00 [queued]>
[2024-10-30T03:49:53.835+0000] {taskinstance.py:2865} INFO - Starting attempt 1 of 1
[2024-10-30T03:49:53.840+0000] {taskinstance.py:2888} INFO - Executing <Task(PythonOperator): training_model_C> on 2024-10-29 00:00:00+00:00
[2024-10-30T03:49:53.845+0000] {warnings.py:112} WARNING - /home/***/.local/lib/python3.12/site-packages/***/task/task_runner/standard_task_runner.py:70: DeprecationWarning: This process (pid=111) is multi-threaded, use of fork() may lead to deadlocks in the child.
  pid = os.fork()

[2024-10-30T03:49:53.845+0000] {standard_task_runner.py:72} INFO - Started process 120 to run task
[2024-10-30T03:49:53.846+0000] {standard_task_runner.py:104} INFO - Running: ['***', 'tasks', 'run', 'my_dag', 'training_model_C', 'scheduled__2024-10-29T00:00:00+00:00', '--job-id', '5', '--raw', '--subdir', 'DAGS_FOLDER/my_dag.py', '--cfg-path', '/tmp/tmpjee4h3e6']
[2024-10-30T03:49:53.846+0000] {standard_task_runner.py:105} INFO - Job 5: Subtask training_model_C
[2024-10-30T03:49:53.870+0000] {task_command.py:467} INFO - Running <TaskInstance: my_dag.training_model_C scheduled__2024-10-29T00:00:00+00:00 [running]> on host 0966d11159e9
[2024-10-30T03:49:53.899+0000] {taskinstance.py:3131} INFO - Exporting env vars: AIRFLOW_CTX_DAG_OWNER='***' AIRFLOW_CTX_DAG_ID='my_dag' AIRFLOW_CTX_TASK_ID='training_model_C' AIRFLOW_CTX_EXECUTION_DATE='2024-10-29T00:00:00+00:00' AIRFLOW_CTX_TRY_NUMBER='1' AIRFLOW_CTX_DAG_RUN_ID='scheduled__2024-10-29T00:00:00+00:00'
[2024-10-30T03:49:53.900+0000] {logging_mixin.py:190} INFO - Task instance is in running state
[2024-10-30T03:49:53.900+0000] {logging_mixin.py:190} INFO -  Previous state of the Task instance: queued
[2024-10-30T03:49:53.900+0000] {logging_mixin.py:190} INFO - Current task name:training_model_C state:running start_date:2024-10-30 03:49:53.831200+00:00
[2024-10-30T03:49:53.900+0000] {logging_mixin.py:190} INFO - Dag name:my_dag and current dag run status:running
[2024-10-30T03:49:53.900+0000] {taskinstance.py:731} INFO - ::endgroup::
[2024-10-30T03:49:53.901+0000] {python.py:240} INFO - Done. Returned value was: 6
[2024-10-30T03:49:53.909+0000] {taskinstance.py:340} INFO - ::group::Post task execution logs
[2024-10-30T03:49:53.910+0000] {taskinstance.py:352} INFO - Marking task as SUCCESS. dag_id=my_dag, task_id=training_model_C, run_id=scheduled__2024-10-29T00:00:00+00:00, execution_date=20241029T000000, start_date=20241030T034953, end_date=20241030T034953
[2024-10-30T03:49:53.913+0000] {logging_mixin.py:190} INFO - Task instance in success state
[2024-10-30T03:49:53.913+0000] {logging_mixin.py:190} INFO -  Previous state of the Task instance: running
[2024-10-30T03:49:53.913+0000] {logging_mixin.py:190} INFO - Dag name:my_dag queued_at:2024-10-30 03:49:52.378728+00:00
[2024-10-30T03:49:53.914+0000] {logging_mixin.py:190} INFO - Task hostname:0966d11159e9 operator:PythonOperator
[2024-10-30T03:49:53.944+0000] {local_task_job_runner.py:266} INFO - Task exited with return code 0
[2024-10-30T03:49:53.956+0000] {taskinstance.py:3900} INFO - 1 downstream tasks scheduled from follow-on schedule check
[2024-10-30T03:49:53.956+0000] {local_task_job_runner.py:245} INFO - ::endgroup::
