[2024-11-01T01:26:13.666+0000] {processor.py:186} INFO - Started process (PID=91) to work on /home/airflow/.local/lib/python3.12/site-packages/airflow/example_dags/example_sensor_decorator.py
[2024-11-01T01:26:13.666+0000] {processor.py:914} INFO - Processing file /home/airflow/.local/lib/python3.12/site-packages/airflow/example_dags/example_sensor_decorator.py for tasks to queue
[2024-11-01T01:26:13.669+0000] {logging_mixin.py:190} INFO - [2024-11-01T01:26:13.668+0000] {dagbag.py:588} INFO - Filling up the DagBag from /home/airflow/.local/lib/python3.12/site-packages/airflow/example_dags/example_sensor_decorator.py
[2024-11-01T01:26:13.672+0000] {processor.py:925} INFO - DAG(s) 'example_sensor_decorator' retrieved from /home/airflow/.local/lib/python3.12/site-packages/airflow/example_dags/example_sensor_decorator.py
[2024-11-01T01:26:13.710+0000] {logging_mixin.py:190} INFO - [2024-11-01T01:26:13.710+0000] {override.py:1900} INFO - Created Permission View: can delete on DAG:example_sensor_decorator
[2024-11-01T01:26:13.713+0000] {logging_mixin.py:190} INFO - [2024-11-01T01:26:13.713+0000] {override.py:1900} INFO - Created Permission View: can read on DAG:example_sensor_decorator
[2024-11-01T01:26:13.715+0000] {logging_mixin.py:190} INFO - [2024-11-01T01:26:13.715+0000] {override.py:1900} INFO - Created Permission View: can edit on DAG:example_sensor_decorator
[2024-11-01T01:26:13.717+0000] {logging_mixin.py:190} INFO - [2024-11-01T01:26:13.717+0000] {override.py:1900} INFO - Created Permission View: can create on DAG Run:example_sensor_decorator
[2024-11-01T01:26:13.718+0000] {logging_mixin.py:190} INFO - [2024-11-01T01:26:13.718+0000] {override.py:1900} INFO - Created Permission View: menu access on DAG Run:example_sensor_decorator
[2024-11-01T01:26:13.720+0000] {logging_mixin.py:190} INFO - [2024-11-01T01:26:13.720+0000] {override.py:1900} INFO - Created Permission View: can read on DAG Run:example_sensor_decorator
[2024-11-01T01:26:13.722+0000] {logging_mixin.py:190} INFO - [2024-11-01T01:26:13.722+0000] {override.py:1900} INFO - Created Permission View: can delete on DAG Run:example_sensor_decorator
[2024-11-01T01:26:13.722+0000] {logging_mixin.py:190} INFO - [2024-11-01T01:26:13.722+0000] {dag.py:3239} INFO - Sync 1 DAGs
[2024-11-01T01:26:13.727+0000] {logging_mixin.py:190} INFO - [2024-11-01T01:26:13.727+0000] {dag.py:3262} INFO - Creating ORM DAG for example_sensor_decorator
[2024-11-01T01:26:13.727+0000] {logging_mixin.py:190} INFO - [2024-11-01T01:26:13.727+0000] {dag.py:4180} INFO - Setting next_dagrun for example_sensor_decorator to None, run_after=None
[2024-11-01T01:26:13.732+0000] {processor.py:208} INFO - Processing /home/airflow/.local/lib/python3.12/site-packages/airflow/example_dags/example_sensor_decorator.py took 0.069 seconds
[2024-11-01T01:26:43.840+0000] {processor.py:186} INFO - Started process (PID=155) to work on /home/airflow/.local/lib/python3.12/site-packages/airflow/example_dags/example_sensor_decorator.py
[2024-11-01T01:26:43.842+0000] {processor.py:914} INFO - Processing file /home/airflow/.local/lib/python3.12/site-packages/airflow/example_dags/example_sensor_decorator.py for tasks to queue
[2024-11-01T01:26:43.844+0000] {logging_mixin.py:190} INFO - [2024-11-01T01:26:43.843+0000] {dagbag.py:588} INFO - Filling up the DagBag from /home/airflow/.local/lib/python3.12/site-packages/airflow/example_dags/example_sensor_decorator.py
[2024-11-01T01:26:43.848+0000] {processor.py:925} INFO - DAG(s) 'example_sensor_decorator' retrieved from /home/airflow/.local/lib/python3.12/site-packages/airflow/example_dags/example_sensor_decorator.py
[2024-11-01T01:26:43.856+0000] {logging_mixin.py:190} INFO - [2024-11-01T01:26:43.855+0000] {dag.py:3239} INFO - Sync 1 DAGs
[2024-11-01T01:26:43.861+0000] {logging_mixin.py:190} INFO - [2024-11-01T01:26:43.861+0000] {dag.py:4180} INFO - Setting next_dagrun for example_sensor_decorator to None, run_after=None
[2024-11-01T01:26:43.871+0000] {processor.py:208} INFO - Processing /home/airflow/.local/lib/python3.12/site-packages/airflow/example_dags/example_sensor_decorator.py took 0.033 seconds
[2024-11-01T01:27:14.596+0000] {processor.py:186} INFO - Started process (PID=219) to work on /home/airflow/.local/lib/python3.12/site-packages/airflow/example_dags/example_sensor_decorator.py
[2024-11-01T01:27:14.599+0000] {processor.py:914} INFO - Processing file /home/airflow/.local/lib/python3.12/site-packages/airflow/example_dags/example_sensor_decorator.py for tasks to queue
[2024-11-01T01:27:14.601+0000] {logging_mixin.py:190} INFO - [2024-11-01T01:27:14.601+0000] {dagbag.py:588} INFO - Filling up the DagBag from /home/airflow/.local/lib/python3.12/site-packages/airflow/example_dags/example_sensor_decorator.py
[2024-11-01T01:27:14.606+0000] {processor.py:925} INFO - DAG(s) 'example_sensor_decorator' retrieved from /home/airflow/.local/lib/python3.12/site-packages/airflow/example_dags/example_sensor_decorator.py
[2024-11-01T01:27:14.618+0000] {logging_mixin.py:190} INFO - [2024-11-01T01:27:14.618+0000] {dag.py:3239} INFO - Sync 1 DAGs
[2024-11-01T01:27:14.625+0000] {logging_mixin.py:190} INFO - [2024-11-01T01:27:14.625+0000] {dag.py:4180} INFO - Setting next_dagrun for example_sensor_decorator to None, run_after=None
[2024-11-01T01:27:14.633+0000] {processor.py:208} INFO - Processing /home/airflow/.local/lib/python3.12/site-packages/airflow/example_dags/example_sensor_decorator.py took 0.039 seconds
[2024-11-01T01:27:45.483+0000] {processor.py:186} INFO - Started process (PID=283) to work on /home/airflow/.local/lib/python3.12/site-packages/airflow/example_dags/example_sensor_decorator.py
[2024-11-01T01:27:45.484+0000] {processor.py:914} INFO - Processing file /home/airflow/.local/lib/python3.12/site-packages/airflow/example_dags/example_sensor_decorator.py for tasks to queue
[2024-11-01T01:27:45.485+0000] {logging_mixin.py:190} INFO - [2024-11-01T01:27:45.485+0000] {dagbag.py:588} INFO - Filling up the DagBag from /home/airflow/.local/lib/python3.12/site-packages/airflow/example_dags/example_sensor_decorator.py
[2024-11-01T01:27:45.489+0000] {processor.py:925} INFO - DAG(s) 'example_sensor_decorator' retrieved from /home/airflow/.local/lib/python3.12/site-packages/airflow/example_dags/example_sensor_decorator.py
[2024-11-01T01:27:45.498+0000] {logging_mixin.py:190} INFO - [2024-11-01T01:27:45.498+0000] {dag.py:3239} INFO - Sync 1 DAGs
[2024-11-01T01:27:45.504+0000] {logging_mixin.py:190} INFO - [2024-11-01T01:27:45.504+0000] {dag.py:4180} INFO - Setting next_dagrun for example_sensor_decorator to None, run_after=None
[2024-11-01T01:27:45.510+0000] {processor.py:208} INFO - Processing /home/airflow/.local/lib/python3.12/site-packages/airflow/example_dags/example_sensor_decorator.py took 0.029 seconds
[2024-11-01T01:28:16.348+0000] {processor.py:186} INFO - Started process (PID=346) to work on /home/airflow/.local/lib/python3.12/site-packages/airflow/example_dags/example_sensor_decorator.py
[2024-11-01T01:28:16.348+0000] {processor.py:914} INFO - Processing file /home/airflow/.local/lib/python3.12/site-packages/airflow/example_dags/example_sensor_decorator.py for tasks to queue
[2024-11-01T01:28:16.352+0000] {logging_mixin.py:190} INFO - [2024-11-01T01:28:16.352+0000] {dagbag.py:588} INFO - Filling up the DagBag from /home/airflow/.local/lib/python3.12/site-packages/airflow/example_dags/example_sensor_decorator.py
[2024-11-01T01:28:16.356+0000] {processor.py:925} INFO - DAG(s) 'example_sensor_decorator' retrieved from /home/airflow/.local/lib/python3.12/site-packages/airflow/example_dags/example_sensor_decorator.py
[2024-11-01T01:28:16.365+0000] {logging_mixin.py:190} INFO - [2024-11-01T01:28:16.365+0000] {dag.py:3239} INFO - Sync 1 DAGs
[2024-11-01T01:28:16.370+0000] {logging_mixin.py:190} INFO - [2024-11-01T01:28:16.370+0000] {dag.py:4180} INFO - Setting next_dagrun for example_sensor_decorator to None, run_after=None
[2024-11-01T01:28:16.376+0000] {processor.py:208} INFO - Processing /home/airflow/.local/lib/python3.12/site-packages/airflow/example_dags/example_sensor_decorator.py took 0.031 seconds
[2024-11-01T01:28:47.106+0000] {processor.py:186} INFO - Started process (PID=410) to work on /home/airflow/.local/lib/python3.12/site-packages/airflow/example_dags/example_sensor_decorator.py
[2024-11-01T01:28:47.106+0000] {processor.py:914} INFO - Processing file /home/airflow/.local/lib/python3.12/site-packages/airflow/example_dags/example_sensor_decorator.py for tasks to queue
[2024-11-01T01:28:47.107+0000] {logging_mixin.py:190} INFO - [2024-11-01T01:28:47.107+0000] {dagbag.py:588} INFO - Filling up the DagBag from /home/airflow/.local/lib/python3.12/site-packages/airflow/example_dags/example_sensor_decorator.py
[2024-11-01T01:28:47.110+0000] {processor.py:925} INFO - DAG(s) 'example_sensor_decorator' retrieved from /home/airflow/.local/lib/python3.12/site-packages/airflow/example_dags/example_sensor_decorator.py
[2024-11-01T01:28:47.119+0000] {logging_mixin.py:190} INFO - [2024-11-01T01:28:47.119+0000] {dag.py:3239} INFO - Sync 1 DAGs
[2024-11-01T01:28:47.125+0000] {logging_mixin.py:190} INFO - [2024-11-01T01:28:47.125+0000] {dag.py:4180} INFO - Setting next_dagrun for example_sensor_decorator to None, run_after=None
[2024-11-01T01:28:47.137+0000] {processor.py:208} INFO - Processing /home/airflow/.local/lib/python3.12/site-packages/airflow/example_dags/example_sensor_decorator.py took 0.033 seconds
[2024-11-01T01:29:17.927+0000] {processor.py:186} INFO - Started process (PID=474) to work on /home/airflow/.local/lib/python3.12/site-packages/airflow/example_dags/example_sensor_decorator.py
[2024-11-01T01:29:17.929+0000] {processor.py:914} INFO - Processing file /home/airflow/.local/lib/python3.12/site-packages/airflow/example_dags/example_sensor_decorator.py for tasks to queue
[2024-11-01T01:29:17.930+0000] {logging_mixin.py:190} INFO - [2024-11-01T01:29:17.930+0000] {dagbag.py:588} INFO - Filling up the DagBag from /home/airflow/.local/lib/python3.12/site-packages/airflow/example_dags/example_sensor_decorator.py
[2024-11-01T01:29:17.933+0000] {processor.py:925} INFO - DAG(s) 'example_sensor_decorator' retrieved from /home/airflow/.local/lib/python3.12/site-packages/airflow/example_dags/example_sensor_decorator.py
[2024-11-01T01:29:17.940+0000] {logging_mixin.py:190} INFO - [2024-11-01T01:29:17.940+0000] {dag.py:3239} INFO - Sync 1 DAGs
[2024-11-01T01:29:17.946+0000] {logging_mixin.py:190} INFO - [2024-11-01T01:29:17.946+0000] {dag.py:4180} INFO - Setting next_dagrun for example_sensor_decorator to None, run_after=None
[2024-11-01T01:29:17.954+0000] {processor.py:208} INFO - Processing /home/airflow/.local/lib/python3.12/site-packages/airflow/example_dags/example_sensor_decorator.py took 0.029 seconds
