[2024-11-01T01:26:11.486+0000] {processor.py:186} INFO - Started process (PID=54) to work on /home/airflow/.local/lib/python3.12/site-packages/airflow/example_dags/example_time_delta_sensor_async.py
[2024-11-01T01:26:11.487+0000] {processor.py:914} INFO - Processing file /home/airflow/.local/lib/python3.12/site-packages/airflow/example_dags/example_time_delta_sensor_async.py for tasks to queue
[2024-11-01T01:26:11.488+0000] {logging_mixin.py:190} INFO - [2024-11-01T01:26:11.488+0000] {dagbag.py:588} INFO - Filling up the DagBag from /home/airflow/.local/lib/python3.12/site-packages/airflow/example_dags/example_time_delta_sensor_async.py
[2024-11-01T01:26:11.497+0000] {processor.py:925} INFO - DAG(s) 'example_time_delta_sensor_async' retrieved from /home/airflow/.local/lib/python3.12/site-packages/airflow/example_dags/example_time_delta_sensor_async.py
[2024-11-01T01:26:11.549+0000] {logging_mixin.py:190} INFO - [2024-11-01T01:26:11.549+0000] {override.py:1900} INFO - Created Permission View: can delete on DAG:example_time_delta_sensor_async
[2024-11-01T01:26:11.555+0000] {logging_mixin.py:190} INFO - [2024-11-01T01:26:11.555+0000] {override.py:1900} INFO - Created Permission View: can read on DAG:example_time_delta_sensor_async
[2024-11-01T01:26:11.559+0000] {logging_mixin.py:190} INFO - [2024-11-01T01:26:11.558+0000] {override.py:1900} INFO - Created Permission View: can edit on DAG:example_time_delta_sensor_async
[2024-11-01T01:26:11.562+0000] {logging_mixin.py:190} INFO - [2024-11-01T01:26:11.562+0000] {override.py:1900} INFO - Created Permission View: can create on DAG Run:example_time_delta_sensor_async
[2024-11-01T01:26:11.565+0000] {logging_mixin.py:190} INFO - [2024-11-01T01:26:11.565+0000] {override.py:1900} INFO - Created Permission View: menu access on DAG Run:example_time_delta_sensor_async
[2024-11-01T01:26:11.569+0000] {logging_mixin.py:190} INFO - [2024-11-01T01:26:11.569+0000] {override.py:1900} INFO - Created Permission View: can read on DAG Run:example_time_delta_sensor_async
[2024-11-01T01:26:11.572+0000] {logging_mixin.py:190} INFO - [2024-11-01T01:26:11.572+0000] {override.py:1900} INFO - Created Permission View: can delete on DAG Run:example_time_delta_sensor_async
[2024-11-01T01:26:11.573+0000] {logging_mixin.py:190} INFO - [2024-11-01T01:26:11.573+0000] {dag.py:3239} INFO - Sync 1 DAGs
[2024-11-01T01:26:11.579+0000] {logging_mixin.py:190} INFO - [2024-11-01T01:26:11.579+0000] {dag.py:3262} INFO - Creating ORM DAG for example_time_delta_sensor_async
[2024-11-01T01:26:11.583+0000] {logging_mixin.py:190} INFO - [2024-11-01T01:26:11.583+0000] {dag.py:4180} INFO - Setting next_dagrun for example_time_delta_sensor_async to None, run_after=None
[2024-11-01T01:26:11.592+0000] {processor.py:208} INFO - Processing /home/airflow/.local/lib/python3.12/site-packages/airflow/example_dags/example_time_delta_sensor_async.py took 0.110 seconds
[2024-11-01T01:26:41.917+0000] {processor.py:186} INFO - Started process (PID=124) to work on /home/airflow/.local/lib/python3.12/site-packages/airflow/example_dags/example_time_delta_sensor_async.py
[2024-11-01T01:26:41.918+0000] {processor.py:914} INFO - Processing file /home/airflow/.local/lib/python3.12/site-packages/airflow/example_dags/example_time_delta_sensor_async.py for tasks to queue
[2024-11-01T01:26:41.919+0000] {logging_mixin.py:190} INFO - [2024-11-01T01:26:41.918+0000] {dagbag.py:588} INFO - Filling up the DagBag from /home/airflow/.local/lib/python3.12/site-packages/airflow/example_dags/example_time_delta_sensor_async.py
[2024-11-01T01:26:41.921+0000] {processor.py:925} INFO - DAG(s) 'example_time_delta_sensor_async' retrieved from /home/airflow/.local/lib/python3.12/site-packages/airflow/example_dags/example_time_delta_sensor_async.py
[2024-11-01T01:26:41.932+0000] {logging_mixin.py:190} INFO - [2024-11-01T01:26:41.932+0000] {dag.py:3239} INFO - Sync 1 DAGs
[2024-11-01T01:26:41.939+0000] {logging_mixin.py:190} INFO - [2024-11-01T01:26:41.939+0000] {dag.py:4180} INFO - Setting next_dagrun for example_time_delta_sensor_async to None, run_after=None
[2024-11-01T01:26:41.950+0000] {processor.py:208} INFO - Processing /home/airflow/.local/lib/python3.12/site-packages/airflow/example_dags/example_time_delta_sensor_async.py took 0.035 seconds
[2024-11-01T01:27:12.702+0000] {processor.py:186} INFO - Started process (PID=188) to work on /home/airflow/.local/lib/python3.12/site-packages/airflow/example_dags/example_time_delta_sensor_async.py
[2024-11-01T01:27:12.702+0000] {processor.py:914} INFO - Processing file /home/airflow/.local/lib/python3.12/site-packages/airflow/example_dags/example_time_delta_sensor_async.py for tasks to queue
[2024-11-01T01:27:12.703+0000] {logging_mixin.py:190} INFO - [2024-11-01T01:27:12.703+0000] {dagbag.py:588} INFO - Filling up the DagBag from /home/airflow/.local/lib/python3.12/site-packages/airflow/example_dags/example_time_delta_sensor_async.py
[2024-11-01T01:27:12.706+0000] {processor.py:925} INFO - DAG(s) 'example_time_delta_sensor_async' retrieved from /home/airflow/.local/lib/python3.12/site-packages/airflow/example_dags/example_time_delta_sensor_async.py
[2024-11-01T01:27:12.714+0000] {logging_mixin.py:190} INFO - [2024-11-01T01:27:12.714+0000] {dag.py:3239} INFO - Sync 1 DAGs
[2024-11-01T01:27:12.720+0000] {logging_mixin.py:190} INFO - [2024-11-01T01:27:12.720+0000] {dag.py:4180} INFO - Setting next_dagrun for example_time_delta_sensor_async to None, run_after=None
[2024-11-01T01:27:12.727+0000] {processor.py:208} INFO - Processing /home/airflow/.local/lib/python3.12/site-packages/airflow/example_dags/example_time_delta_sensor_async.py took 0.027 seconds
[2024-11-01T01:27:43.529+0000] {processor.py:186} INFO - Started process (PID=252) to work on /home/airflow/.local/lib/python3.12/site-packages/airflow/example_dags/example_time_delta_sensor_async.py
[2024-11-01T01:27:43.529+0000] {processor.py:914} INFO - Processing file /home/airflow/.local/lib/python3.12/site-packages/airflow/example_dags/example_time_delta_sensor_async.py for tasks to queue
[2024-11-01T01:27:43.530+0000] {logging_mixin.py:190} INFO - [2024-11-01T01:27:43.530+0000] {dagbag.py:588} INFO - Filling up the DagBag from /home/airflow/.local/lib/python3.12/site-packages/airflow/example_dags/example_time_delta_sensor_async.py
[2024-11-01T01:27:43.532+0000] {processor.py:925} INFO - DAG(s) 'example_time_delta_sensor_async' retrieved from /home/airflow/.local/lib/python3.12/site-packages/airflow/example_dags/example_time_delta_sensor_async.py
[2024-11-01T01:27:43.540+0000] {logging_mixin.py:190} INFO - [2024-11-01T01:27:43.540+0000] {dag.py:3239} INFO - Sync 1 DAGs
[2024-11-01T01:27:43.545+0000] {logging_mixin.py:190} INFO - [2024-11-01T01:27:43.545+0000] {dag.py:4180} INFO - Setting next_dagrun for example_time_delta_sensor_async to None, run_after=None
[2024-11-01T01:27:43.551+0000] {processor.py:208} INFO - Processing /home/airflow/.local/lib/python3.12/site-packages/airflow/example_dags/example_time_delta_sensor_async.py took 0.025 seconds
[2024-11-01T01:28:14.435+0000] {processor.py:186} INFO - Started process (PID=315) to work on /home/airflow/.local/lib/python3.12/site-packages/airflow/example_dags/example_time_delta_sensor_async.py
[2024-11-01T01:28:14.436+0000] {processor.py:914} INFO - Processing file /home/airflow/.local/lib/python3.12/site-packages/airflow/example_dags/example_time_delta_sensor_async.py for tasks to queue
[2024-11-01T01:28:14.437+0000] {logging_mixin.py:190} INFO - [2024-11-01T01:28:14.436+0000] {dagbag.py:588} INFO - Filling up the DagBag from /home/airflow/.local/lib/python3.12/site-packages/airflow/example_dags/example_time_delta_sensor_async.py
[2024-11-01T01:28:14.439+0000] {processor.py:925} INFO - DAG(s) 'example_time_delta_sensor_async' retrieved from /home/airflow/.local/lib/python3.12/site-packages/airflow/example_dags/example_time_delta_sensor_async.py
[2024-11-01T01:28:14.449+0000] {logging_mixin.py:190} INFO - [2024-11-01T01:28:14.449+0000] {dag.py:3239} INFO - Sync 1 DAGs
[2024-11-01T01:28:14.455+0000] {logging_mixin.py:190} INFO - [2024-11-01T01:28:14.455+0000] {dag.py:4180} INFO - Setting next_dagrun for example_time_delta_sensor_async to None, run_after=None
[2024-11-01T01:28:14.462+0000] {processor.py:208} INFO - Processing /home/airflow/.local/lib/python3.12/site-packages/airflow/example_dags/example_time_delta_sensor_async.py took 0.030 seconds
[2024-11-01T01:28:45.264+0000] {processor.py:186} INFO - Started process (PID=379) to work on /home/airflow/.local/lib/python3.12/site-packages/airflow/example_dags/example_time_delta_sensor_async.py
[2024-11-01T01:28:45.264+0000] {processor.py:914} INFO - Processing file /home/airflow/.local/lib/python3.12/site-packages/airflow/example_dags/example_time_delta_sensor_async.py for tasks to queue
[2024-11-01T01:28:45.265+0000] {logging_mixin.py:190} INFO - [2024-11-01T01:28:45.265+0000] {dagbag.py:588} INFO - Filling up the DagBag from /home/airflow/.local/lib/python3.12/site-packages/airflow/example_dags/example_time_delta_sensor_async.py
[2024-11-01T01:28:45.268+0000] {processor.py:925} INFO - DAG(s) 'example_time_delta_sensor_async' retrieved from /home/airflow/.local/lib/python3.12/site-packages/airflow/example_dags/example_time_delta_sensor_async.py
[2024-11-01T01:28:45.275+0000] {logging_mixin.py:190} INFO - [2024-11-01T01:28:45.275+0000] {dag.py:3239} INFO - Sync 1 DAGs
[2024-11-01T01:28:45.281+0000] {logging_mixin.py:190} INFO - [2024-11-01T01:28:45.281+0000] {dag.py:4180} INFO - Setting next_dagrun for example_time_delta_sensor_async to None, run_after=None
[2024-11-01T01:28:45.292+0000] {processor.py:208} INFO - Processing /home/airflow/.local/lib/python3.12/site-packages/airflow/example_dags/example_time_delta_sensor_async.py took 0.030 seconds
[2024-11-01T01:29:16.037+0000] {processor.py:186} INFO - Started process (PID=443) to work on /home/airflow/.local/lib/python3.12/site-packages/airflow/example_dags/example_time_delta_sensor_async.py
[2024-11-01T01:29:16.039+0000] {processor.py:914} INFO - Processing file /home/airflow/.local/lib/python3.12/site-packages/airflow/example_dags/example_time_delta_sensor_async.py for tasks to queue
[2024-11-01T01:29:16.040+0000] {logging_mixin.py:190} INFO - [2024-11-01T01:29:16.040+0000] {dagbag.py:588} INFO - Filling up the DagBag from /home/airflow/.local/lib/python3.12/site-packages/airflow/example_dags/example_time_delta_sensor_async.py
[2024-11-01T01:29:16.043+0000] {processor.py:925} INFO - DAG(s) 'example_time_delta_sensor_async' retrieved from /home/airflow/.local/lib/python3.12/site-packages/airflow/example_dags/example_time_delta_sensor_async.py
[2024-11-01T01:29:16.051+0000] {logging_mixin.py:190} INFO - [2024-11-01T01:29:16.051+0000] {dag.py:3239} INFO - Sync 1 DAGs
[2024-11-01T01:29:16.057+0000] {logging_mixin.py:190} INFO - [2024-11-01T01:29:16.057+0000] {dag.py:4180} INFO - Setting next_dagrun for example_time_delta_sensor_async to None, run_after=None
[2024-11-01T01:29:16.066+0000] {processor.py:208} INFO - Processing /home/airflow/.local/lib/python3.12/site-packages/airflow/example_dags/example_time_delta_sensor_async.py took 0.031 seconds
