[2024-11-01T01:26:11.837+0000] {processor.py:186} INFO - Started process (PID=65) to work on /home/airflow/.local/lib/python3.12/site-packages/airflow/example_dags/example_python_decorator.py
[2024-11-01T01:26:11.838+0000] {processor.py:914} INFO - Processing file /home/airflow/.local/lib/python3.12/site-packages/airflow/example_dags/example_python_decorator.py for tasks to queue
[2024-11-01T01:26:11.839+0000] {logging_mixin.py:190} INFO - [2024-11-01T01:26:11.839+0000] {dagbag.py:588} INFO - Filling up the DagBag from /home/airflow/.local/lib/python3.12/site-packages/airflow/example_dags/example_python_decorator.py
[2024-11-01T01:26:11.846+0000] {processor.py:925} INFO - DAG(s) 'example_python_decorator' retrieved from /home/airflow/.local/lib/python3.12/site-packages/airflow/example_dags/example_python_decorator.py
[2024-11-01T01:26:11.889+0000] {logging_mixin.py:190} INFO - [2024-11-01T01:26:11.888+0000] {override.py:1900} INFO - Created Permission View: can delete on DAG:example_python_decorator
[2024-11-01T01:26:11.892+0000] {logging_mixin.py:190} INFO - [2024-11-01T01:26:11.892+0000] {override.py:1900} INFO - Created Permission View: can read on DAG:example_python_decorator
[2024-11-01T01:26:11.894+0000] {logging_mixin.py:190} INFO - [2024-11-01T01:26:11.894+0000] {override.py:1900} INFO - Created Permission View: can edit on DAG:example_python_decorator
[2024-11-01T01:26:11.896+0000] {logging_mixin.py:190} INFO - [2024-11-01T01:26:11.896+0000] {override.py:1900} INFO - Created Permission View: can create on DAG Run:example_python_decorator
[2024-11-01T01:26:11.898+0000] {logging_mixin.py:190} INFO - [2024-11-01T01:26:11.897+0000] {override.py:1900} INFO - Created Permission View: menu access on DAG Run:example_python_decorator
[2024-11-01T01:26:11.899+0000] {logging_mixin.py:190} INFO - [2024-11-01T01:26:11.899+0000] {override.py:1900} INFO - Created Permission View: can read on DAG Run:example_python_decorator
[2024-11-01T01:26:11.901+0000] {logging_mixin.py:190} INFO - [2024-11-01T01:26:11.901+0000] {override.py:1900} INFO - Created Permission View: can delete on DAG Run:example_python_decorator
[2024-11-01T01:26:11.901+0000] {logging_mixin.py:190} INFO - [2024-11-01T01:26:11.901+0000] {dag.py:3239} INFO - Sync 1 DAGs
[2024-11-01T01:26:11.907+0000] {logging_mixin.py:190} INFO - [2024-11-01T01:26:11.907+0000] {dag.py:3262} INFO - Creating ORM DAG for example_python_decorator
[2024-11-01T01:26:11.907+0000] {logging_mixin.py:190} INFO - [2024-11-01T01:26:11.907+0000] {dag.py:4180} INFO - Setting next_dagrun for example_python_decorator to None, run_after=None
[2024-11-01T01:26:11.913+0000] {processor.py:208} INFO - Processing /home/airflow/.local/lib/python3.12/site-packages/airflow/example_dags/example_python_decorator.py took 0.079 seconds
[2024-11-01T01:26:42.007+0000] {processor.py:186} INFO - Started process (PID=128) to work on /home/airflow/.local/lib/python3.12/site-packages/airflow/example_dags/example_python_decorator.py
[2024-11-01T01:26:42.008+0000] {processor.py:914} INFO - Processing file /home/airflow/.local/lib/python3.12/site-packages/airflow/example_dags/example_python_decorator.py for tasks to queue
[2024-11-01T01:26:42.009+0000] {logging_mixin.py:190} INFO - [2024-11-01T01:26:42.008+0000] {dagbag.py:588} INFO - Filling up the DagBag from /home/airflow/.local/lib/python3.12/site-packages/airflow/example_dags/example_python_decorator.py
[2024-11-01T01:26:42.014+0000] {processor.py:925} INFO - DAG(s) 'example_python_decorator' retrieved from /home/airflow/.local/lib/python3.12/site-packages/airflow/example_dags/example_python_decorator.py
[2024-11-01T01:26:42.022+0000] {logging_mixin.py:190} INFO - [2024-11-01T01:26:42.022+0000] {dag.py:3239} INFO - Sync 1 DAGs
[2024-11-01T01:26:42.027+0000] {logging_mixin.py:190} INFO - [2024-11-01T01:26:42.027+0000] {dag.py:4180} INFO - Setting next_dagrun for example_python_decorator to None, run_after=None
[2024-11-01T01:26:42.032+0000] {processor.py:208} INFO - Processing /home/airflow/.local/lib/python3.12/site-packages/airflow/example_dags/example_python_decorator.py took 0.027 seconds
[2024-11-01T01:27:12.788+0000] {processor.py:186} INFO - Started process (PID=193) to work on /home/airflow/.local/lib/python3.12/site-packages/airflow/example_dags/example_python_decorator.py
[2024-11-01T01:27:12.789+0000] {processor.py:914} INFO - Processing file /home/airflow/.local/lib/python3.12/site-packages/airflow/example_dags/example_python_decorator.py for tasks to queue
[2024-11-01T01:27:12.791+0000] {logging_mixin.py:190} INFO - [2024-11-01T01:27:12.791+0000] {dagbag.py:588} INFO - Filling up the DagBag from /home/airflow/.local/lib/python3.12/site-packages/airflow/example_dags/example_python_decorator.py
[2024-11-01T01:27:12.797+0000] {processor.py:925} INFO - DAG(s) 'example_python_decorator' retrieved from /home/airflow/.local/lib/python3.12/site-packages/airflow/example_dags/example_python_decorator.py
[2024-11-01T01:27:12.805+0000] {logging_mixin.py:190} INFO - [2024-11-01T01:27:12.805+0000] {dag.py:3239} INFO - Sync 1 DAGs
[2024-11-01T01:27:12.811+0000] {logging_mixin.py:190} INFO - [2024-11-01T01:27:12.811+0000] {dag.py:4180} INFO - Setting next_dagrun for example_python_decorator to None, run_after=None
[2024-11-01T01:27:12.817+0000] {processor.py:208} INFO - Processing /home/airflow/.local/lib/python3.12/site-packages/airflow/example_dags/example_python_decorator.py took 0.031 seconds
[2024-11-01T01:27:43.640+0000] {processor.py:186} INFO - Started process (PID=257) to work on /home/airflow/.local/lib/python3.12/site-packages/airflow/example_dags/example_python_decorator.py
[2024-11-01T01:27:43.642+0000] {processor.py:914} INFO - Processing file /home/airflow/.local/lib/python3.12/site-packages/airflow/example_dags/example_python_decorator.py for tasks to queue
[2024-11-01T01:27:43.643+0000] {logging_mixin.py:190} INFO - [2024-11-01T01:27:43.643+0000] {dagbag.py:588} INFO - Filling up the DagBag from /home/airflow/.local/lib/python3.12/site-packages/airflow/example_dags/example_python_decorator.py
[2024-11-01T01:27:43.649+0000] {processor.py:925} INFO - DAG(s) 'example_python_decorator' retrieved from /home/airflow/.local/lib/python3.12/site-packages/airflow/example_dags/example_python_decorator.py
[2024-11-01T01:27:43.663+0000] {logging_mixin.py:190} INFO - [2024-11-01T01:27:43.663+0000] {dag.py:3239} INFO - Sync 1 DAGs
[2024-11-01T01:27:43.669+0000] {logging_mixin.py:190} INFO - [2024-11-01T01:27:43.669+0000] {dag.py:4180} INFO - Setting next_dagrun for example_python_decorator to None, run_after=None
[2024-11-01T01:27:43.676+0000] {processor.py:208} INFO - Processing /home/airflow/.local/lib/python3.12/site-packages/airflow/example_dags/example_python_decorator.py took 0.038 seconds
[2024-11-01T01:28:14.557+0000] {processor.py:186} INFO - Started process (PID=320) to work on /home/airflow/.local/lib/python3.12/site-packages/airflow/example_dags/example_python_decorator.py
[2024-11-01T01:28:14.557+0000] {processor.py:914} INFO - Processing file /home/airflow/.local/lib/python3.12/site-packages/airflow/example_dags/example_python_decorator.py for tasks to queue
[2024-11-01T01:28:14.558+0000] {logging_mixin.py:190} INFO - [2024-11-01T01:28:14.558+0000] {dagbag.py:588} INFO - Filling up the DagBag from /home/airflow/.local/lib/python3.12/site-packages/airflow/example_dags/example_python_decorator.py
[2024-11-01T01:28:14.563+0000] {processor.py:925} INFO - DAG(s) 'example_python_decorator' retrieved from /home/airflow/.local/lib/python3.12/site-packages/airflow/example_dags/example_python_decorator.py
[2024-11-01T01:28:14.573+0000] {logging_mixin.py:190} INFO - [2024-11-01T01:28:14.573+0000] {dag.py:3239} INFO - Sync 1 DAGs
[2024-11-01T01:28:14.578+0000] {logging_mixin.py:190} INFO - [2024-11-01T01:28:14.578+0000] {dag.py:4180} INFO - Setting next_dagrun for example_python_decorator to None, run_after=None
[2024-11-01T01:28:14.584+0000] {processor.py:208} INFO - Processing /home/airflow/.local/lib/python3.12/site-packages/airflow/example_dags/example_python_decorator.py took 0.030 seconds
[2024-11-01T01:28:45.360+0000] {processor.py:186} INFO - Started process (PID=384) to work on /home/airflow/.local/lib/python3.12/site-packages/airflow/example_dags/example_python_decorator.py
[2024-11-01T01:28:45.362+0000] {processor.py:914} INFO - Processing file /home/airflow/.local/lib/python3.12/site-packages/airflow/example_dags/example_python_decorator.py for tasks to queue
[2024-11-01T01:28:45.363+0000] {logging_mixin.py:190} INFO - [2024-11-01T01:28:45.363+0000] {dagbag.py:588} INFO - Filling up the DagBag from /home/airflow/.local/lib/python3.12/site-packages/airflow/example_dags/example_python_decorator.py
[2024-11-01T01:28:45.369+0000] {processor.py:925} INFO - DAG(s) 'example_python_decorator' retrieved from /home/airflow/.local/lib/python3.12/site-packages/airflow/example_dags/example_python_decorator.py
[2024-11-01T01:28:45.382+0000] {logging_mixin.py:190} INFO - [2024-11-01T01:28:45.381+0000] {dag.py:3239} INFO - Sync 1 DAGs
[2024-11-01T01:28:45.391+0000] {logging_mixin.py:190} INFO - [2024-11-01T01:28:45.391+0000] {dag.py:4180} INFO - Setting next_dagrun for example_python_decorator to None, run_after=None
[2024-11-01T01:28:45.400+0000] {processor.py:208} INFO - Processing /home/airflow/.local/lib/python3.12/site-packages/airflow/example_dags/example_python_decorator.py took 0.041 seconds
[2024-11-01T01:29:16.219+0000] {processor.py:186} INFO - Started process (PID=448) to work on /home/airflow/.local/lib/python3.12/site-packages/airflow/example_dags/example_python_decorator.py
[2024-11-01T01:29:16.220+0000] {processor.py:914} INFO - Processing file /home/airflow/.local/lib/python3.12/site-packages/airflow/example_dags/example_python_decorator.py for tasks to queue
[2024-11-01T01:29:16.221+0000] {logging_mixin.py:190} INFO - [2024-11-01T01:29:16.221+0000] {dagbag.py:588} INFO - Filling up the DagBag from /home/airflow/.local/lib/python3.12/site-packages/airflow/example_dags/example_python_decorator.py
[2024-11-01T01:29:16.227+0000] {processor.py:925} INFO - DAG(s) 'example_python_decorator' retrieved from /home/airflow/.local/lib/python3.12/site-packages/airflow/example_dags/example_python_decorator.py
[2024-11-01T01:29:16.237+0000] {logging_mixin.py:190} INFO - [2024-11-01T01:29:16.237+0000] {dag.py:3239} INFO - Sync 1 DAGs
[2024-11-01T01:29:16.244+0000] {logging_mixin.py:190} INFO - [2024-11-01T01:29:16.243+0000] {dag.py:4180} INFO - Setting next_dagrun for example_python_decorator to None, run_after=None
[2024-11-01T01:29:16.253+0000] {processor.py:208} INFO - Processing /home/airflow/.local/lib/python3.12/site-packages/airflow/example_dags/example_python_decorator.py took 0.037 seconds
