[2024-11-01T01:26:11.382+0000] {processor.py:186} INFO - Started process (PID=53) to work on /home/airflow/.local/lib/python3.12/site-packages/airflow/example_dags/example_xcom.py
[2024-11-01T01:26:11.383+0000] {processor.py:914} INFO - Processing file /home/airflow/.local/lib/python3.12/site-packages/airflow/example_dags/example_xcom.py for tasks to queue
[2024-11-01T01:26:11.384+0000] {logging_mixin.py:190} INFO - [2024-11-01T01:26:11.384+0000] {dagbag.py:588} INFO - Filling up the DagBag from /home/airflow/.local/lib/python3.12/site-packages/airflow/example_dags/example_xcom.py
[2024-11-01T01:26:11.390+0000] {processor.py:925} INFO - DAG(s) 'example_xcom' retrieved from /home/airflow/.local/lib/python3.12/site-packages/airflow/example_dags/example_xcom.py
[2024-11-01T01:26:11.431+0000] {logging_mixin.py:190} INFO - [2024-11-01T01:26:11.430+0000] {override.py:1900} INFO - Created Permission View: can delete on DAG:example_xcom
[2024-11-01T01:26:11.435+0000] {logging_mixin.py:190} INFO - [2024-11-01T01:26:11.434+0000] {override.py:1900} INFO - Created Permission View: can read on DAG:example_xcom
[2024-11-01T01:26:11.437+0000] {logging_mixin.py:190} INFO - [2024-11-01T01:26:11.436+0000] {override.py:1900} INFO - Created Permission View: can edit on DAG:example_xcom
[2024-11-01T01:26:11.439+0000] {logging_mixin.py:190} INFO - [2024-11-01T01:26:11.439+0000] {override.py:1900} INFO - Created Permission View: can create on DAG Run:example_xcom
[2024-11-01T01:26:11.441+0000] {logging_mixin.py:190} INFO - [2024-11-01T01:26:11.440+0000] {override.py:1900} INFO - Created Permission View: menu access on DAG Run:example_xcom
[2024-11-01T01:26:11.443+0000] {logging_mixin.py:190} INFO - [2024-11-01T01:26:11.443+0000] {override.py:1900} INFO - Created Permission View: can read on DAG Run:example_xcom
[2024-11-01T01:26:11.452+0000] {logging_mixin.py:190} INFO - [2024-11-01T01:26:11.452+0000] {override.py:1900} INFO - Created Permission View: can delete on DAG Run:example_xcom
[2024-11-01T01:26:11.452+0000] {logging_mixin.py:190} INFO - [2024-11-01T01:26:11.452+0000] {dag.py:3239} INFO - Sync 1 DAGs
[2024-11-01T01:26:11.458+0000] {logging_mixin.py:190} INFO - [2024-11-01T01:26:11.458+0000] {dag.py:3262} INFO - Creating ORM DAG for example_xcom
[2024-11-01T01:26:11.463+0000] {logging_mixin.py:190} INFO - [2024-11-01T01:26:11.463+0000] {dag.py:4180} INFO - Setting next_dagrun for example_xcom to 2021-01-01 00:00:00+00:00, run_after=2021-01-01 00:00:00+00:00
[2024-11-01T01:26:11.471+0000] {processor.py:208} INFO - Processing /home/airflow/.local/lib/python3.12/site-packages/airflow/example_dags/example_xcom.py took 0.092 seconds
[2024-11-01T01:26:41.877+0000] {processor.py:186} INFO - Started process (PID=123) to work on /home/airflow/.local/lib/python3.12/site-packages/airflow/example_dags/example_xcom.py
[2024-11-01T01:26:41.878+0000] {processor.py:914} INFO - Processing file /home/airflow/.local/lib/python3.12/site-packages/airflow/example_dags/example_xcom.py for tasks to queue
[2024-11-01T01:26:41.879+0000] {logging_mixin.py:190} INFO - [2024-11-01T01:26:41.879+0000] {dagbag.py:588} INFO - Filling up the DagBag from /home/airflow/.local/lib/python3.12/site-packages/airflow/example_dags/example_xcom.py
[2024-11-01T01:26:41.882+0000] {processor.py:925} INFO - DAG(s) 'example_xcom' retrieved from /home/airflow/.local/lib/python3.12/site-packages/airflow/example_dags/example_xcom.py
[2024-11-01T01:26:41.893+0000] {logging_mixin.py:190} INFO - [2024-11-01T01:26:41.893+0000] {dag.py:3239} INFO - Sync 1 DAGs
[2024-11-01T01:26:41.901+0000] {logging_mixin.py:190} INFO - [2024-11-01T01:26:41.901+0000] {dag.py:4180} INFO - Setting next_dagrun for example_xcom to 2021-01-01 00:00:00+00:00, run_after=2021-01-01 00:00:00+00:00
[2024-11-01T01:26:41.908+0000] {processor.py:208} INFO - Processing /home/airflow/.local/lib/python3.12/site-packages/airflow/example_dags/example_xcom.py took 0.032 seconds
[2024-11-01T01:27:12.664+0000] {processor.py:186} INFO - Started process (PID=187) to work on /home/airflow/.local/lib/python3.12/site-packages/airflow/example_dags/example_xcom.py
[2024-11-01T01:27:12.664+0000] {processor.py:914} INFO - Processing file /home/airflow/.local/lib/python3.12/site-packages/airflow/example_dags/example_xcom.py for tasks to queue
[2024-11-01T01:27:12.665+0000] {logging_mixin.py:190} INFO - [2024-11-01T01:27:12.665+0000] {dagbag.py:588} INFO - Filling up the DagBag from /home/airflow/.local/lib/python3.12/site-packages/airflow/example_dags/example_xcom.py
[2024-11-01T01:27:12.668+0000] {processor.py:925} INFO - DAG(s) 'example_xcom' retrieved from /home/airflow/.local/lib/python3.12/site-packages/airflow/example_dags/example_xcom.py
[2024-11-01T01:27:12.676+0000] {logging_mixin.py:190} INFO - [2024-11-01T01:27:12.676+0000] {dag.py:3239} INFO - Sync 1 DAGs
[2024-11-01T01:27:12.684+0000] {logging_mixin.py:190} INFO - [2024-11-01T01:27:12.684+0000] {dag.py:4180} INFO - Setting next_dagrun for example_xcom to 2021-01-01 00:00:00+00:00, run_after=2021-01-01 00:00:00+00:00
[2024-11-01T01:27:12.692+0000] {processor.py:208} INFO - Processing /home/airflow/.local/lib/python3.12/site-packages/airflow/example_dags/example_xcom.py took 0.031 seconds
[2024-11-01T01:27:43.485+0000] {processor.py:186} INFO - Started process (PID=251) to work on /home/airflow/.local/lib/python3.12/site-packages/airflow/example_dags/example_xcom.py
[2024-11-01T01:27:43.486+0000] {processor.py:914} INFO - Processing file /home/airflow/.local/lib/python3.12/site-packages/airflow/example_dags/example_xcom.py for tasks to queue
[2024-11-01T01:27:43.488+0000] {logging_mixin.py:190} INFO - [2024-11-01T01:27:43.487+0000] {dagbag.py:588} INFO - Filling up the DagBag from /home/airflow/.local/lib/python3.12/site-packages/airflow/example_dags/example_xcom.py
[2024-11-01T01:27:43.491+0000] {processor.py:925} INFO - DAG(s) 'example_xcom' retrieved from /home/airflow/.local/lib/python3.12/site-packages/airflow/example_dags/example_xcom.py
[2024-11-01T01:27:43.499+0000] {logging_mixin.py:190} INFO - [2024-11-01T01:27:43.499+0000] {dag.py:3239} INFO - Sync 1 DAGs
[2024-11-01T01:27:43.508+0000] {logging_mixin.py:190} INFO - [2024-11-01T01:27:43.508+0000] {dag.py:4180} INFO - Setting next_dagrun for example_xcom to 2021-01-01 00:00:00+00:00, run_after=2021-01-01 00:00:00+00:00
[2024-11-01T01:27:43.519+0000] {processor.py:208} INFO - Processing /home/airflow/.local/lib/python3.12/site-packages/airflow/example_dags/example_xcom.py took 0.036 seconds
[2024-11-01T01:28:14.387+0000] {processor.py:186} INFO - Started process (PID=314) to work on /home/airflow/.local/lib/python3.12/site-packages/airflow/example_dags/example_xcom.py
[2024-11-01T01:28:14.388+0000] {processor.py:914} INFO - Processing file /home/airflow/.local/lib/python3.12/site-packages/airflow/example_dags/example_xcom.py for tasks to queue
[2024-11-01T01:28:14.390+0000] {logging_mixin.py:190} INFO - [2024-11-01T01:28:14.390+0000] {dagbag.py:588} INFO - Filling up the DagBag from /home/airflow/.local/lib/python3.12/site-packages/airflow/example_dags/example_xcom.py
[2024-11-01T01:28:14.396+0000] {processor.py:925} INFO - DAG(s) 'example_xcom' retrieved from /home/airflow/.local/lib/python3.12/site-packages/airflow/example_dags/example_xcom.py
[2024-11-01T01:28:14.406+0000] {logging_mixin.py:190} INFO - [2024-11-01T01:28:14.406+0000] {dag.py:3239} INFO - Sync 1 DAGs
[2024-11-01T01:28:14.415+0000] {logging_mixin.py:190} INFO - [2024-11-01T01:28:14.414+0000] {dag.py:4180} INFO - Setting next_dagrun for example_xcom to 2021-01-01 00:00:00+00:00, run_after=2021-01-01 00:00:00+00:00
[2024-11-01T01:28:14.425+0000] {processor.py:208} INFO - Processing /home/airflow/.local/lib/python3.12/site-packages/airflow/example_dags/example_xcom.py took 0.040 seconds
[2024-11-01T01:28:45.235+0000] {processor.py:186} INFO - Started process (PID=378) to work on /home/airflow/.local/lib/python3.12/site-packages/airflow/example_dags/example_xcom.py
[2024-11-01T01:28:45.237+0000] {processor.py:914} INFO - Processing file /home/airflow/.local/lib/python3.12/site-packages/airflow/example_dags/example_xcom.py for tasks to queue
[2024-11-01T01:28:45.238+0000] {logging_mixin.py:190} INFO - [2024-11-01T01:28:45.238+0000] {dagbag.py:588} INFO - Filling up the DagBag from /home/airflow/.local/lib/python3.12/site-packages/airflow/example_dags/example_xcom.py
[2024-11-01T01:28:45.242+0000] {processor.py:925} INFO - DAG(s) 'example_xcom' retrieved from /home/airflow/.local/lib/python3.12/site-packages/airflow/example_dags/example_xcom.py
[2024-11-01T01:28:45.253+0000] {logging_mixin.py:190} INFO - [2024-11-01T01:28:45.253+0000] {dag.py:3239} INFO - Sync 1 DAGs
[2024-11-01T01:28:45.261+0000] {logging_mixin.py:190} INFO - [2024-11-01T01:28:45.261+0000] {dag.py:4180} INFO - Setting next_dagrun for example_xcom to 2021-01-01 00:00:00+00:00, run_after=2021-01-01 00:00:00+00:00
[2024-11-01T01:28:45.267+0000] {processor.py:208} INFO - Processing /home/airflow/.local/lib/python3.12/site-packages/airflow/example_dags/example_xcom.py took 0.034 seconds
[2024-11-01T01:29:16.006+0000] {processor.py:186} INFO - Started process (PID=442) to work on /home/airflow/.local/lib/python3.12/site-packages/airflow/example_dags/example_xcom.py
[2024-11-01T01:29:16.008+0000] {processor.py:914} INFO - Processing file /home/airflow/.local/lib/python3.12/site-packages/airflow/example_dags/example_xcom.py for tasks to queue
[2024-11-01T01:29:16.009+0000] {logging_mixin.py:190} INFO - [2024-11-01T01:29:16.009+0000] {dagbag.py:588} INFO - Filling up the DagBag from /home/airflow/.local/lib/python3.12/site-packages/airflow/example_dags/example_xcom.py
[2024-11-01T01:29:16.014+0000] {processor.py:925} INFO - DAG(s) 'example_xcom' retrieved from /home/airflow/.local/lib/python3.12/site-packages/airflow/example_dags/example_xcom.py
[2024-11-01T01:29:16.024+0000] {logging_mixin.py:190} INFO - [2024-11-01T01:29:16.023+0000] {dag.py:3239} INFO - Sync 1 DAGs
[2024-11-01T01:29:16.031+0000] {logging_mixin.py:190} INFO - [2024-11-01T01:29:16.031+0000] {dag.py:4180} INFO - Setting next_dagrun for example_xcom to 2021-01-01 00:00:00+00:00, run_after=2021-01-01 00:00:00+00:00
[2024-11-01T01:29:16.037+0000] {processor.py:208} INFO - Processing /home/airflow/.local/lib/python3.12/site-packages/airflow/example_dags/example_xcom.py took 0.034 seconds
