[2024-11-01T01:26:13.444+0000] {processor.py:186} INFO - Started process (PID=87) to work on /home/airflow/.local/lib/python3.12/site-packages/airflow/example_dags/example_dag_decorator.py
[2024-11-01T01:26:13.445+0000] {processor.py:914} INFO - Processing file /home/airflow/.local/lib/python3.12/site-packages/airflow/example_dags/example_dag_decorator.py for tasks to queue
[2024-11-01T01:26:13.446+0000] {logging_mixin.py:190} INFO - [2024-11-01T01:26:13.445+0000] {dagbag.py:588} INFO - Filling up the DagBag from /home/airflow/.local/lib/python3.12/site-packages/airflow/example_dags/example_dag_decorator.py
[2024-11-01T01:26:13.451+0000] {processor.py:925} INFO - DAG(s) 'example_dag_decorator' retrieved from /home/airflow/.local/lib/python3.12/site-packages/airflow/example_dags/example_dag_decorator.py
[2024-11-01T01:26:13.495+0000] {logging_mixin.py:190} INFO - [2024-11-01T01:26:13.494+0000] {override.py:1900} INFO - Created Permission View: can delete on DAG:example_dag_decorator
[2024-11-01T01:26:13.499+0000] {logging_mixin.py:190} INFO - [2024-11-01T01:26:13.499+0000] {override.py:1900} INFO - Created Permission View: can read on DAG:example_dag_decorator
[2024-11-01T01:26:13.501+0000] {logging_mixin.py:190} INFO - [2024-11-01T01:26:13.501+0000] {override.py:1900} INFO - Created Permission View: can edit on DAG:example_dag_decorator
[2024-11-01T01:26:13.503+0000] {logging_mixin.py:190} INFO - [2024-11-01T01:26:13.503+0000] {override.py:1900} INFO - Created Permission View: can create on DAG Run:example_dag_decorator
[2024-11-01T01:26:13.505+0000] {logging_mixin.py:190} INFO - [2024-11-01T01:26:13.505+0000] {override.py:1900} INFO - Created Permission View: menu access on DAG Run:example_dag_decorator
[2024-11-01T01:26:13.507+0000] {logging_mixin.py:190} INFO - [2024-11-01T01:26:13.506+0000] {override.py:1900} INFO - Created Permission View: can read on DAG Run:example_dag_decorator
[2024-11-01T01:26:13.508+0000] {logging_mixin.py:190} INFO - [2024-11-01T01:26:13.508+0000] {override.py:1900} INFO - Created Permission View: can delete on DAG Run:example_dag_decorator
[2024-11-01T01:26:13.509+0000] {logging_mixin.py:190} INFO - [2024-11-01T01:26:13.508+0000] {dag.py:3239} INFO - Sync 1 DAGs
[2024-11-01T01:26:13.514+0000] {logging_mixin.py:190} INFO - [2024-11-01T01:26:13.514+0000] {dag.py:3262} INFO - Creating ORM DAG for example_dag_decorator
[2024-11-01T01:26:13.514+0000] {logging_mixin.py:190} INFO - [2024-11-01T01:26:13.514+0000] {dag.py:4180} INFO - Setting next_dagrun for example_dag_decorator to None, run_after=None
[2024-11-01T01:26:13.520+0000] {processor.py:208} INFO - Processing /home/airflow/.local/lib/python3.12/site-packages/airflow/example_dags/example_dag_decorator.py took 0.079 seconds
[2024-11-01T01:26:43.738+0000] {processor.py:186} INFO - Started process (PID=151) to work on /home/airflow/.local/lib/python3.12/site-packages/airflow/example_dags/example_dag_decorator.py
[2024-11-01T01:26:43.739+0000] {processor.py:914} INFO - Processing file /home/airflow/.local/lib/python3.12/site-packages/airflow/example_dags/example_dag_decorator.py for tasks to queue
[2024-11-01T01:26:43.739+0000] {logging_mixin.py:190} INFO - [2024-11-01T01:26:43.739+0000] {dagbag.py:588} INFO - Filling up the DagBag from /home/airflow/.local/lib/python3.12/site-packages/airflow/example_dags/example_dag_decorator.py
[2024-11-01T01:26:43.745+0000] {processor.py:925} INFO - DAG(s) 'example_dag_decorator' retrieved from /home/airflow/.local/lib/python3.12/site-packages/airflow/example_dags/example_dag_decorator.py
[2024-11-01T01:26:43.784+0000] {logging_mixin.py:190} INFO - [2024-11-01T01:26:43.784+0000] {dag.py:3239} INFO - Sync 1 DAGs
[2024-11-01T01:26:43.789+0000] {logging_mixin.py:190} INFO - [2024-11-01T01:26:43.789+0000] {dag.py:4180} INFO - Setting next_dagrun for example_dag_decorator to None, run_after=None
[2024-11-01T01:26:43.798+0000] {processor.py:208} INFO - Processing /home/airflow/.local/lib/python3.12/site-packages/airflow/example_dags/example_dag_decorator.py took 0.062 seconds
[2024-11-01T01:27:14.499+0000] {processor.py:186} INFO - Started process (PID=215) to work on /home/airflow/.local/lib/python3.12/site-packages/airflow/example_dags/example_dag_decorator.py
[2024-11-01T01:27:14.500+0000] {processor.py:914} INFO - Processing file /home/airflow/.local/lib/python3.12/site-packages/airflow/example_dags/example_dag_decorator.py for tasks to queue
[2024-11-01T01:27:14.502+0000] {logging_mixin.py:190} INFO - [2024-11-01T01:27:14.502+0000] {dagbag.py:588} INFO - Filling up the DagBag from /home/airflow/.local/lib/python3.12/site-packages/airflow/example_dags/example_dag_decorator.py
[2024-11-01T01:27:14.508+0000] {processor.py:925} INFO - DAG(s) 'example_dag_decorator' retrieved from /home/airflow/.local/lib/python3.12/site-packages/airflow/example_dags/example_dag_decorator.py
[2024-11-01T01:27:14.520+0000] {logging_mixin.py:190} INFO - [2024-11-01T01:27:14.520+0000] {dag.py:3239} INFO - Sync 1 DAGs
[2024-11-01T01:27:14.526+0000] {logging_mixin.py:190} INFO - [2024-11-01T01:27:14.526+0000] {dag.py:4180} INFO - Setting next_dagrun for example_dag_decorator to None, run_after=None
[2024-11-01T01:27:14.533+0000] {processor.py:208} INFO - Processing /home/airflow/.local/lib/python3.12/site-packages/airflow/example_dags/example_dag_decorator.py took 0.037 seconds
[2024-11-01T01:27:45.394+0000] {processor.py:186} INFO - Started process (PID=279) to work on /home/airflow/.local/lib/python3.12/site-packages/airflow/example_dags/example_dag_decorator.py
[2024-11-01T01:27:45.394+0000] {processor.py:914} INFO - Processing file /home/airflow/.local/lib/python3.12/site-packages/airflow/example_dags/example_dag_decorator.py for tasks to queue
[2024-11-01T01:27:45.395+0000] {logging_mixin.py:190} INFO - [2024-11-01T01:27:45.395+0000] {dagbag.py:588} INFO - Filling up the DagBag from /home/airflow/.local/lib/python3.12/site-packages/airflow/example_dags/example_dag_decorator.py
[2024-11-01T01:27:45.400+0000] {processor.py:925} INFO - DAG(s) 'example_dag_decorator' retrieved from /home/airflow/.local/lib/python3.12/site-packages/airflow/example_dags/example_dag_decorator.py
[2024-11-01T01:27:45.442+0000] {logging_mixin.py:190} INFO - [2024-11-01T01:27:45.442+0000] {dag.py:3239} INFO - Sync 1 DAGs
[2024-11-01T01:27:45.448+0000] {logging_mixin.py:190} INFO - [2024-11-01T01:27:45.447+0000] {dag.py:4180} INFO - Setting next_dagrun for example_dag_decorator to None, run_after=None
[2024-11-01T01:27:45.456+0000] {processor.py:208} INFO - Processing /home/airflow/.local/lib/python3.12/site-packages/airflow/example_dags/example_dag_decorator.py took 0.064 seconds
[2024-11-01T01:28:16.267+0000] {processor.py:186} INFO - Started process (PID=342) to work on /home/airflow/.local/lib/python3.12/site-packages/airflow/example_dags/example_dag_decorator.py
[2024-11-01T01:28:16.267+0000] {processor.py:914} INFO - Processing file /home/airflow/.local/lib/python3.12/site-packages/airflow/example_dags/example_dag_decorator.py for tasks to queue
[2024-11-01T01:28:16.268+0000] {logging_mixin.py:190} INFO - [2024-11-01T01:28:16.268+0000] {dagbag.py:588} INFO - Filling up the DagBag from /home/airflow/.local/lib/python3.12/site-packages/airflow/example_dags/example_dag_decorator.py
[2024-11-01T01:28:16.272+0000] {processor.py:925} INFO - DAG(s) 'example_dag_decorator' retrieved from /home/airflow/.local/lib/python3.12/site-packages/airflow/example_dags/example_dag_decorator.py
[2024-11-01T01:28:16.316+0000] {logging_mixin.py:190} INFO - [2024-11-01T01:28:16.316+0000] {dag.py:3239} INFO - Sync 1 DAGs
[2024-11-01T01:28:16.321+0000] {logging_mixin.py:190} INFO - [2024-11-01T01:28:16.321+0000] {dag.py:4180} INFO - Setting next_dagrun for example_dag_decorator to None, run_after=None
[2024-11-01T01:28:16.328+0000] {processor.py:208} INFO - Processing /home/airflow/.local/lib/python3.12/site-packages/airflow/example_dags/example_dag_decorator.py took 0.063 seconds
[2024-11-01T01:28:46.988+0000] {processor.py:186} INFO - Started process (PID=406) to work on /home/airflow/.local/lib/python3.12/site-packages/airflow/example_dags/example_dag_decorator.py
[2024-11-01T01:28:46.989+0000] {processor.py:914} INFO - Processing file /home/airflow/.local/lib/python3.12/site-packages/airflow/example_dags/example_dag_decorator.py for tasks to queue
[2024-11-01T01:28:46.990+0000] {logging_mixin.py:190} INFO - [2024-11-01T01:28:46.990+0000] {dagbag.py:588} INFO - Filling up the DagBag from /home/airflow/.local/lib/python3.12/site-packages/airflow/example_dags/example_dag_decorator.py
[2024-11-01T01:28:46.995+0000] {processor.py:925} INFO - DAG(s) 'example_dag_decorator' retrieved from /home/airflow/.local/lib/python3.12/site-packages/airflow/example_dags/example_dag_decorator.py
[2024-11-01T01:28:47.037+0000] {logging_mixin.py:190} INFO - [2024-11-01T01:28:47.037+0000] {dag.py:3239} INFO - Sync 1 DAGs
[2024-11-01T01:28:47.042+0000] {logging_mixin.py:190} INFO - [2024-11-01T01:28:47.042+0000] {dag.py:4180} INFO - Setting next_dagrun for example_dag_decorator to None, run_after=None
[2024-11-01T01:28:47.049+0000] {processor.py:208} INFO - Processing /home/airflow/.local/lib/python3.12/site-packages/airflow/example_dags/example_dag_decorator.py took 0.064 seconds
[2024-11-01T01:29:17.814+0000] {processor.py:186} INFO - Started process (PID=470) to work on /home/airflow/.local/lib/python3.12/site-packages/airflow/example_dags/example_dag_decorator.py
[2024-11-01T01:29:17.815+0000] {processor.py:914} INFO - Processing file /home/airflow/.local/lib/python3.12/site-packages/airflow/example_dags/example_dag_decorator.py for tasks to queue
[2024-11-01T01:29:17.816+0000] {logging_mixin.py:190} INFO - [2024-11-01T01:29:17.816+0000] {dagbag.py:588} INFO - Filling up the DagBag from /home/airflow/.local/lib/python3.12/site-packages/airflow/example_dags/example_dag_decorator.py
[2024-11-01T01:29:17.823+0000] {processor.py:925} INFO - DAG(s) 'example_dag_decorator' retrieved from /home/airflow/.local/lib/python3.12/site-packages/airflow/example_dags/example_dag_decorator.py
[2024-11-01T01:29:17.872+0000] {logging_mixin.py:190} INFO - [2024-11-01T01:29:17.872+0000] {dag.py:3239} INFO - Sync 1 DAGs
[2024-11-01T01:29:17.877+0000] {logging_mixin.py:190} INFO - [2024-11-01T01:29:17.877+0000] {dag.py:4180} INFO - Setting next_dagrun for example_dag_decorator to None, run_after=None
[2024-11-01T01:29:17.885+0000] {processor.py:208} INFO - Processing /home/airflow/.local/lib/python3.12/site-packages/airflow/example_dags/example_dag_decorator.py took 0.074 seconds
