[2024-11-01T01:26:11.625+0000] {processor.py:186} INFO - Started process (PID=56) to work on /home/airflow/.local/lib/python3.12/site-packages/airflow/example_dags/example_kubernetes_executor.py
[2024-11-01T01:26:11.626+0000] {processor.py:914} INFO - Processing file /home/airflow/.local/lib/python3.12/site-packages/airflow/example_dags/example_kubernetes_executor.py for tasks to queue
[2024-11-01T01:26:11.628+0000] {logging_mixin.py:190} INFO - [2024-11-01T01:26:11.627+0000] {dagbag.py:588} INFO - Filling up the DagBag from /home/airflow/.local/lib/python3.12/site-packages/airflow/example_dags/example_kubernetes_executor.py
[2024-11-01T01:26:11.636+0000] {processor.py:925} INFO - DAG(s) 'example_kubernetes_executor' retrieved from /home/airflow/.local/lib/python3.12/site-packages/airflow/example_dags/example_kubernetes_executor.py
[2024-11-01T01:26:11.699+0000] {logging_mixin.py:190} INFO - [2024-11-01T01:26:11.699+0000] {override.py:1900} INFO - Created Permission View: can delete on DAG:example_kubernetes_executor
[2024-11-01T01:26:11.706+0000] {logging_mixin.py:190} INFO - [2024-11-01T01:26:11.706+0000] {override.py:1900} INFO - Created Permission View: can read on DAG:example_kubernetes_executor
[2024-11-01T01:26:11.709+0000] {logging_mixin.py:190} INFO - [2024-11-01T01:26:11.709+0000] {override.py:1900} INFO - Created Permission View: can edit on DAG:example_kubernetes_executor
[2024-11-01T01:26:11.712+0000] {logging_mixin.py:190} INFO - [2024-11-01T01:26:11.712+0000] {override.py:1900} INFO - Created Permission View: can create on DAG Run:example_kubernetes_executor
[2024-11-01T01:26:11.718+0000] {logging_mixin.py:190} INFO - [2024-11-01T01:26:11.718+0000] {override.py:1900} INFO - Created Permission View: menu access on DAG Run:example_kubernetes_executor
[2024-11-01T01:26:11.722+0000] {logging_mixin.py:190} INFO - [2024-11-01T01:26:11.722+0000] {override.py:1900} INFO - Created Permission View: can read on DAG Run:example_kubernetes_executor
[2024-11-01T01:26:11.725+0000] {logging_mixin.py:190} INFO - [2024-11-01T01:26:11.725+0000] {override.py:1900} INFO - Created Permission View: can delete on DAG Run:example_kubernetes_executor
[2024-11-01T01:26:11.725+0000] {logging_mixin.py:190} INFO - [2024-11-01T01:26:11.725+0000] {dag.py:3239} INFO - Sync 1 DAGs
[2024-11-01T01:26:11.732+0000] {logging_mixin.py:190} INFO - [2024-11-01T01:26:11.732+0000] {dag.py:3262} INFO - Creating ORM DAG for example_kubernetes_executor
[2024-11-01T01:26:11.732+0000] {logging_mixin.py:190} INFO - [2024-11-01T01:26:11.732+0000] {dag.py:4180} INFO - Setting next_dagrun for example_kubernetes_executor to None, run_after=None
[2024-11-01T01:26:11.740+0000] {processor.py:208} INFO - Processing /home/airflow/.local/lib/python3.12/site-packages/airflow/example_dags/example_kubernetes_executor.py took 0.118 seconds
[2024-11-01T01:26:41.963+0000] {processor.py:186} INFO - Started process (PID=126) to work on /home/airflow/.local/lib/python3.12/site-packages/airflow/example_dags/example_kubernetes_executor.py
[2024-11-01T01:26:41.963+0000] {processor.py:914} INFO - Processing file /home/airflow/.local/lib/python3.12/site-packages/airflow/example_dags/example_kubernetes_executor.py for tasks to queue
[2024-11-01T01:26:41.964+0000] {logging_mixin.py:190} INFO - [2024-11-01T01:26:41.964+0000] {dagbag.py:588} INFO - Filling up the DagBag from /home/airflow/.local/lib/python3.12/site-packages/airflow/example_dags/example_kubernetes_executor.py
[2024-11-01T01:26:41.969+0000] {processor.py:925} INFO - DAG(s) 'example_kubernetes_executor' retrieved from /home/airflow/.local/lib/python3.12/site-packages/airflow/example_dags/example_kubernetes_executor.py
[2024-11-01T01:26:41.984+0000] {logging_mixin.py:190} INFO - [2024-11-01T01:26:41.984+0000] {dag.py:3239} INFO - Sync 1 DAGs
[2024-11-01T01:26:41.990+0000] {logging_mixin.py:190} INFO - [2024-11-01T01:26:41.990+0000] {dag.py:4180} INFO - Setting next_dagrun for example_kubernetes_executor to None, run_after=None
[2024-11-01T01:26:41.998+0000] {processor.py:208} INFO - Processing /home/airflow/.local/lib/python3.12/site-packages/airflow/example_dags/example_kubernetes_executor.py took 0.038 seconds
[2024-11-01T01:27:12.737+0000] {processor.py:186} INFO - Started process (PID=190) to work on /home/airflow/.local/lib/python3.12/site-packages/airflow/example_dags/example_kubernetes_executor.py
[2024-11-01T01:27:12.737+0000] {processor.py:914} INFO - Processing file /home/airflow/.local/lib/python3.12/site-packages/airflow/example_dags/example_kubernetes_executor.py for tasks to queue
[2024-11-01T01:27:12.738+0000] {logging_mixin.py:190} INFO - [2024-11-01T01:27:12.738+0000] {dagbag.py:588} INFO - Filling up the DagBag from /home/airflow/.local/lib/python3.12/site-packages/airflow/example_dags/example_kubernetes_executor.py
[2024-11-01T01:27:12.743+0000] {processor.py:925} INFO - DAG(s) 'example_kubernetes_executor' retrieved from /home/airflow/.local/lib/python3.12/site-packages/airflow/example_dags/example_kubernetes_executor.py
[2024-11-01T01:27:12.757+0000] {logging_mixin.py:190} INFO - [2024-11-01T01:27:12.757+0000] {dag.py:3239} INFO - Sync 1 DAGs
[2024-11-01T01:27:12.762+0000] {logging_mixin.py:190} INFO - [2024-11-01T01:27:12.762+0000] {dag.py:4180} INFO - Setting next_dagrun for example_kubernetes_executor to None, run_after=None
[2024-11-01T01:27:12.769+0000] {processor.py:208} INFO - Processing /home/airflow/.local/lib/python3.12/site-packages/airflow/example_dags/example_kubernetes_executor.py took 0.035 seconds
[2024-11-01T01:27:43.562+0000] {processor.py:186} INFO - Started process (PID=254) to work on /home/airflow/.local/lib/python3.12/site-packages/airflow/example_dags/example_kubernetes_executor.py
[2024-11-01T01:27:43.565+0000] {processor.py:914} INFO - Processing file /home/airflow/.local/lib/python3.12/site-packages/airflow/example_dags/example_kubernetes_executor.py for tasks to queue
[2024-11-01T01:27:43.567+0000] {logging_mixin.py:190} INFO - [2024-11-01T01:27:43.567+0000] {dagbag.py:588} INFO - Filling up the DagBag from /home/airflow/.local/lib/python3.12/site-packages/airflow/example_dags/example_kubernetes_executor.py
[2024-11-01T01:27:43.572+0000] {processor.py:925} INFO - DAG(s) 'example_kubernetes_executor' retrieved from /home/airflow/.local/lib/python3.12/site-packages/airflow/example_dags/example_kubernetes_executor.py
[2024-11-01T01:27:43.584+0000] {logging_mixin.py:190} INFO - [2024-11-01T01:27:43.584+0000] {dag.py:3239} INFO - Sync 1 DAGs
[2024-11-01T01:27:43.588+0000] {logging_mixin.py:190} INFO - [2024-11-01T01:27:43.588+0000] {dag.py:4180} INFO - Setting next_dagrun for example_kubernetes_executor to None, run_after=None
[2024-11-01T01:27:43.596+0000] {processor.py:208} INFO - Processing /home/airflow/.local/lib/python3.12/site-packages/airflow/example_dags/example_kubernetes_executor.py took 0.036 seconds
[2024-11-01T01:28:14.475+0000] {processor.py:186} INFO - Started process (PID=317) to work on /home/airflow/.local/lib/python3.12/site-packages/airflow/example_dags/example_kubernetes_executor.py
[2024-11-01T01:28:14.478+0000] {processor.py:914} INFO - Processing file /home/airflow/.local/lib/python3.12/site-packages/airflow/example_dags/example_kubernetes_executor.py for tasks to queue
[2024-11-01T01:28:14.479+0000] {logging_mixin.py:190} INFO - [2024-11-01T01:28:14.479+0000] {dagbag.py:588} INFO - Filling up the DagBag from /home/airflow/.local/lib/python3.12/site-packages/airflow/example_dags/example_kubernetes_executor.py
[2024-11-01T01:28:14.486+0000] {processor.py:925} INFO - DAG(s) 'example_kubernetes_executor' retrieved from /home/airflow/.local/lib/python3.12/site-packages/airflow/example_dags/example_kubernetes_executor.py
[2024-11-01T01:28:14.503+0000] {logging_mixin.py:190} INFO - [2024-11-01T01:28:14.503+0000] {dag.py:3239} INFO - Sync 1 DAGs
[2024-11-01T01:28:14.509+0000] {logging_mixin.py:190} INFO - [2024-11-01T01:28:14.508+0000] {dag.py:4180} INFO - Setting next_dagrun for example_kubernetes_executor to None, run_after=None
[2024-11-01T01:28:14.516+0000] {processor.py:208} INFO - Processing /home/airflow/.local/lib/python3.12/site-packages/airflow/example_dags/example_kubernetes_executor.py took 0.044 seconds
[2024-11-01T01:28:45.305+0000] {processor.py:186} INFO - Started process (PID=381) to work on /home/airflow/.local/lib/python3.12/site-packages/airflow/example_dags/example_kubernetes_executor.py
[2024-11-01T01:28:45.306+0000] {processor.py:914} INFO - Processing file /home/airflow/.local/lib/python3.12/site-packages/airflow/example_dags/example_kubernetes_executor.py for tasks to queue
[2024-11-01T01:28:45.306+0000] {logging_mixin.py:190} INFO - [2024-11-01T01:28:45.306+0000] {dagbag.py:588} INFO - Filling up the DagBag from /home/airflow/.local/lib/python3.12/site-packages/airflow/example_dags/example_kubernetes_executor.py
[2024-11-01T01:28:45.312+0000] {processor.py:925} INFO - DAG(s) 'example_kubernetes_executor' retrieved from /home/airflow/.local/lib/python3.12/site-packages/airflow/example_dags/example_kubernetes_executor.py
[2024-11-01T01:28:45.326+0000] {logging_mixin.py:190} INFO - [2024-11-01T01:28:45.326+0000] {dag.py:3239} INFO - Sync 1 DAGs
[2024-11-01T01:28:45.332+0000] {logging_mixin.py:190} INFO - [2024-11-01T01:28:45.331+0000] {dag.py:4180} INFO - Setting next_dagrun for example_kubernetes_executor to None, run_after=None
[2024-11-01T01:28:45.339+0000] {processor.py:208} INFO - Processing /home/airflow/.local/lib/python3.12/site-packages/airflow/example_dags/example_kubernetes_executor.py took 0.037 seconds
[2024-11-01T01:29:16.079+0000] {processor.py:186} INFO - Started process (PID=445) to work on /home/airflow/.local/lib/python3.12/site-packages/airflow/example_dags/example_kubernetes_executor.py
[2024-11-01T01:29:16.082+0000] {processor.py:914} INFO - Processing file /home/airflow/.local/lib/python3.12/site-packages/airflow/example_dags/example_kubernetes_executor.py for tasks to queue
[2024-11-01T01:29:16.083+0000] {logging_mixin.py:190} INFO - [2024-11-01T01:29:16.083+0000] {dagbag.py:588} INFO - Filling up the DagBag from /home/airflow/.local/lib/python3.12/site-packages/airflow/example_dags/example_kubernetes_executor.py
[2024-11-01T01:29:16.089+0000] {processor.py:925} INFO - DAG(s) 'example_kubernetes_executor' retrieved from /home/airflow/.local/lib/python3.12/site-packages/airflow/example_dags/example_kubernetes_executor.py
[2024-11-01T01:29:16.105+0000] {logging_mixin.py:190} INFO - [2024-11-01T01:29:16.105+0000] {dag.py:3239} INFO - Sync 1 DAGs
[2024-11-01T01:29:16.112+0000] {logging_mixin.py:190} INFO - [2024-11-01T01:29:16.112+0000] {dag.py:4180} INFO - Setting next_dagrun for example_kubernetes_executor to None, run_after=None
[2024-11-01T01:29:16.119+0000] {processor.py:208} INFO - Processing /home/airflow/.local/lib/python3.12/site-packages/airflow/example_dags/example_kubernetes_executor.py took 0.042 seconds
