[2024-11-01T01:26:13.834+0000] {processor.py:186} INFO - Started process (PID=95) to work on /home/airflow/.local/lib/python3.12/site-packages/airflow/example_dags/example_display_name.py
[2024-11-01T01:26:13.834+0000] {processor.py:914} INFO - Processing file /home/airflow/.local/lib/python3.12/site-packages/airflow/example_dags/example_display_name.py for tasks to queue
[2024-11-01T01:26:13.836+0000] {logging_mixin.py:190} INFO - [2024-11-01T01:26:13.836+0000] {dagbag.py:588} INFO - Filling up the DagBag from /home/airflow/.local/lib/python3.12/site-packages/airflow/example_dags/example_display_name.py
[2024-11-01T01:26:13.841+0000] {processor.py:925} INFO - DAG(s) 'example_display_name' retrieved from /home/airflow/.local/lib/python3.12/site-packages/airflow/example_dags/example_display_name.py
[2024-11-01T01:26:13.886+0000] {logging_mixin.py:190} INFO - [2024-11-01T01:26:13.885+0000] {override.py:1900} INFO - Created Permission View: can delete on DAG:example_display_name
[2024-11-01T01:26:13.891+0000] {logging_mixin.py:190} INFO - [2024-11-01T01:26:13.891+0000] {override.py:1900} INFO - Created Permission View: can read on DAG:example_display_name
[2024-11-01T01:26:13.893+0000] {logging_mixin.py:190} INFO - [2024-11-01T01:26:13.892+0000] {override.py:1900} INFO - Created Permission View: can edit on DAG:example_display_name
[2024-11-01T01:26:13.894+0000] {logging_mixin.py:190} INFO - [2024-11-01T01:26:13.894+0000] {override.py:1900} INFO - Created Permission View: can create on DAG Run:example_display_name
[2024-11-01T01:26:13.897+0000] {logging_mixin.py:190} INFO - [2024-11-01T01:26:13.897+0000] {override.py:1900} INFO - Created Permission View: menu access on DAG Run:example_display_name
[2024-11-01T01:26:13.898+0000] {logging_mixin.py:190} INFO - [2024-11-01T01:26:13.898+0000] {override.py:1900} INFO - Created Permission View: can read on DAG Run:example_display_name
[2024-11-01T01:26:13.900+0000] {logging_mixin.py:190} INFO - [2024-11-01T01:26:13.900+0000] {override.py:1900} INFO - Created Permission View: can delete on DAG Run:example_display_name
[2024-11-01T01:26:13.900+0000] {logging_mixin.py:190} INFO - [2024-11-01T01:26:13.900+0000] {dag.py:3239} INFO - Sync 1 DAGs
[2024-11-01T01:26:13.907+0000] {logging_mixin.py:190} INFO - [2024-11-01T01:26:13.907+0000] {dag.py:3262} INFO - Creating ORM DAG for example_display_name
[2024-11-01T01:26:13.908+0000] {logging_mixin.py:190} INFO - [2024-11-01T01:26:13.908+0000] {dag.py:4180} INFO - Setting next_dagrun for example_display_name to None, run_after=None
[2024-11-01T01:26:13.919+0000] {processor.py:208} INFO - Processing /home/airflow/.local/lib/python3.12/site-packages/airflow/example_dags/example_display_name.py took 0.088 seconds
[2024-11-01T01:26:43.941+0000] {processor.py:186} INFO - Started process (PID=159) to work on /home/airflow/.local/lib/python3.12/site-packages/airflow/example_dags/example_display_name.py
[2024-11-01T01:26:43.941+0000] {processor.py:914} INFO - Processing file /home/airflow/.local/lib/python3.12/site-packages/airflow/example_dags/example_display_name.py for tasks to queue
[2024-11-01T01:26:43.942+0000] {logging_mixin.py:190} INFO - [2024-11-01T01:26:43.942+0000] {dagbag.py:588} INFO - Filling up the DagBag from /home/airflow/.local/lib/python3.12/site-packages/airflow/example_dags/example_display_name.py
[2024-11-01T01:26:43.945+0000] {processor.py:925} INFO - DAG(s) 'example_display_name' retrieved from /home/airflow/.local/lib/python3.12/site-packages/airflow/example_dags/example_display_name.py
[2024-11-01T01:26:43.953+0000] {logging_mixin.py:190} INFO - [2024-11-01T01:26:43.953+0000] {dag.py:3239} INFO - Sync 1 DAGs
[2024-11-01T01:26:43.958+0000] {logging_mixin.py:190} INFO - [2024-11-01T01:26:43.958+0000] {dag.py:4180} INFO - Setting next_dagrun for example_display_name to None, run_after=None
[2024-11-01T01:26:43.964+0000] {processor.py:208} INFO - Processing /home/airflow/.local/lib/python3.12/site-packages/airflow/example_dags/example_display_name.py took 0.025 seconds
[2024-11-01T01:27:14.699+0000] {processor.py:186} INFO - Started process (PID=223) to work on /home/airflow/.local/lib/python3.12/site-packages/airflow/example_dags/example_display_name.py
[2024-11-01T01:27:14.700+0000] {processor.py:914} INFO - Processing file /home/airflow/.local/lib/python3.12/site-packages/airflow/example_dags/example_display_name.py for tasks to queue
[2024-11-01T01:27:14.702+0000] {logging_mixin.py:190} INFO - [2024-11-01T01:27:14.701+0000] {dagbag.py:588} INFO - Filling up the DagBag from /home/airflow/.local/lib/python3.12/site-packages/airflow/example_dags/example_display_name.py
[2024-11-01T01:27:14.706+0000] {processor.py:925} INFO - DAG(s) 'example_display_name' retrieved from /home/airflow/.local/lib/python3.12/site-packages/airflow/example_dags/example_display_name.py
[2024-11-01T01:27:14.716+0000] {logging_mixin.py:190} INFO - [2024-11-01T01:27:14.716+0000] {dag.py:3239} INFO - Sync 1 DAGs
[2024-11-01T01:27:14.724+0000] {logging_mixin.py:190} INFO - [2024-11-01T01:27:14.724+0000] {dag.py:4180} INFO - Setting next_dagrun for example_display_name to None, run_after=None
[2024-11-01T01:27:14.733+0000] {processor.py:208} INFO - Processing /home/airflow/.local/lib/python3.12/site-packages/airflow/example_dags/example_display_name.py took 0.037 seconds
[2024-11-01T01:27:45.566+0000] {processor.py:186} INFO - Started process (PID=287) to work on /home/airflow/.local/lib/python3.12/site-packages/airflow/example_dags/example_display_name.py
[2024-11-01T01:27:45.569+0000] {processor.py:914} INFO - Processing file /home/airflow/.local/lib/python3.12/site-packages/airflow/example_dags/example_display_name.py for tasks to queue
[2024-11-01T01:27:45.571+0000] {logging_mixin.py:190} INFO - [2024-11-01T01:27:45.571+0000] {dagbag.py:588} INFO - Filling up the DagBag from /home/airflow/.local/lib/python3.12/site-packages/airflow/example_dags/example_display_name.py
[2024-11-01T01:27:45.574+0000] {processor.py:925} INFO - DAG(s) 'example_display_name' retrieved from /home/airflow/.local/lib/python3.12/site-packages/airflow/example_dags/example_display_name.py
[2024-11-01T01:27:45.583+0000] {logging_mixin.py:190} INFO - [2024-11-01T01:27:45.583+0000] {dag.py:3239} INFO - Sync 1 DAGs
[2024-11-01T01:27:45.588+0000] {logging_mixin.py:190} INFO - [2024-11-01T01:27:45.588+0000] {dag.py:4180} INFO - Setting next_dagrun for example_display_name to None, run_after=None
[2024-11-01T01:27:45.594+0000] {processor.py:208} INFO - Processing /home/airflow/.local/lib/python3.12/site-packages/airflow/example_dags/example_display_name.py took 0.030 seconds
[2024-11-01T01:28:16.427+0000] {processor.py:186} INFO - Started process (PID=350) to work on /home/airflow/.local/lib/python3.12/site-packages/airflow/example_dags/example_display_name.py
[2024-11-01T01:28:16.428+0000] {processor.py:914} INFO - Processing file /home/airflow/.local/lib/python3.12/site-packages/airflow/example_dags/example_display_name.py for tasks to queue
[2024-11-01T01:28:16.429+0000] {logging_mixin.py:190} INFO - [2024-11-01T01:28:16.428+0000] {dagbag.py:588} INFO - Filling up the DagBag from /home/airflow/.local/lib/python3.12/site-packages/airflow/example_dags/example_display_name.py
[2024-11-01T01:28:16.431+0000] {processor.py:925} INFO - DAG(s) 'example_display_name' retrieved from /home/airflow/.local/lib/python3.12/site-packages/airflow/example_dags/example_display_name.py
[2024-11-01T01:28:16.439+0000] {logging_mixin.py:190} INFO - [2024-11-01T01:28:16.439+0000] {dag.py:3239} INFO - Sync 1 DAGs
[2024-11-01T01:28:16.447+0000] {logging_mixin.py:190} INFO - [2024-11-01T01:28:16.446+0000] {dag.py:4180} INFO - Setting next_dagrun for example_display_name to None, run_after=None
[2024-11-01T01:28:16.456+0000] {processor.py:208} INFO - Processing /home/airflow/.local/lib/python3.12/site-packages/airflow/example_dags/example_display_name.py took 0.031 seconds
[2024-11-01T01:28:47.195+0000] {processor.py:186} INFO - Started process (PID=414) to work on /home/airflow/.local/lib/python3.12/site-packages/airflow/example_dags/example_display_name.py
[2024-11-01T01:28:47.195+0000] {processor.py:914} INFO - Processing file /home/airflow/.local/lib/python3.12/site-packages/airflow/example_dags/example_display_name.py for tasks to queue
[2024-11-01T01:28:47.196+0000] {logging_mixin.py:190} INFO - [2024-11-01T01:28:47.196+0000] {dagbag.py:588} INFO - Filling up the DagBag from /home/airflow/.local/lib/python3.12/site-packages/airflow/example_dags/example_display_name.py
[2024-11-01T01:28:47.199+0000] {processor.py:925} INFO - DAG(s) 'example_display_name' retrieved from /home/airflow/.local/lib/python3.12/site-packages/airflow/example_dags/example_display_name.py
[2024-11-01T01:28:47.207+0000] {logging_mixin.py:190} INFO - [2024-11-01T01:28:47.207+0000] {dag.py:3239} INFO - Sync 1 DAGs
[2024-11-01T01:28:47.212+0000] {logging_mixin.py:190} INFO - [2024-11-01T01:28:47.212+0000] {dag.py:4180} INFO - Setting next_dagrun for example_display_name to None, run_after=None
[2024-11-01T01:28:47.217+0000] {processor.py:208} INFO - Processing /home/airflow/.local/lib/python3.12/site-packages/airflow/example_dags/example_display_name.py took 0.025 seconds
[2024-11-01T01:29:18.006+0000] {processor.py:186} INFO - Started process (PID=478) to work on /home/airflow/.local/lib/python3.12/site-packages/airflow/example_dags/example_display_name.py
[2024-11-01T01:29:18.009+0000] {processor.py:914} INFO - Processing file /home/airflow/.local/lib/python3.12/site-packages/airflow/example_dags/example_display_name.py for tasks to queue
[2024-11-01T01:29:18.010+0000] {logging_mixin.py:190} INFO - [2024-11-01T01:29:18.009+0000] {dagbag.py:588} INFO - Filling up the DagBag from /home/airflow/.local/lib/python3.12/site-packages/airflow/example_dags/example_display_name.py
[2024-11-01T01:29:18.013+0000] {processor.py:925} INFO - DAG(s) 'example_display_name' retrieved from /home/airflow/.local/lib/python3.12/site-packages/airflow/example_dags/example_display_name.py
[2024-11-01T01:29:18.023+0000] {logging_mixin.py:190} INFO - [2024-11-01T01:29:18.023+0000] {dag.py:3239} INFO - Sync 1 DAGs
[2024-11-01T01:29:18.028+0000] {logging_mixin.py:190} INFO - [2024-11-01T01:29:18.028+0000] {dag.py:4180} INFO - Setting next_dagrun for example_display_name to None, run_after=None
[2024-11-01T01:29:18.033+0000] {processor.py:208} INFO - Processing /home/airflow/.local/lib/python3.12/site-packages/airflow/example_dags/example_display_name.py took 0.029 seconds
