[2024-11-01T01:26:11.189+0000] {processor.py:186} INFO - Started process (PID=51) to work on /home/airflow/.local/lib/python3.12/site-packages/airflow/example_dags/example_dataset_alias.py
[2024-11-01T01:26:11.189+0000] {processor.py:914} INFO - Processing file /home/airflow/.local/lib/python3.12/site-packages/airflow/example_dags/example_dataset_alias.py for tasks to queue
[2024-11-01T01:26:11.191+0000] {logging_mixin.py:190} INFO - [2024-11-01T01:26:11.191+0000] {dagbag.py:588} INFO - Filling up the DagBag from /home/airflow/.local/lib/python3.12/site-packages/airflow/example_dags/example_dataset_alias.py
[2024-11-01T01:26:11.441+0000] {processor.py:925} INFO - DAG(s) 'dataset_s3_bucket_producer', 'dataset_alias_example_alias_producer', 'dataset_alias_example_alias_consumer', 'dataset_s3_bucket_consumer' retrieved from /home/airflow/.local/lib/python3.12/site-packages/airflow/example_dags/example_dataset_alias.py
[2024-11-01T01:26:11.480+0000] {logging_mixin.py:190} INFO - [2024-11-01T01:26:11.480+0000] {override.py:1900} INFO - Created Permission View: can delete on DAG:dataset_s3_bucket_producer
[2024-11-01T01:26:11.485+0000] {logging_mixin.py:190} INFO - [2024-11-01T01:26:11.485+0000] {override.py:1900} INFO - Created Permission View: can read on DAG:dataset_s3_bucket_producer
[2024-11-01T01:26:11.488+0000] {logging_mixin.py:190} INFO - [2024-11-01T01:26:11.488+0000] {override.py:1900} INFO - Created Permission View: can edit on DAG:dataset_s3_bucket_producer
[2024-11-01T01:26:11.491+0000] {logging_mixin.py:190} INFO - [2024-11-01T01:26:11.491+0000] {override.py:1900} INFO - Created Permission View: can create on DAG Run:dataset_s3_bucket_producer
[2024-11-01T01:26:11.496+0000] {logging_mixin.py:190} INFO - [2024-11-01T01:26:11.496+0000] {override.py:1900} INFO - Created Permission View: menu access on DAG Run:dataset_s3_bucket_producer
[2024-11-01T01:26:11.499+0000] {logging_mixin.py:190} INFO - [2024-11-01T01:26:11.499+0000] {override.py:1900} INFO - Created Permission View: can read on DAG Run:dataset_s3_bucket_producer
[2024-11-01T01:26:11.502+0000] {logging_mixin.py:190} INFO - [2024-11-01T01:26:11.501+0000] {override.py:1900} INFO - Created Permission View: can delete on DAG Run:dataset_s3_bucket_producer
[2024-11-01T01:26:11.517+0000] {logging_mixin.py:190} INFO - [2024-11-01T01:26:11.516+0000] {override.py:1900} INFO - Created Permission View: can delete on DAG:dataset_alias_example_alias_producer
[2024-11-01T01:26:11.521+0000] {logging_mixin.py:190} INFO - [2024-11-01T01:26:11.521+0000] {override.py:1900} INFO - Created Permission View: can read on DAG:dataset_alias_example_alias_producer
[2024-11-01T01:26:11.523+0000] {logging_mixin.py:190} INFO - [2024-11-01T01:26:11.523+0000] {override.py:1900} INFO - Created Permission View: can edit on DAG:dataset_alias_example_alias_producer
[2024-11-01T01:26:11.526+0000] {logging_mixin.py:190} INFO - [2024-11-01T01:26:11.525+0000] {override.py:1900} INFO - Created Permission View: can create on DAG Run:dataset_alias_example_alias_producer
[2024-11-01T01:26:11.527+0000] {logging_mixin.py:190} INFO - [2024-11-01T01:26:11.527+0000] {override.py:1900} INFO - Created Permission View: menu access on DAG Run:dataset_alias_example_alias_producer
[2024-11-01T01:26:11.529+0000] {logging_mixin.py:190} INFO - [2024-11-01T01:26:11.529+0000] {override.py:1900} INFO - Created Permission View: can read on DAG Run:dataset_alias_example_alias_producer
[2024-11-01T01:26:11.531+0000] {logging_mixin.py:190} INFO - [2024-11-01T01:26:11.531+0000] {override.py:1900} INFO - Created Permission View: can delete on DAG Run:dataset_alias_example_alias_producer
[2024-11-01T01:26:11.534+0000] {logging_mixin.py:190} INFO - [2024-11-01T01:26:11.534+0000] {override.py:1900} INFO - Created Permission View: can delete on DAG:dataset_alias_example_alias_consumer
[2024-11-01T01:26:11.536+0000] {logging_mixin.py:190} INFO - [2024-11-01T01:26:11.536+0000] {override.py:1900} INFO - Created Permission View: can read on DAG:dataset_alias_example_alias_consumer
[2024-11-01T01:26:11.538+0000] {logging_mixin.py:190} INFO - [2024-11-01T01:26:11.538+0000] {override.py:1900} INFO - Created Permission View: can edit on DAG:dataset_alias_example_alias_consumer
[2024-11-01T01:26:11.540+0000] {logging_mixin.py:190} INFO - [2024-11-01T01:26:11.540+0000] {override.py:1900} INFO - Created Permission View: can create on DAG Run:dataset_alias_example_alias_consumer
[2024-11-01T01:26:11.542+0000] {logging_mixin.py:190} INFO - [2024-11-01T01:26:11.542+0000] {override.py:1900} INFO - Created Permission View: menu access on DAG Run:dataset_alias_example_alias_consumer
[2024-11-01T01:26:11.545+0000] {logging_mixin.py:190} INFO - [2024-11-01T01:26:11.545+0000] {override.py:1900} INFO - Created Permission View: can read on DAG Run:dataset_alias_example_alias_consumer
[2024-11-01T01:26:11.550+0000] {logging_mixin.py:190} INFO - [2024-11-01T01:26:11.550+0000] {override.py:1900} INFO - Created Permission View: can delete on DAG Run:dataset_alias_example_alias_consumer
[2024-11-01T01:26:11.558+0000] {logging_mixin.py:190} INFO - [2024-11-01T01:26:11.558+0000] {override.py:1900} INFO - Created Permission View: can delete on DAG:dataset_s3_bucket_consumer
[2024-11-01T01:26:11.560+0000] {logging_mixin.py:190} INFO - [2024-11-01T01:26:11.560+0000] {override.py:1900} INFO - Created Permission View: can read on DAG:dataset_s3_bucket_consumer
[2024-11-01T01:26:11.563+0000] {logging_mixin.py:190} INFO - [2024-11-01T01:26:11.563+0000] {override.py:1900} INFO - Created Permission View: can edit on DAG:dataset_s3_bucket_consumer
[2024-11-01T01:26:11.567+0000] {logging_mixin.py:190} INFO - [2024-11-01T01:26:11.566+0000] {override.py:1900} INFO - Created Permission View: can create on DAG Run:dataset_s3_bucket_consumer
[2024-11-01T01:26:11.570+0000] {logging_mixin.py:190} INFO - [2024-11-01T01:26:11.570+0000] {override.py:1900} INFO - Created Permission View: menu access on DAG Run:dataset_s3_bucket_consumer
[2024-11-01T01:26:11.574+0000] {logging_mixin.py:190} INFO - [2024-11-01T01:26:11.574+0000] {override.py:1900} INFO - Created Permission View: can read on DAG Run:dataset_s3_bucket_consumer
[2024-11-01T01:26:11.578+0000] {logging_mixin.py:190} INFO - [2024-11-01T01:26:11.578+0000] {override.py:1900} INFO - Created Permission View: can delete on DAG Run:dataset_s3_bucket_consumer
[2024-11-01T01:26:11.578+0000] {logging_mixin.py:190} INFO - [2024-11-01T01:26:11.578+0000] {dag.py:3239} INFO - Sync 4 DAGs
[2024-11-01T01:26:11.585+0000] {logging_mixin.py:190} INFO - [2024-11-01T01:26:11.585+0000] {dag.py:3262} INFO - Creating ORM DAG for dataset_alias_example_alias_consumer
[2024-11-01T01:26:11.585+0000] {logging_mixin.py:190} INFO - [2024-11-01T01:26:11.585+0000] {dag.py:3262} INFO - Creating ORM DAG for dataset_s3_bucket_producer
[2024-11-01T01:26:11.586+0000] {logging_mixin.py:190} INFO - [2024-11-01T01:26:11.586+0000] {dag.py:3262} INFO - Creating ORM DAG for dataset_alias_example_alias_producer
[2024-11-01T01:26:11.586+0000] {logging_mixin.py:190} INFO - [2024-11-01T01:26:11.586+0000] {dag.py:3262} INFO - Creating ORM DAG for dataset_s3_bucket_consumer
[2024-11-01T01:26:11.591+0000] {logging_mixin.py:190} INFO - [2024-11-01T01:26:11.591+0000] {dag.py:4180} INFO - Setting next_dagrun for dataset_alias_example_alias_consumer to None, run_after=None
[2024-11-01T01:26:11.592+0000] {logging_mixin.py:190} INFO - [2024-11-01T01:26:11.592+0000] {dag.py:4180} INFO - Setting next_dagrun for dataset_alias_example_alias_producer to None, run_after=None
[2024-11-01T01:26:11.592+0000] {logging_mixin.py:190} INFO - [2024-11-01T01:26:11.592+0000] {dag.py:4180} INFO - Setting next_dagrun for dataset_s3_bucket_consumer to None, run_after=None
[2024-11-01T01:26:11.592+0000] {logging_mixin.py:190} INFO - [2024-11-01T01:26:11.592+0000] {dag.py:4180} INFO - Setting next_dagrun for dataset_s3_bucket_producer to None, run_after=None
[2024-11-01T01:26:11.605+0000] {processor.py:208} INFO - Processing /home/airflow/.local/lib/python3.12/site-packages/airflow/example_dags/example_dataset_alias.py took 0.419 seconds
[2024-11-01T01:26:41.815+0000] {processor.py:186} INFO - Started process (PID=121) to work on /home/airflow/.local/lib/python3.12/site-packages/airflow/example_dags/example_dataset_alias.py
[2024-11-01T01:26:41.819+0000] {processor.py:914} INFO - Processing file /home/airflow/.local/lib/python3.12/site-packages/airflow/example_dags/example_dataset_alias.py for tasks to queue
[2024-11-01T01:26:41.820+0000] {logging_mixin.py:190} INFO - [2024-11-01T01:26:41.820+0000] {dagbag.py:588} INFO - Filling up the DagBag from /home/airflow/.local/lib/python3.12/site-packages/airflow/example_dags/example_dataset_alias.py
[2024-11-01T01:26:41.882+0000] {processor.py:925} INFO - DAG(s) 'dataset_alias_example_alias_producer', 'dataset_s3_bucket_consumer', 'dataset_alias_example_alias_consumer', 'dataset_s3_bucket_producer' retrieved from /home/airflow/.local/lib/python3.12/site-packages/airflow/example_dags/example_dataset_alias.py
[2024-11-01T01:26:41.892+0000] {logging_mixin.py:190} INFO - [2024-11-01T01:26:41.892+0000] {dag.py:3239} INFO - Sync 4 DAGs
[2024-11-01T01:26:41.899+0000] {logging_mixin.py:190} INFO - [2024-11-01T01:26:41.899+0000] {dag.py:4180} INFO - Setting next_dagrun for dataset_alias_example_alias_consumer to None, run_after=None
[2024-11-01T01:26:41.900+0000] {logging_mixin.py:190} INFO - [2024-11-01T01:26:41.900+0000] {dag.py:4180} INFO - Setting next_dagrun for dataset_alias_example_alias_producer to None, run_after=None
[2024-11-01T01:26:41.901+0000] {logging_mixin.py:190} INFO - [2024-11-01T01:26:41.901+0000] {dag.py:4180} INFO - Setting next_dagrun for dataset_s3_bucket_consumer to None, run_after=None
[2024-11-01T01:26:41.902+0000] {logging_mixin.py:190} INFO - [2024-11-01T01:26:41.902+0000] {dag.py:4180} INFO - Setting next_dagrun for dataset_s3_bucket_producer to None, run_after=None
[2024-11-01T01:26:41.911+0000] {processor.py:208} INFO - Processing /home/airflow/.local/lib/python3.12/site-packages/airflow/example_dags/example_dataset_alias.py took 0.099 seconds
[2024-11-01T01:27:12.612+0000] {processor.py:186} INFO - Started process (PID=185) to work on /home/airflow/.local/lib/python3.12/site-packages/airflow/example_dags/example_dataset_alias.py
[2024-11-01T01:27:12.613+0000] {processor.py:914} INFO - Processing file /home/airflow/.local/lib/python3.12/site-packages/airflow/example_dags/example_dataset_alias.py for tasks to queue
[2024-11-01T01:27:12.613+0000] {logging_mixin.py:190} INFO - [2024-11-01T01:27:12.613+0000] {dagbag.py:588} INFO - Filling up the DagBag from /home/airflow/.local/lib/python3.12/site-packages/airflow/example_dags/example_dataset_alias.py
[2024-11-01T01:27:12.675+0000] {processor.py:925} INFO - DAG(s) 'dataset_alias_example_alias_consumer', 'dataset_s3_bucket_consumer', 'dataset_alias_example_alias_producer', 'dataset_s3_bucket_producer' retrieved from /home/airflow/.local/lib/python3.12/site-packages/airflow/example_dags/example_dataset_alias.py
[2024-11-01T01:27:12.682+0000] {logging_mixin.py:190} INFO - [2024-11-01T01:27:12.682+0000] {dag.py:3239} INFO - Sync 4 DAGs
[2024-11-01T01:27:12.690+0000] {logging_mixin.py:190} INFO - [2024-11-01T01:27:12.690+0000] {dag.py:4180} INFO - Setting next_dagrun for dataset_alias_example_alias_consumer to None, run_after=None
[2024-11-01T01:27:12.691+0000] {logging_mixin.py:190} INFO - [2024-11-01T01:27:12.691+0000] {dag.py:4180} INFO - Setting next_dagrun for dataset_alias_example_alias_producer to None, run_after=None
[2024-11-01T01:27:12.691+0000] {logging_mixin.py:190} INFO - [2024-11-01T01:27:12.691+0000] {dag.py:4180} INFO - Setting next_dagrun for dataset_s3_bucket_consumer to None, run_after=None
[2024-11-01T01:27:12.692+0000] {logging_mixin.py:190} INFO - [2024-11-01T01:27:12.692+0000] {dag.py:4180} INFO - Setting next_dagrun for dataset_s3_bucket_producer to None, run_after=None
[2024-11-01T01:27:12.699+0000] {processor.py:208} INFO - Processing /home/airflow/.local/lib/python3.12/site-packages/airflow/example_dags/example_dataset_alias.py took 0.090 seconds
[2024-11-01T01:27:43.420+0000] {processor.py:186} INFO - Started process (PID=249) to work on /home/airflow/.local/lib/python3.12/site-packages/airflow/example_dags/example_dataset_alias.py
[2024-11-01T01:27:43.422+0000] {processor.py:914} INFO - Processing file /home/airflow/.local/lib/python3.12/site-packages/airflow/example_dags/example_dataset_alias.py for tasks to queue
[2024-11-01T01:27:43.423+0000] {logging_mixin.py:190} INFO - [2024-11-01T01:27:43.422+0000] {dagbag.py:588} INFO - Filling up the DagBag from /home/airflow/.local/lib/python3.12/site-packages/airflow/example_dags/example_dataset_alias.py
[2024-11-01T01:27:43.484+0000] {processor.py:925} INFO - DAG(s) 'dataset_s3_bucket_producer', 'dataset_alias_example_alias_producer', 'dataset_alias_example_alias_consumer', 'dataset_s3_bucket_consumer' retrieved from /home/airflow/.local/lib/python3.12/site-packages/airflow/example_dags/example_dataset_alias.py
[2024-11-01T01:27:43.496+0000] {logging_mixin.py:190} INFO - [2024-11-01T01:27:43.496+0000] {dag.py:3239} INFO - Sync 4 DAGs
[2024-11-01T01:27:43.507+0000] {logging_mixin.py:190} INFO - [2024-11-01T01:27:43.507+0000] {dag.py:4180} INFO - Setting next_dagrun for dataset_alias_example_alias_consumer to None, run_after=None
[2024-11-01T01:27:43.509+0000] {logging_mixin.py:190} INFO - [2024-11-01T01:27:43.509+0000] {dag.py:4180} INFO - Setting next_dagrun for dataset_alias_example_alias_producer to None, run_after=None
[2024-11-01T01:27:43.510+0000] {logging_mixin.py:190} INFO - [2024-11-01T01:27:43.510+0000] {dag.py:4180} INFO - Setting next_dagrun for dataset_s3_bucket_consumer to None, run_after=None
[2024-11-01T01:27:43.510+0000] {logging_mixin.py:190} INFO - [2024-11-01T01:27:43.510+0000] {dag.py:4180} INFO - Setting next_dagrun for dataset_s3_bucket_producer to None, run_after=None
[2024-11-01T01:27:43.520+0000] {processor.py:208} INFO - Processing /home/airflow/.local/lib/python3.12/site-packages/airflow/example_dags/example_dataset_alias.py took 0.102 seconds
[2024-11-01T01:28:14.320+0000] {processor.py:186} INFO - Started process (PID=312) to work on /home/airflow/.local/lib/python3.12/site-packages/airflow/example_dags/example_dataset_alias.py
[2024-11-01T01:28:14.321+0000] {processor.py:914} INFO - Processing file /home/airflow/.local/lib/python3.12/site-packages/airflow/example_dags/example_dataset_alias.py for tasks to queue
[2024-11-01T01:28:14.321+0000] {logging_mixin.py:190} INFO - [2024-11-01T01:28:14.321+0000] {dagbag.py:588} INFO - Filling up the DagBag from /home/airflow/.local/lib/python3.12/site-packages/airflow/example_dags/example_dataset_alias.py
[2024-11-01T01:28:14.390+0000] {processor.py:925} INFO - DAG(s) 'dataset_s3_bucket_producer', 'dataset_s3_bucket_consumer', 'dataset_alias_example_alias_producer', 'dataset_alias_example_alias_consumer' retrieved from /home/airflow/.local/lib/python3.12/site-packages/airflow/example_dags/example_dataset_alias.py
[2024-11-01T01:28:14.401+0000] {logging_mixin.py:190} INFO - [2024-11-01T01:28:14.401+0000] {dag.py:3239} INFO - Sync 4 DAGs
[2024-11-01T01:28:14.410+0000] {logging_mixin.py:190} INFO - [2024-11-01T01:28:14.410+0000] {dag.py:4180} INFO - Setting next_dagrun for dataset_alias_example_alias_consumer to None, run_after=None
[2024-11-01T01:28:14.411+0000] {logging_mixin.py:190} INFO - [2024-11-01T01:28:14.411+0000] {dag.py:4180} INFO - Setting next_dagrun for dataset_alias_example_alias_producer to None, run_after=None
[2024-11-01T01:28:14.412+0000] {logging_mixin.py:190} INFO - [2024-11-01T01:28:14.412+0000] {dag.py:4180} INFO - Setting next_dagrun for dataset_s3_bucket_consumer to None, run_after=None
[2024-11-01T01:28:14.412+0000] {logging_mixin.py:190} INFO - [2024-11-01T01:28:14.412+0000] {dag.py:4180} INFO - Setting next_dagrun for dataset_s3_bucket_producer to None, run_after=None
[2024-11-01T01:28:14.422+0000] {processor.py:208} INFO - Processing /home/airflow/.local/lib/python3.12/site-packages/airflow/example_dags/example_dataset_alias.py took 0.104 seconds
[2024-11-01T01:28:45.164+0000] {processor.py:186} INFO - Started process (PID=376) to work on /home/airflow/.local/lib/python3.12/site-packages/airflow/example_dags/example_dataset_alias.py
[2024-11-01T01:28:45.164+0000] {processor.py:914} INFO - Processing file /home/airflow/.local/lib/python3.12/site-packages/airflow/example_dags/example_dataset_alias.py for tasks to queue
[2024-11-01T01:28:45.165+0000] {logging_mixin.py:190} INFO - [2024-11-01T01:28:45.165+0000] {dagbag.py:588} INFO - Filling up the DagBag from /home/airflow/.local/lib/python3.12/site-packages/airflow/example_dags/example_dataset_alias.py
[2024-11-01T01:28:45.227+0000] {processor.py:925} INFO - DAG(s) 'dataset_s3_bucket_consumer', 'dataset_alias_example_alias_consumer', 'dataset_alias_example_alias_producer', 'dataset_s3_bucket_producer' retrieved from /home/airflow/.local/lib/python3.12/site-packages/airflow/example_dags/example_dataset_alias.py
[2024-11-01T01:28:45.234+0000] {logging_mixin.py:190} INFO - [2024-11-01T01:28:45.234+0000] {dag.py:3239} INFO - Sync 4 DAGs
[2024-11-01T01:28:45.242+0000] {logging_mixin.py:190} INFO - [2024-11-01T01:28:45.241+0000] {dag.py:4180} INFO - Setting next_dagrun for dataset_alias_example_alias_consumer to None, run_after=None
[2024-11-01T01:28:45.244+0000] {logging_mixin.py:190} INFO - [2024-11-01T01:28:45.244+0000] {dag.py:4180} INFO - Setting next_dagrun for dataset_alias_example_alias_producer to None, run_after=None
[2024-11-01T01:28:45.244+0000] {logging_mixin.py:190} INFO - [2024-11-01T01:28:45.244+0000] {dag.py:4180} INFO - Setting next_dagrun for dataset_s3_bucket_consumer to None, run_after=None
[2024-11-01T01:28:45.244+0000] {logging_mixin.py:190} INFO - [2024-11-01T01:28:45.244+0000] {dag.py:4180} INFO - Setting next_dagrun for dataset_s3_bucket_producer to None, run_after=None
[2024-11-01T01:28:45.253+0000] {processor.py:208} INFO - Processing /home/airflow/.local/lib/python3.12/site-packages/airflow/example_dags/example_dataset_alias.py took 0.092 seconds
[2024-11-01T01:29:15.930+0000] {processor.py:186} INFO - Started process (PID=440) to work on /home/airflow/.local/lib/python3.12/site-packages/airflow/example_dags/example_dataset_alias.py
[2024-11-01T01:29:15.931+0000] {processor.py:914} INFO - Processing file /home/airflow/.local/lib/python3.12/site-packages/airflow/example_dags/example_dataset_alias.py for tasks to queue
[2024-11-01T01:29:15.932+0000] {logging_mixin.py:190} INFO - [2024-11-01T01:29:15.932+0000] {dagbag.py:588} INFO - Filling up the DagBag from /home/airflow/.local/lib/python3.12/site-packages/airflow/example_dags/example_dataset_alias.py
[2024-11-01T01:29:15.997+0000] {processor.py:925} INFO - DAG(s) 'dataset_s3_bucket_consumer', 'dataset_alias_example_alias_consumer', 'dataset_alias_example_alias_producer', 'dataset_s3_bucket_producer' retrieved from /home/airflow/.local/lib/python3.12/site-packages/airflow/example_dags/example_dataset_alias.py
[2024-11-01T01:29:16.005+0000] {logging_mixin.py:190} INFO - [2024-11-01T01:29:16.005+0000] {dag.py:3239} INFO - Sync 4 DAGs
[2024-11-01T01:29:16.013+0000] {logging_mixin.py:190} INFO - [2024-11-01T01:29:16.012+0000] {dag.py:4180} INFO - Setting next_dagrun for dataset_alias_example_alias_consumer to None, run_after=None
[2024-11-01T01:29:16.015+0000] {logging_mixin.py:190} INFO - [2024-11-01T01:29:16.015+0000] {dag.py:4180} INFO - Setting next_dagrun for dataset_alias_example_alias_producer to None, run_after=None
[2024-11-01T01:29:16.016+0000] {logging_mixin.py:190} INFO - [2024-11-01T01:29:16.015+0000] {dag.py:4180} INFO - Setting next_dagrun for dataset_s3_bucket_consumer to None, run_after=None
[2024-11-01T01:29:16.016+0000] {logging_mixin.py:190} INFO - [2024-11-01T01:29:16.016+0000] {dag.py:4180} INFO - Setting next_dagrun for dataset_s3_bucket_producer to None, run_after=None
[2024-11-01T01:29:16.026+0000] {processor.py:208} INFO - Processing /home/airflow/.local/lib/python3.12/site-packages/airflow/example_dags/example_dataset_alias.py took 0.099 seconds
