[2024-11-01T01:26:12.115+0000] {processor.py:186} INFO - Started process (PID=68) to work on /home/airflow/.local/lib/python3.12/site-packages/airflow/example_dags/example_setup_teardown_taskflow.py
[2024-11-01T01:26:12.116+0000] {processor.py:914} INFO - Processing file /home/airflow/.local/lib/python3.12/site-packages/airflow/example_dags/example_setup_teardown_taskflow.py for tasks to queue
[2024-11-01T01:26:12.117+0000] {logging_mixin.py:190} INFO - [2024-11-01T01:26:12.117+0000] {dagbag.py:588} INFO - Filling up the DagBag from /home/airflow/.local/lib/python3.12/site-packages/airflow/example_dags/example_setup_teardown_taskflow.py
[2024-11-01T01:26:12.124+0000] {processor.py:925} INFO - DAG(s) 'example_setup_teardown_taskflow' retrieved from /home/airflow/.local/lib/python3.12/site-packages/airflow/example_dags/example_setup_teardown_taskflow.py
[2024-11-01T01:26:12.170+0000] {logging_mixin.py:190} INFO - [2024-11-01T01:26:12.170+0000] {override.py:1900} INFO - Created Permission View: can delete on DAG:example_setup_teardown_taskflow
[2024-11-01T01:26:12.176+0000] {logging_mixin.py:190} INFO - [2024-11-01T01:26:12.176+0000] {override.py:1900} INFO - Created Permission View: can read on DAG:example_setup_teardown_taskflow
[2024-11-01T01:26:12.180+0000] {logging_mixin.py:190} INFO - [2024-11-01T01:26:12.180+0000] {override.py:1900} INFO - Created Permission View: can edit on DAG:example_setup_teardown_taskflow
[2024-11-01T01:26:12.184+0000] {logging_mixin.py:190} INFO - [2024-11-01T01:26:12.184+0000] {override.py:1900} INFO - Created Permission View: can create on DAG Run:example_setup_teardown_taskflow
[2024-11-01T01:26:12.190+0000] {logging_mixin.py:190} INFO - [2024-11-01T01:26:12.190+0000] {override.py:1900} INFO - Created Permission View: menu access on DAG Run:example_setup_teardown_taskflow
[2024-11-01T01:26:12.194+0000] {logging_mixin.py:190} INFO - [2024-11-01T01:26:12.194+0000] {override.py:1900} INFO - Created Permission View: can read on DAG Run:example_setup_teardown_taskflow
[2024-11-01T01:26:12.200+0000] {logging_mixin.py:190} INFO - [2024-11-01T01:26:12.200+0000] {override.py:1900} INFO - Created Permission View: can delete on DAG Run:example_setup_teardown_taskflow
[2024-11-01T01:26:12.200+0000] {logging_mixin.py:190} INFO - [2024-11-01T01:26:12.200+0000] {dag.py:3239} INFO - Sync 1 DAGs
[2024-11-01T01:26:12.207+0000] {logging_mixin.py:190} INFO - [2024-11-01T01:26:12.207+0000] {dag.py:3262} INFO - Creating ORM DAG for example_setup_teardown_taskflow
[2024-11-01T01:26:12.208+0000] {logging_mixin.py:190} INFO - [2024-11-01T01:26:12.208+0000] {dag.py:4180} INFO - Setting next_dagrun for example_setup_teardown_taskflow to None, run_after=None
[2024-11-01T01:26:12.217+0000] {processor.py:208} INFO - Processing /home/airflow/.local/lib/python3.12/site-packages/airflow/example_dags/example_setup_teardown_taskflow.py took 0.105 seconds
[2024-11-01T01:26:43.155+0000] {processor.py:186} INFO - Started process (PID=132) to work on /home/airflow/.local/lib/python3.12/site-packages/airflow/example_dags/example_setup_teardown_taskflow.py
[2024-11-01T01:26:43.156+0000] {processor.py:914} INFO - Processing file /home/airflow/.local/lib/python3.12/site-packages/airflow/example_dags/example_setup_teardown_taskflow.py for tasks to queue
[2024-11-01T01:26:43.158+0000] {logging_mixin.py:190} INFO - [2024-11-01T01:26:43.157+0000] {dagbag.py:588} INFO - Filling up the DagBag from /home/airflow/.local/lib/python3.12/site-packages/airflow/example_dags/example_setup_teardown_taskflow.py
[2024-11-01T01:26:43.165+0000] {processor.py:925} INFO - DAG(s) 'example_setup_teardown_taskflow' retrieved from /home/airflow/.local/lib/python3.12/site-packages/airflow/example_dags/example_setup_teardown_taskflow.py
[2024-11-01T01:26:43.179+0000] {logging_mixin.py:190} INFO - [2024-11-01T01:26:43.179+0000] {dag.py:3239} INFO - Sync 1 DAGs
[2024-11-01T01:26:43.186+0000] {logging_mixin.py:190} INFO - [2024-11-01T01:26:43.186+0000] {dag.py:4180} INFO - Setting next_dagrun for example_setup_teardown_taskflow to None, run_after=None
[2024-11-01T01:26:43.195+0000] {processor.py:208} INFO - Processing /home/airflow/.local/lib/python3.12/site-packages/airflow/example_dags/example_setup_teardown_taskflow.py took 0.044 seconds
[2024-11-01T01:27:13.890+0000] {processor.py:186} INFO - Started process (PID=196) to work on /home/airflow/.local/lib/python3.12/site-packages/airflow/example_dags/example_setup_teardown_taskflow.py
[2024-11-01T01:27:13.891+0000] {processor.py:914} INFO - Processing file /home/airflow/.local/lib/python3.12/site-packages/airflow/example_dags/example_setup_teardown_taskflow.py for tasks to queue
[2024-11-01T01:27:13.892+0000] {logging_mixin.py:190} INFO - [2024-11-01T01:27:13.892+0000] {dagbag.py:588} INFO - Filling up the DagBag from /home/airflow/.local/lib/python3.12/site-packages/airflow/example_dags/example_setup_teardown_taskflow.py
[2024-11-01T01:27:13.898+0000] {processor.py:925} INFO - DAG(s) 'example_setup_teardown_taskflow' retrieved from /home/airflow/.local/lib/python3.12/site-packages/airflow/example_dags/example_setup_teardown_taskflow.py
[2024-11-01T01:27:13.912+0000] {logging_mixin.py:190} INFO - [2024-11-01T01:27:13.912+0000] {dag.py:3239} INFO - Sync 1 DAGs
[2024-11-01T01:27:13.921+0000] {logging_mixin.py:190} INFO - [2024-11-01T01:27:13.921+0000] {dag.py:4180} INFO - Setting next_dagrun for example_setup_teardown_taskflow to None, run_after=None
[2024-11-01T01:27:13.931+0000] {processor.py:208} INFO - Processing /home/airflow/.local/lib/python3.12/site-packages/airflow/example_dags/example_setup_teardown_taskflow.py took 0.045 seconds
[2024-11-01T01:27:44.761+0000] {processor.py:186} INFO - Started process (PID=260) to work on /home/airflow/.local/lib/python3.12/site-packages/airflow/example_dags/example_setup_teardown_taskflow.py
[2024-11-01T01:27:44.762+0000] {processor.py:914} INFO - Processing file /home/airflow/.local/lib/python3.12/site-packages/airflow/example_dags/example_setup_teardown_taskflow.py for tasks to queue
[2024-11-01T01:27:44.765+0000] {logging_mixin.py:190} INFO - [2024-11-01T01:27:44.765+0000] {dagbag.py:588} INFO - Filling up the DagBag from /home/airflow/.local/lib/python3.12/site-packages/airflow/example_dags/example_setup_teardown_taskflow.py
[2024-11-01T01:27:44.773+0000] {processor.py:925} INFO - DAG(s) 'example_setup_teardown_taskflow' retrieved from /home/airflow/.local/lib/python3.12/site-packages/airflow/example_dags/example_setup_teardown_taskflow.py
[2024-11-01T01:27:44.788+0000] {logging_mixin.py:190} INFO - [2024-11-01T01:27:44.787+0000] {dag.py:3239} INFO - Sync 1 DAGs
[2024-11-01T01:27:44.796+0000] {logging_mixin.py:190} INFO - [2024-11-01T01:27:44.796+0000] {dag.py:4180} INFO - Setting next_dagrun for example_setup_teardown_taskflow to None, run_after=None
[2024-11-01T01:27:44.807+0000] {processor.py:208} INFO - Processing /home/airflow/.local/lib/python3.12/site-packages/airflow/example_dags/example_setup_teardown_taskflow.py took 0.051 seconds
[2024-11-01T01:28:15.662+0000] {processor.py:186} INFO - Started process (PID=323) to work on /home/airflow/.local/lib/python3.12/site-packages/airflow/example_dags/example_setup_teardown_taskflow.py
[2024-11-01T01:28:15.663+0000] {processor.py:914} INFO - Processing file /home/airflow/.local/lib/python3.12/site-packages/airflow/example_dags/example_setup_teardown_taskflow.py for tasks to queue
[2024-11-01T01:28:15.664+0000] {logging_mixin.py:190} INFO - [2024-11-01T01:28:15.664+0000] {dagbag.py:588} INFO - Filling up the DagBag from /home/airflow/.local/lib/python3.12/site-packages/airflow/example_dags/example_setup_teardown_taskflow.py
[2024-11-01T01:28:15.671+0000] {processor.py:925} INFO - DAG(s) 'example_setup_teardown_taskflow' retrieved from /home/airflow/.local/lib/python3.12/site-packages/airflow/example_dags/example_setup_teardown_taskflow.py
[2024-11-01T01:28:15.683+0000] {logging_mixin.py:190} INFO - [2024-11-01T01:28:15.683+0000] {dag.py:3239} INFO - Sync 1 DAGs
[2024-11-01T01:28:15.690+0000] {logging_mixin.py:190} INFO - [2024-11-01T01:28:15.690+0000] {dag.py:4180} INFO - Setting next_dagrun for example_setup_teardown_taskflow to None, run_after=None
[2024-11-01T01:28:15.698+0000] {processor.py:208} INFO - Processing /home/airflow/.local/lib/python3.12/site-packages/airflow/example_dags/example_setup_teardown_taskflow.py took 0.041 seconds
[2024-11-01T01:28:46.483+0000] {processor.py:186} INFO - Started process (PID=387) to work on /home/airflow/.local/lib/python3.12/site-packages/airflow/example_dags/example_setup_teardown_taskflow.py
[2024-11-01T01:28:46.483+0000] {processor.py:914} INFO - Processing file /home/airflow/.local/lib/python3.12/site-packages/airflow/example_dags/example_setup_teardown_taskflow.py for tasks to queue
[2024-11-01T01:28:46.485+0000] {logging_mixin.py:190} INFO - [2024-11-01T01:28:46.485+0000] {dagbag.py:588} INFO - Filling up the DagBag from /home/airflow/.local/lib/python3.12/site-packages/airflow/example_dags/example_setup_teardown_taskflow.py
[2024-11-01T01:28:46.491+0000] {processor.py:925} INFO - DAG(s) 'example_setup_teardown_taskflow' retrieved from /home/airflow/.local/lib/python3.12/site-packages/airflow/example_dags/example_setup_teardown_taskflow.py
[2024-11-01T01:28:46.502+0000] {logging_mixin.py:190} INFO - [2024-11-01T01:28:46.502+0000] {dag.py:3239} INFO - Sync 1 DAGs
[2024-11-01T01:28:46.509+0000] {logging_mixin.py:190} INFO - [2024-11-01T01:28:46.509+0000] {dag.py:4180} INFO - Setting next_dagrun for example_setup_teardown_taskflow to None, run_after=None
[2024-11-01T01:28:46.517+0000] {processor.py:208} INFO - Processing /home/airflow/.local/lib/python3.12/site-packages/airflow/example_dags/example_setup_teardown_taskflow.py took 0.039 seconds
[2024-11-01T01:29:17.285+0000] {processor.py:186} INFO - Started process (PID=451) to work on /home/airflow/.local/lib/python3.12/site-packages/airflow/example_dags/example_setup_teardown_taskflow.py
[2024-11-01T01:29:17.286+0000] {processor.py:914} INFO - Processing file /home/airflow/.local/lib/python3.12/site-packages/airflow/example_dags/example_setup_teardown_taskflow.py for tasks to queue
[2024-11-01T01:29:17.287+0000] {logging_mixin.py:190} INFO - [2024-11-01T01:29:17.287+0000] {dagbag.py:588} INFO - Filling up the DagBag from /home/airflow/.local/lib/python3.12/site-packages/airflow/example_dags/example_setup_teardown_taskflow.py
[2024-11-01T01:29:17.293+0000] {processor.py:925} INFO - DAG(s) 'example_setup_teardown_taskflow' retrieved from /home/airflow/.local/lib/python3.12/site-packages/airflow/example_dags/example_setup_teardown_taskflow.py
[2024-11-01T01:29:17.306+0000] {logging_mixin.py:190} INFO - [2024-11-01T01:29:17.306+0000] {dag.py:3239} INFO - Sync 1 DAGs
[2024-11-01T01:29:17.313+0000] {logging_mixin.py:190} INFO - [2024-11-01T01:29:17.313+0000] {dag.py:4180} INFO - Setting next_dagrun for example_setup_teardown_taskflow to None, run_after=None
[2024-11-01T01:29:17.323+0000] {processor.py:208} INFO - Processing /home/airflow/.local/lib/python3.12/site-packages/airflow/example_dags/example_setup_teardown_taskflow.py took 0.044 seconds
