[2024-11-01T01:26:11.172+0000] {processor.py:186} INFO - Started process (PID=50) to work on /home/airflow/.local/lib/python3.12/site-packages/airflow/example_dags/example_branch_operator_decorator.py
[2024-11-01T01:26:11.172+0000] {processor.py:914} INFO - Processing file /home/airflow/.local/lib/python3.12/site-packages/airflow/example_dags/example_branch_operator_decorator.py for tasks to queue
[2024-11-01T01:26:11.173+0000] {logging_mixin.py:190} INFO - [2024-11-01T01:26:11.173+0000] {dagbag.py:588} INFO - Filling up the DagBag from /home/airflow/.local/lib/python3.12/site-packages/airflow/example_dags/example_branch_operator_decorator.py
[2024-11-01T01:26:11.195+0000] {processor.py:925} INFO - DAG(s) 'example_branch_python_operator_decorator' retrieved from /home/airflow/.local/lib/python3.12/site-packages/airflow/example_dags/example_branch_operator_decorator.py
[2024-11-01T01:26:11.240+0000] {logging_mixin.py:190} INFO - [2024-11-01T01:26:11.240+0000] {override.py:1900} INFO - Created Permission View: can delete on DAG:example_branch_python_operator_decorator
[2024-11-01T01:26:11.248+0000] {logging_mixin.py:190} INFO - [2024-11-01T01:26:11.248+0000] {override.py:1900} INFO - Created Permission View: can read on DAG:example_branch_python_operator_decorator
[2024-11-01T01:26:11.254+0000] {logging_mixin.py:190} INFO - [2024-11-01T01:26:11.254+0000] {override.py:1900} INFO - Created Permission View: can edit on DAG:example_branch_python_operator_decorator
[2024-11-01T01:26:11.261+0000] {logging_mixin.py:190} INFO - [2024-11-01T01:26:11.261+0000] {override.py:1900} INFO - Created Permission View: can create on DAG Run:example_branch_python_operator_decorator
[2024-11-01T01:26:11.265+0000] {logging_mixin.py:190} INFO - [2024-11-01T01:26:11.265+0000] {override.py:1900} INFO - Created Permission View: menu access on DAG Run:example_branch_python_operator_decorator
[2024-11-01T01:26:11.271+0000] {logging_mixin.py:190} INFO - [2024-11-01T01:26:11.271+0000] {override.py:1900} INFO - Created Permission View: can read on DAG Run:example_branch_python_operator_decorator
[2024-11-01T01:26:11.274+0000] {logging_mixin.py:190} INFO - [2024-11-01T01:26:11.274+0000] {override.py:1900} INFO - Created Permission View: can delete on DAG Run:example_branch_python_operator_decorator
[2024-11-01T01:26:11.275+0000] {logging_mixin.py:190} INFO - [2024-11-01T01:26:11.275+0000] {dag.py:3239} INFO - Sync 1 DAGs
[2024-11-01T01:26:11.280+0000] {logging_mixin.py:190} INFO - [2024-11-01T01:26:11.280+0000] {dag.py:3262} INFO - Creating ORM DAG for example_branch_python_operator_decorator
[2024-11-01T01:26:11.283+0000] {logging_mixin.py:190} INFO - [2024-11-01T01:26:11.283+0000] {dag.py:4180} INFO - Setting next_dagrun for example_branch_python_operator_decorator to 2024-10-31 00:00:00+00:00, run_after=2024-11-01 00:00:00+00:00
[2024-11-01T01:26:11.290+0000] {processor.py:208} INFO - Processing /home/airflow/.local/lib/python3.12/site-packages/airflow/example_dags/example_branch_operator_decorator.py took 0.121 seconds
[2024-11-01T01:26:41.801+0000] {processor.py:186} INFO - Started process (PID=120) to work on /home/airflow/.local/lib/python3.12/site-packages/airflow/example_dags/example_branch_operator_decorator.py
[2024-11-01T01:26:41.801+0000] {processor.py:914} INFO - Processing file /home/airflow/.local/lib/python3.12/site-packages/airflow/example_dags/example_branch_operator_decorator.py for tasks to queue
[2024-11-01T01:26:41.802+0000] {logging_mixin.py:190} INFO - [2024-11-01T01:26:41.802+0000] {dagbag.py:588} INFO - Filling up the DagBag from /home/airflow/.local/lib/python3.12/site-packages/airflow/example_dags/example_branch_operator_decorator.py
[2024-11-01T01:26:41.810+0000] {processor.py:925} INFO - DAG(s) 'example_branch_python_operator_decorator' retrieved from /home/airflow/.local/lib/python3.12/site-packages/airflow/example_dags/example_branch_operator_decorator.py
[2024-11-01T01:26:41.821+0000] {logging_mixin.py:190} INFO - [2024-11-01T01:26:41.821+0000] {dag.py:3239} INFO - Sync 1 DAGs
[2024-11-01T01:26:41.829+0000] {logging_mixin.py:190} INFO - [2024-11-01T01:26:41.829+0000] {dag.py:4180} INFO - Setting next_dagrun for example_branch_python_operator_decorator to 2024-10-31 00:00:00+00:00, run_after=2024-11-01 00:00:00+00:00
[2024-11-01T01:26:41.836+0000] {processor.py:208} INFO - Processing /home/airflow/.local/lib/python3.12/site-packages/airflow/example_dags/example_branch_operator_decorator.py took 0.037 seconds
[2024-11-01T01:27:12.589+0000] {processor.py:186} INFO - Started process (PID=184) to work on /home/airflow/.local/lib/python3.12/site-packages/airflow/example_dags/example_branch_operator_decorator.py
[2024-11-01T01:27:12.589+0000] {processor.py:914} INFO - Processing file /home/airflow/.local/lib/python3.12/site-packages/airflow/example_dags/example_branch_operator_decorator.py for tasks to queue
[2024-11-01T01:27:12.590+0000] {logging_mixin.py:190} INFO - [2024-11-01T01:27:12.590+0000] {dagbag.py:588} INFO - Filling up the DagBag from /home/airflow/.local/lib/python3.12/site-packages/airflow/example_dags/example_branch_operator_decorator.py
[2024-11-01T01:27:12.598+0000] {processor.py:925} INFO - DAG(s) 'example_branch_python_operator_decorator' retrieved from /home/airflow/.local/lib/python3.12/site-packages/airflow/example_dags/example_branch_operator_decorator.py
[2024-11-01T01:27:12.609+0000] {logging_mixin.py:190} INFO - [2024-11-01T01:27:12.609+0000] {dag.py:3239} INFO - Sync 1 DAGs
[2024-11-01T01:27:12.617+0000] {logging_mixin.py:190} INFO - [2024-11-01T01:27:12.617+0000] {dag.py:4180} INFO - Setting next_dagrun for example_branch_python_operator_decorator to 2024-10-31 00:00:00+00:00, run_after=2024-11-01 00:00:00+00:00
[2024-11-01T01:27:12.623+0000] {processor.py:208} INFO - Processing /home/airflow/.local/lib/python3.12/site-packages/airflow/example_dags/example_branch_operator_decorator.py took 0.037 seconds
[2024-11-01T01:27:43.410+0000] {processor.py:186} INFO - Started process (PID=248) to work on /home/airflow/.local/lib/python3.12/site-packages/airflow/example_dags/example_branch_operator_decorator.py
[2024-11-01T01:27:43.410+0000] {processor.py:914} INFO - Processing file /home/airflow/.local/lib/python3.12/site-packages/airflow/example_dags/example_branch_operator_decorator.py for tasks to queue
[2024-11-01T01:27:43.412+0000] {logging_mixin.py:190} INFO - [2024-11-01T01:27:43.412+0000] {dagbag.py:588} INFO - Filling up the DagBag from /home/airflow/.local/lib/python3.12/site-packages/airflow/example_dags/example_branch_operator_decorator.py
[2024-11-01T01:27:43.421+0000] {processor.py:925} INFO - DAG(s) 'example_branch_python_operator_decorator' retrieved from /home/airflow/.local/lib/python3.12/site-packages/airflow/example_dags/example_branch_operator_decorator.py
[2024-11-01T01:27:43.432+0000] {logging_mixin.py:190} INFO - [2024-11-01T01:27:43.432+0000] {dag.py:3239} INFO - Sync 1 DAGs
[2024-11-01T01:27:43.440+0000] {logging_mixin.py:190} INFO - [2024-11-01T01:27:43.440+0000] {dag.py:4180} INFO - Setting next_dagrun for example_branch_python_operator_decorator to 2024-10-31 00:00:00+00:00, run_after=2024-11-01 00:00:00+00:00
[2024-11-01T01:27:43.445+0000] {processor.py:208} INFO - Processing /home/airflow/.local/lib/python3.12/site-packages/airflow/example_dags/example_branch_operator_decorator.py took 0.038 seconds
[2024-11-01T01:28:14.288+0000] {processor.py:186} INFO - Started process (PID=311) to work on /home/airflow/.local/lib/python3.12/site-packages/airflow/example_dags/example_branch_operator_decorator.py
[2024-11-01T01:28:14.289+0000] {processor.py:914} INFO - Processing file /home/airflow/.local/lib/python3.12/site-packages/airflow/example_dags/example_branch_operator_decorator.py for tasks to queue
[2024-11-01T01:28:14.290+0000] {logging_mixin.py:190} INFO - [2024-11-01T01:28:14.290+0000] {dagbag.py:588} INFO - Filling up the DagBag from /home/airflow/.local/lib/python3.12/site-packages/airflow/example_dags/example_branch_operator_decorator.py
[2024-11-01T01:28:14.300+0000] {processor.py:925} INFO - DAG(s) 'example_branch_python_operator_decorator' retrieved from /home/airflow/.local/lib/python3.12/site-packages/airflow/example_dags/example_branch_operator_decorator.py
[2024-11-01T01:28:14.313+0000] {logging_mixin.py:190} INFO - [2024-11-01T01:28:14.313+0000] {dag.py:3239} INFO - Sync 1 DAGs
[2024-11-01T01:28:14.321+0000] {logging_mixin.py:190} INFO - [2024-11-01T01:28:14.321+0000] {dag.py:4180} INFO - Setting next_dagrun for example_branch_python_operator_decorator to 2024-10-31 00:00:00+00:00, run_after=2024-11-01 00:00:00+00:00
[2024-11-01T01:28:14.329+0000] {processor.py:208} INFO - Processing /home/airflow/.local/lib/python3.12/site-packages/airflow/example_dags/example_branch_operator_decorator.py took 0.043 seconds
[2024-11-01T01:28:45.151+0000] {processor.py:186} INFO - Started process (PID=375) to work on /home/airflow/.local/lib/python3.12/site-packages/airflow/example_dags/example_branch_operator_decorator.py
[2024-11-01T01:28:45.153+0000] {processor.py:914} INFO - Processing file /home/airflow/.local/lib/python3.12/site-packages/airflow/example_dags/example_branch_operator_decorator.py for tasks to queue
[2024-11-01T01:28:45.154+0000] {logging_mixin.py:190} INFO - [2024-11-01T01:28:45.154+0000] {dagbag.py:588} INFO - Filling up the DagBag from /home/airflow/.local/lib/python3.12/site-packages/airflow/example_dags/example_branch_operator_decorator.py
[2024-11-01T01:28:45.161+0000] {processor.py:925} INFO - DAG(s) 'example_branch_python_operator_decorator' retrieved from /home/airflow/.local/lib/python3.12/site-packages/airflow/example_dags/example_branch_operator_decorator.py
[2024-11-01T01:28:45.172+0000] {logging_mixin.py:190} INFO - [2024-11-01T01:28:45.172+0000] {dag.py:3239} INFO - Sync 1 DAGs
[2024-11-01T01:28:45.182+0000] {logging_mixin.py:190} INFO - [2024-11-01T01:28:45.181+0000] {dag.py:4180} INFO - Setting next_dagrun for example_branch_python_operator_decorator to 2024-10-31 00:00:00+00:00, run_after=2024-11-01 00:00:00+00:00
[2024-11-01T01:28:45.192+0000] {processor.py:208} INFO - Processing /home/airflow/.local/lib/python3.12/site-packages/airflow/example_dags/example_branch_operator_decorator.py took 0.043 seconds
[2024-11-01T01:29:15.921+0000] {processor.py:186} INFO - Started process (PID=439) to work on /home/airflow/.local/lib/python3.12/site-packages/airflow/example_dags/example_branch_operator_decorator.py
[2024-11-01T01:29:15.922+0000] {processor.py:914} INFO - Processing file /home/airflow/.local/lib/python3.12/site-packages/airflow/example_dags/example_branch_operator_decorator.py for tasks to queue
[2024-11-01T01:29:15.923+0000] {logging_mixin.py:190} INFO - [2024-11-01T01:29:15.923+0000] {dagbag.py:588} INFO - Filling up the DagBag from /home/airflow/.local/lib/python3.12/site-packages/airflow/example_dags/example_branch_operator_decorator.py
[2024-11-01T01:29:15.931+0000] {processor.py:925} INFO - DAG(s) 'example_branch_python_operator_decorator' retrieved from /home/airflow/.local/lib/python3.12/site-packages/airflow/example_dags/example_branch_operator_decorator.py
[2024-11-01T01:29:15.942+0000] {logging_mixin.py:190} INFO - [2024-11-01T01:29:15.942+0000] {dag.py:3239} INFO - Sync 1 DAGs
[2024-11-01T01:29:15.953+0000] {logging_mixin.py:190} INFO - [2024-11-01T01:29:15.953+0000] {dag.py:4180} INFO - Setting next_dagrun for example_branch_python_operator_decorator to 2024-10-31 00:00:00+00:00, run_after=2024-11-01 00:00:00+00:00
[2024-11-01T01:29:15.963+0000] {processor.py:208} INFO - Processing /home/airflow/.local/lib/python3.12/site-packages/airflow/example_dags/example_branch_operator_decorator.py took 0.044 seconds
