[2024-11-01T01:26:12.670+0000] {processor.py:186} INFO - Started process (PID=77) to work on /home/airflow/.local/lib/python3.12/site-packages/airflow/example_dags/example_workday_timetable.py
[2024-11-01T01:26:12.671+0000] {processor.py:914} INFO - Processing file /home/airflow/.local/lib/python3.12/site-packages/airflow/example_dags/example_workday_timetable.py for tasks to queue
[2024-11-01T01:26:12.672+0000] {logging_mixin.py:190} INFO - [2024-11-01T01:26:12.672+0000] {dagbag.py:588} INFO - Filling up the DagBag from /home/airflow/.local/lib/python3.12/site-packages/airflow/example_dags/example_workday_timetable.py
[2024-11-01T01:26:12.678+0000] {processor.py:925} INFO - DAG(s) 'example_workday_timetable' retrieved from /home/airflow/.local/lib/python3.12/site-packages/airflow/example_dags/example_workday_timetable.py
[2024-11-01T01:26:12.721+0000] {logging_mixin.py:190} INFO - [2024-11-01T01:26:12.721+0000] {override.py:1900} INFO - Created Permission View: can delete on DAG:example_workday_timetable
[2024-11-01T01:26:12.726+0000] {logging_mixin.py:190} INFO - [2024-11-01T01:26:12.726+0000] {override.py:1900} INFO - Created Permission View: can read on DAG:example_workday_timetable
[2024-11-01T01:26:12.729+0000] {logging_mixin.py:190} INFO - [2024-11-01T01:26:12.729+0000] {override.py:1900} INFO - Created Permission View: can edit on DAG:example_workday_timetable
[2024-11-01T01:26:12.733+0000] {logging_mixin.py:190} INFO - [2024-11-01T01:26:12.733+0000] {override.py:1900} INFO - Created Permission View: can create on DAG Run:example_workday_timetable
[2024-11-01T01:26:12.736+0000] {logging_mixin.py:190} INFO - [2024-11-01T01:26:12.736+0000] {override.py:1900} INFO - Created Permission View: menu access on DAG Run:example_workday_timetable
[2024-11-01T01:26:12.740+0000] {logging_mixin.py:190} INFO - [2024-11-01T01:26:12.740+0000] {override.py:1900} INFO - Created Permission View: can read on DAG Run:example_workday_timetable
[2024-11-01T01:26:12.742+0000] {logging_mixin.py:190} INFO - [2024-11-01T01:26:12.742+0000] {override.py:1900} INFO - Created Permission View: can delete on DAG Run:example_workday_timetable
[2024-11-01T01:26:12.742+0000] {logging_mixin.py:190} INFO - [2024-11-01T01:26:12.742+0000] {dag.py:3239} INFO - Sync 1 DAGs
[2024-11-01T01:26:12.747+0000] {logging_mixin.py:190} INFO - [2024-11-01T01:26:12.747+0000] {dag.py:3262} INFO - Creating ORM DAG for example_workday_timetable
[2024-11-01T01:26:12.769+0000] {logging_mixin.py:190} INFO - [2024-11-01T01:26:12.769+0000] {dag.py:4180} INFO - Setting next_dagrun for example_workday_timetable to 2021-01-04 00:00:00+00:00, run_after=2021-01-05 00:00:00+00:00
[2024-11-01T01:26:12.783+0000] {processor.py:208} INFO - Processing /home/airflow/.local/lib/python3.12/site-packages/airflow/example_dags/example_workday_timetable.py took 0.115 seconds
[2024-11-01T01:26:43.431+0000] {processor.py:186} INFO - Started process (PID=141) to work on /home/airflow/.local/lib/python3.12/site-packages/airflow/example_dags/example_workday_timetable.py
[2024-11-01T01:26:43.431+0000] {processor.py:914} INFO - Processing file /home/airflow/.local/lib/python3.12/site-packages/airflow/example_dags/example_workday_timetable.py for tasks to queue
[2024-11-01T01:26:43.432+0000] {logging_mixin.py:190} INFO - [2024-11-01T01:26:43.432+0000] {dagbag.py:588} INFO - Filling up the DagBag from /home/airflow/.local/lib/python3.12/site-packages/airflow/example_dags/example_workday_timetable.py
[2024-11-01T01:26:43.434+0000] {processor.py:925} INFO - DAG(s) 'example_workday_timetable' retrieved from /home/airflow/.local/lib/python3.12/site-packages/airflow/example_dags/example_workday_timetable.py
[2024-11-01T01:26:43.440+0000] {logging_mixin.py:190} INFO - [2024-11-01T01:26:43.440+0000] {dag.py:3239} INFO - Sync 1 DAGs
[2024-11-01T01:26:43.459+0000] {logging_mixin.py:190} INFO - [2024-11-01T01:26:43.459+0000] {dag.py:4180} INFO - Setting next_dagrun for example_workday_timetable to 2021-01-04 00:00:00+00:00, run_after=2021-01-05 00:00:00+00:00
[2024-11-01T01:26:43.465+0000] {processor.py:208} INFO - Processing /home/airflow/.local/lib/python3.12/site-packages/airflow/example_dags/example_workday_timetable.py took 0.036 seconds
[2024-11-01T01:27:14.174+0000] {processor.py:186} INFO - Started process (PID=205) to work on /home/airflow/.local/lib/python3.12/site-packages/airflow/example_dags/example_workday_timetable.py
[2024-11-01T01:27:14.175+0000] {processor.py:914} INFO - Processing file /home/airflow/.local/lib/python3.12/site-packages/airflow/example_dags/example_workday_timetable.py for tasks to queue
[2024-11-01T01:27:14.177+0000] {logging_mixin.py:190} INFO - [2024-11-01T01:27:14.177+0000] {dagbag.py:588} INFO - Filling up the DagBag from /home/airflow/.local/lib/python3.12/site-packages/airflow/example_dags/example_workday_timetable.py
[2024-11-01T01:27:14.182+0000] {processor.py:925} INFO - DAG(s) 'example_workday_timetable' retrieved from /home/airflow/.local/lib/python3.12/site-packages/airflow/example_dags/example_workday_timetable.py
[2024-11-01T01:27:14.192+0000] {logging_mixin.py:190} INFO - [2024-11-01T01:27:14.192+0000] {dag.py:3239} INFO - Sync 1 DAGs
[2024-11-01T01:27:14.222+0000] {logging_mixin.py:190} INFO - [2024-11-01T01:27:14.222+0000] {dag.py:4180} INFO - Setting next_dagrun for example_workday_timetable to 2021-01-04 00:00:00+00:00, run_after=2021-01-05 00:00:00+00:00
[2024-11-01T01:27:14.231+0000] {processor.py:208} INFO - Processing /home/airflow/.local/lib/python3.12/site-packages/airflow/example_dags/example_workday_timetable.py took 0.060 seconds
[2024-11-01T01:27:45.043+0000] {processor.py:186} INFO - Started process (PID=269) to work on /home/airflow/.local/lib/python3.12/site-packages/airflow/example_dags/example_workday_timetable.py
[2024-11-01T01:27:45.043+0000] {processor.py:914} INFO - Processing file /home/airflow/.local/lib/python3.12/site-packages/airflow/example_dags/example_workday_timetable.py for tasks to queue
[2024-11-01T01:27:45.044+0000] {logging_mixin.py:190} INFO - [2024-11-01T01:27:45.044+0000] {dagbag.py:588} INFO - Filling up the DagBag from /home/airflow/.local/lib/python3.12/site-packages/airflow/example_dags/example_workday_timetable.py
[2024-11-01T01:27:45.046+0000] {processor.py:925} INFO - DAG(s) 'example_workday_timetable' retrieved from /home/airflow/.local/lib/python3.12/site-packages/airflow/example_dags/example_workday_timetable.py
[2024-11-01T01:27:45.053+0000] {logging_mixin.py:190} INFO - [2024-11-01T01:27:45.053+0000] {dag.py:3239} INFO - Sync 1 DAGs
[2024-11-01T01:27:45.072+0000] {logging_mixin.py:190} INFO - [2024-11-01T01:27:45.072+0000] {dag.py:4180} INFO - Setting next_dagrun for example_workday_timetable to 2021-01-04 00:00:00+00:00, run_after=2021-01-05 00:00:00+00:00
[2024-11-01T01:27:45.078+0000] {processor.py:208} INFO - Processing /home/airflow/.local/lib/python3.12/site-packages/airflow/example_dags/example_workday_timetable.py took 0.037 seconds
[2024-11-01T01:28:15.931+0000] {processor.py:186} INFO - Started process (PID=332) to work on /home/airflow/.local/lib/python3.12/site-packages/airflow/example_dags/example_workday_timetable.py
[2024-11-01T01:28:15.931+0000] {processor.py:914} INFO - Processing file /home/airflow/.local/lib/python3.12/site-packages/airflow/example_dags/example_workday_timetable.py for tasks to queue
[2024-11-01T01:28:15.932+0000] {logging_mixin.py:190} INFO - [2024-11-01T01:28:15.932+0000] {dagbag.py:588} INFO - Filling up the DagBag from /home/airflow/.local/lib/python3.12/site-packages/airflow/example_dags/example_workday_timetable.py
[2024-11-01T01:28:15.934+0000] {processor.py:925} INFO - DAG(s) 'example_workday_timetable' retrieved from /home/airflow/.local/lib/python3.12/site-packages/airflow/example_dags/example_workday_timetable.py
[2024-11-01T01:28:15.940+0000] {logging_mixin.py:190} INFO - [2024-11-01T01:28:15.940+0000] {dag.py:3239} INFO - Sync 1 DAGs
[2024-11-01T01:28:15.959+0000] {logging_mixin.py:190} INFO - [2024-11-01T01:28:15.959+0000] {dag.py:4180} INFO - Setting next_dagrun for example_workday_timetable to 2021-01-04 00:00:00+00:00, run_after=2021-01-05 00:00:00+00:00
[2024-11-01T01:28:15.964+0000] {processor.py:208} INFO - Processing /home/airflow/.local/lib/python3.12/site-packages/airflow/example_dags/example_workday_timetable.py took 0.036 seconds
[2024-11-01T01:28:46.718+0000] {processor.py:186} INFO - Started process (PID=396) to work on /home/airflow/.local/lib/python3.12/site-packages/airflow/example_dags/example_workday_timetable.py
[2024-11-01T01:28:46.719+0000] {processor.py:914} INFO - Processing file /home/airflow/.local/lib/python3.12/site-packages/airflow/example_dags/example_workday_timetable.py for tasks to queue
[2024-11-01T01:28:46.724+0000] {logging_mixin.py:190} INFO - [2024-11-01T01:28:46.724+0000] {dagbag.py:588} INFO - Filling up the DagBag from /home/airflow/.local/lib/python3.12/site-packages/airflow/example_dags/example_workday_timetable.py
[2024-11-01T01:28:46.728+0000] {processor.py:925} INFO - DAG(s) 'example_workday_timetable' retrieved from /home/airflow/.local/lib/python3.12/site-packages/airflow/example_dags/example_workday_timetable.py
[2024-11-01T01:28:46.738+0000] {logging_mixin.py:190} INFO - [2024-11-01T01:28:46.738+0000] {dag.py:3239} INFO - Sync 1 DAGs
[2024-11-01T01:28:46.760+0000] {logging_mixin.py:190} INFO - [2024-11-01T01:28:46.760+0000] {dag.py:4180} INFO - Setting next_dagrun for example_workday_timetable to 2021-01-04 00:00:00+00:00, run_after=2021-01-05 00:00:00+00:00
[2024-11-01T01:28:46.767+0000] {processor.py:208} INFO - Processing /home/airflow/.local/lib/python3.12/site-packages/airflow/example_dags/example_workday_timetable.py took 0.051 seconds
[2024-11-01T01:29:17.526+0000] {processor.py:186} INFO - Started process (PID=460) to work on /home/airflow/.local/lib/python3.12/site-packages/airflow/example_dags/example_workday_timetable.py
[2024-11-01T01:29:17.527+0000] {processor.py:914} INFO - Processing file /home/airflow/.local/lib/python3.12/site-packages/airflow/example_dags/example_workday_timetable.py for tasks to queue
[2024-11-01T01:29:17.527+0000] {logging_mixin.py:190} INFO - [2024-11-01T01:29:17.527+0000] {dagbag.py:588} INFO - Filling up the DagBag from /home/airflow/.local/lib/python3.12/site-packages/airflow/example_dags/example_workday_timetable.py
[2024-11-01T01:29:17.529+0000] {processor.py:925} INFO - DAG(s) 'example_workday_timetable' retrieved from /home/airflow/.local/lib/python3.12/site-packages/airflow/example_dags/example_workday_timetable.py
[2024-11-01T01:29:17.539+0000] {logging_mixin.py:190} INFO - [2024-11-01T01:29:17.539+0000] {dag.py:3239} INFO - Sync 1 DAGs
[2024-11-01T01:29:17.562+0000] {logging_mixin.py:190} INFO - [2024-11-01T01:29:17.562+0000] {dag.py:4180} INFO - Setting next_dagrun for example_workday_timetable to 2021-01-04 00:00:00+00:00, run_after=2021-01-05 00:00:00+00:00
[2024-11-01T01:29:17.571+0000] {processor.py:208} INFO - Processing /home/airflow/.local/lib/python3.12/site-packages/airflow/example_dags/example_workday_timetable.py took 0.047 seconds
