[2024-11-01T01:26:12.227+0000] {processor.py:186} INFO - Started process (PID=70) to work on /home/airflow/.local/lib/python3.12/site-packages/airflow/example_dags/example_latest_only.py
[2024-11-01T01:26:12.227+0000] {processor.py:914} INFO - Processing file /home/airflow/.local/lib/python3.12/site-packages/airflow/example_dags/example_latest_only.py for tasks to queue
[2024-11-01T01:26:12.228+0000] {logging_mixin.py:190} INFO - [2024-11-01T01:26:12.228+0000] {dagbag.py:588} INFO - Filling up the DagBag from /home/airflow/.local/lib/python3.12/site-packages/airflow/example_dags/example_latest_only.py
[2024-11-01T01:26:12.232+0000] {processor.py:925} INFO - DAG(s) 'latest_only' retrieved from /home/airflow/.local/lib/python3.12/site-packages/airflow/example_dags/example_latest_only.py
[2024-11-01T01:26:12.283+0000] {logging_mixin.py:190} INFO - [2024-11-01T01:26:12.282+0000] {override.py:1900} INFO - Created Permission View: can delete on DAG:latest_only
[2024-11-01T01:26:12.287+0000] {logging_mixin.py:190} INFO - [2024-11-01T01:26:12.287+0000] {override.py:1900} INFO - Created Permission View: can read on DAG:latest_only
[2024-11-01T01:26:12.289+0000] {logging_mixin.py:190} INFO - [2024-11-01T01:26:12.289+0000] {override.py:1900} INFO - Created Permission View: can edit on DAG:latest_only
[2024-11-01T01:26:12.292+0000] {logging_mixin.py:190} INFO - [2024-11-01T01:26:12.292+0000] {override.py:1900} INFO - Created Permission View: can create on DAG Run:latest_only
[2024-11-01T01:26:12.294+0000] {logging_mixin.py:190} INFO - [2024-11-01T01:26:12.294+0000] {override.py:1900} INFO - Created Permission View: menu access on DAG Run:latest_only
[2024-11-01T01:26:12.297+0000] {logging_mixin.py:190} INFO - [2024-11-01T01:26:12.296+0000] {override.py:1900} INFO - Created Permission View: can read on DAG Run:latest_only
[2024-11-01T01:26:12.299+0000] {logging_mixin.py:190} INFO - [2024-11-01T01:26:12.299+0000] {override.py:1900} INFO - Created Permission View: can delete on DAG Run:latest_only
[2024-11-01T01:26:12.299+0000] {logging_mixin.py:190} INFO - [2024-11-01T01:26:12.299+0000] {dag.py:3239} INFO - Sync 1 DAGs
[2024-11-01T01:26:12.305+0000] {logging_mixin.py:190} INFO - [2024-11-01T01:26:12.305+0000] {dag.py:3262} INFO - Creating ORM DAG for latest_only
[2024-11-01T01:26:12.309+0000] {logging_mixin.py:190} INFO - [2024-11-01T01:26:12.309+0000] {dag.py:4180} INFO - Setting next_dagrun for latest_only to 2024-10-31 20:00:00+00:00, run_after=2024-11-01 00:00:00+00:00
[2024-11-01T01:26:12.317+0000] {processor.py:208} INFO - Processing /home/airflow/.local/lib/python3.12/site-packages/airflow/example_dags/example_latest_only.py took 0.092 seconds
[2024-11-01T01:26:43.207+0000] {processor.py:186} INFO - Started process (PID=134) to work on /home/airflow/.local/lib/python3.12/site-packages/airflow/example_dags/example_latest_only.py
[2024-11-01T01:26:43.208+0000] {processor.py:914} INFO - Processing file /home/airflow/.local/lib/python3.12/site-packages/airflow/example_dags/example_latest_only.py for tasks to queue
[2024-11-01T01:26:43.209+0000] {logging_mixin.py:190} INFO - [2024-11-01T01:26:43.209+0000] {dagbag.py:588} INFO - Filling up the DagBag from /home/airflow/.local/lib/python3.12/site-packages/airflow/example_dags/example_latest_only.py
[2024-11-01T01:26:43.213+0000] {processor.py:925} INFO - DAG(s) 'latest_only' retrieved from /home/airflow/.local/lib/python3.12/site-packages/airflow/example_dags/example_latest_only.py
[2024-11-01T01:26:43.221+0000] {logging_mixin.py:190} INFO - [2024-11-01T01:26:43.221+0000] {dag.py:3239} INFO - Sync 1 DAGs
[2024-11-01T01:26:43.230+0000] {logging_mixin.py:190} INFO - [2024-11-01T01:26:43.230+0000] {dag.py:4180} INFO - Setting next_dagrun for latest_only to 2024-10-31 20:00:00+00:00, run_after=2024-11-01 00:00:00+00:00
[2024-11-01T01:26:43.236+0000] {processor.py:208} INFO - Processing /home/airflow/.local/lib/python3.12/site-packages/airflow/example_dags/example_latest_only.py took 0.032 seconds
[2024-11-01T01:27:13.944+0000] {processor.py:186} INFO - Started process (PID=198) to work on /home/airflow/.local/lib/python3.12/site-packages/airflow/example_dags/example_latest_only.py
[2024-11-01T01:27:13.945+0000] {processor.py:914} INFO - Processing file /home/airflow/.local/lib/python3.12/site-packages/airflow/example_dags/example_latest_only.py for tasks to queue
[2024-11-01T01:27:13.947+0000] {logging_mixin.py:190} INFO - [2024-11-01T01:27:13.947+0000] {dagbag.py:588} INFO - Filling up the DagBag from /home/airflow/.local/lib/python3.12/site-packages/airflow/example_dags/example_latest_only.py
[2024-11-01T01:27:13.951+0000] {processor.py:925} INFO - DAG(s) 'latest_only' retrieved from /home/airflow/.local/lib/python3.12/site-packages/airflow/example_dags/example_latest_only.py
[2024-11-01T01:27:13.961+0000] {logging_mixin.py:190} INFO - [2024-11-01T01:27:13.961+0000] {dag.py:3239} INFO - Sync 1 DAGs
[2024-11-01T01:27:13.971+0000] {logging_mixin.py:190} INFO - [2024-11-01T01:27:13.971+0000] {dag.py:4180} INFO - Setting next_dagrun for latest_only to 2024-10-31 20:00:00+00:00, run_after=2024-11-01 00:00:00+00:00
[2024-11-01T01:27:13.979+0000] {processor.py:208} INFO - Processing /home/airflow/.local/lib/python3.12/site-packages/airflow/example_dags/example_latest_only.py took 0.038 seconds
[2024-11-01T01:27:44.819+0000] {processor.py:186} INFO - Started process (PID=262) to work on /home/airflow/.local/lib/python3.12/site-packages/airflow/example_dags/example_latest_only.py
[2024-11-01T01:27:44.820+0000] {processor.py:914} INFO - Processing file /home/airflow/.local/lib/python3.12/site-packages/airflow/example_dags/example_latest_only.py for tasks to queue
[2024-11-01T01:27:44.822+0000] {logging_mixin.py:190} INFO - [2024-11-01T01:27:44.822+0000] {dagbag.py:588} INFO - Filling up the DagBag from /home/airflow/.local/lib/python3.12/site-packages/airflow/example_dags/example_latest_only.py
[2024-11-01T01:27:44.826+0000] {processor.py:925} INFO - DAG(s) 'latest_only' retrieved from /home/airflow/.local/lib/python3.12/site-packages/airflow/example_dags/example_latest_only.py
[2024-11-01T01:27:44.837+0000] {logging_mixin.py:190} INFO - [2024-11-01T01:27:44.837+0000] {dag.py:3239} INFO - Sync 1 DAGs
[2024-11-01T01:27:44.846+0000] {logging_mixin.py:190} INFO - [2024-11-01T01:27:44.846+0000] {dag.py:4180} INFO - Setting next_dagrun for latest_only to 2024-10-31 20:00:00+00:00, run_after=2024-11-01 00:00:00+00:00
[2024-11-01T01:27:44.854+0000] {processor.py:208} INFO - Processing /home/airflow/.local/lib/python3.12/site-packages/airflow/example_dags/example_latest_only.py took 0.038 seconds
[2024-11-01T01:28:15.708+0000] {processor.py:186} INFO - Started process (PID=325) to work on /home/airflow/.local/lib/python3.12/site-packages/airflow/example_dags/example_latest_only.py
[2024-11-01T01:28:15.709+0000] {processor.py:914} INFO - Processing file /home/airflow/.local/lib/python3.12/site-packages/airflow/example_dags/example_latest_only.py for tasks to queue
[2024-11-01T01:28:15.710+0000] {logging_mixin.py:190} INFO - [2024-11-01T01:28:15.710+0000] {dagbag.py:588} INFO - Filling up the DagBag from /home/airflow/.local/lib/python3.12/site-packages/airflow/example_dags/example_latest_only.py
[2024-11-01T01:28:15.713+0000] {processor.py:925} INFO - DAG(s) 'latest_only' retrieved from /home/airflow/.local/lib/python3.12/site-packages/airflow/example_dags/example_latest_only.py
[2024-11-01T01:28:15.723+0000] {logging_mixin.py:190} INFO - [2024-11-01T01:28:15.723+0000] {dag.py:3239} INFO - Sync 1 DAGs
[2024-11-01T01:28:15.732+0000] {logging_mixin.py:190} INFO - [2024-11-01T01:28:15.732+0000] {dag.py:4180} INFO - Setting next_dagrun for latest_only to 2024-10-31 20:00:00+00:00, run_after=2024-11-01 00:00:00+00:00
[2024-11-01T01:28:15.739+0000] {processor.py:208} INFO - Processing /home/airflow/.local/lib/python3.12/site-packages/airflow/example_dags/example_latest_only.py took 0.033 seconds
[2024-11-01T01:28:46.526+0000] {processor.py:186} INFO - Started process (PID=389) to work on /home/airflow/.local/lib/python3.12/site-packages/airflow/example_dags/example_latest_only.py
[2024-11-01T01:28:46.527+0000] {processor.py:914} INFO - Processing file /home/airflow/.local/lib/python3.12/site-packages/airflow/example_dags/example_latest_only.py for tasks to queue
[2024-11-01T01:28:46.528+0000] {logging_mixin.py:190} INFO - [2024-11-01T01:28:46.528+0000] {dagbag.py:588} INFO - Filling up the DagBag from /home/airflow/.local/lib/python3.12/site-packages/airflow/example_dags/example_latest_only.py
[2024-11-01T01:28:46.531+0000] {processor.py:925} INFO - DAG(s) 'latest_only' retrieved from /home/airflow/.local/lib/python3.12/site-packages/airflow/example_dags/example_latest_only.py
[2024-11-01T01:28:46.539+0000] {logging_mixin.py:190} INFO - [2024-11-01T01:28:46.539+0000] {dag.py:3239} INFO - Sync 1 DAGs
[2024-11-01T01:28:46.548+0000] {logging_mixin.py:190} INFO - [2024-11-01T01:28:46.548+0000] {dag.py:4180} INFO - Setting next_dagrun for latest_only to 2024-10-31 20:00:00+00:00, run_after=2024-11-01 00:00:00+00:00
[2024-11-01T01:28:46.555+0000] {processor.py:208} INFO - Processing /home/airflow/.local/lib/python3.12/site-packages/airflow/example_dags/example_latest_only.py took 0.031 seconds
[2024-11-01T01:29:17.333+0000] {processor.py:186} INFO - Started process (PID=453) to work on /home/airflow/.local/lib/python3.12/site-packages/airflow/example_dags/example_latest_only.py
[2024-11-01T01:29:17.333+0000] {processor.py:914} INFO - Processing file /home/airflow/.local/lib/python3.12/site-packages/airflow/example_dags/example_latest_only.py for tasks to queue
[2024-11-01T01:29:17.334+0000] {logging_mixin.py:190} INFO - [2024-11-01T01:29:17.334+0000] {dagbag.py:588} INFO - Filling up the DagBag from /home/airflow/.local/lib/python3.12/site-packages/airflow/example_dags/example_latest_only.py
[2024-11-01T01:29:17.337+0000] {processor.py:925} INFO - DAG(s) 'latest_only' retrieved from /home/airflow/.local/lib/python3.12/site-packages/airflow/example_dags/example_latest_only.py
[2024-11-01T01:29:17.346+0000] {logging_mixin.py:190} INFO - [2024-11-01T01:29:17.346+0000] {dag.py:3239} INFO - Sync 1 DAGs
[2024-11-01T01:29:17.355+0000] {logging_mixin.py:190} INFO - [2024-11-01T01:29:17.354+0000] {dag.py:4180} INFO - Setting next_dagrun for latest_only to 2024-10-31 20:00:00+00:00, run_after=2024-11-01 00:00:00+00:00
[2024-11-01T01:29:17.361+0000] {processor.py:208} INFO - Processing /home/airflow/.local/lib/python3.12/site-packages/airflow/example_dags/example_latest_only.py took 0.031 seconds
