[2024-11-01T01:26:10.970+0000] {processor.py:186} INFO - Started process (PID=47) to work on /home/airflow/.local/lib/python3.12/site-packages/airflow/example_dags/example_latest_only_with_trigger.py
[2024-11-01T01:26:10.971+0000] {processor.py:914} INFO - Processing file /home/airflow/.local/lib/python3.12/site-packages/airflow/example_dags/example_latest_only_with_trigger.py for tasks to queue
[2024-11-01T01:26:10.972+0000] {logging_mixin.py:190} INFO - [2024-11-01T01:26:10.972+0000] {dagbag.py:588} INFO - Filling up the DagBag from /home/airflow/.local/lib/python3.12/site-packages/airflow/example_dags/example_latest_only_with_trigger.py
[2024-11-01T01:26:10.979+0000] {processor.py:925} INFO - DAG(s) 'latest_only_with_trigger' retrieved from /home/airflow/.local/lib/python3.12/site-packages/airflow/example_dags/example_latest_only_with_trigger.py
[2024-11-01T01:26:11.033+0000] {logging_mixin.py:190} INFO - [2024-11-01T01:26:11.032+0000] {override.py:1900} INFO - Created Permission View: can delete on DAG:latest_only_with_trigger
[2024-11-01T01:26:11.041+0000] {logging_mixin.py:190} INFO - [2024-11-01T01:26:11.041+0000] {override.py:1900} INFO - Created Permission View: can read on DAG:latest_only_with_trigger
[2024-11-01T01:26:11.044+0000] {logging_mixin.py:190} INFO - [2024-11-01T01:26:11.044+0000] {override.py:1900} INFO - Created Permission View: can edit on DAG:latest_only_with_trigger
[2024-11-01T01:26:11.047+0000] {logging_mixin.py:190} INFO - [2024-11-01T01:26:11.047+0000] {override.py:1900} INFO - Created Permission View: can create on DAG Run:latest_only_with_trigger
[2024-11-01T01:26:11.049+0000] {logging_mixin.py:190} INFO - [2024-11-01T01:26:11.049+0000] {override.py:1900} INFO - Created Permission View: menu access on DAG Run:latest_only_with_trigger
[2024-11-01T01:26:11.052+0000] {logging_mixin.py:190} INFO - [2024-11-01T01:26:11.052+0000] {override.py:1900} INFO - Created Permission View: can read on DAG Run:latest_only_with_trigger
[2024-11-01T01:26:11.054+0000] {logging_mixin.py:190} INFO - [2024-11-01T01:26:11.054+0000] {override.py:1900} INFO - Created Permission View: can delete on DAG Run:latest_only_with_trigger
[2024-11-01T01:26:11.055+0000] {logging_mixin.py:190} INFO - [2024-11-01T01:26:11.055+0000] {dag.py:3239} INFO - Sync 1 DAGs
[2024-11-01T01:26:11.060+0000] {logging_mixin.py:190} INFO - [2024-11-01T01:26:11.060+0000] {dag.py:3262} INFO - Creating ORM DAG for latest_only_with_trigger
[2024-11-01T01:26:11.064+0000] {logging_mixin.py:190} INFO - [2024-11-01T01:26:11.064+0000] {dag.py:4180} INFO - Setting next_dagrun for latest_only_with_trigger to 2024-10-31 20:00:00+00:00, run_after=2024-11-01 00:00:00+00:00
[2024-11-01T01:26:11.073+0000] {processor.py:208} INFO - Processing /home/airflow/.local/lib/python3.12/site-packages/airflow/example_dags/example_latest_only_with_trigger.py took 0.106 seconds
[2024-11-01T01:26:41.735+0000] {processor.py:186} INFO - Started process (PID=117) to work on /home/airflow/.local/lib/python3.12/site-packages/airflow/example_dags/example_latest_only_with_trigger.py
[2024-11-01T01:26:41.736+0000] {processor.py:914} INFO - Processing file /home/airflow/.local/lib/python3.12/site-packages/airflow/example_dags/example_latest_only_with_trigger.py for tasks to queue
[2024-11-01T01:26:41.737+0000] {logging_mixin.py:190} INFO - [2024-11-01T01:26:41.737+0000] {dagbag.py:588} INFO - Filling up the DagBag from /home/airflow/.local/lib/python3.12/site-packages/airflow/example_dags/example_latest_only_with_trigger.py
[2024-11-01T01:26:41.741+0000] {processor.py:925} INFO - DAG(s) 'latest_only_with_trigger' retrieved from /home/airflow/.local/lib/python3.12/site-packages/airflow/example_dags/example_latest_only_with_trigger.py
[2024-11-01T01:26:41.751+0000] {logging_mixin.py:190} INFO - [2024-11-01T01:26:41.751+0000] {dag.py:3239} INFO - Sync 1 DAGs
[2024-11-01T01:26:41.760+0000] {logging_mixin.py:190} INFO - [2024-11-01T01:26:41.759+0000] {dag.py:4180} INFO - Setting next_dagrun for latest_only_with_trigger to 2024-10-31 20:00:00+00:00, run_after=2024-11-01 00:00:00+00:00
[2024-11-01T01:26:41.765+0000] {processor.py:208} INFO - Processing /home/airflow/.local/lib/python3.12/site-packages/airflow/example_dags/example_latest_only_with_trigger.py took 0.033 seconds
[2024-11-01T01:27:12.535+0000] {processor.py:186} INFO - Started process (PID=181) to work on /home/airflow/.local/lib/python3.12/site-packages/airflow/example_dags/example_latest_only_with_trigger.py
[2024-11-01T01:27:12.535+0000] {processor.py:914} INFO - Processing file /home/airflow/.local/lib/python3.12/site-packages/airflow/example_dags/example_latest_only_with_trigger.py for tasks to queue
[2024-11-01T01:27:12.536+0000] {logging_mixin.py:190} INFO - [2024-11-01T01:27:12.536+0000] {dagbag.py:588} INFO - Filling up the DagBag from /home/airflow/.local/lib/python3.12/site-packages/airflow/example_dags/example_latest_only_with_trigger.py
[2024-11-01T01:27:12.540+0000] {processor.py:925} INFO - DAG(s) 'latest_only_with_trigger' retrieved from /home/airflow/.local/lib/python3.12/site-packages/airflow/example_dags/example_latest_only_with_trigger.py
[2024-11-01T01:27:12.548+0000] {logging_mixin.py:190} INFO - [2024-11-01T01:27:12.548+0000] {dag.py:3239} INFO - Sync 1 DAGs
[2024-11-01T01:27:12.557+0000] {logging_mixin.py:190} INFO - [2024-11-01T01:27:12.556+0000] {dag.py:4180} INFO - Setting next_dagrun for latest_only_with_trigger to 2024-10-31 20:00:00+00:00, run_after=2024-11-01 00:00:00+00:00
[2024-11-01T01:27:12.564+0000] {processor.py:208} INFO - Processing /home/airflow/.local/lib/python3.12/site-packages/airflow/example_dags/example_latest_only_with_trigger.py took 0.031 seconds
[2024-11-01T01:27:43.338+0000] {processor.py:186} INFO - Started process (PID=245) to work on /home/airflow/.local/lib/python3.12/site-packages/airflow/example_dags/example_latest_only_with_trigger.py
[2024-11-01T01:27:43.340+0000] {processor.py:914} INFO - Processing file /home/airflow/.local/lib/python3.12/site-packages/airflow/example_dags/example_latest_only_with_trigger.py for tasks to queue
[2024-11-01T01:27:43.341+0000] {logging_mixin.py:190} INFO - [2024-11-01T01:27:43.340+0000] {dagbag.py:588} INFO - Filling up the DagBag from /home/airflow/.local/lib/python3.12/site-packages/airflow/example_dags/example_latest_only_with_trigger.py
[2024-11-01T01:27:43.344+0000] {processor.py:925} INFO - DAG(s) 'latest_only_with_trigger' retrieved from /home/airflow/.local/lib/python3.12/site-packages/airflow/example_dags/example_latest_only_with_trigger.py
[2024-11-01T01:27:43.354+0000] {logging_mixin.py:190} INFO - [2024-11-01T01:27:43.354+0000] {dag.py:3239} INFO - Sync 1 DAGs
[2024-11-01T01:27:43.364+0000] {logging_mixin.py:190} INFO - [2024-11-01T01:27:43.364+0000] {dag.py:4180} INFO - Setting next_dagrun for latest_only_with_trigger to 2024-10-31 20:00:00+00:00, run_after=2024-11-01 00:00:00+00:00
[2024-11-01T01:27:43.370+0000] {processor.py:208} INFO - Processing /home/airflow/.local/lib/python3.12/site-packages/airflow/example_dags/example_latest_only_with_trigger.py took 0.035 seconds
[2024-11-01T01:28:14.236+0000] {processor.py:186} INFO - Started process (PID=308) to work on /home/airflow/.local/lib/python3.12/site-packages/airflow/example_dags/example_latest_only_with_trigger.py
[2024-11-01T01:28:14.239+0000] {processor.py:914} INFO - Processing file /home/airflow/.local/lib/python3.12/site-packages/airflow/example_dags/example_latest_only_with_trigger.py for tasks to queue
[2024-11-01T01:28:14.240+0000] {logging_mixin.py:190} INFO - [2024-11-01T01:28:14.240+0000] {dagbag.py:588} INFO - Filling up the DagBag from /home/airflow/.local/lib/python3.12/site-packages/airflow/example_dags/example_latest_only_with_trigger.py
[2024-11-01T01:28:14.243+0000] {processor.py:925} INFO - DAG(s) 'latest_only_with_trigger' retrieved from /home/airflow/.local/lib/python3.12/site-packages/airflow/example_dags/example_latest_only_with_trigger.py
[2024-11-01T01:28:14.251+0000] {logging_mixin.py:190} INFO - [2024-11-01T01:28:14.251+0000] {dag.py:3239} INFO - Sync 1 DAGs
[2024-11-01T01:28:14.260+0000] {logging_mixin.py:190} INFO - [2024-11-01T01:28:14.260+0000] {dag.py:4180} INFO - Setting next_dagrun for latest_only_with_trigger to 2024-10-31 20:00:00+00:00, run_after=2024-11-01 00:00:00+00:00
[2024-11-01T01:28:14.268+0000] {processor.py:208} INFO - Processing /home/airflow/.local/lib/python3.12/site-packages/airflow/example_dags/example_latest_only_with_trigger.py took 0.034 seconds
[2024-11-01T01:28:45.077+0000] {processor.py:186} INFO - Started process (PID=372) to work on /home/airflow/.local/lib/python3.12/site-packages/airflow/example_dags/example_latest_only_with_trigger.py
[2024-11-01T01:28:45.079+0000] {processor.py:914} INFO - Processing file /home/airflow/.local/lib/python3.12/site-packages/airflow/example_dags/example_latest_only_with_trigger.py for tasks to queue
[2024-11-01T01:28:45.080+0000] {logging_mixin.py:190} INFO - [2024-11-01T01:28:45.080+0000] {dagbag.py:588} INFO - Filling up the DagBag from /home/airflow/.local/lib/python3.12/site-packages/airflow/example_dags/example_latest_only_with_trigger.py
[2024-11-01T01:28:45.083+0000] {processor.py:925} INFO - DAG(s) 'latest_only_with_trigger' retrieved from /home/airflow/.local/lib/python3.12/site-packages/airflow/example_dags/example_latest_only_with_trigger.py
[2024-11-01T01:28:45.093+0000] {logging_mixin.py:190} INFO - [2024-11-01T01:28:45.093+0000] {dag.py:3239} INFO - Sync 1 DAGs
[2024-11-01T01:28:45.104+0000] {logging_mixin.py:190} INFO - [2024-11-01T01:28:45.104+0000] {dag.py:4180} INFO - Setting next_dagrun for latest_only_with_trigger to 2024-10-31 20:00:00+00:00, run_after=2024-11-01 00:00:00+00:00
[2024-11-01T01:28:45.111+0000] {processor.py:208} INFO - Processing /home/airflow/.local/lib/python3.12/site-packages/airflow/example_dags/example_latest_only_with_trigger.py took 0.036 seconds
[2024-11-01T01:29:15.854+0000] {processor.py:186} INFO - Started process (PID=436) to work on /home/airflow/.local/lib/python3.12/site-packages/airflow/example_dags/example_latest_only_with_trigger.py
[2024-11-01T01:29:15.856+0000] {processor.py:914} INFO - Processing file /home/airflow/.local/lib/python3.12/site-packages/airflow/example_dags/example_latest_only_with_trigger.py for tasks to queue
[2024-11-01T01:29:15.856+0000] {logging_mixin.py:190} INFO - [2024-11-01T01:29:15.856+0000] {dagbag.py:588} INFO - Filling up the DagBag from /home/airflow/.local/lib/python3.12/site-packages/airflow/example_dags/example_latest_only_with_trigger.py
[2024-11-01T01:29:15.860+0000] {processor.py:925} INFO - DAG(s) 'latest_only_with_trigger' retrieved from /home/airflow/.local/lib/python3.12/site-packages/airflow/example_dags/example_latest_only_with_trigger.py
[2024-11-01T01:29:15.869+0000] {logging_mixin.py:190} INFO - [2024-11-01T01:29:15.869+0000] {dag.py:3239} INFO - Sync 1 DAGs
[2024-11-01T01:29:15.878+0000] {logging_mixin.py:190} INFO - [2024-11-01T01:29:15.878+0000] {dag.py:4180} INFO - Setting next_dagrun for latest_only_with_trigger to 2024-10-31 20:00:00+00:00, run_after=2024-11-01 00:00:00+00:00
[2024-11-01T01:29:15.885+0000] {processor.py:208} INFO - Processing /home/airflow/.local/lib/python3.12/site-packages/airflow/example_dags/example_latest_only_with_trigger.py took 0.034 seconds
