[2024-11-01T01:26:12.914+0000] {processor.py:186} INFO - Started process (PID=81) to work on /home/airflow/.local/lib/python3.12/site-packages/airflow/example_dags/example_complex.py
[2024-11-01T01:26:12.915+0000] {processor.py:914} INFO - Processing file /home/airflow/.local/lib/python3.12/site-packages/airflow/example_dags/example_complex.py for tasks to queue
[2024-11-01T01:26:12.916+0000] {logging_mixin.py:190} INFO - [2024-11-01T01:26:12.916+0000] {dagbag.py:588} INFO - Filling up the DagBag from /home/airflow/.local/lib/python3.12/site-packages/airflow/example_dags/example_complex.py
[2024-11-01T01:26:12.923+0000] {processor.py:925} INFO - DAG(s) 'example_complex' retrieved from /home/airflow/.local/lib/python3.12/site-packages/airflow/example_dags/example_complex.py
[2024-11-01T01:26:12.971+0000] {logging_mixin.py:190} INFO - [2024-11-01T01:26:12.971+0000] {override.py:1900} INFO - Created Permission View: can delete on DAG:example_complex
[2024-11-01T01:26:12.977+0000] {logging_mixin.py:190} INFO - [2024-11-01T01:26:12.977+0000] {override.py:1900} INFO - Created Permission View: can read on DAG:example_complex
[2024-11-01T01:26:12.981+0000] {logging_mixin.py:190} INFO - [2024-11-01T01:26:12.981+0000] {override.py:1900} INFO - Created Permission View: can edit on DAG:example_complex
[2024-11-01T01:26:12.989+0000] {logging_mixin.py:190} INFO - [2024-11-01T01:26:12.989+0000] {override.py:1900} INFO - Created Permission View: can create on DAG Run:example_complex
[2024-11-01T01:26:12.995+0000] {logging_mixin.py:190} INFO - [2024-11-01T01:26:12.995+0000] {override.py:1900} INFO - Created Permission View: menu access on DAG Run:example_complex
[2024-11-01T01:26:12.999+0000] {logging_mixin.py:190} INFO - [2024-11-01T01:26:12.999+0000] {override.py:1900} INFO - Created Permission View: can read on DAG Run:example_complex
[2024-11-01T01:26:13.005+0000] {logging_mixin.py:190} INFO - [2024-11-01T01:26:13.005+0000] {override.py:1900} INFO - Created Permission View: can delete on DAG Run:example_complex
[2024-11-01T01:26:13.006+0000] {logging_mixin.py:190} INFO - [2024-11-01T01:26:13.006+0000] {dag.py:3239} INFO - Sync 1 DAGs
[2024-11-01T01:26:13.012+0000] {logging_mixin.py:190} INFO - [2024-11-01T01:26:13.012+0000] {dag.py:3262} INFO - Creating ORM DAG for example_complex
[2024-11-01T01:26:13.013+0000] {logging_mixin.py:190} INFO - [2024-11-01T01:26:13.013+0000] {dag.py:4180} INFO - Setting next_dagrun for example_complex to None, run_after=None
[2024-11-01T01:26:13.022+0000] {processor.py:208} INFO - Processing /home/airflow/.local/lib/python3.12/site-packages/airflow/example_dags/example_complex.py took 0.110 seconds
[2024-11-01T01:26:43.521+0000] {processor.py:186} INFO - Started process (PID=144) to work on /home/airflow/.local/lib/python3.12/site-packages/airflow/example_dags/example_complex.py
[2024-11-01T01:26:43.521+0000] {processor.py:914} INFO - Processing file /home/airflow/.local/lib/python3.12/site-packages/airflow/example_dags/example_complex.py for tasks to queue
[2024-11-01T01:26:43.522+0000] {logging_mixin.py:190} INFO - [2024-11-01T01:26:43.522+0000] {dagbag.py:588} INFO - Filling up the DagBag from /home/airflow/.local/lib/python3.12/site-packages/airflow/example_dags/example_complex.py
[2024-11-01T01:26:43.527+0000] {processor.py:925} INFO - DAG(s) 'example_complex' retrieved from /home/airflow/.local/lib/python3.12/site-packages/airflow/example_dags/example_complex.py
[2024-11-01T01:26:43.541+0000] {logging_mixin.py:190} INFO - [2024-11-01T01:26:43.541+0000] {dag.py:3239} INFO - Sync 1 DAGs
[2024-11-01T01:26:43.546+0000] {logging_mixin.py:190} INFO - [2024-11-01T01:26:43.546+0000] {dag.py:4180} INFO - Setting next_dagrun for example_complex to None, run_after=None
[2024-11-01T01:26:43.556+0000] {processor.py:208} INFO - Processing /home/airflow/.local/lib/python3.12/site-packages/airflow/example_dags/example_complex.py took 0.037 seconds
[2024-11-01T01:27:14.299+0000] {processor.py:186} INFO - Started process (PID=209) to work on /home/airflow/.local/lib/python3.12/site-packages/airflow/example_dags/example_complex.py
[2024-11-01T01:27:14.300+0000] {processor.py:914} INFO - Processing file /home/airflow/.local/lib/python3.12/site-packages/airflow/example_dags/example_complex.py for tasks to queue
[2024-11-01T01:27:14.302+0000] {logging_mixin.py:190} INFO - [2024-11-01T01:27:14.301+0000] {dagbag.py:588} INFO - Filling up the DagBag from /home/airflow/.local/lib/python3.12/site-packages/airflow/example_dags/example_complex.py
[2024-11-01T01:27:14.307+0000] {processor.py:925} INFO - DAG(s) 'example_complex' retrieved from /home/airflow/.local/lib/python3.12/site-packages/airflow/example_dags/example_complex.py
[2024-11-01T01:27:14.321+0000] {logging_mixin.py:190} INFO - [2024-11-01T01:27:14.321+0000] {dag.py:3239} INFO - Sync 1 DAGs
[2024-11-01T01:27:14.327+0000] {logging_mixin.py:190} INFO - [2024-11-01T01:27:14.327+0000] {dag.py:4180} INFO - Setting next_dagrun for example_complex to None, run_after=None
[2024-11-01T01:27:14.335+0000] {processor.py:208} INFO - Processing /home/airflow/.local/lib/python3.12/site-packages/airflow/example_dags/example_complex.py took 0.039 seconds
[2024-11-01T01:27:45.237+0000] {processor.py:186} INFO - Started process (PID=273) to work on /home/airflow/.local/lib/python3.12/site-packages/airflow/example_dags/example_complex.py
[2024-11-01T01:27:45.237+0000] {processor.py:914} INFO - Processing file /home/airflow/.local/lib/python3.12/site-packages/airflow/example_dags/example_complex.py for tasks to queue
[2024-11-01T01:27:45.238+0000] {logging_mixin.py:190} INFO - [2024-11-01T01:27:45.238+0000] {dagbag.py:588} INFO - Filling up the DagBag from /home/airflow/.local/lib/python3.12/site-packages/airflow/example_dags/example_complex.py
[2024-11-01T01:27:45.244+0000] {processor.py:925} INFO - DAG(s) 'example_complex' retrieved from /home/airflow/.local/lib/python3.12/site-packages/airflow/example_dags/example_complex.py
[2024-11-01T01:27:45.258+0000] {logging_mixin.py:190} INFO - [2024-11-01T01:27:45.257+0000] {dag.py:3239} INFO - Sync 1 DAGs
[2024-11-01T01:27:45.262+0000] {logging_mixin.py:190} INFO - [2024-11-01T01:27:45.262+0000] {dag.py:4180} INFO - Setting next_dagrun for example_complex to None, run_after=None
[2024-11-01T01:27:45.270+0000] {processor.py:208} INFO - Processing /home/airflow/.local/lib/python3.12/site-packages/airflow/example_dags/example_complex.py took 0.036 seconds
[2024-11-01T01:28:16.117+0000] {processor.py:186} INFO - Started process (PID=336) to work on /home/airflow/.local/lib/python3.12/site-packages/airflow/example_dags/example_complex.py
[2024-11-01T01:28:16.118+0000] {processor.py:914} INFO - Processing file /home/airflow/.local/lib/python3.12/site-packages/airflow/example_dags/example_complex.py for tasks to queue
[2024-11-01T01:28:16.118+0000] {logging_mixin.py:190} INFO - [2024-11-01T01:28:16.118+0000] {dagbag.py:588} INFO - Filling up the DagBag from /home/airflow/.local/lib/python3.12/site-packages/airflow/example_dags/example_complex.py
[2024-11-01T01:28:16.124+0000] {processor.py:925} INFO - DAG(s) 'example_complex' retrieved from /home/airflow/.local/lib/python3.12/site-packages/airflow/example_dags/example_complex.py
[2024-11-01T01:28:16.137+0000] {logging_mixin.py:190} INFO - [2024-11-01T01:28:16.137+0000] {dag.py:3239} INFO - Sync 1 DAGs
[2024-11-01T01:28:16.142+0000] {logging_mixin.py:190} INFO - [2024-11-01T01:28:16.142+0000] {dag.py:4180} INFO - Setting next_dagrun for example_complex to None, run_after=None
[2024-11-01T01:28:16.151+0000] {processor.py:208} INFO - Processing /home/airflow/.local/lib/python3.12/site-packages/airflow/example_dags/example_complex.py took 0.035 seconds
[2024-11-01T01:28:46.824+0000] {processor.py:186} INFO - Started process (PID=400) to work on /home/airflow/.local/lib/python3.12/site-packages/airflow/example_dags/example_complex.py
[2024-11-01T01:28:46.825+0000] {processor.py:914} INFO - Processing file /home/airflow/.local/lib/python3.12/site-packages/airflow/example_dags/example_complex.py for tasks to queue
[2024-11-01T01:28:46.826+0000] {logging_mixin.py:190} INFO - [2024-11-01T01:28:46.826+0000] {dagbag.py:588} INFO - Filling up the DagBag from /home/airflow/.local/lib/python3.12/site-packages/airflow/example_dags/example_complex.py
[2024-11-01T01:28:46.832+0000] {processor.py:925} INFO - DAG(s) 'example_complex' retrieved from /home/airflow/.local/lib/python3.12/site-packages/airflow/example_dags/example_complex.py
[2024-11-01T01:28:46.844+0000] {logging_mixin.py:190} INFO - [2024-11-01T01:28:46.844+0000] {dag.py:3239} INFO - Sync 1 DAGs
[2024-11-01T01:28:46.849+0000] {logging_mixin.py:190} INFO - [2024-11-01T01:28:46.849+0000] {dag.py:4180} INFO - Setting next_dagrun for example_complex to None, run_after=None
[2024-11-01T01:28:46.855+0000] {processor.py:208} INFO - Processing /home/airflow/.local/lib/python3.12/site-packages/airflow/example_dags/example_complex.py took 0.034 seconds
[2024-11-01T01:29:17.628+0000] {processor.py:186} INFO - Started process (PID=464) to work on /home/airflow/.local/lib/python3.12/site-packages/airflow/example_dags/example_complex.py
[2024-11-01T01:29:17.631+0000] {processor.py:914} INFO - Processing file /home/airflow/.local/lib/python3.12/site-packages/airflow/example_dags/example_complex.py for tasks to queue
[2024-11-01T01:29:17.633+0000] {logging_mixin.py:190} INFO - [2024-11-01T01:29:17.633+0000] {dagbag.py:588} INFO - Filling up the DagBag from /home/airflow/.local/lib/python3.12/site-packages/airflow/example_dags/example_complex.py
[2024-11-01T01:29:17.638+0000] {processor.py:925} INFO - DAG(s) 'example_complex' retrieved from /home/airflow/.local/lib/python3.12/site-packages/airflow/example_dags/example_complex.py
[2024-11-01T01:29:17.650+0000] {logging_mixin.py:190} INFO - [2024-11-01T01:29:17.650+0000] {dag.py:3239} INFO - Sync 1 DAGs
[2024-11-01T01:29:17.656+0000] {logging_mixin.py:190} INFO - [2024-11-01T01:29:17.656+0000] {dag.py:4180} INFO - Setting next_dagrun for example_complex to None, run_after=None
[2024-11-01T01:29:17.664+0000] {processor.py:208} INFO - Processing /home/airflow/.local/lib/python3.12/site-packages/airflow/example_dags/example_complex.py took 0.039 seconds
