[2024-11-01T01:26:13.470+0000] {processor.py:186} INFO - Started process (PID=88) to work on /home/airflow/.local/lib/python3.12/site-packages/airflow/example_dags/example_sensors.py
[2024-11-01T01:26:13.471+0000] {processor.py:914} INFO - Processing file /home/airflow/.local/lib/python3.12/site-packages/airflow/example_dags/example_sensors.py for tasks to queue
[2024-11-01T01:26:13.472+0000] {logging_mixin.py:190} INFO - [2024-11-01T01:26:13.472+0000] {dagbag.py:588} INFO - Filling up the DagBag from /home/airflow/.local/lib/python3.12/site-packages/airflow/example_dags/example_sensors.py
[2024-11-01T01:26:13.479+0000] {processor.py:925} INFO - DAG(s) 'example_sensors' retrieved from /home/airflow/.local/lib/python3.12/site-packages/airflow/example_dags/example_sensors.py
[2024-11-01T01:26:13.529+0000] {logging_mixin.py:190} INFO - [2024-11-01T01:26:13.529+0000] {override.py:1900} INFO - Created Permission View: can delete on DAG:example_sensors
[2024-11-01T01:26:13.534+0000] {logging_mixin.py:190} INFO - [2024-11-01T01:26:13.533+0000] {override.py:1900} INFO - Created Permission View: can read on DAG:example_sensors
[2024-11-01T01:26:13.538+0000] {logging_mixin.py:190} INFO - [2024-11-01T01:26:13.538+0000] {override.py:1900} INFO - Created Permission View: can edit on DAG:example_sensors
[2024-11-01T01:26:13.543+0000] {logging_mixin.py:190} INFO - [2024-11-01T01:26:13.543+0000] {override.py:1900} INFO - Created Permission View: can create on DAG Run:example_sensors
[2024-11-01T01:26:13.547+0000] {logging_mixin.py:190} INFO - [2024-11-01T01:26:13.547+0000] {override.py:1900} INFO - Created Permission View: menu access on DAG Run:example_sensors
[2024-11-01T01:26:13.553+0000] {logging_mixin.py:190} INFO - [2024-11-01T01:26:13.553+0000] {override.py:1900} INFO - Created Permission View: can read on DAG Run:example_sensors
[2024-11-01T01:26:13.558+0000] {logging_mixin.py:190} INFO - [2024-11-01T01:26:13.558+0000] {override.py:1900} INFO - Created Permission View: can delete on DAG Run:example_sensors
[2024-11-01T01:26:13.558+0000] {logging_mixin.py:190} INFO - [2024-11-01T01:26:13.558+0000] {dag.py:3239} INFO - Sync 1 DAGs
[2024-11-01T01:26:13.563+0000] {logging_mixin.py:190} INFO - [2024-11-01T01:26:13.563+0000] {dag.py:3262} INFO - Creating ORM DAG for example_sensors
[2024-11-01T01:26:13.564+0000] {logging_mixin.py:190} INFO - [2024-11-01T01:26:13.564+0000] {dag.py:4180} INFO - Setting next_dagrun for example_sensors to None, run_after=None
[2024-11-01T01:26:13.570+0000] {processor.py:208} INFO - Processing /home/airflow/.local/lib/python3.12/site-packages/airflow/example_dags/example_sensors.py took 0.103 seconds
[2024-11-01T01:26:43.749+0000] {processor.py:186} INFO - Started process (PID=152) to work on /home/airflow/.local/lib/python3.12/site-packages/airflow/example_dags/example_sensors.py
[2024-11-01T01:26:43.753+0000] {processor.py:914} INFO - Processing file /home/airflow/.local/lib/python3.12/site-packages/airflow/example_dags/example_sensors.py for tasks to queue
[2024-11-01T01:26:43.753+0000] {logging_mixin.py:190} INFO - [2024-11-01T01:26:43.753+0000] {dagbag.py:588} INFO - Filling up the DagBag from /home/airflow/.local/lib/python3.12/site-packages/airflow/example_dags/example_sensors.py
[2024-11-01T01:26:43.758+0000] {processor.py:925} INFO - DAG(s) 'example_sensors' retrieved from /home/airflow/.local/lib/python3.12/site-packages/airflow/example_dags/example_sensors.py
[2024-11-01T01:26:43.767+0000] {logging_mixin.py:190} INFO - [2024-11-01T01:26:43.767+0000] {dag.py:3239} INFO - Sync 1 DAGs
[2024-11-01T01:26:43.772+0000] {logging_mixin.py:190} INFO - [2024-11-01T01:26:43.772+0000] {dag.py:4180} INFO - Setting next_dagrun for example_sensors to None, run_after=None
[2024-11-01T01:26:43.780+0000] {processor.py:208} INFO - Processing /home/airflow/.local/lib/python3.12/site-packages/airflow/example_dags/example_sensors.py took 0.033 seconds
[2024-11-01T01:27:14.533+0000] {processor.py:186} INFO - Started process (PID=216) to work on /home/airflow/.local/lib/python3.12/site-packages/airflow/example_dags/example_sensors.py
[2024-11-01T01:27:14.536+0000] {processor.py:914} INFO - Processing file /home/airflow/.local/lib/python3.12/site-packages/airflow/example_dags/example_sensors.py for tasks to queue
[2024-11-01T01:27:14.537+0000] {logging_mixin.py:190} INFO - [2024-11-01T01:27:14.537+0000] {dagbag.py:588} INFO - Filling up the DagBag from /home/airflow/.local/lib/python3.12/site-packages/airflow/example_dags/example_sensors.py
[2024-11-01T01:27:14.543+0000] {processor.py:925} INFO - DAG(s) 'example_sensors' retrieved from /home/airflow/.local/lib/python3.12/site-packages/airflow/example_dags/example_sensors.py
[2024-11-01T01:27:14.553+0000] {logging_mixin.py:190} INFO - [2024-11-01T01:27:14.553+0000] {dag.py:3239} INFO - Sync 1 DAGs
[2024-11-01T01:27:14.561+0000] {logging_mixin.py:190} INFO - [2024-11-01T01:27:14.561+0000] {dag.py:4180} INFO - Setting next_dagrun for example_sensors to None, run_after=None
[2024-11-01T01:27:14.570+0000] {processor.py:208} INFO - Processing /home/airflow/.local/lib/python3.12/site-packages/airflow/example_dags/example_sensors.py took 0.040 seconds
[2024-11-01T01:27:45.396+0000] {processor.py:186} INFO - Started process (PID=280) to work on /home/airflow/.local/lib/python3.12/site-packages/airflow/example_dags/example_sensors.py
[2024-11-01T01:27:45.398+0000] {processor.py:914} INFO - Processing file /home/airflow/.local/lib/python3.12/site-packages/airflow/example_dags/example_sensors.py for tasks to queue
[2024-11-01T01:27:45.400+0000] {logging_mixin.py:190} INFO - [2024-11-01T01:27:45.400+0000] {dagbag.py:588} INFO - Filling up the DagBag from /home/airflow/.local/lib/python3.12/site-packages/airflow/example_dags/example_sensors.py
[2024-11-01T01:27:45.405+0000] {processor.py:925} INFO - DAG(s) 'example_sensors' retrieved from /home/airflow/.local/lib/python3.12/site-packages/airflow/example_dags/example_sensors.py
[2024-11-01T01:27:45.414+0000] {logging_mixin.py:190} INFO - [2024-11-01T01:27:45.414+0000] {dag.py:3239} INFO - Sync 1 DAGs
[2024-11-01T01:27:45.420+0000] {logging_mixin.py:190} INFO - [2024-11-01T01:27:45.420+0000] {dag.py:4180} INFO - Setting next_dagrun for example_sensors to None, run_after=None
[2024-11-01T01:27:45.428+0000] {processor.py:208} INFO - Processing /home/airflow/.local/lib/python3.12/site-packages/airflow/example_dags/example_sensors.py took 0.033 seconds
[2024-11-01T01:28:16.270+0000] {processor.py:186} INFO - Started process (PID=343) to work on /home/airflow/.local/lib/python3.12/site-packages/airflow/example_dags/example_sensors.py
[2024-11-01T01:28:16.272+0000] {processor.py:914} INFO - Processing file /home/airflow/.local/lib/python3.12/site-packages/airflow/example_dags/example_sensors.py for tasks to queue
[2024-11-01T01:28:16.274+0000] {logging_mixin.py:190} INFO - [2024-11-01T01:28:16.274+0000] {dagbag.py:588} INFO - Filling up the DagBag from /home/airflow/.local/lib/python3.12/site-packages/airflow/example_dags/example_sensors.py
[2024-11-01T01:28:16.278+0000] {processor.py:925} INFO - DAG(s) 'example_sensors' retrieved from /home/airflow/.local/lib/python3.12/site-packages/airflow/example_dags/example_sensors.py
[2024-11-01T01:28:16.288+0000] {logging_mixin.py:190} INFO - [2024-11-01T01:28:16.288+0000] {dag.py:3239} INFO - Sync 1 DAGs
[2024-11-01T01:28:16.293+0000] {logging_mixin.py:190} INFO - [2024-11-01T01:28:16.293+0000] {dag.py:4180} INFO - Setting next_dagrun for example_sensors to None, run_after=None
[2024-11-01T01:28:16.299+0000] {processor.py:208} INFO - Processing /home/airflow/.local/lib/python3.12/site-packages/airflow/example_dags/example_sensors.py took 0.031 seconds
[2024-11-01T01:28:47.029+0000] {processor.py:186} INFO - Started process (PID=407) to work on /home/airflow/.local/lib/python3.12/site-packages/airflow/example_dags/example_sensors.py
[2024-11-01T01:28:47.030+0000] {processor.py:914} INFO - Processing file /home/airflow/.local/lib/python3.12/site-packages/airflow/example_dags/example_sensors.py for tasks to queue
[2024-11-01T01:28:47.031+0000] {logging_mixin.py:190} INFO - [2024-11-01T01:28:47.031+0000] {dagbag.py:588} INFO - Filling up the DagBag from /home/airflow/.local/lib/python3.12/site-packages/airflow/example_dags/example_sensors.py
[2024-11-01T01:28:47.036+0000] {processor.py:925} INFO - DAG(s) 'example_sensors' retrieved from /home/airflow/.local/lib/python3.12/site-packages/airflow/example_dags/example_sensors.py
[2024-11-01T01:28:47.045+0000] {logging_mixin.py:190} INFO - [2024-11-01T01:28:47.045+0000] {dag.py:3239} INFO - Sync 1 DAGs
[2024-11-01T01:28:47.051+0000] {logging_mixin.py:190} INFO - [2024-11-01T01:28:47.051+0000] {dag.py:4180} INFO - Setting next_dagrun for example_sensors to None, run_after=None
[2024-11-01T01:28:47.057+0000] {processor.py:208} INFO - Processing /home/airflow/.local/lib/python3.12/site-packages/airflow/example_dags/example_sensors.py took 0.031 seconds
[2024-11-01T01:29:17.830+0000] {processor.py:186} INFO - Started process (PID=471) to work on /home/airflow/.local/lib/python3.12/site-packages/airflow/example_dags/example_sensors.py
[2024-11-01T01:29:17.833+0000] {processor.py:914} INFO - Processing file /home/airflow/.local/lib/python3.12/site-packages/airflow/example_dags/example_sensors.py for tasks to queue
[2024-11-01T01:29:17.835+0000] {logging_mixin.py:190} INFO - [2024-11-01T01:29:17.835+0000] {dagbag.py:588} INFO - Filling up the DagBag from /home/airflow/.local/lib/python3.12/site-packages/airflow/example_dags/example_sensors.py
[2024-11-01T01:29:17.841+0000] {processor.py:925} INFO - DAG(s) 'example_sensors' retrieved from /home/airflow/.local/lib/python3.12/site-packages/airflow/example_dags/example_sensors.py
[2024-11-01T01:29:17.853+0000] {logging_mixin.py:190} INFO - [2024-11-01T01:29:17.853+0000] {dag.py:3239} INFO - Sync 1 DAGs
[2024-11-01T01:29:17.861+0000] {logging_mixin.py:190} INFO - [2024-11-01T01:29:17.861+0000] {dag.py:4180} INFO - Setting next_dagrun for example_sensors to None, run_after=None
[2024-11-01T01:29:17.869+0000] {processor.py:208} INFO - Processing /home/airflow/.local/lib/python3.12/site-packages/airflow/example_dags/example_sensors.py took 0.042 seconds
