[2024-11-01T01:26:12.373+0000] {processor.py:186} INFO - Started process (PID=72) to work on /home/airflow/.local/lib/python3.12/site-packages/airflow/example_dags/example_skip_dag.py
[2024-11-01T01:26:12.373+0000] {processor.py:914} INFO - Processing file /home/airflow/.local/lib/python3.12/site-packages/airflow/example_dags/example_skip_dag.py for tasks to queue
[2024-11-01T01:26:12.374+0000] {logging_mixin.py:190} INFO - [2024-11-01T01:26:12.374+0000] {dagbag.py:588} INFO - Filling up the DagBag from /home/airflow/.local/lib/python3.12/site-packages/airflow/example_dags/example_skip_dag.py
[2024-11-01T01:26:12.378+0000] {processor.py:925} INFO - DAG(s) 'example_skip_dag' retrieved from /home/airflow/.local/lib/python3.12/site-packages/airflow/example_dags/example_skip_dag.py
[2024-11-01T01:26:12.417+0000] {logging_mixin.py:190} INFO - [2024-11-01T01:26:12.417+0000] {override.py:1900} INFO - Created Permission View: can delete on DAG:example_skip_dag
[2024-11-01T01:26:12.420+0000] {logging_mixin.py:190} INFO - [2024-11-01T01:26:12.420+0000] {override.py:1900} INFO - Created Permission View: can read on DAG:example_skip_dag
[2024-11-01T01:26:12.421+0000] {logging_mixin.py:190} INFO - [2024-11-01T01:26:12.421+0000] {override.py:1900} INFO - Created Permission View: can edit on DAG:example_skip_dag
[2024-11-01T01:26:12.423+0000] {logging_mixin.py:190} INFO - [2024-11-01T01:26:12.423+0000] {override.py:1900} INFO - Created Permission View: can create on DAG Run:example_skip_dag
[2024-11-01T01:26:12.425+0000] {logging_mixin.py:190} INFO - [2024-11-01T01:26:12.424+0000] {override.py:1900} INFO - Created Permission View: menu access on DAG Run:example_skip_dag
[2024-11-01T01:26:12.426+0000] {logging_mixin.py:190} INFO - [2024-11-01T01:26:12.426+0000] {override.py:1900} INFO - Created Permission View: can read on DAG Run:example_skip_dag
[2024-11-01T01:26:12.428+0000] {logging_mixin.py:190} INFO - [2024-11-01T01:26:12.428+0000] {override.py:1900} INFO - Created Permission View: can delete on DAG Run:example_skip_dag
[2024-11-01T01:26:12.428+0000] {logging_mixin.py:190} INFO - [2024-11-01T01:26:12.428+0000] {dag.py:3239} INFO - Sync 1 DAGs
[2024-11-01T01:26:12.432+0000] {logging_mixin.py:190} INFO - [2024-11-01T01:26:12.432+0000] {dag.py:3262} INFO - Creating ORM DAG for example_skip_dag
[2024-11-01T01:26:12.437+0000] {logging_mixin.py:190} INFO - [2024-11-01T01:26:12.437+0000] {dag.py:4180} INFO - Setting next_dagrun for example_skip_dag to 2024-10-31 00:00:00+00:00, run_after=2024-11-01 00:00:00+00:00
[2024-11-01T01:26:12.446+0000] {processor.py:208} INFO - Processing /home/airflow/.local/lib/python3.12/site-packages/airflow/example_dags/example_skip_dag.py took 0.076 seconds
[2024-11-01T01:26:43.282+0000] {processor.py:186} INFO - Started process (PID=136) to work on /home/airflow/.local/lib/python3.12/site-packages/airflow/example_dags/example_skip_dag.py
[2024-11-01T01:26:43.282+0000] {processor.py:914} INFO - Processing file /home/airflow/.local/lib/python3.12/site-packages/airflow/example_dags/example_skip_dag.py for tasks to queue
[2024-11-01T01:26:43.283+0000] {logging_mixin.py:190} INFO - [2024-11-01T01:26:43.283+0000] {dagbag.py:588} INFO - Filling up the DagBag from /home/airflow/.local/lib/python3.12/site-packages/airflow/example_dags/example_skip_dag.py
[2024-11-01T01:26:43.286+0000] {processor.py:925} INFO - DAG(s) 'example_skip_dag' retrieved from /home/airflow/.local/lib/python3.12/site-packages/airflow/example_dags/example_skip_dag.py
[2024-11-01T01:26:43.294+0000] {logging_mixin.py:190} INFO - [2024-11-01T01:26:43.294+0000] {dag.py:3239} INFO - Sync 1 DAGs
[2024-11-01T01:26:43.302+0000] {logging_mixin.py:190} INFO - [2024-11-01T01:26:43.302+0000] {dag.py:4180} INFO - Setting next_dagrun for example_skip_dag to 2024-10-31 00:00:00+00:00, run_after=2024-11-01 00:00:00+00:00
[2024-11-01T01:26:43.307+0000] {processor.py:208} INFO - Processing /home/airflow/.local/lib/python3.12/site-packages/airflow/example_dags/example_skip_dag.py took 0.028 seconds
[2024-11-01T01:27:14.024+0000] {processor.py:186} INFO - Started process (PID=200) to work on /home/airflow/.local/lib/python3.12/site-packages/airflow/example_dags/example_skip_dag.py
[2024-11-01T01:27:14.026+0000] {processor.py:914} INFO - Processing file /home/airflow/.local/lib/python3.12/site-packages/airflow/example_dags/example_skip_dag.py for tasks to queue
[2024-11-01T01:27:14.029+0000] {logging_mixin.py:190} INFO - [2024-11-01T01:27:14.029+0000] {dagbag.py:588} INFO - Filling up the DagBag from /home/airflow/.local/lib/python3.12/site-packages/airflow/example_dags/example_skip_dag.py
[2024-11-01T01:27:14.033+0000] {processor.py:925} INFO - DAG(s) 'example_skip_dag' retrieved from /home/airflow/.local/lib/python3.12/site-packages/airflow/example_dags/example_skip_dag.py
[2024-11-01T01:27:14.043+0000] {logging_mixin.py:190} INFO - [2024-11-01T01:27:14.042+0000] {dag.py:3239} INFO - Sync 1 DAGs
[2024-11-01T01:27:14.052+0000] {logging_mixin.py:190} INFO - [2024-11-01T01:27:14.052+0000] {dag.py:4180} INFO - Setting next_dagrun for example_skip_dag to 2024-10-31 00:00:00+00:00, run_after=2024-11-01 00:00:00+00:00
[2024-11-01T01:27:14.063+0000] {processor.py:208} INFO - Processing /home/airflow/.local/lib/python3.12/site-packages/airflow/example_dags/example_skip_dag.py took 0.042 seconds
[2024-11-01T01:27:44.886+0000] {processor.py:186} INFO - Started process (PID=264) to work on /home/airflow/.local/lib/python3.12/site-packages/airflow/example_dags/example_skip_dag.py
[2024-11-01T01:27:44.886+0000] {processor.py:914} INFO - Processing file /home/airflow/.local/lib/python3.12/site-packages/airflow/example_dags/example_skip_dag.py for tasks to queue
[2024-11-01T01:27:44.888+0000] {logging_mixin.py:190} INFO - [2024-11-01T01:27:44.887+0000] {dagbag.py:588} INFO - Filling up the DagBag from /home/airflow/.local/lib/python3.12/site-packages/airflow/example_dags/example_skip_dag.py
[2024-11-01T01:27:44.891+0000] {processor.py:925} INFO - DAG(s) 'example_skip_dag' retrieved from /home/airflow/.local/lib/python3.12/site-packages/airflow/example_dags/example_skip_dag.py
[2024-11-01T01:27:44.899+0000] {logging_mixin.py:190} INFO - [2024-11-01T01:27:44.899+0000] {dag.py:3239} INFO - Sync 1 DAGs
[2024-11-01T01:27:44.907+0000] {logging_mixin.py:190} INFO - [2024-11-01T01:27:44.907+0000] {dag.py:4180} INFO - Setting next_dagrun for example_skip_dag to 2024-10-31 00:00:00+00:00, run_after=2024-11-01 00:00:00+00:00
[2024-11-01T01:27:44.913+0000] {processor.py:208} INFO - Processing /home/airflow/.local/lib/python3.12/site-packages/airflow/example_dags/example_skip_dag.py took 0.029 seconds
[2024-11-01T01:28:15.779+0000] {processor.py:186} INFO - Started process (PID=327) to work on /home/airflow/.local/lib/python3.12/site-packages/airflow/example_dags/example_skip_dag.py
[2024-11-01T01:28:15.780+0000] {processor.py:914} INFO - Processing file /home/airflow/.local/lib/python3.12/site-packages/airflow/example_dags/example_skip_dag.py for tasks to queue
[2024-11-01T01:28:15.781+0000] {logging_mixin.py:190} INFO - [2024-11-01T01:28:15.781+0000] {dagbag.py:588} INFO - Filling up the DagBag from /home/airflow/.local/lib/python3.12/site-packages/airflow/example_dags/example_skip_dag.py
[2024-11-01T01:28:15.784+0000] {processor.py:925} INFO - DAG(s) 'example_skip_dag' retrieved from /home/airflow/.local/lib/python3.12/site-packages/airflow/example_dags/example_skip_dag.py
[2024-11-01T01:28:15.793+0000] {logging_mixin.py:190} INFO - [2024-11-01T01:28:15.792+0000] {dag.py:3239} INFO - Sync 1 DAGs
[2024-11-01T01:28:15.801+0000] {logging_mixin.py:190} INFO - [2024-11-01T01:28:15.801+0000] {dag.py:4180} INFO - Setting next_dagrun for example_skip_dag to 2024-10-31 00:00:00+00:00, run_after=2024-11-01 00:00:00+00:00
[2024-11-01T01:28:15.806+0000] {processor.py:208} INFO - Processing /home/airflow/.local/lib/python3.12/site-packages/airflow/example_dags/example_skip_dag.py took 0.029 seconds
[2024-11-01T01:28:46.599+0000] {processor.py:186} INFO - Started process (PID=391) to work on /home/airflow/.local/lib/python3.12/site-packages/airflow/example_dags/example_skip_dag.py
[2024-11-01T01:28:46.599+0000] {processor.py:914} INFO - Processing file /home/airflow/.local/lib/python3.12/site-packages/airflow/example_dags/example_skip_dag.py for tasks to queue
[2024-11-01T01:28:46.600+0000] {logging_mixin.py:190} INFO - [2024-11-01T01:28:46.600+0000] {dagbag.py:588} INFO - Filling up the DagBag from /home/airflow/.local/lib/python3.12/site-packages/airflow/example_dags/example_skip_dag.py
[2024-11-01T01:28:46.603+0000] {processor.py:925} INFO - DAG(s) 'example_skip_dag' retrieved from /home/airflow/.local/lib/python3.12/site-packages/airflow/example_dags/example_skip_dag.py
[2024-11-01T01:28:46.612+0000] {logging_mixin.py:190} INFO - [2024-11-01T01:28:46.612+0000] {dag.py:3239} INFO - Sync 1 DAGs
[2024-11-01T01:28:46.620+0000] {logging_mixin.py:190} INFO - [2024-11-01T01:28:46.620+0000] {dag.py:4180} INFO - Setting next_dagrun for example_skip_dag to 2024-10-31 00:00:00+00:00, run_after=2024-11-01 00:00:00+00:00
[2024-11-01T01:28:46.626+0000] {processor.py:208} INFO - Processing /home/airflow/.local/lib/python3.12/site-packages/airflow/example_dags/example_skip_dag.py took 0.029 seconds
[2024-11-01T01:29:17.402+0000] {processor.py:186} INFO - Started process (PID=455) to work on /home/airflow/.local/lib/python3.12/site-packages/airflow/example_dags/example_skip_dag.py
[2024-11-01T01:29:17.403+0000] {processor.py:914} INFO - Processing file /home/airflow/.local/lib/python3.12/site-packages/airflow/example_dags/example_skip_dag.py for tasks to queue
[2024-11-01T01:29:17.407+0000] {logging_mixin.py:190} INFO - [2024-11-01T01:29:17.407+0000] {dagbag.py:588} INFO - Filling up the DagBag from /home/airflow/.local/lib/python3.12/site-packages/airflow/example_dags/example_skip_dag.py
[2024-11-01T01:29:17.411+0000] {processor.py:925} INFO - DAG(s) 'example_skip_dag' retrieved from /home/airflow/.local/lib/python3.12/site-packages/airflow/example_dags/example_skip_dag.py
[2024-11-01T01:29:17.419+0000] {logging_mixin.py:190} INFO - [2024-11-01T01:29:17.419+0000] {dag.py:3239} INFO - Sync 1 DAGs
[2024-11-01T01:29:17.427+0000] {logging_mixin.py:190} INFO - [2024-11-01T01:29:17.426+0000] {dag.py:4180} INFO - Setting next_dagrun for example_skip_dag to 2024-10-31 00:00:00+00:00, run_after=2024-11-01 00:00:00+00:00
[2024-11-01T01:29:17.433+0000] {processor.py:208} INFO - Processing /home/airflow/.local/lib/python3.12/site-packages/airflow/example_dags/example_skip_dag.py took 0.033 seconds
