[2024-11-01T01:26:13.742+0000] {processor.py:186} INFO - Started process (PID=93) to work on /home/airflow/.local/lib/python3.12/site-packages/airflow/example_dags/example_branch_python_dop_operator_3.py
[2024-11-01T01:26:13.743+0000] {processor.py:914} INFO - Processing file /home/airflow/.local/lib/python3.12/site-packages/airflow/example_dags/example_branch_python_dop_operator_3.py for tasks to queue
[2024-11-01T01:26:13.746+0000] {logging_mixin.py:190} INFO - [2024-11-01T01:26:13.746+0000] {dagbag.py:588} INFO - Filling up the DagBag from /home/airflow/.local/lib/python3.12/site-packages/airflow/example_dags/example_branch_python_dop_operator_3.py
[2024-11-01T01:26:13.750+0000] {processor.py:925} INFO - DAG(s) 'example_branch_dop_operator_v3' retrieved from /home/airflow/.local/lib/python3.12/site-packages/airflow/example_dags/example_branch_python_dop_operator_3.py
[2024-11-01T01:26:13.795+0000] {logging_mixin.py:190} INFO - [2024-11-01T01:26:13.794+0000] {override.py:1900} INFO - Created Permission View: can delete on DAG:example_branch_dop_operator_v3
[2024-11-01T01:26:13.798+0000] {logging_mixin.py:190} INFO - [2024-11-01T01:26:13.798+0000] {override.py:1900} INFO - Created Permission View: can read on DAG:example_branch_dop_operator_v3
[2024-11-01T01:26:13.800+0000] {logging_mixin.py:190} INFO - [2024-11-01T01:26:13.800+0000] {override.py:1900} INFO - Created Permission View: can edit on DAG:example_branch_dop_operator_v3
[2024-11-01T01:26:13.802+0000] {logging_mixin.py:190} INFO - [2024-11-01T01:26:13.801+0000] {override.py:1900} INFO - Created Permission View: can create on DAG Run:example_branch_dop_operator_v3
[2024-11-01T01:26:13.804+0000] {logging_mixin.py:190} INFO - [2024-11-01T01:26:13.804+0000] {override.py:1900} INFO - Created Permission View: menu access on DAG Run:example_branch_dop_operator_v3
[2024-11-01T01:26:13.806+0000] {logging_mixin.py:190} INFO - [2024-11-01T01:26:13.806+0000] {override.py:1900} INFO - Created Permission View: can read on DAG Run:example_branch_dop_operator_v3
[2024-11-01T01:26:13.808+0000] {logging_mixin.py:190} INFO - [2024-11-01T01:26:13.808+0000] {override.py:1900} INFO - Created Permission View: can delete on DAG Run:example_branch_dop_operator_v3
[2024-11-01T01:26:13.808+0000] {logging_mixin.py:190} INFO - [2024-11-01T01:26:13.808+0000] {dag.py:3239} INFO - Sync 1 DAGs
[2024-11-01T01:26:13.813+0000] {logging_mixin.py:190} INFO - [2024-11-01T01:26:13.813+0000] {dag.py:3262} INFO - Creating ORM DAG for example_branch_dop_operator_v3
[2024-11-01T01:26:13.817+0000] {logging_mixin.py:190} INFO - [2024-11-01T01:26:13.817+0000] {dag.py:4180} INFO - Setting next_dagrun for example_branch_dop_operator_v3 to 2024-11-01 01:25:00+00:00, run_after=2024-11-01 01:26:00+00:00
[2024-11-01T01:26:13.823+0000] {processor.py:208} INFO - Processing /home/airflow/.local/lib/python3.12/site-packages/airflow/example_dags/example_branch_python_dop_operator_3.py took 0.083 seconds
[2024-11-01T01:26:43.885+0000] {processor.py:186} INFO - Started process (PID=157) to work on /home/airflow/.local/lib/python3.12/site-packages/airflow/example_dags/example_branch_python_dop_operator_3.py
[2024-11-01T01:26:43.885+0000] {processor.py:914} INFO - Processing file /home/airflow/.local/lib/python3.12/site-packages/airflow/example_dags/example_branch_python_dop_operator_3.py for tasks to queue
[2024-11-01T01:26:43.886+0000] {logging_mixin.py:190} INFO - [2024-11-01T01:26:43.886+0000] {dagbag.py:588} INFO - Filling up the DagBag from /home/airflow/.local/lib/python3.12/site-packages/airflow/example_dags/example_branch_python_dop_operator_3.py
[2024-11-01T01:26:43.891+0000] {processor.py:925} INFO - DAG(s) 'example_branch_dop_operator_v3' retrieved from /home/airflow/.local/lib/python3.12/site-packages/airflow/example_dags/example_branch_python_dop_operator_3.py
[2024-11-01T01:26:43.899+0000] {logging_mixin.py:190} INFO - [2024-11-01T01:26:43.899+0000] {dag.py:3239} INFO - Sync 1 DAGs
[2024-11-01T01:26:43.909+0000] {logging_mixin.py:190} INFO - [2024-11-01T01:26:43.909+0000] {dag.py:4180} INFO - Setting next_dagrun for example_branch_dop_operator_v3 to 2024-11-01 01:25:00+00:00, run_after=2024-11-01 01:26:00+00:00
[2024-11-01T01:26:43.918+0000] {processor.py:208} INFO - Processing /home/airflow/.local/lib/python3.12/site-packages/airflow/example_dags/example_branch_python_dop_operator_3.py took 0.036 seconds
[2024-11-01T01:27:14.645+0000] {processor.py:186} INFO - Started process (PID=221) to work on /home/airflow/.local/lib/python3.12/site-packages/airflow/example_dags/example_branch_python_dop_operator_3.py
[2024-11-01T01:27:14.645+0000] {processor.py:914} INFO - Processing file /home/airflow/.local/lib/python3.12/site-packages/airflow/example_dags/example_branch_python_dop_operator_3.py for tasks to queue
[2024-11-01T01:27:14.647+0000] {logging_mixin.py:190} INFO - [2024-11-01T01:27:14.647+0000] {dagbag.py:588} INFO - Filling up the DagBag from /home/airflow/.local/lib/python3.12/site-packages/airflow/example_dags/example_branch_python_dop_operator_3.py
[2024-11-01T01:27:14.652+0000] {processor.py:925} INFO - DAG(s) 'example_branch_dop_operator_v3' retrieved from /home/airflow/.local/lib/python3.12/site-packages/airflow/example_dags/example_branch_python_dop_operator_3.py
[2024-11-01T01:27:14.661+0000] {logging_mixin.py:190} INFO - [2024-11-01T01:27:14.661+0000] {dag.py:3239} INFO - Sync 1 DAGs
[2024-11-01T01:27:14.672+0000] {logging_mixin.py:190} INFO - [2024-11-01T01:27:14.671+0000] {dag.py:4180} INFO - Setting next_dagrun for example_branch_dop_operator_v3 to 2024-11-01 01:26:00+00:00, run_after=2024-11-01 01:27:00+00:00
[2024-11-01T01:27:14.682+0000] {processor.py:208} INFO - Processing /home/airflow/.local/lib/python3.12/site-packages/airflow/example_dags/example_branch_python_dop_operator_3.py took 0.040 seconds
[2024-11-01T01:27:45.521+0000] {processor.py:186} INFO - Started process (PID=285) to work on /home/airflow/.local/lib/python3.12/site-packages/airflow/example_dags/example_branch_python_dop_operator_3.py
[2024-11-01T01:27:45.522+0000] {processor.py:914} INFO - Processing file /home/airflow/.local/lib/python3.12/site-packages/airflow/example_dags/example_branch_python_dop_operator_3.py for tasks to queue
[2024-11-01T01:27:45.523+0000] {logging_mixin.py:190} INFO - [2024-11-01T01:27:45.523+0000] {dagbag.py:588} INFO - Filling up the DagBag from /home/airflow/.local/lib/python3.12/site-packages/airflow/example_dags/example_branch_python_dop_operator_3.py
[2024-11-01T01:27:45.527+0000] {processor.py:925} INFO - DAG(s) 'example_branch_dop_operator_v3' retrieved from /home/airflow/.local/lib/python3.12/site-packages/airflow/example_dags/example_branch_python_dop_operator_3.py
[2024-11-01T01:27:45.536+0000] {logging_mixin.py:190} INFO - [2024-11-01T01:27:45.536+0000] {dag.py:3239} INFO - Sync 1 DAGs
[2024-11-01T01:27:45.548+0000] {logging_mixin.py:190} INFO - [2024-11-01T01:27:45.548+0000] {dag.py:4180} INFO - Setting next_dagrun for example_branch_dop_operator_v3 to 2024-11-01 01:26:00+00:00, run_after=2024-11-01 01:27:00+00:00
[2024-11-01T01:27:45.554+0000] {processor.py:208} INFO - Processing /home/airflow/.local/lib/python3.12/site-packages/airflow/example_dags/example_branch_python_dop_operator_3.py took 0.035 seconds
[2024-11-01T01:28:16.387+0000] {processor.py:186} INFO - Started process (PID=348) to work on /home/airflow/.local/lib/python3.12/site-packages/airflow/example_dags/example_branch_python_dop_operator_3.py
[2024-11-01T01:28:16.387+0000] {processor.py:914} INFO - Processing file /home/airflow/.local/lib/python3.12/site-packages/airflow/example_dags/example_branch_python_dop_operator_3.py for tasks to queue
[2024-11-01T01:28:16.388+0000] {logging_mixin.py:190} INFO - [2024-11-01T01:28:16.388+0000] {dagbag.py:588} INFO - Filling up the DagBag from /home/airflow/.local/lib/python3.12/site-packages/airflow/example_dags/example_branch_python_dop_operator_3.py
[2024-11-01T01:28:16.395+0000] {processor.py:925} INFO - DAG(s) 'example_branch_dop_operator_v3' retrieved from /home/airflow/.local/lib/python3.12/site-packages/airflow/example_dags/example_branch_python_dop_operator_3.py
[2024-11-01T01:28:16.403+0000] {logging_mixin.py:190} INFO - [2024-11-01T01:28:16.403+0000] {dag.py:3239} INFO - Sync 1 DAGs
[2024-11-01T01:28:16.412+0000] {logging_mixin.py:190} INFO - [2024-11-01T01:28:16.412+0000] {dag.py:4180} INFO - Setting next_dagrun for example_branch_dop_operator_v3 to 2024-11-01 01:27:00+00:00, run_after=2024-11-01 01:28:00+00:00
[2024-11-01T01:28:16.418+0000] {processor.py:208} INFO - Processing /home/airflow/.local/lib/python3.12/site-packages/airflow/example_dags/example_branch_python_dop_operator_3.py took 0.034 seconds
[2024-11-01T01:28:47.150+0000] {processor.py:186} INFO - Started process (PID=412) to work on /home/airflow/.local/lib/python3.12/site-packages/airflow/example_dags/example_branch_python_dop_operator_3.py
[2024-11-01T01:28:47.151+0000] {processor.py:914} INFO - Processing file /home/airflow/.local/lib/python3.12/site-packages/airflow/example_dags/example_branch_python_dop_operator_3.py for tasks to queue
[2024-11-01T01:28:47.152+0000] {logging_mixin.py:190} INFO - [2024-11-01T01:28:47.152+0000] {dagbag.py:588} INFO - Filling up the DagBag from /home/airflow/.local/lib/python3.12/site-packages/airflow/example_dags/example_branch_python_dop_operator_3.py
[2024-11-01T01:28:47.157+0000] {processor.py:925} INFO - DAG(s) 'example_branch_dop_operator_v3' retrieved from /home/airflow/.local/lib/python3.12/site-packages/airflow/example_dags/example_branch_python_dop_operator_3.py
[2024-11-01T01:28:47.165+0000] {logging_mixin.py:190} INFO - [2024-11-01T01:28:47.165+0000] {dag.py:3239} INFO - Sync 1 DAGs
[2024-11-01T01:28:47.175+0000] {logging_mixin.py:190} INFO - [2024-11-01T01:28:47.175+0000] {dag.py:4180} INFO - Setting next_dagrun for example_branch_dop_operator_v3 to 2024-11-01 01:27:00+00:00, run_after=2024-11-01 01:28:00+00:00
[2024-11-01T01:28:47.185+0000] {processor.py:208} INFO - Processing /home/airflow/.local/lib/python3.12/site-packages/airflow/example_dags/example_branch_python_dop_operator_3.py took 0.038 seconds
[2024-11-01T01:29:17.963+0000] {processor.py:186} INFO - Started process (PID=476) to work on /home/airflow/.local/lib/python3.12/site-packages/airflow/example_dags/example_branch_python_dop_operator_3.py
[2024-11-01T01:29:17.964+0000] {processor.py:914} INFO - Processing file /home/airflow/.local/lib/python3.12/site-packages/airflow/example_dags/example_branch_python_dop_operator_3.py for tasks to queue
[2024-11-01T01:29:17.965+0000] {logging_mixin.py:190} INFO - [2024-11-01T01:29:17.965+0000] {dagbag.py:588} INFO - Filling up the DagBag from /home/airflow/.local/lib/python3.12/site-packages/airflow/example_dags/example_branch_python_dop_operator_3.py
[2024-11-01T01:29:17.969+0000] {processor.py:925} INFO - DAG(s) 'example_branch_dop_operator_v3' retrieved from /home/airflow/.local/lib/python3.12/site-packages/airflow/example_dags/example_branch_python_dop_operator_3.py
[2024-11-01T01:29:17.979+0000] {logging_mixin.py:190} INFO - [2024-11-01T01:29:17.979+0000] {dag.py:3239} INFO - Sync 1 DAGs
[2024-11-01T01:29:17.989+0000] {logging_mixin.py:190} INFO - [2024-11-01T01:29:17.989+0000] {dag.py:4180} INFO - Setting next_dagrun for example_branch_dop_operator_v3 to 2024-11-01 01:28:00+00:00, run_after=2024-11-01 01:29:00+00:00
[2024-11-01T01:29:17.996+0000] {processor.py:208} INFO - Processing /home/airflow/.local/lib/python3.12/site-packages/airflow/example_dags/example_branch_python_dop_operator_3.py took 0.035 seconds
