[2024-11-01T01:26:12.906+0000] {processor.py:186} INFO - Started process (PID=80) to work on /home/airflow/.local/lib/python3.12/site-packages/airflow/example_dags/example_datasets.py
[2024-11-01T01:26:12.906+0000] {processor.py:914} INFO - Processing file /home/airflow/.local/lib/python3.12/site-packages/airflow/example_dags/example_datasets.py for tasks to queue
[2024-11-01T01:26:12.907+0000] {logging_mixin.py:190} INFO - [2024-11-01T01:26:12.907+0000] {dagbag.py:588} INFO - Filling up the DagBag from /home/airflow/.local/lib/python3.12/site-packages/airflow/example_dags/example_datasets.py
[2024-11-01T01:26:12.971+0000] {processor.py:925} INFO - DAG(s) 'dataset_consumes_1', 'dataset_consumes_1_and_2', 'dataset_consumes_1_never_scheduled', 'consume_1_or_2_with_dataset_expressions', 'dataset_produces_2', 'consume_1_or_both_2_and_3_with_dataset_expressions', 'consume_1_and_2_with_dataset_expressions', 'conditional_dataset_and_time_based_timetable', 'dataset_consumes_unknown_never_scheduled', 'dataset_produces_1' retrieved from /home/airflow/.local/lib/python3.12/site-packages/airflow/example_dags/example_datasets.py
[2024-11-01T01:26:13.015+0000] {logging_mixin.py:190} INFO - [2024-11-01T01:26:13.014+0000] {override.py:1900} INFO - Created Permission View: can delete on DAG:dataset_consumes_1
[2024-11-01T01:26:13.019+0000] {logging_mixin.py:190} INFO - [2024-11-01T01:26:13.019+0000] {override.py:1900} INFO - Created Permission View: can read on DAG:dataset_consumes_1
[2024-11-01T01:26:13.022+0000] {logging_mixin.py:190} INFO - [2024-11-01T01:26:13.022+0000] {override.py:1900} INFO - Created Permission View: can edit on DAG:dataset_consumes_1
[2024-11-01T01:26:13.026+0000] {logging_mixin.py:190} INFO - [2024-11-01T01:26:13.026+0000] {override.py:1900} INFO - Created Permission View: can create on DAG Run:dataset_consumes_1
[2024-11-01T01:26:13.028+0000] {logging_mixin.py:190} INFO - [2024-11-01T01:26:13.028+0000] {override.py:1900} INFO - Created Permission View: menu access on DAG Run:dataset_consumes_1
[2024-11-01T01:26:13.030+0000] {logging_mixin.py:190} INFO - [2024-11-01T01:26:13.030+0000] {override.py:1900} INFO - Created Permission View: can read on DAG Run:dataset_consumes_1
[2024-11-01T01:26:13.032+0000] {logging_mixin.py:190} INFO - [2024-11-01T01:26:13.031+0000] {override.py:1900} INFO - Created Permission View: can delete on DAG Run:dataset_consumes_1
[2024-11-01T01:26:13.039+0000] {logging_mixin.py:190} INFO - [2024-11-01T01:26:13.039+0000] {override.py:1900} INFO - Created Permission View: can delete on DAG:dataset_consumes_1_and_2
[2024-11-01T01:26:13.043+0000] {logging_mixin.py:190} INFO - [2024-11-01T01:26:13.043+0000] {override.py:1900} INFO - Created Permission View: can read on DAG:dataset_consumes_1_and_2
[2024-11-01T01:26:13.047+0000] {logging_mixin.py:190} INFO - [2024-11-01T01:26:13.047+0000] {override.py:1900} INFO - Created Permission View: can edit on DAG:dataset_consumes_1_and_2
[2024-11-01T01:26:13.050+0000] {logging_mixin.py:190} INFO - [2024-11-01T01:26:13.050+0000] {override.py:1900} INFO - Created Permission View: can create on DAG Run:dataset_consumes_1_and_2
[2024-11-01T01:26:13.055+0000] {logging_mixin.py:190} INFO - [2024-11-01T01:26:13.055+0000] {override.py:1900} INFO - Created Permission View: menu access on DAG Run:dataset_consumes_1_and_2
[2024-11-01T01:26:13.062+0000] {logging_mixin.py:190} INFO - [2024-11-01T01:26:13.061+0000] {override.py:1900} INFO - Created Permission View: can read on DAG Run:dataset_consumes_1_and_2
[2024-11-01T01:26:13.068+0000] {logging_mixin.py:190} INFO - [2024-11-01T01:26:13.068+0000] {override.py:1900} INFO - Created Permission View: can delete on DAG Run:dataset_consumes_1_and_2
[2024-11-01T01:26:13.075+0000] {logging_mixin.py:190} INFO - [2024-11-01T01:26:13.075+0000] {override.py:1900} INFO - Created Permission View: can delete on DAG:dataset_consumes_1_never_scheduled
[2024-11-01T01:26:13.078+0000] {logging_mixin.py:190} INFO - [2024-11-01T01:26:13.078+0000] {override.py:1900} INFO - Created Permission View: can read on DAG:dataset_consumes_1_never_scheduled
[2024-11-01T01:26:13.083+0000] {logging_mixin.py:190} INFO - [2024-11-01T01:26:13.083+0000] {override.py:1900} INFO - Created Permission View: can edit on DAG:dataset_consumes_1_never_scheduled
[2024-11-01T01:26:13.088+0000] {logging_mixin.py:190} INFO - [2024-11-01T01:26:13.088+0000] {override.py:1900} INFO - Created Permission View: can create on DAG Run:dataset_consumes_1_never_scheduled
[2024-11-01T01:26:13.092+0000] {logging_mixin.py:190} INFO - [2024-11-01T01:26:13.092+0000] {override.py:1900} INFO - Created Permission View: menu access on DAG Run:dataset_consumes_1_never_scheduled
[2024-11-01T01:26:13.094+0000] {logging_mixin.py:190} INFO - [2024-11-01T01:26:13.094+0000] {override.py:1900} INFO - Created Permission View: can read on DAG Run:dataset_consumes_1_never_scheduled
[2024-11-01T01:26:13.097+0000] {logging_mixin.py:190} INFO - [2024-11-01T01:26:13.096+0000] {override.py:1900} INFO - Created Permission View: can delete on DAG Run:dataset_consumes_1_never_scheduled
[2024-11-01T01:26:13.101+0000] {logging_mixin.py:190} INFO - [2024-11-01T01:26:13.101+0000] {override.py:1900} INFO - Created Permission View: can delete on DAG:consume_1_or_2_with_dataset_expressions
[2024-11-01T01:26:13.104+0000] {logging_mixin.py:190} INFO - [2024-11-01T01:26:13.103+0000] {override.py:1900} INFO - Created Permission View: can read on DAG:consume_1_or_2_with_dataset_expressions
[2024-11-01T01:26:13.106+0000] {logging_mixin.py:190} INFO - [2024-11-01T01:26:13.106+0000] {override.py:1900} INFO - Created Permission View: can edit on DAG:consume_1_or_2_with_dataset_expressions
[2024-11-01T01:26:13.111+0000] {logging_mixin.py:190} INFO - [2024-11-01T01:26:13.111+0000] {override.py:1900} INFO - Created Permission View: can create on DAG Run:consume_1_or_2_with_dataset_expressions
[2024-11-01T01:26:13.114+0000] {logging_mixin.py:190} INFO - [2024-11-01T01:26:13.114+0000] {override.py:1900} INFO - Created Permission View: menu access on DAG Run:consume_1_or_2_with_dataset_expressions
[2024-11-01T01:26:13.116+0000] {logging_mixin.py:190} INFO - [2024-11-01T01:26:13.116+0000] {override.py:1900} INFO - Created Permission View: can read on DAG Run:consume_1_or_2_with_dataset_expressions
[2024-11-01T01:26:13.119+0000] {logging_mixin.py:190} INFO - [2024-11-01T01:26:13.119+0000] {override.py:1900} INFO - Created Permission View: can delete on DAG Run:consume_1_or_2_with_dataset_expressions
[2024-11-01T01:26:13.126+0000] {logging_mixin.py:190} INFO - [2024-11-01T01:26:13.126+0000] {override.py:1900} INFO - Created Permission View: can delete on DAG:dataset_produces_2
[2024-11-01T01:26:13.128+0000] {logging_mixin.py:190} INFO - [2024-11-01T01:26:13.128+0000] {override.py:1900} INFO - Created Permission View: can read on DAG:dataset_produces_2
[2024-11-01T01:26:13.130+0000] {logging_mixin.py:190} INFO - [2024-11-01T01:26:13.130+0000] {override.py:1900} INFO - Created Permission View: can edit on DAG:dataset_produces_2
[2024-11-01T01:26:13.136+0000] {logging_mixin.py:190} INFO - [2024-11-01T01:26:13.136+0000] {override.py:1900} INFO - Created Permission View: can create on DAG Run:dataset_produces_2
[2024-11-01T01:26:13.138+0000] {logging_mixin.py:190} INFO - [2024-11-01T01:26:13.138+0000] {override.py:1900} INFO - Created Permission View: menu access on DAG Run:dataset_produces_2
[2024-11-01T01:26:13.143+0000] {logging_mixin.py:190} INFO - [2024-11-01T01:26:13.143+0000] {override.py:1900} INFO - Created Permission View: can read on DAG Run:dataset_produces_2
[2024-11-01T01:26:13.147+0000] {logging_mixin.py:190} INFO - [2024-11-01T01:26:13.147+0000] {override.py:1900} INFO - Created Permission View: can delete on DAG Run:dataset_produces_2
[2024-11-01T01:26:13.158+0000] {logging_mixin.py:190} INFO - [2024-11-01T01:26:13.158+0000] {override.py:1900} INFO - Created Permission View: can delete on DAG:consume_1_or_both_2_and_3_with_dataset_expressions
[2024-11-01T01:26:13.164+0000] {logging_mixin.py:190} INFO - [2024-11-01T01:26:13.164+0000] {override.py:1900} INFO - Created Permission View: can read on DAG:consume_1_or_both_2_and_3_with_dataset_expressions
[2024-11-01T01:26:13.169+0000] {logging_mixin.py:190} INFO - [2024-11-01T01:26:13.169+0000] {override.py:1900} INFO - Created Permission View: can edit on DAG:consume_1_or_both_2_and_3_with_dataset_expressions
[2024-11-01T01:26:13.173+0000] {logging_mixin.py:190} INFO - [2024-11-01T01:26:13.173+0000] {override.py:1900} INFO - Created Permission View: can create on DAG Run:consume_1_or_both_2_and_3_with_dataset_expressions
[2024-11-01T01:26:13.177+0000] {logging_mixin.py:190} INFO - [2024-11-01T01:26:13.176+0000] {override.py:1900} INFO - Created Permission View: menu access on DAG Run:consume_1_or_both_2_and_3_with_dataset_expressions
[2024-11-01T01:26:13.180+0000] {logging_mixin.py:190} INFO - [2024-11-01T01:26:13.180+0000] {override.py:1900} INFO - Created Permission View: can read on DAG Run:consume_1_or_both_2_and_3_with_dataset_expressions
[2024-11-01T01:26:13.184+0000] {logging_mixin.py:190} INFO - [2024-11-01T01:26:13.184+0000] {override.py:1900} INFO - Created Permission View: can delete on DAG Run:consume_1_or_both_2_and_3_with_dataset_expressions
[2024-11-01T01:26:13.189+0000] {logging_mixin.py:190} INFO - [2024-11-01T01:26:13.189+0000] {override.py:1900} INFO - Created Permission View: can delete on DAG:consume_1_and_2_with_dataset_expressions
[2024-11-01T01:26:13.192+0000] {logging_mixin.py:190} INFO - [2024-11-01T01:26:13.192+0000] {override.py:1900} INFO - Created Permission View: can read on DAG:consume_1_and_2_with_dataset_expressions
[2024-11-01T01:26:13.195+0000] {logging_mixin.py:190} INFO - [2024-11-01T01:26:13.195+0000] {override.py:1900} INFO - Created Permission View: can edit on DAG:consume_1_and_2_with_dataset_expressions
[2024-11-01T01:26:13.197+0000] {logging_mixin.py:190} INFO - [2024-11-01T01:26:13.197+0000] {override.py:1900} INFO - Created Permission View: can create on DAG Run:consume_1_and_2_with_dataset_expressions
[2024-11-01T01:26:13.200+0000] {logging_mixin.py:190} INFO - [2024-11-01T01:26:13.200+0000] {override.py:1900} INFO - Created Permission View: menu access on DAG Run:consume_1_and_2_with_dataset_expressions
[2024-11-01T01:26:13.205+0000] {logging_mixin.py:190} INFO - [2024-11-01T01:26:13.205+0000] {override.py:1900} INFO - Created Permission View: can read on DAG Run:consume_1_and_2_with_dataset_expressions
[2024-11-01T01:26:13.210+0000] {logging_mixin.py:190} INFO - [2024-11-01T01:26:13.210+0000] {override.py:1900} INFO - Created Permission View: can delete on DAG Run:consume_1_and_2_with_dataset_expressions
[2024-11-01T01:26:13.215+0000] {logging_mixin.py:190} INFO - [2024-11-01T01:26:13.215+0000] {override.py:1900} INFO - Created Permission View: can delete on DAG:conditional_dataset_and_time_based_timetable
[2024-11-01T01:26:13.218+0000] {logging_mixin.py:190} INFO - [2024-11-01T01:26:13.218+0000] {override.py:1900} INFO - Created Permission View: can read on DAG:conditional_dataset_and_time_based_timetable
[2024-11-01T01:26:13.222+0000] {logging_mixin.py:190} INFO - [2024-11-01T01:26:13.222+0000] {override.py:1900} INFO - Created Permission View: can edit on DAG:conditional_dataset_and_time_based_timetable
[2024-11-01T01:26:13.224+0000] {logging_mixin.py:190} INFO - [2024-11-01T01:26:13.224+0000] {override.py:1900} INFO - Created Permission View: can create on DAG Run:conditional_dataset_and_time_based_timetable
[2024-11-01T01:26:13.226+0000] {logging_mixin.py:190} INFO - [2024-11-01T01:26:13.226+0000] {override.py:1900} INFO - Created Permission View: menu access on DAG Run:conditional_dataset_and_time_based_timetable
[2024-11-01T01:26:13.228+0000] {logging_mixin.py:190} INFO - [2024-11-01T01:26:13.228+0000] {override.py:1900} INFO - Created Permission View: can read on DAG Run:conditional_dataset_and_time_based_timetable
[2024-11-01T01:26:13.230+0000] {logging_mixin.py:190} INFO - [2024-11-01T01:26:13.230+0000] {override.py:1900} INFO - Created Permission View: can delete on DAG Run:conditional_dataset_and_time_based_timetable
[2024-11-01T01:26:13.236+0000] {logging_mixin.py:190} INFO - [2024-11-01T01:26:13.236+0000] {override.py:1900} INFO - Created Permission View: can delete on DAG:dataset_consumes_unknown_never_scheduled
[2024-11-01T01:26:13.240+0000] {logging_mixin.py:190} INFO - [2024-11-01T01:26:13.240+0000] {override.py:1900} INFO - Created Permission View: can read on DAG:dataset_consumes_unknown_never_scheduled
[2024-11-01T01:26:13.245+0000] {logging_mixin.py:190} INFO - [2024-11-01T01:26:13.245+0000] {override.py:1900} INFO - Created Permission View: can edit on DAG:dataset_consumes_unknown_never_scheduled
[2024-11-01T01:26:13.251+0000] {logging_mixin.py:190} INFO - [2024-11-01T01:26:13.251+0000] {override.py:1900} INFO - Created Permission View: can create on DAG Run:dataset_consumes_unknown_never_scheduled
[2024-11-01T01:26:13.256+0000] {logging_mixin.py:190} INFO - [2024-11-01T01:26:13.256+0000] {override.py:1900} INFO - Created Permission View: menu access on DAG Run:dataset_consumes_unknown_never_scheduled
[2024-11-01T01:26:13.262+0000] {logging_mixin.py:190} INFO - [2024-11-01T01:26:13.262+0000] {override.py:1900} INFO - Created Permission View: can read on DAG Run:dataset_consumes_unknown_never_scheduled
[2024-11-01T01:26:13.266+0000] {logging_mixin.py:190} INFO - [2024-11-01T01:26:13.266+0000] {override.py:1900} INFO - Created Permission View: can delete on DAG Run:dataset_consumes_unknown_never_scheduled
[2024-11-01T01:26:13.276+0000] {logging_mixin.py:190} INFO - [2024-11-01T01:26:13.275+0000] {override.py:1900} INFO - Created Permission View: can delete on DAG:dataset_produces_1
[2024-11-01T01:26:13.280+0000] {logging_mixin.py:190} INFO - [2024-11-01T01:26:13.280+0000] {override.py:1900} INFO - Created Permission View: can read on DAG:dataset_produces_1
[2024-11-01T01:26:13.283+0000] {logging_mixin.py:190} INFO - [2024-11-01T01:26:13.283+0000] {override.py:1900} INFO - Created Permission View: can edit on DAG:dataset_produces_1
[2024-11-01T01:26:13.286+0000] {logging_mixin.py:190} INFO - [2024-11-01T01:26:13.285+0000] {override.py:1900} INFO - Created Permission View: can create on DAG Run:dataset_produces_1
[2024-11-01T01:26:13.289+0000] {logging_mixin.py:190} INFO - [2024-11-01T01:26:13.289+0000] {override.py:1900} INFO - Created Permission View: menu access on DAG Run:dataset_produces_1
[2024-11-01T01:26:13.291+0000] {logging_mixin.py:190} INFO - [2024-11-01T01:26:13.291+0000] {override.py:1900} INFO - Created Permission View: can read on DAG Run:dataset_produces_1
[2024-11-01T01:26:13.294+0000] {logging_mixin.py:190} INFO - [2024-11-01T01:26:13.294+0000] {override.py:1900} INFO - Created Permission View: can delete on DAG Run:dataset_produces_1
[2024-11-01T01:26:13.294+0000] {logging_mixin.py:190} INFO - [2024-11-01T01:26:13.294+0000] {dag.py:3239} INFO - Sync 10 DAGs
[2024-11-01T01:26:13.300+0000] {logging_mixin.py:190} INFO - [2024-11-01T01:26:13.300+0000] {dag.py:3262} INFO - Creating ORM DAG for dataset_consumes_unknown_never_scheduled
[2024-11-01T01:26:13.301+0000] {logging_mixin.py:190} INFO - [2024-11-01T01:26:13.301+0000] {dag.py:3262} INFO - Creating ORM DAG for dataset_produces_2
[2024-11-01T01:26:13.301+0000] {logging_mixin.py:190} INFO - [2024-11-01T01:26:13.301+0000] {dag.py:3262} INFO - Creating ORM DAG for conditional_dataset_and_time_based_timetable
[2024-11-01T01:26:13.301+0000] {logging_mixin.py:190} INFO - [2024-11-01T01:26:13.301+0000] {dag.py:3262} INFO - Creating ORM DAG for consume_1_and_2_with_dataset_expressions
[2024-11-01T01:26:13.302+0000] {logging_mixin.py:190} INFO - [2024-11-01T01:26:13.302+0000] {dag.py:3262} INFO - Creating ORM DAG for consume_1_or_both_2_and_3_with_dataset_expressions
[2024-11-01T01:26:13.302+0000] {logging_mixin.py:190} INFO - [2024-11-01T01:26:13.302+0000] {dag.py:3262} INFO - Creating ORM DAG for consume_1_or_2_with_dataset_expressions
[2024-11-01T01:26:13.302+0000] {logging_mixin.py:190} INFO - [2024-11-01T01:26:13.302+0000] {dag.py:3262} INFO - Creating ORM DAG for dataset_produces_1
[2024-11-01T01:26:13.303+0000] {logging_mixin.py:190} INFO - [2024-11-01T01:26:13.303+0000] {dag.py:3262} INFO - Creating ORM DAG for dataset_consumes_1_never_scheduled
[2024-11-01T01:26:13.303+0000] {logging_mixin.py:190} INFO - [2024-11-01T01:26:13.303+0000] {dag.py:3262} INFO - Creating ORM DAG for dataset_consumes_1_and_2
[2024-11-01T01:26:13.303+0000] {logging_mixin.py:190} INFO - [2024-11-01T01:26:13.303+0000] {dag.py:3262} INFO - Creating ORM DAG for dataset_consumes_1
[2024-11-01T01:26:13.308+0000] {logging_mixin.py:190} INFO - [2024-11-01T01:26:13.308+0000] {dag.py:4180} INFO - Setting next_dagrun for conditional_dataset_and_time_based_timetable to 2024-10-30 01:00:00+00:00, run_after=2024-10-30 01:00:00+00:00
[2024-11-01T01:26:13.309+0000] {logging_mixin.py:190} INFO - [2024-11-01T01:26:13.309+0000] {dag.py:4180} INFO - Setting next_dagrun for consume_1_and_2_with_dataset_expressions to None, run_after=None
[2024-11-01T01:26:13.309+0000] {logging_mixin.py:190} INFO - [2024-11-01T01:26:13.309+0000] {dag.py:4180} INFO - Setting next_dagrun for consume_1_or_2_with_dataset_expressions to None, run_after=None
[2024-11-01T01:26:13.309+0000] {logging_mixin.py:190} INFO - [2024-11-01T01:26:13.309+0000] {dag.py:4180} INFO - Setting next_dagrun for consume_1_or_both_2_and_3_with_dataset_expressions to None, run_after=None
[2024-11-01T01:26:13.309+0000] {logging_mixin.py:190} INFO - [2024-11-01T01:26:13.309+0000] {dag.py:4180} INFO - Setting next_dagrun for dataset_consumes_1 to None, run_after=None
[2024-11-01T01:26:13.311+0000] {logging_mixin.py:190} INFO - [2024-11-01T01:26:13.310+0000] {dag.py:4180} INFO - Setting next_dagrun for dataset_consumes_1_and_2 to None, run_after=None
[2024-11-01T01:26:13.311+0000] {logging_mixin.py:190} INFO - [2024-11-01T01:26:13.311+0000] {dag.py:4180} INFO - Setting next_dagrun for dataset_consumes_1_never_scheduled to None, run_after=None
[2024-11-01T01:26:13.312+0000] {logging_mixin.py:190} INFO - [2024-11-01T01:26:13.312+0000] {dag.py:4180} INFO - Setting next_dagrun for dataset_consumes_unknown_never_scheduled to None, run_after=None
[2024-11-01T01:26:13.313+0000] {logging_mixin.py:190} INFO - [2024-11-01T01:26:13.313+0000] {dag.py:4180} INFO - Setting next_dagrun for dataset_produces_1 to 2024-10-31 00:00:00+00:00, run_after=2024-11-01 00:00:00+00:00
[2024-11-01T01:26:13.314+0000] {logging_mixin.py:190} INFO - [2024-11-01T01:26:13.314+0000] {dag.py:4180} INFO - Setting next_dagrun for dataset_produces_2 to None, run_after=None
[2024-11-01T01:26:13.332+0000] {processor.py:208} INFO - Processing /home/airflow/.local/lib/python3.12/site-packages/airflow/example_dags/example_datasets.py took 0.428 seconds
[2024-11-01T01:26:43.563+0000] {processor.py:186} INFO - Started process (PID=146) to work on /home/airflow/.local/lib/python3.12/site-packages/airflow/example_dags/example_datasets.py
[2024-11-01T01:26:43.564+0000] {processor.py:914} INFO - Processing file /home/airflow/.local/lib/python3.12/site-packages/airflow/example_dags/example_datasets.py for tasks to queue
[2024-11-01T01:26:43.564+0000] {logging_mixin.py:190} INFO - [2024-11-01T01:26:43.564+0000] {dagbag.py:588} INFO - Filling up the DagBag from /home/airflow/.local/lib/python3.12/site-packages/airflow/example_dags/example_datasets.py
[2024-11-01T01:26:43.616+0000] {processor.py:925} INFO - DAG(s) 'dataset_consumes_1', 'consume_1_and_2_with_dataset_expressions', 'consume_1_or_2_with_dataset_expressions', 'dataset_consumes_unknown_never_scheduled', 'dataset_consumes_1_never_scheduled', 'dataset_consumes_1_and_2', 'dataset_produces_1', 'consume_1_or_both_2_and_3_with_dataset_expressions', 'conditional_dataset_and_time_based_timetable', 'dataset_produces_2' retrieved from /home/airflow/.local/lib/python3.12/site-packages/airflow/example_dags/example_datasets.py
[2024-11-01T01:26:43.631+0000] {logging_mixin.py:190} INFO - [2024-11-01T01:26:43.630+0000] {dag.py:3239} INFO - Sync 10 DAGs
[2024-11-01T01:26:43.639+0000] {logging_mixin.py:190} INFO - [2024-11-01T01:26:43.639+0000] {dag.py:4180} INFO - Setting next_dagrun for conditional_dataset_and_time_based_timetable to 2024-10-30 01:00:00+00:00, run_after=2024-10-30 01:00:00+00:00
[2024-11-01T01:26:43.640+0000] {logging_mixin.py:190} INFO - [2024-11-01T01:26:43.640+0000] {dag.py:4180} INFO - Setting next_dagrun for consume_1_and_2_with_dataset_expressions to None, run_after=None
[2024-11-01T01:26:43.640+0000] {logging_mixin.py:190} INFO - [2024-11-01T01:26:43.640+0000] {dag.py:4180} INFO - Setting next_dagrun for consume_1_or_2_with_dataset_expressions to None, run_after=None
[2024-11-01T01:26:43.641+0000] {logging_mixin.py:190} INFO - [2024-11-01T01:26:43.641+0000] {dag.py:4180} INFO - Setting next_dagrun for consume_1_or_both_2_and_3_with_dataset_expressions to None, run_after=None
[2024-11-01T01:26:43.641+0000] {logging_mixin.py:190} INFO - [2024-11-01T01:26:43.641+0000] {dag.py:4180} INFO - Setting next_dagrun for dataset_consumes_1 to None, run_after=None
[2024-11-01T01:26:43.642+0000] {logging_mixin.py:190} INFO - [2024-11-01T01:26:43.642+0000] {dag.py:4180} INFO - Setting next_dagrun for dataset_consumes_1_and_2 to None, run_after=None
[2024-11-01T01:26:43.643+0000] {logging_mixin.py:190} INFO - [2024-11-01T01:26:43.643+0000] {dag.py:4180} INFO - Setting next_dagrun for dataset_consumes_1_never_scheduled to None, run_after=None
[2024-11-01T01:26:43.643+0000] {logging_mixin.py:190} INFO - [2024-11-01T01:26:43.643+0000] {dag.py:4180} INFO - Setting next_dagrun for dataset_consumes_unknown_never_scheduled to None, run_after=None
[2024-11-01T01:26:43.644+0000] {logging_mixin.py:190} INFO - [2024-11-01T01:26:43.644+0000] {dag.py:4180} INFO - Setting next_dagrun for dataset_produces_1 to 2024-10-31 00:00:00+00:00, run_after=2024-11-01 00:00:00+00:00
[2024-11-01T01:26:43.644+0000] {logging_mixin.py:190} INFO - [2024-11-01T01:26:43.644+0000] {dag.py:4180} INFO - Setting next_dagrun for dataset_produces_2 to None, run_after=None
[2024-11-01T01:26:43.654+0000] {processor.py:208} INFO - Processing /home/airflow/.local/lib/python3.12/site-packages/airflow/example_dags/example_datasets.py took 0.093 seconds
[2024-11-01T01:27:14.271+0000] {processor.py:186} INFO - Started process (PID=208) to work on /home/airflow/.local/lib/python3.12/site-packages/airflow/example_dags/example_datasets.py
[2024-11-01T01:27:14.271+0000] {processor.py:914} INFO - Processing file /home/airflow/.local/lib/python3.12/site-packages/airflow/example_dags/example_datasets.py for tasks to queue
[2024-11-01T01:27:14.273+0000] {logging_mixin.py:190} INFO - [2024-11-01T01:27:14.273+0000] {dagbag.py:588} INFO - Filling up the DagBag from /home/airflow/.local/lib/python3.12/site-packages/airflow/example_dags/example_datasets.py
[2024-11-01T01:27:14.336+0000] {processor.py:925} INFO - DAG(s) 'consume_1_and_2_with_dataset_expressions', 'dataset_consumes_1_never_scheduled', 'consume_1_or_both_2_and_3_with_dataset_expressions', 'dataset_consumes_1', 'dataset_consumes_1_and_2', 'dataset_consumes_unknown_never_scheduled', 'conditional_dataset_and_time_based_timetable', 'dataset_produces_2', 'consume_1_or_2_with_dataset_expressions', 'dataset_produces_1' retrieved from /home/airflow/.local/lib/python3.12/site-packages/airflow/example_dags/example_datasets.py
[2024-11-01T01:27:14.353+0000] {logging_mixin.py:190} INFO - [2024-11-01T01:27:14.353+0000] {dag.py:3239} INFO - Sync 10 DAGs
[2024-11-01T01:27:14.366+0000] {logging_mixin.py:190} INFO - [2024-11-01T01:27:14.365+0000] {dag.py:4180} INFO - Setting next_dagrun for conditional_dataset_and_time_based_timetable to 2024-10-30 01:00:00+00:00, run_after=2024-10-30 01:00:00+00:00
[2024-11-01T01:27:14.369+0000] {logging_mixin.py:190} INFO - [2024-11-01T01:27:14.369+0000] {dag.py:4180} INFO - Setting next_dagrun for consume_1_and_2_with_dataset_expressions to None, run_after=None
[2024-11-01T01:27:14.371+0000] {logging_mixin.py:190} INFO - [2024-11-01T01:27:14.371+0000] {dag.py:4180} INFO - Setting next_dagrun for consume_1_or_2_with_dataset_expressions to None, run_after=None
[2024-11-01T01:27:14.372+0000] {logging_mixin.py:190} INFO - [2024-11-01T01:27:14.372+0000] {dag.py:4180} INFO - Setting next_dagrun for consume_1_or_both_2_and_3_with_dataset_expressions to None, run_after=None
[2024-11-01T01:27:14.373+0000] {logging_mixin.py:190} INFO - [2024-11-01T01:27:14.373+0000] {dag.py:4180} INFO - Setting next_dagrun for dataset_consumes_1 to None, run_after=None
[2024-11-01T01:27:14.374+0000] {logging_mixin.py:190} INFO - [2024-11-01T01:27:14.374+0000] {dag.py:4180} INFO - Setting next_dagrun for dataset_consumes_1_and_2 to None, run_after=None
[2024-11-01T01:27:14.375+0000] {logging_mixin.py:190} INFO - [2024-11-01T01:27:14.375+0000] {dag.py:4180} INFO - Setting next_dagrun for dataset_consumes_1_never_scheduled to None, run_after=None
[2024-11-01T01:27:14.376+0000] {logging_mixin.py:190} INFO - [2024-11-01T01:27:14.376+0000] {dag.py:4180} INFO - Setting next_dagrun for dataset_consumes_unknown_never_scheduled to None, run_after=None
[2024-11-01T01:27:14.377+0000] {logging_mixin.py:190} INFO - [2024-11-01T01:27:14.377+0000] {dag.py:4180} INFO - Setting next_dagrun for dataset_produces_1 to 2024-10-31 00:00:00+00:00, run_after=2024-11-01 00:00:00+00:00
[2024-11-01T01:27:14.377+0000] {logging_mixin.py:190} INFO - [2024-11-01T01:27:14.377+0000] {dag.py:4180} INFO - Setting next_dagrun for dataset_produces_2 to None, run_after=None
[2024-11-01T01:27:14.394+0000] {processor.py:208} INFO - Processing /home/airflow/.local/lib/python3.12/site-packages/airflow/example_dags/example_datasets.py took 0.126 seconds
[2024-11-01T01:27:45.136+0000] {processor.py:186} INFO - Started process (PID=272) to work on /home/airflow/.local/lib/python3.12/site-packages/airflow/example_dags/example_datasets.py
[2024-11-01T01:27:45.137+0000] {processor.py:914} INFO - Processing file /home/airflow/.local/lib/python3.12/site-packages/airflow/example_dags/example_datasets.py for tasks to queue
[2024-11-01T01:27:45.137+0000] {logging_mixin.py:190} INFO - [2024-11-01T01:27:45.137+0000] {dagbag.py:588} INFO - Filling up the DagBag from /home/airflow/.local/lib/python3.12/site-packages/airflow/example_dags/example_datasets.py
[2024-11-01T01:27:45.190+0000] {processor.py:925} INFO - DAG(s) 'consume_1_or_2_with_dataset_expressions', 'consume_1_or_both_2_and_3_with_dataset_expressions', 'dataset_produces_2', 'dataset_consumes_1_never_scheduled', 'consume_1_and_2_with_dataset_expressions', 'conditional_dataset_and_time_based_timetable', 'dataset_produces_1', 'dataset_consumes_1_and_2', 'dataset_consumes_1', 'dataset_consumes_unknown_never_scheduled' retrieved from /home/airflow/.local/lib/python3.12/site-packages/airflow/example_dags/example_datasets.py
[2024-11-01T01:27:45.203+0000] {logging_mixin.py:190} INFO - [2024-11-01T01:27:45.203+0000] {dag.py:3239} INFO - Sync 10 DAGs
[2024-11-01T01:27:45.211+0000] {logging_mixin.py:190} INFO - [2024-11-01T01:27:45.211+0000] {dag.py:4180} INFO - Setting next_dagrun for conditional_dataset_and_time_based_timetable to 2024-10-30 01:00:00+00:00, run_after=2024-10-30 01:00:00+00:00
[2024-11-01T01:27:45.212+0000] {logging_mixin.py:190} INFO - [2024-11-01T01:27:45.212+0000] {dag.py:4180} INFO - Setting next_dagrun for consume_1_and_2_with_dataset_expressions to None, run_after=None
[2024-11-01T01:27:45.213+0000] {logging_mixin.py:190} INFO - [2024-11-01T01:27:45.213+0000] {dag.py:4180} INFO - Setting next_dagrun for consume_1_or_2_with_dataset_expressions to None, run_after=None
[2024-11-01T01:27:45.213+0000] {logging_mixin.py:190} INFO - [2024-11-01T01:27:45.213+0000] {dag.py:4180} INFO - Setting next_dagrun for consume_1_or_both_2_and_3_with_dataset_expressions to None, run_after=None
[2024-11-01T01:27:45.214+0000] {logging_mixin.py:190} INFO - [2024-11-01T01:27:45.214+0000] {dag.py:4180} INFO - Setting next_dagrun for dataset_consumes_1 to None, run_after=None
[2024-11-01T01:27:45.214+0000] {logging_mixin.py:190} INFO - [2024-11-01T01:27:45.214+0000] {dag.py:4180} INFO - Setting next_dagrun for dataset_consumes_1_and_2 to None, run_after=None
[2024-11-01T01:27:45.215+0000] {logging_mixin.py:190} INFO - [2024-11-01T01:27:45.215+0000] {dag.py:4180} INFO - Setting next_dagrun for dataset_consumes_1_never_scheduled to None, run_after=None
[2024-11-01T01:27:45.215+0000] {logging_mixin.py:190} INFO - [2024-11-01T01:27:45.215+0000] {dag.py:4180} INFO - Setting next_dagrun for dataset_consumes_unknown_never_scheduled to None, run_after=None
[2024-11-01T01:27:45.216+0000] {logging_mixin.py:190} INFO - [2024-11-01T01:27:45.216+0000] {dag.py:4180} INFO - Setting next_dagrun for dataset_produces_1 to 2024-10-31 00:00:00+00:00, run_after=2024-11-01 00:00:00+00:00
[2024-11-01T01:27:45.216+0000] {logging_mixin.py:190} INFO - [2024-11-01T01:27:45.216+0000] {dag.py:4180} INFO - Setting next_dagrun for dataset_produces_2 to None, run_after=None
[2024-11-01T01:27:45.227+0000] {processor.py:208} INFO - Processing /home/airflow/.local/lib/python3.12/site-packages/airflow/example_dags/example_datasets.py took 0.093 seconds
[2024-11-01T01:28:16.019+0000] {processor.py:186} INFO - Started process (PID=335) to work on /home/airflow/.local/lib/python3.12/site-packages/airflow/example_dags/example_datasets.py
[2024-11-01T01:28:16.019+0000] {processor.py:914} INFO - Processing file /home/airflow/.local/lib/python3.12/site-packages/airflow/example_dags/example_datasets.py for tasks to queue
[2024-11-01T01:28:16.020+0000] {logging_mixin.py:190} INFO - [2024-11-01T01:28:16.020+0000] {dagbag.py:588} INFO - Filling up the DagBag from /home/airflow/.local/lib/python3.12/site-packages/airflow/example_dags/example_datasets.py
[2024-11-01T01:28:16.072+0000] {processor.py:925} INFO - DAG(s) 'dataset_consumes_1_never_scheduled', 'dataset_consumes_1', 'consume_1_and_2_with_dataset_expressions', 'dataset_consumes_1_and_2', 'consume_1_or_both_2_and_3_with_dataset_expressions', 'dataset_consumes_unknown_never_scheduled', 'consume_1_or_2_with_dataset_expressions', 'dataset_produces_2', 'conditional_dataset_and_time_based_timetable', 'dataset_produces_1' retrieved from /home/airflow/.local/lib/python3.12/site-packages/airflow/example_dags/example_datasets.py
[2024-11-01T01:28:16.085+0000] {logging_mixin.py:190} INFO - [2024-11-01T01:28:16.085+0000] {dag.py:3239} INFO - Sync 10 DAGs
[2024-11-01T01:28:16.093+0000] {logging_mixin.py:190} INFO - [2024-11-01T01:28:16.093+0000] {dag.py:4180} INFO - Setting next_dagrun for conditional_dataset_and_time_based_timetable to 2024-10-30 01:00:00+00:00, run_after=2024-10-30 01:00:00+00:00
[2024-11-01T01:28:16.094+0000] {logging_mixin.py:190} INFO - [2024-11-01T01:28:16.094+0000] {dag.py:4180} INFO - Setting next_dagrun for consume_1_and_2_with_dataset_expressions to None, run_after=None
[2024-11-01T01:28:16.095+0000] {logging_mixin.py:190} INFO - [2024-11-01T01:28:16.095+0000] {dag.py:4180} INFO - Setting next_dagrun for consume_1_or_2_with_dataset_expressions to None, run_after=None
[2024-11-01T01:28:16.095+0000] {logging_mixin.py:190} INFO - [2024-11-01T01:28:16.095+0000] {dag.py:4180} INFO - Setting next_dagrun for consume_1_or_both_2_and_3_with_dataset_expressions to None, run_after=None
[2024-11-01T01:28:16.096+0000] {logging_mixin.py:190} INFO - [2024-11-01T01:28:16.095+0000] {dag.py:4180} INFO - Setting next_dagrun for dataset_consumes_1 to None, run_after=None
[2024-11-01T01:28:16.096+0000] {logging_mixin.py:190} INFO - [2024-11-01T01:28:16.096+0000] {dag.py:4180} INFO - Setting next_dagrun for dataset_consumes_1_and_2 to None, run_after=None
[2024-11-01T01:28:16.096+0000] {logging_mixin.py:190} INFO - [2024-11-01T01:28:16.096+0000] {dag.py:4180} INFO - Setting next_dagrun for dataset_consumes_1_never_scheduled to None, run_after=None
[2024-11-01T01:28:16.097+0000] {logging_mixin.py:190} INFO - [2024-11-01T01:28:16.097+0000] {dag.py:4180} INFO - Setting next_dagrun for dataset_consumes_unknown_never_scheduled to None, run_after=None
[2024-11-01T01:28:16.097+0000] {logging_mixin.py:190} INFO - [2024-11-01T01:28:16.097+0000] {dag.py:4180} INFO - Setting next_dagrun for dataset_produces_1 to 2024-10-31 00:00:00+00:00, run_after=2024-11-01 00:00:00+00:00
[2024-11-01T01:28:16.098+0000] {logging_mixin.py:190} INFO - [2024-11-01T01:28:16.098+0000] {dag.py:4180} INFO - Setting next_dagrun for dataset_produces_2 to None, run_after=None
[2024-11-01T01:28:16.108+0000] {processor.py:208} INFO - Processing /home/airflow/.local/lib/python3.12/site-packages/airflow/example_dags/example_datasets.py took 0.091 seconds
[2024-11-01T01:28:46.807+0000] {processor.py:186} INFO - Started process (PID=399) to work on /home/airflow/.local/lib/python3.12/site-packages/airflow/example_dags/example_datasets.py
[2024-11-01T01:28:46.808+0000] {processor.py:914} INFO - Processing file /home/airflow/.local/lib/python3.12/site-packages/airflow/example_dags/example_datasets.py for tasks to queue
[2024-11-01T01:28:46.809+0000] {logging_mixin.py:190} INFO - [2024-11-01T01:28:46.809+0000] {dagbag.py:588} INFO - Filling up the DagBag from /home/airflow/.local/lib/python3.12/site-packages/airflow/example_dags/example_datasets.py
[2024-11-01T01:28:46.871+0000] {processor.py:925} INFO - DAG(s) 'consume_1_or_2_with_dataset_expressions', 'dataset_produces_2', 'conditional_dataset_and_time_based_timetable', 'dataset_consumes_1_and_2', 'consume_1_and_2_with_dataset_expressions', 'dataset_consumes_1_never_scheduled', 'dataset_consumes_1', 'dataset_produces_1', 'consume_1_or_both_2_and_3_with_dataset_expressions', 'dataset_consumes_unknown_never_scheduled' retrieved from /home/airflow/.local/lib/python3.12/site-packages/airflow/example_dags/example_datasets.py
[2024-11-01T01:28:46.890+0000] {logging_mixin.py:190} INFO - [2024-11-01T01:28:46.890+0000] {dag.py:3239} INFO - Sync 10 DAGs
[2024-11-01T01:28:46.900+0000] {logging_mixin.py:190} INFO - [2024-11-01T01:28:46.900+0000] {dag.py:4180} INFO - Setting next_dagrun for conditional_dataset_and_time_based_timetable to 2024-10-30 01:00:00+00:00, run_after=2024-10-30 01:00:00+00:00
[2024-11-01T01:28:46.901+0000] {logging_mixin.py:190} INFO - [2024-11-01T01:28:46.901+0000] {dag.py:4180} INFO - Setting next_dagrun for consume_1_and_2_with_dataset_expressions to None, run_after=None
[2024-11-01T01:28:46.902+0000] {logging_mixin.py:190} INFO - [2024-11-01T01:28:46.901+0000] {dag.py:4180} INFO - Setting next_dagrun for consume_1_or_2_with_dataset_expressions to None, run_after=None
[2024-11-01T01:28:46.902+0000] {logging_mixin.py:190} INFO - [2024-11-01T01:28:46.902+0000] {dag.py:4180} INFO - Setting next_dagrun for consume_1_or_both_2_and_3_with_dataset_expressions to None, run_after=None
[2024-11-01T01:28:46.902+0000] {logging_mixin.py:190} INFO - [2024-11-01T01:28:46.902+0000] {dag.py:4180} INFO - Setting next_dagrun for dataset_consumes_1 to None, run_after=None
[2024-11-01T01:28:46.903+0000] {logging_mixin.py:190} INFO - [2024-11-01T01:28:46.903+0000] {dag.py:4180} INFO - Setting next_dagrun for dataset_consumes_1_and_2 to None, run_after=None
[2024-11-01T01:28:46.903+0000] {logging_mixin.py:190} INFO - [2024-11-01T01:28:46.903+0000] {dag.py:4180} INFO - Setting next_dagrun for dataset_consumes_1_never_scheduled to None, run_after=None
[2024-11-01T01:28:46.903+0000] {logging_mixin.py:190} INFO - [2024-11-01T01:28:46.903+0000] {dag.py:4180} INFO - Setting next_dagrun for dataset_consumes_unknown_never_scheduled to None, run_after=None
[2024-11-01T01:28:46.904+0000] {logging_mixin.py:190} INFO - [2024-11-01T01:28:46.904+0000] {dag.py:4180} INFO - Setting next_dagrun for dataset_produces_1 to 2024-10-31 00:00:00+00:00, run_after=2024-11-01 00:00:00+00:00
[2024-11-01T01:28:46.905+0000] {logging_mixin.py:190} INFO - [2024-11-01T01:28:46.905+0000] {dag.py:4180} INFO - Setting next_dagrun for dataset_produces_2 to None, run_after=None
[2024-11-01T01:28:46.922+0000] {processor.py:208} INFO - Processing /home/airflow/.local/lib/python3.12/site-packages/airflow/example_dags/example_datasets.py took 0.118 seconds
[2024-11-01T01:29:17.604+0000] {processor.py:186} INFO - Started process (PID=463) to work on /home/airflow/.local/lib/python3.12/site-packages/airflow/example_dags/example_datasets.py
[2024-11-01T01:29:17.605+0000] {processor.py:914} INFO - Processing file /home/airflow/.local/lib/python3.12/site-packages/airflow/example_dags/example_datasets.py for tasks to queue
[2024-11-01T01:29:17.606+0000] {logging_mixin.py:190} INFO - [2024-11-01T01:29:17.606+0000] {dagbag.py:588} INFO - Filling up the DagBag from /home/airflow/.local/lib/python3.12/site-packages/airflow/example_dags/example_datasets.py
[2024-11-01T01:29:17.666+0000] {processor.py:925} INFO - DAG(s) 'dataset_consumes_unknown_never_scheduled', 'dataset_produces_2', 'consume_1_and_2_with_dataset_expressions', 'dataset_consumes_1_and_2', 'consume_1_or_2_with_dataset_expressions', 'conditional_dataset_and_time_based_timetable', 'dataset_produces_1', 'dataset_consumes_1_never_scheduled', 'consume_1_or_both_2_and_3_with_dataset_expressions', 'dataset_consumes_1' retrieved from /home/airflow/.local/lib/python3.12/site-packages/airflow/example_dags/example_datasets.py
[2024-11-01T01:29:17.680+0000] {logging_mixin.py:190} INFO - [2024-11-01T01:29:17.680+0000] {dag.py:3239} INFO - Sync 10 DAGs
[2024-11-01T01:29:17.694+0000] {logging_mixin.py:190} INFO - [2024-11-01T01:29:17.694+0000] {dag.py:4180} INFO - Setting next_dagrun for conditional_dataset_and_time_based_timetable to 2024-10-30 01:00:00+00:00, run_after=2024-10-30 01:00:00+00:00
[2024-11-01T01:29:17.696+0000] {logging_mixin.py:190} INFO - [2024-11-01T01:29:17.696+0000] {dag.py:4180} INFO - Setting next_dagrun for consume_1_and_2_with_dataset_expressions to None, run_after=None
[2024-11-01T01:29:17.697+0000] {logging_mixin.py:190} INFO - [2024-11-01T01:29:17.697+0000] {dag.py:4180} INFO - Setting next_dagrun for consume_1_or_2_with_dataset_expressions to None, run_after=None
[2024-11-01T01:29:17.698+0000] {logging_mixin.py:190} INFO - [2024-11-01T01:29:17.698+0000] {dag.py:4180} INFO - Setting next_dagrun for consume_1_or_both_2_and_3_with_dataset_expressions to None, run_after=None
[2024-11-01T01:29:17.698+0000] {logging_mixin.py:190} INFO - [2024-11-01T01:29:17.698+0000] {dag.py:4180} INFO - Setting next_dagrun for dataset_consumes_1 to None, run_after=None
[2024-11-01T01:29:17.699+0000] {logging_mixin.py:190} INFO - [2024-11-01T01:29:17.699+0000] {dag.py:4180} INFO - Setting next_dagrun for dataset_consumes_1_and_2 to None, run_after=None
[2024-11-01T01:29:17.700+0000] {logging_mixin.py:190} INFO - [2024-11-01T01:29:17.700+0000] {dag.py:4180} INFO - Setting next_dagrun for dataset_consumes_1_never_scheduled to None, run_after=None
[2024-11-01T01:29:17.701+0000] {logging_mixin.py:190} INFO - [2024-11-01T01:29:17.701+0000] {dag.py:4180} INFO - Setting next_dagrun for dataset_consumes_unknown_never_scheduled to None, run_after=None
[2024-11-01T01:29:17.702+0000] {logging_mixin.py:190} INFO - [2024-11-01T01:29:17.702+0000] {dag.py:4180} INFO - Setting next_dagrun for dataset_produces_1 to 2024-10-31 00:00:00+00:00, run_after=2024-11-01 00:00:00+00:00
[2024-11-01T01:29:17.702+0000] {logging_mixin.py:190} INFO - [2024-11-01T01:29:17.702+0000] {dag.py:4180} INFO - Setting next_dagrun for dataset_produces_2 to None, run_after=None
[2024-11-01T01:29:17.717+0000] {processor.py:208} INFO - Processing /home/airflow/.local/lib/python3.12/site-packages/airflow/example_dags/example_datasets.py took 0.115 seconds
