[2024-11-01T01:26:14.153+0000] {processor.py:186} INFO - Started process (PID=101) to work on /home/airflow/.local/lib/python3.12/site-packages/airflow/example_dags/example_local_kubernetes_executor.py
[2024-11-01T01:26:14.154+0000] {processor.py:914} INFO - Processing file /home/airflow/.local/lib/python3.12/site-packages/airflow/example_dags/example_local_kubernetes_executor.py for tasks to queue
[2024-11-01T01:26:14.155+0000] {logging_mixin.py:190} INFO - [2024-11-01T01:26:14.155+0000] {dagbag.py:588} INFO - Filling up the DagBag from /home/airflow/.local/lib/python3.12/site-packages/airflow/example_dags/example_local_kubernetes_executor.py
[2024-11-01T01:26:14.161+0000] {processor.py:925} INFO - DAG(s) 'example_local_kubernetes_executor' retrieved from /home/airflow/.local/lib/python3.12/site-packages/airflow/example_dags/example_local_kubernetes_executor.py
[2024-11-01T01:26:14.214+0000] {logging_mixin.py:190} INFO - [2024-11-01T01:26:14.213+0000] {override.py:1900} INFO - Created Permission View: can delete on DAG:example_local_kubernetes_executor
[2024-11-01T01:26:14.218+0000] {logging_mixin.py:190} INFO - [2024-11-01T01:26:14.218+0000] {override.py:1900} INFO - Created Permission View: can read on DAG:example_local_kubernetes_executor
[2024-11-01T01:26:14.221+0000] {logging_mixin.py:190} INFO - [2024-11-01T01:26:14.221+0000] {override.py:1900} INFO - Created Permission View: can edit on DAG:example_local_kubernetes_executor
[2024-11-01T01:26:14.224+0000] {logging_mixin.py:190} INFO - [2024-11-01T01:26:14.224+0000] {override.py:1900} INFO - Created Permission View: can create on DAG Run:example_local_kubernetes_executor
[2024-11-01T01:26:14.227+0000] {logging_mixin.py:190} INFO - [2024-11-01T01:26:14.227+0000] {override.py:1900} INFO - Created Permission View: menu access on DAG Run:example_local_kubernetes_executor
[2024-11-01T01:26:14.232+0000] {logging_mixin.py:190} INFO - [2024-11-01T01:26:14.232+0000] {override.py:1900} INFO - Created Permission View: can read on DAG Run:example_local_kubernetes_executor
[2024-11-01T01:26:14.235+0000] {logging_mixin.py:190} INFO - [2024-11-01T01:26:14.235+0000] {override.py:1900} INFO - Created Permission View: can delete on DAG Run:example_local_kubernetes_executor
[2024-11-01T01:26:14.237+0000] {logging_mixin.py:190} INFO - [2024-11-01T01:26:14.237+0000] {dag.py:3239} INFO - Sync 1 DAGs
[2024-11-01T01:26:14.242+0000] {logging_mixin.py:190} INFO - [2024-11-01T01:26:14.242+0000] {dag.py:3262} INFO - Creating ORM DAG for example_local_kubernetes_executor
[2024-11-01T01:26:14.242+0000] {logging_mixin.py:190} INFO - [2024-11-01T01:26:14.242+0000] {dag.py:4180} INFO - Setting next_dagrun for example_local_kubernetes_executor to None, run_after=None
[2024-11-01T01:26:14.248+0000] {processor.py:208} INFO - Processing /home/airflow/.local/lib/python3.12/site-packages/airflow/example_dags/example_local_kubernetes_executor.py took 0.097 seconds
[2024-11-01T01:26:45.086+0000] {processor.py:186} INFO - Started process (PID=165) to work on /home/airflow/.local/lib/python3.12/site-packages/airflow/example_dags/example_local_kubernetes_executor.py
[2024-11-01T01:26:45.086+0000] {processor.py:914} INFO - Processing file /home/airflow/.local/lib/python3.12/site-packages/airflow/example_dags/example_local_kubernetes_executor.py for tasks to queue
[2024-11-01T01:26:45.087+0000] {logging_mixin.py:190} INFO - [2024-11-01T01:26:45.087+0000] {dagbag.py:588} INFO - Filling up the DagBag from /home/airflow/.local/lib/python3.12/site-packages/airflow/example_dags/example_local_kubernetes_executor.py
[2024-11-01T01:26:45.091+0000] {processor.py:925} INFO - DAG(s) 'example_local_kubernetes_executor' retrieved from /home/airflow/.local/lib/python3.12/site-packages/airflow/example_dags/example_local_kubernetes_executor.py
[2024-11-01T01:26:45.104+0000] {logging_mixin.py:190} INFO - [2024-11-01T01:26:45.104+0000] {dag.py:3239} INFO - Sync 1 DAGs
[2024-11-01T01:26:45.109+0000] {logging_mixin.py:190} INFO - [2024-11-01T01:26:45.109+0000] {dag.py:4180} INFO - Setting next_dagrun for example_local_kubernetes_executor to None, run_after=None
[2024-11-01T01:26:45.122+0000] {processor.py:208} INFO - Processing /home/airflow/.local/lib/python3.12/site-packages/airflow/example_dags/example_local_kubernetes_executor.py took 0.038 seconds
[2024-11-01T01:27:15.876+0000] {processor.py:186} INFO - Started process (PID=229) to work on /home/airflow/.local/lib/python3.12/site-packages/airflow/example_dags/example_local_kubernetes_executor.py
[2024-11-01T01:27:15.877+0000] {processor.py:914} INFO - Processing file /home/airflow/.local/lib/python3.12/site-packages/airflow/example_dags/example_local_kubernetes_executor.py for tasks to queue
[2024-11-01T01:27:15.879+0000] {logging_mixin.py:190} INFO - [2024-11-01T01:27:15.879+0000] {dagbag.py:588} INFO - Filling up the DagBag from /home/airflow/.local/lib/python3.12/site-packages/airflow/example_dags/example_local_kubernetes_executor.py
[2024-11-01T01:27:15.885+0000] {processor.py:925} INFO - DAG(s) 'example_local_kubernetes_executor' retrieved from /home/airflow/.local/lib/python3.12/site-packages/airflow/example_dags/example_local_kubernetes_executor.py
[2024-11-01T01:27:15.902+0000] {logging_mixin.py:190} INFO - [2024-11-01T01:27:15.902+0000] {dag.py:3239} INFO - Sync 1 DAGs
[2024-11-01T01:27:15.907+0000] {logging_mixin.py:190} INFO - [2024-11-01T01:27:15.907+0000] {dag.py:4180} INFO - Setting next_dagrun for example_local_kubernetes_executor to None, run_after=None
[2024-11-01T01:27:15.913+0000] {processor.py:208} INFO - Processing /home/airflow/.local/lib/python3.12/site-packages/airflow/example_dags/example_local_kubernetes_executor.py took 0.039 seconds
[2024-11-01T01:27:46.753+0000] {processor.py:186} INFO - Started process (PID=293) to work on /home/airflow/.local/lib/python3.12/site-packages/airflow/example_dags/example_local_kubernetes_executor.py
[2024-11-01T01:27:46.754+0000] {processor.py:914} INFO - Processing file /home/airflow/.local/lib/python3.12/site-packages/airflow/example_dags/example_local_kubernetes_executor.py for tasks to queue
[2024-11-01T01:27:46.755+0000] {logging_mixin.py:190} INFO - [2024-11-01T01:27:46.754+0000] {dagbag.py:588} INFO - Filling up the DagBag from /home/airflow/.local/lib/python3.12/site-packages/airflow/example_dags/example_local_kubernetes_executor.py
[2024-11-01T01:27:46.758+0000] {processor.py:925} INFO - DAG(s) 'example_local_kubernetes_executor' retrieved from /home/airflow/.local/lib/python3.12/site-packages/airflow/example_dags/example_local_kubernetes_executor.py
[2024-11-01T01:27:46.771+0000] {logging_mixin.py:190} INFO - [2024-11-01T01:27:46.770+0000] {dag.py:3239} INFO - Sync 1 DAGs
[2024-11-01T01:27:46.776+0000] {logging_mixin.py:190} INFO - [2024-11-01T01:27:46.776+0000] {dag.py:4180} INFO - Setting next_dagrun for example_local_kubernetes_executor to None, run_after=None
[2024-11-01T01:27:46.783+0000] {processor.py:208} INFO - Processing /home/airflow/.local/lib/python3.12/site-packages/airflow/example_dags/example_local_kubernetes_executor.py took 0.032 seconds
[2024-11-01T01:28:17.610+0000] {processor.py:186} INFO - Started process (PID=356) to work on /home/airflow/.local/lib/python3.12/site-packages/airflow/example_dags/example_local_kubernetes_executor.py
[2024-11-01T01:28:17.610+0000] {processor.py:914} INFO - Processing file /home/airflow/.local/lib/python3.12/site-packages/airflow/example_dags/example_local_kubernetes_executor.py for tasks to queue
[2024-11-01T01:28:17.611+0000] {logging_mixin.py:190} INFO - [2024-11-01T01:28:17.611+0000] {dagbag.py:588} INFO - Filling up the DagBag from /home/airflow/.local/lib/python3.12/site-packages/airflow/example_dags/example_local_kubernetes_executor.py
[2024-11-01T01:28:17.615+0000] {processor.py:925} INFO - DAG(s) 'example_local_kubernetes_executor' retrieved from /home/airflow/.local/lib/python3.12/site-packages/airflow/example_dags/example_local_kubernetes_executor.py
[2024-11-01T01:28:17.627+0000] {logging_mixin.py:190} INFO - [2024-11-01T01:28:17.627+0000] {dag.py:3239} INFO - Sync 1 DAGs
[2024-11-01T01:28:17.633+0000] {logging_mixin.py:190} INFO - [2024-11-01T01:28:17.633+0000] {dag.py:4180} INFO - Setting next_dagrun for example_local_kubernetes_executor to None, run_after=None
[2024-11-01T01:28:17.643+0000] {processor.py:208} INFO - Processing /home/airflow/.local/lib/python3.12/site-packages/airflow/example_dags/example_local_kubernetes_executor.py took 0.036 seconds
[2024-11-01T01:28:48.378+0000] {processor.py:186} INFO - Started process (PID=420) to work on /home/airflow/.local/lib/python3.12/site-packages/airflow/example_dags/example_local_kubernetes_executor.py
[2024-11-01T01:28:48.380+0000] {processor.py:914} INFO - Processing file /home/airflow/.local/lib/python3.12/site-packages/airflow/example_dags/example_local_kubernetes_executor.py for tasks to queue
[2024-11-01T01:28:48.381+0000] {logging_mixin.py:190} INFO - [2024-11-01T01:28:48.381+0000] {dagbag.py:588} INFO - Filling up the DagBag from /home/airflow/.local/lib/python3.12/site-packages/airflow/example_dags/example_local_kubernetes_executor.py
[2024-11-01T01:28:48.385+0000] {processor.py:925} INFO - DAG(s) 'example_local_kubernetes_executor' retrieved from /home/airflow/.local/lib/python3.12/site-packages/airflow/example_dags/example_local_kubernetes_executor.py
[2024-11-01T01:28:48.396+0000] {logging_mixin.py:190} INFO - [2024-11-01T01:28:48.396+0000] {dag.py:3239} INFO - Sync 1 DAGs
[2024-11-01T01:28:48.401+0000] {logging_mixin.py:190} INFO - [2024-11-01T01:28:48.401+0000] {dag.py:4180} INFO - Setting next_dagrun for example_local_kubernetes_executor to None, run_after=None
[2024-11-01T01:28:48.409+0000] {processor.py:208} INFO - Processing /home/airflow/.local/lib/python3.12/site-packages/airflow/example_dags/example_local_kubernetes_executor.py took 0.034 seconds
[2024-11-01T01:29:19.187+0000] {processor.py:186} INFO - Started process (PID=484) to work on /home/airflow/.local/lib/python3.12/site-packages/airflow/example_dags/example_local_kubernetes_executor.py
[2024-11-01T01:29:19.188+0000] {processor.py:914} INFO - Processing file /home/airflow/.local/lib/python3.12/site-packages/airflow/example_dags/example_local_kubernetes_executor.py for tasks to queue
[2024-11-01T01:29:19.189+0000] {logging_mixin.py:190} INFO - [2024-11-01T01:29:19.189+0000] {dagbag.py:588} INFO - Filling up the DagBag from /home/airflow/.local/lib/python3.12/site-packages/airflow/example_dags/example_local_kubernetes_executor.py
[2024-11-01T01:29:19.193+0000] {processor.py:925} INFO - DAG(s) 'example_local_kubernetes_executor' retrieved from /home/airflow/.local/lib/python3.12/site-packages/airflow/example_dags/example_local_kubernetes_executor.py
[2024-11-01T01:29:19.206+0000] {logging_mixin.py:190} INFO - [2024-11-01T01:29:19.206+0000] {dag.py:3239} INFO - Sync 1 DAGs
[2024-11-01T01:29:19.213+0000] {logging_mixin.py:190} INFO - [2024-11-01T01:29:19.212+0000] {dag.py:4180} INFO - Setting next_dagrun for example_local_kubernetes_executor to None, run_after=None
[2024-11-01T01:29:19.220+0000] {processor.py:208} INFO - Processing /home/airflow/.local/lib/python3.12/site-packages/airflow/example_dags/example_local_kubernetes_executor.py took 0.035 seconds
