[2024-11-01T01:26:12.794+0000] {processor.py:186} INFO - Started process (PID=79) to work on /home/airflow/.local/lib/python3.12/site-packages/airflow/example_dags/example_bash_operator.py
[2024-11-01T01:26:12.795+0000] {processor.py:914} INFO - Processing file /home/airflow/.local/lib/python3.12/site-packages/airflow/example_dags/example_bash_operator.py for tasks to queue
[2024-11-01T01:26:12.796+0000] {logging_mixin.py:190} INFO - [2024-11-01T01:26:12.796+0000] {dagbag.py:588} INFO - Filling up the DagBag from /home/airflow/.local/lib/python3.12/site-packages/airflow/example_dags/example_bash_operator.py
[2024-11-01T01:26:12.802+0000] {processor.py:925} INFO - DAG(s) 'example_bash_operator' retrieved from /home/airflow/.local/lib/python3.12/site-packages/airflow/example_dags/example_bash_operator.py
[2024-11-01T01:26:12.851+0000] {logging_mixin.py:190} INFO - [2024-11-01T01:26:12.851+0000] {override.py:1900} INFO - Created Permission View: can delete on DAG:example_bash_operator
[2024-11-01T01:26:12.856+0000] {logging_mixin.py:190} INFO - [2024-11-01T01:26:12.856+0000] {override.py:1900} INFO - Created Permission View: can read on DAG:example_bash_operator
[2024-11-01T01:26:12.860+0000] {logging_mixin.py:190} INFO - [2024-11-01T01:26:12.859+0000] {override.py:1900} INFO - Created Permission View: can edit on DAG:example_bash_operator
[2024-11-01T01:26:12.862+0000] {logging_mixin.py:190} INFO - [2024-11-01T01:26:12.862+0000] {override.py:1900} INFO - Created Permission View: can create on DAG Run:example_bash_operator
[2024-11-01T01:26:12.865+0000] {logging_mixin.py:190} INFO - [2024-11-01T01:26:12.865+0000] {override.py:1900} INFO - Created Permission View: menu access on DAG Run:example_bash_operator
[2024-11-01T01:26:12.868+0000] {logging_mixin.py:190} INFO - [2024-11-01T01:26:12.867+0000] {override.py:1900} INFO - Created Permission View: can read on DAG Run:example_bash_operator
[2024-11-01T01:26:12.871+0000] {logging_mixin.py:190} INFO - [2024-11-01T01:26:12.870+0000] {override.py:1900} INFO - Created Permission View: can delete on DAG Run:example_bash_operator
[2024-11-01T01:26:12.871+0000] {logging_mixin.py:190} INFO - [2024-11-01T01:26:12.871+0000] {dag.py:3239} INFO - Sync 1 DAGs
[2024-11-01T01:26:12.876+0000] {logging_mixin.py:190} INFO - [2024-11-01T01:26:12.876+0000] {dag.py:3262} INFO - Creating ORM DAG for example_bash_operator
[2024-11-01T01:26:12.883+0000] {logging_mixin.py:190} INFO - [2024-11-01T01:26:12.882+0000] {dag.py:4180} INFO - Setting next_dagrun for example_bash_operator to 2024-10-31 00:00:00+00:00, run_after=2024-11-01 00:00:00+00:00
[2024-11-01T01:26:12.891+0000] {processor.py:208} INFO - Processing /home/airflow/.local/lib/python3.12/site-packages/airflow/example_dags/example_bash_operator.py took 0.100 seconds
[2024-11-01T01:26:43.475+0000] {processor.py:186} INFO - Started process (PID=143) to work on /home/airflow/.local/lib/python3.12/site-packages/airflow/example_dags/example_bash_operator.py
[2024-11-01T01:26:43.476+0000] {processor.py:914} INFO - Processing file /home/airflow/.local/lib/python3.12/site-packages/airflow/example_dags/example_bash_operator.py for tasks to queue
[2024-11-01T01:26:43.476+0000] {logging_mixin.py:190} INFO - [2024-11-01T01:26:43.476+0000] {dagbag.py:588} INFO - Filling up the DagBag from /home/airflow/.local/lib/python3.12/site-packages/airflow/example_dags/example_bash_operator.py
[2024-11-01T01:26:43.482+0000] {processor.py:925} INFO - DAG(s) 'example_bash_operator' retrieved from /home/airflow/.local/lib/python3.12/site-packages/airflow/example_dags/example_bash_operator.py
[2024-11-01T01:26:43.492+0000] {logging_mixin.py:190} INFO - [2024-11-01T01:26:43.492+0000] {dag.py:3239} INFO - Sync 1 DAGs
[2024-11-01T01:26:43.500+0000] {logging_mixin.py:190} INFO - [2024-11-01T01:26:43.499+0000] {dag.py:4180} INFO - Setting next_dagrun for example_bash_operator to 2024-10-31 00:00:00+00:00, run_after=2024-11-01 00:00:00+00:00
[2024-11-01T01:26:43.509+0000] {processor.py:208} INFO - Processing /home/airflow/.local/lib/python3.12/site-packages/airflow/example_dags/example_bash_operator.py took 0.036 seconds
[2024-11-01T01:27:14.247+0000] {processor.py:186} INFO - Started process (PID=207) to work on /home/airflow/.local/lib/python3.12/site-packages/airflow/example_dags/example_bash_operator.py
[2024-11-01T01:27:14.248+0000] {processor.py:914} INFO - Processing file /home/airflow/.local/lib/python3.12/site-packages/airflow/example_dags/example_bash_operator.py for tasks to queue
[2024-11-01T01:27:14.249+0000] {logging_mixin.py:190} INFO - [2024-11-01T01:27:14.249+0000] {dagbag.py:588} INFO - Filling up the DagBag from /home/airflow/.local/lib/python3.12/site-packages/airflow/example_dags/example_bash_operator.py
[2024-11-01T01:27:14.256+0000] {processor.py:925} INFO - DAG(s) 'example_bash_operator' retrieved from /home/airflow/.local/lib/python3.12/site-packages/airflow/example_dags/example_bash_operator.py
[2024-11-01T01:27:14.267+0000] {logging_mixin.py:190} INFO - [2024-11-01T01:27:14.267+0000] {dag.py:3239} INFO - Sync 1 DAGs
[2024-11-01T01:27:14.277+0000] {logging_mixin.py:190} INFO - [2024-11-01T01:27:14.277+0000] {dag.py:4180} INFO - Setting next_dagrun for example_bash_operator to 2024-10-31 00:00:00+00:00, run_after=2024-11-01 00:00:00+00:00
[2024-11-01T01:27:14.288+0000] {processor.py:208} INFO - Processing /home/airflow/.local/lib/python3.12/site-packages/airflow/example_dags/example_bash_operator.py took 0.044 seconds
[2024-11-01T01:27:45.088+0000] {processor.py:186} INFO - Started process (PID=271) to work on /home/airflow/.local/lib/python3.12/site-packages/airflow/example_dags/example_bash_operator.py
[2024-11-01T01:27:45.091+0000] {processor.py:914} INFO - Processing file /home/airflow/.local/lib/python3.12/site-packages/airflow/example_dags/example_bash_operator.py for tasks to queue
[2024-11-01T01:27:45.093+0000] {logging_mixin.py:190} INFO - [2024-11-01T01:27:45.093+0000] {dagbag.py:588} INFO - Filling up the DagBag from /home/airflow/.local/lib/python3.12/site-packages/airflow/example_dags/example_bash_operator.py
[2024-11-01T01:27:45.099+0000] {processor.py:925} INFO - DAG(s) 'example_bash_operator' retrieved from /home/airflow/.local/lib/python3.12/site-packages/airflow/example_dags/example_bash_operator.py
[2024-11-01T01:27:45.110+0000] {logging_mixin.py:190} INFO - [2024-11-01T01:27:45.110+0000] {dag.py:3239} INFO - Sync 1 DAGs
[2024-11-01T01:27:45.119+0000] {logging_mixin.py:190} INFO - [2024-11-01T01:27:45.118+0000] {dag.py:4180} INFO - Setting next_dagrun for example_bash_operator to 2024-10-31 00:00:00+00:00, run_after=2024-11-01 00:00:00+00:00
[2024-11-01T01:27:45.127+0000] {processor.py:208} INFO - Processing /home/airflow/.local/lib/python3.12/site-packages/airflow/example_dags/example_bash_operator.py took 0.041 seconds
[2024-11-01T01:28:15.974+0000] {processor.py:186} INFO - Started process (PID=334) to work on /home/airflow/.local/lib/python3.12/site-packages/airflow/example_dags/example_bash_operator.py
[2024-11-01T01:28:15.978+0000] {processor.py:914} INFO - Processing file /home/airflow/.local/lib/python3.12/site-packages/airflow/example_dags/example_bash_operator.py for tasks to queue
[2024-11-01T01:28:15.980+0000] {logging_mixin.py:190} INFO - [2024-11-01T01:28:15.980+0000] {dagbag.py:588} INFO - Filling up the DagBag from /home/airflow/.local/lib/python3.12/site-packages/airflow/example_dags/example_bash_operator.py
[2024-11-01T01:28:15.985+0000] {processor.py:925} INFO - DAG(s) 'example_bash_operator' retrieved from /home/airflow/.local/lib/python3.12/site-packages/airflow/example_dags/example_bash_operator.py
[2024-11-01T01:28:15.994+0000] {logging_mixin.py:190} INFO - [2024-11-01T01:28:15.994+0000] {dag.py:3239} INFO - Sync 1 DAGs
[2024-11-01T01:28:16.002+0000] {logging_mixin.py:190} INFO - [2024-11-01T01:28:16.002+0000] {dag.py:4180} INFO - Setting next_dagrun for example_bash_operator to 2024-10-31 00:00:00+00:00, run_after=2024-11-01 00:00:00+00:00
[2024-11-01T01:28:16.010+0000] {processor.py:208} INFO - Processing /home/airflow/.local/lib/python3.12/site-packages/airflow/example_dags/example_bash_operator.py took 0.038 seconds
[2024-11-01T01:28:46.778+0000] {processor.py:186} INFO - Started process (PID=398) to work on /home/airflow/.local/lib/python3.12/site-packages/airflow/example_dags/example_bash_operator.py
[2024-11-01T01:28:46.779+0000] {processor.py:914} INFO - Processing file /home/airflow/.local/lib/python3.12/site-packages/airflow/example_dags/example_bash_operator.py for tasks to queue
[2024-11-01T01:28:46.780+0000] {logging_mixin.py:190} INFO - [2024-11-01T01:28:46.780+0000] {dagbag.py:588} INFO - Filling up the DagBag from /home/airflow/.local/lib/python3.12/site-packages/airflow/example_dags/example_bash_operator.py
[2024-11-01T01:28:46.785+0000] {processor.py:925} INFO - DAG(s) 'example_bash_operator' retrieved from /home/airflow/.local/lib/python3.12/site-packages/airflow/example_dags/example_bash_operator.py
[2024-11-01T01:28:46.797+0000] {logging_mixin.py:190} INFO - [2024-11-01T01:28:46.797+0000] {dag.py:3239} INFO - Sync 1 DAGs
[2024-11-01T01:28:46.807+0000] {logging_mixin.py:190} INFO - [2024-11-01T01:28:46.807+0000] {dag.py:4180} INFO - Setting next_dagrun for example_bash_operator to 2024-10-31 00:00:00+00:00, run_after=2024-11-01 00:00:00+00:00
[2024-11-01T01:28:46.815+0000] {processor.py:208} INFO - Processing /home/airflow/.local/lib/python3.12/site-packages/airflow/example_dags/example_bash_operator.py took 0.039 seconds
[2024-11-01T01:29:17.581+0000] {processor.py:186} INFO - Started process (PID=462) to work on /home/airflow/.local/lib/python3.12/site-packages/airflow/example_dags/example_bash_operator.py
[2024-11-01T01:29:17.582+0000] {processor.py:914} INFO - Processing file /home/airflow/.local/lib/python3.12/site-packages/airflow/example_dags/example_bash_operator.py for tasks to queue
[2024-11-01T01:29:17.583+0000] {logging_mixin.py:190} INFO - [2024-11-01T01:29:17.583+0000] {dagbag.py:588} INFO - Filling up the DagBag from /home/airflow/.local/lib/python3.12/site-packages/airflow/example_dags/example_bash_operator.py
[2024-11-01T01:29:17.592+0000] {processor.py:925} INFO - DAG(s) 'example_bash_operator' retrieved from /home/airflow/.local/lib/python3.12/site-packages/airflow/example_dags/example_bash_operator.py
[2024-11-01T01:29:17.602+0000] {logging_mixin.py:190} INFO - [2024-11-01T01:29:17.601+0000] {dag.py:3239} INFO - Sync 1 DAGs
[2024-11-01T01:29:17.610+0000] {logging_mixin.py:190} INFO - [2024-11-01T01:29:17.610+0000] {dag.py:4180} INFO - Setting next_dagrun for example_bash_operator to 2024-10-31 00:00:00+00:00, run_after=2024-11-01 00:00:00+00:00
[2024-11-01T01:29:17.618+0000] {processor.py:208} INFO - Processing /home/airflow/.local/lib/python3.12/site-packages/airflow/example_dags/example_bash_operator.py took 0.039 seconds
