[2024-11-01T01:26:11.836+0000] {processor.py:186} INFO - Started process (PID=64) to work on /home/airflow/.local/lib/python3.12/site-packages/airflow/example_dags/example_inlet_event_extra.py
[2024-11-01T01:26:11.837+0000] {processor.py:914} INFO - Processing file /home/airflow/.local/lib/python3.12/site-packages/airflow/example_dags/example_inlet_event_extra.py for tasks to queue
[2024-11-01T01:26:11.839+0000] {logging_mixin.py:190} INFO - [2024-11-01T01:26:11.839+0000] {dagbag.py:588} INFO - Filling up the DagBag from /home/airflow/.local/lib/python3.12/site-packages/airflow/example_dags/example_inlet_event_extra.py
[2024-11-01T01:26:11.904+0000] {processor.py:925} INFO - DAG(s) 'read_dataset_event', 'read_dataset_event_from_classic' retrieved from /home/airflow/.local/lib/python3.12/site-packages/airflow/example_dags/example_inlet_event_extra.py
[2024-11-01T01:26:11.947+0000] {logging_mixin.py:190} INFO - [2024-11-01T01:26:11.947+0000] {override.py:1900} INFO - Created Permission View: can delete on DAG:read_dataset_event
[2024-11-01T01:26:11.952+0000] {logging_mixin.py:190} INFO - [2024-11-01T01:26:11.952+0000] {override.py:1900} INFO - Created Permission View: can read on DAG:read_dataset_event
[2024-11-01T01:26:11.960+0000] {logging_mixin.py:190} INFO - [2024-11-01T01:26:11.960+0000] {override.py:1900} INFO - Created Permission View: can edit on DAG:read_dataset_event
[2024-11-01T01:26:11.965+0000] {logging_mixin.py:190} INFO - [2024-11-01T01:26:11.964+0000] {override.py:1900} INFO - Created Permission View: can create on DAG Run:read_dataset_event
[2024-11-01T01:26:11.971+0000] {logging_mixin.py:190} INFO - [2024-11-01T01:26:11.971+0000] {override.py:1900} INFO - Created Permission View: menu access on DAG Run:read_dataset_event
[2024-11-01T01:26:11.977+0000] {logging_mixin.py:190} INFO - [2024-11-01T01:26:11.977+0000] {override.py:1900} INFO - Created Permission View: can read on DAG Run:read_dataset_event
[2024-11-01T01:26:11.980+0000] {logging_mixin.py:190} INFO - [2024-11-01T01:26:11.980+0000] {override.py:1900} INFO - Created Permission View: can delete on DAG Run:read_dataset_event
[2024-11-01T01:26:11.985+0000] {logging_mixin.py:190} INFO - [2024-11-01T01:26:11.985+0000] {override.py:1900} INFO - Created Permission View: can delete on DAG:read_dataset_event_from_classic
[2024-11-01T01:26:11.988+0000] {logging_mixin.py:190} INFO - [2024-11-01T01:26:11.988+0000] {override.py:1900} INFO - Created Permission View: can read on DAG:read_dataset_event_from_classic
[2024-11-01T01:26:11.990+0000] {logging_mixin.py:190} INFO - [2024-11-01T01:26:11.990+0000] {override.py:1900} INFO - Created Permission View: can edit on DAG:read_dataset_event_from_classic
[2024-11-01T01:26:11.993+0000] {logging_mixin.py:190} INFO - [2024-11-01T01:26:11.993+0000] {override.py:1900} INFO - Created Permission View: can create on DAG Run:read_dataset_event_from_classic
[2024-11-01T01:26:11.996+0000] {logging_mixin.py:190} INFO - [2024-11-01T01:26:11.995+0000] {override.py:1900} INFO - Created Permission View: menu access on DAG Run:read_dataset_event_from_classic
[2024-11-01T01:26:11.998+0000] {logging_mixin.py:190} INFO - [2024-11-01T01:26:11.998+0000] {override.py:1900} INFO - Created Permission View: can read on DAG Run:read_dataset_event_from_classic
[2024-11-01T01:26:12.001+0000] {logging_mixin.py:190} INFO - [2024-11-01T01:26:12.000+0000] {override.py:1900} INFO - Created Permission View: can delete on DAG Run:read_dataset_event_from_classic
[2024-11-01T01:26:12.001+0000] {logging_mixin.py:190} INFO - [2024-11-01T01:26:12.001+0000] {dag.py:3239} INFO - Sync 2 DAGs
[2024-11-01T01:26:12.008+0000] {logging_mixin.py:190} INFO - [2024-11-01T01:26:12.008+0000] {dag.py:3262} INFO - Creating ORM DAG for read_dataset_event
[2024-11-01T01:26:12.009+0000] {logging_mixin.py:190} INFO - [2024-11-01T01:26:12.009+0000] {dag.py:3262} INFO - Creating ORM DAG for read_dataset_event_from_classic
[2024-11-01T01:26:12.013+0000] {logging_mixin.py:190} INFO - [2024-11-01T01:26:12.013+0000] {dag.py:4180} INFO - Setting next_dagrun for read_dataset_event to 2024-10-31 00:00:00+00:00, run_after=2024-11-01 00:00:00+00:00
[2024-11-01T01:26:12.014+0000] {logging_mixin.py:190} INFO - [2024-11-01T01:26:12.014+0000] {dag.py:4180} INFO - Setting next_dagrun for read_dataset_event_from_classic to 2024-10-31 00:00:00+00:00, run_after=2024-11-01 00:00:00+00:00
[2024-11-01T01:26:12.025+0000] {processor.py:208} INFO - Processing /home/airflow/.local/lib/python3.12/site-packages/airflow/example_dags/example_inlet_event_extra.py took 0.192 seconds
[2024-11-01T01:26:42.041+0000] {processor.py:186} INFO - Started process (PID=129) to work on /home/airflow/.local/lib/python3.12/site-packages/airflow/example_dags/example_inlet_event_extra.py
[2024-11-01T01:26:42.042+0000] {processor.py:914} INFO - Processing file /home/airflow/.local/lib/python3.12/site-packages/airflow/example_dags/example_inlet_event_extra.py for tasks to queue
[2024-11-01T01:26:42.044+0000] {logging_mixin.py:190} INFO - [2024-11-01T01:26:42.044+0000] {dagbag.py:588} INFO - Filling up the DagBag from /home/airflow/.local/lib/python3.12/site-packages/airflow/example_dags/example_inlet_event_extra.py
[2024-11-01T01:26:42.099+0000] {processor.py:925} INFO - DAG(s) 'read_dataset_event', 'read_dataset_event_from_classic' retrieved from /home/airflow/.local/lib/python3.12/site-packages/airflow/example_dags/example_inlet_event_extra.py
[2024-11-01T01:26:42.106+0000] {logging_mixin.py:190} INFO - [2024-11-01T01:26:42.106+0000] {dag.py:3239} INFO - Sync 2 DAGs
[2024-11-01T01:26:42.114+0000] {logging_mixin.py:190} INFO - [2024-11-01T01:26:42.114+0000] {dag.py:4180} INFO - Setting next_dagrun for read_dataset_event to 2024-10-31 00:00:00+00:00, run_after=2024-11-01 00:00:00+00:00
[2024-11-01T01:26:42.115+0000] {logging_mixin.py:190} INFO - [2024-11-01T01:26:42.115+0000] {dag.py:4180} INFO - Setting next_dagrun for read_dataset_event_from_classic to 2024-10-31 00:00:00+00:00, run_after=2024-11-01 00:00:00+00:00
[2024-11-01T01:26:42.120+0000] {processor.py:208} INFO - Processing /home/airflow/.local/lib/python3.12/site-packages/airflow/example_dags/example_inlet_event_extra.py took 0.081 seconds
[2024-11-01T01:27:12.779+0000] {processor.py:186} INFO - Started process (PID=192) to work on /home/airflow/.local/lib/python3.12/site-packages/airflow/example_dags/example_inlet_event_extra.py
[2024-11-01T01:27:12.780+0000] {processor.py:914} INFO - Processing file /home/airflow/.local/lib/python3.12/site-packages/airflow/example_dags/example_inlet_event_extra.py for tasks to queue
[2024-11-01T01:27:12.781+0000] {logging_mixin.py:190} INFO - [2024-11-01T01:27:12.781+0000] {dagbag.py:588} INFO - Filling up the DagBag from /home/airflow/.local/lib/python3.12/site-packages/airflow/example_dags/example_inlet_event_extra.py
[2024-11-01T01:27:12.836+0000] {processor.py:925} INFO - DAG(s) 'read_dataset_event', 'read_dataset_event_from_classic' retrieved from /home/airflow/.local/lib/python3.12/site-packages/airflow/example_dags/example_inlet_event_extra.py
[2024-11-01T01:27:12.845+0000] {logging_mixin.py:190} INFO - [2024-11-01T01:27:12.845+0000] {dag.py:3239} INFO - Sync 2 DAGs
[2024-11-01T01:27:12.854+0000] {logging_mixin.py:190} INFO - [2024-11-01T01:27:12.854+0000] {dag.py:4180} INFO - Setting next_dagrun for read_dataset_event to 2024-10-31 00:00:00+00:00, run_after=2024-11-01 00:00:00+00:00
[2024-11-01T01:27:12.856+0000] {logging_mixin.py:190} INFO - [2024-11-01T01:27:12.856+0000] {dag.py:4180} INFO - Setting next_dagrun for read_dataset_event_from_classic to 2024-10-31 00:00:00+00:00, run_after=2024-11-01 00:00:00+00:00
[2024-11-01T01:27:12.862+0000] {processor.py:208} INFO - Processing /home/airflow/.local/lib/python3.12/site-packages/airflow/example_dags/example_inlet_event_extra.py took 0.085 seconds
[2024-11-01T01:27:43.636+0000] {processor.py:186} INFO - Started process (PID=256) to work on /home/airflow/.local/lib/python3.12/site-packages/airflow/example_dags/example_inlet_event_extra.py
[2024-11-01T01:27:43.637+0000] {processor.py:914} INFO - Processing file /home/airflow/.local/lib/python3.12/site-packages/airflow/example_dags/example_inlet_event_extra.py for tasks to queue
[2024-11-01T01:27:43.638+0000] {logging_mixin.py:190} INFO - [2024-11-01T01:27:43.638+0000] {dagbag.py:588} INFO - Filling up the DagBag from /home/airflow/.local/lib/python3.12/site-packages/airflow/example_dags/example_inlet_event_extra.py
[2024-11-01T01:27:43.700+0000] {processor.py:925} INFO - DAG(s) 'read_dataset_event', 'read_dataset_event_from_classic' retrieved from /home/airflow/.local/lib/python3.12/site-packages/airflow/example_dags/example_inlet_event_extra.py
[2024-11-01T01:27:43.709+0000] {logging_mixin.py:190} INFO - [2024-11-01T01:27:43.709+0000] {dag.py:3239} INFO - Sync 2 DAGs
[2024-11-01T01:27:43.717+0000] {logging_mixin.py:190} INFO - [2024-11-01T01:27:43.717+0000] {dag.py:4180} INFO - Setting next_dagrun for read_dataset_event to 2024-10-31 00:00:00+00:00, run_after=2024-11-01 00:00:00+00:00
[2024-11-01T01:27:43.718+0000] {logging_mixin.py:190} INFO - [2024-11-01T01:27:43.718+0000] {dag.py:4180} INFO - Setting next_dagrun for read_dataset_event_from_classic to 2024-10-31 00:00:00+00:00, run_after=2024-11-01 00:00:00+00:00
[2024-11-01T01:27:43.724+0000] {processor.py:208} INFO - Processing /home/airflow/.local/lib/python3.12/site-packages/airflow/example_dags/example_inlet_event_extra.py took 0.091 seconds
[2024-11-01T01:28:14.527+0000] {processor.py:186} INFO - Started process (PID=319) to work on /home/airflow/.local/lib/python3.12/site-packages/airflow/example_dags/example_inlet_event_extra.py
[2024-11-01T01:28:14.528+0000] {processor.py:914} INFO - Processing file /home/airflow/.local/lib/python3.12/site-packages/airflow/example_dags/example_inlet_event_extra.py for tasks to queue
[2024-11-01T01:28:14.529+0000] {logging_mixin.py:190} INFO - [2024-11-01T01:28:14.529+0000] {dagbag.py:588} INFO - Filling up the DagBag from /home/airflow/.local/lib/python3.12/site-packages/airflow/example_dags/example_inlet_event_extra.py
[2024-11-01T01:28:14.589+0000] {processor.py:925} INFO - DAG(s) 'read_dataset_event', 'read_dataset_event_from_classic' retrieved from /home/airflow/.local/lib/python3.12/site-packages/airflow/example_dags/example_inlet_event_extra.py
[2024-11-01T01:28:14.598+0000] {logging_mixin.py:190} INFO - [2024-11-01T01:28:14.598+0000] {dag.py:3239} INFO - Sync 2 DAGs
[2024-11-01T01:28:14.608+0000] {logging_mixin.py:190} INFO - [2024-11-01T01:28:14.608+0000] {dag.py:4180} INFO - Setting next_dagrun for read_dataset_event to 2024-10-31 00:00:00+00:00, run_after=2024-11-01 00:00:00+00:00
[2024-11-01T01:28:14.610+0000] {logging_mixin.py:190} INFO - [2024-11-01T01:28:14.610+0000] {dag.py:4180} INFO - Setting next_dagrun for read_dataset_event_from_classic to 2024-10-31 00:00:00+00:00, run_after=2024-11-01 00:00:00+00:00
[2024-11-01T01:28:14.616+0000] {processor.py:208} INFO - Processing /home/airflow/.local/lib/python3.12/site-packages/airflow/example_dags/example_inlet_event_extra.py took 0.091 seconds
[2024-11-01T01:28:45.351+0000] {processor.py:186} INFO - Started process (PID=383) to work on /home/airflow/.local/lib/python3.12/site-packages/airflow/example_dags/example_inlet_event_extra.py
[2024-11-01T01:28:45.353+0000] {processor.py:914} INFO - Processing file /home/airflow/.local/lib/python3.12/site-packages/airflow/example_dags/example_inlet_event_extra.py for tasks to queue
[2024-11-01T01:28:45.354+0000] {logging_mixin.py:190} INFO - [2024-11-01T01:28:45.353+0000] {dagbag.py:588} INFO - Filling up the DagBag from /home/airflow/.local/lib/python3.12/site-packages/airflow/example_dags/example_inlet_event_extra.py
[2024-11-01T01:28:45.418+0000] {processor.py:925} INFO - DAG(s) 'read_dataset_event', 'read_dataset_event_from_classic' retrieved from /home/airflow/.local/lib/python3.12/site-packages/airflow/example_dags/example_inlet_event_extra.py
[2024-11-01T01:28:45.429+0000] {logging_mixin.py:190} INFO - [2024-11-01T01:28:45.429+0000] {dag.py:3239} INFO - Sync 2 DAGs
[2024-11-01T01:28:45.440+0000] {logging_mixin.py:190} INFO - [2024-11-01T01:28:45.440+0000] {dag.py:4180} INFO - Setting next_dagrun for read_dataset_event to 2024-10-31 00:00:00+00:00, run_after=2024-11-01 00:00:00+00:00
[2024-11-01T01:28:45.442+0000] {logging_mixin.py:190} INFO - [2024-11-01T01:28:45.442+0000] {dag.py:4180} INFO - Setting next_dagrun for read_dataset_event_from_classic to 2024-10-31 00:00:00+00:00, run_after=2024-11-01 00:00:00+00:00
[2024-11-01T01:28:45.449+0000] {processor.py:208} INFO - Processing /home/airflow/.local/lib/python3.12/site-packages/airflow/example_dags/example_inlet_event_extra.py took 0.101 seconds
[2024-11-01T01:29:16.129+0000] {processor.py:186} INFO - Started process (PID=447) to work on /home/airflow/.local/lib/python3.12/site-packages/airflow/example_dags/example_inlet_event_extra.py
[2024-11-01T01:29:16.130+0000] {processor.py:914} INFO - Processing file /home/airflow/.local/lib/python3.12/site-packages/airflow/example_dags/example_inlet_event_extra.py for tasks to queue
[2024-11-01T01:29:16.131+0000] {logging_mixin.py:190} INFO - [2024-11-01T01:29:16.131+0000] {dagbag.py:588} INFO - Filling up the DagBag from /home/airflow/.local/lib/python3.12/site-packages/airflow/example_dags/example_inlet_event_extra.py
[2024-11-01T01:29:16.184+0000] {processor.py:925} INFO - DAG(s) 'read_dataset_event_from_classic', 'read_dataset_event' retrieved from /home/airflow/.local/lib/python3.12/site-packages/airflow/example_dags/example_inlet_event_extra.py
[2024-11-01T01:29:16.192+0000] {logging_mixin.py:190} INFO - [2024-11-01T01:29:16.192+0000] {dag.py:3239} INFO - Sync 2 DAGs
[2024-11-01T01:29:16.200+0000] {logging_mixin.py:190} INFO - [2024-11-01T01:29:16.200+0000] {dag.py:4180} INFO - Setting next_dagrun for read_dataset_event to 2024-10-31 00:00:00+00:00, run_after=2024-11-01 00:00:00+00:00
[2024-11-01T01:29:16.202+0000] {logging_mixin.py:190} INFO - [2024-11-01T01:29:16.202+0000] {dag.py:4180} INFO - Setting next_dagrun for read_dataset_event_from_classic to 2024-10-31 00:00:00+00:00, run_after=2024-11-01 00:00:00+00:00
[2024-11-01T01:29:16.207+0000] {processor.py:208} INFO - Processing /home/airflow/.local/lib/python3.12/site-packages/airflow/example_dags/example_inlet_event_extra.py took 0.080 seconds
