[2024-11-01T01:26:13.230+0000] {processor.py:186} INFO - Started process (PID=84) to work on /home/airflow/.local/lib/python3.12/site-packages/airflow/example_dags/example_sla_dag.py
[2024-11-01T01:26:13.231+0000] {processor.py:914} INFO - Processing file /home/airflow/.local/lib/python3.12/site-packages/airflow/example_dags/example_sla_dag.py for tasks to queue
[2024-11-01T01:26:13.233+0000] {logging_mixin.py:190} INFO - [2024-11-01T01:26:13.233+0000] {dagbag.py:588} INFO - Filling up the DagBag from /home/airflow/.local/lib/python3.12/site-packages/airflow/example_dags/example_sla_dag.py
[2024-11-01T01:26:13.238+0000] {processor.py:925} INFO - DAG(s) 'example_sla_dag' retrieved from /home/airflow/.local/lib/python3.12/site-packages/airflow/example_dags/example_sla_dag.py
[2024-11-01T01:26:13.285+0000] {logging_mixin.py:190} INFO - [2024-11-01T01:26:13.285+0000] {override.py:1900} INFO - Created Permission View: can delete on DAG:example_sla_dag
[2024-11-01T01:26:13.289+0000] {logging_mixin.py:190} INFO - [2024-11-01T01:26:13.289+0000] {override.py:1900} INFO - Created Permission View: can read on DAG:example_sla_dag
[2024-11-01T01:26:13.292+0000] {logging_mixin.py:190} INFO - [2024-11-01T01:26:13.291+0000] {override.py:1900} INFO - Created Permission View: can edit on DAG:example_sla_dag
[2024-11-01T01:26:13.294+0000] {logging_mixin.py:190} INFO - [2024-11-01T01:26:13.294+0000] {override.py:1900} INFO - Created Permission View: can create on DAG Run:example_sla_dag
[2024-11-01T01:26:13.298+0000] {logging_mixin.py:190} INFO - [2024-11-01T01:26:13.298+0000] {override.py:1900} INFO - Created Permission View: menu access on DAG Run:example_sla_dag
[2024-11-01T01:26:13.301+0000] {logging_mixin.py:190} INFO - [2024-11-01T01:26:13.301+0000] {override.py:1900} INFO - Created Permission View: can read on DAG Run:example_sla_dag
[2024-11-01T01:26:13.306+0000] {logging_mixin.py:190} INFO - [2024-11-01T01:26:13.305+0000] {override.py:1900} INFO - Created Permission View: can delete on DAG Run:example_sla_dag
[2024-11-01T01:26:13.306+0000] {logging_mixin.py:190} INFO - [2024-11-01T01:26:13.306+0000] {dag.py:3239} INFO - Sync 1 DAGs
[2024-11-01T01:26:13.311+0000] {logging_mixin.py:190} INFO - [2024-11-01T01:26:13.311+0000] {dag.py:3262} INFO - Creating ORM DAG for example_sla_dag
[2024-11-01T01:26:13.316+0000] {logging_mixin.py:190} INFO - [2024-11-01T01:26:13.316+0000] {dag.py:4180} INFO - Setting next_dagrun for example_sla_dag to 2024-11-01 01:24:00+00:00, run_after=2024-11-01 01:26:00+00:00
[2024-11-01T01:26:13.322+0000] {processor.py:208} INFO - Processing /home/airflow/.local/lib/python3.12/site-packages/airflow/example_dags/example_sla_dag.py took 0.095 seconds
[2024-11-01T01:26:43.664+0000] {processor.py:186} INFO - Started process (PID=148) to work on /home/airflow/.local/lib/python3.12/site-packages/airflow/example_dags/example_sla_dag.py
[2024-11-01T01:26:43.667+0000] {processor.py:914} INFO - Processing file /home/airflow/.local/lib/python3.12/site-packages/airflow/example_dags/example_sla_dag.py for tasks to queue
[2024-11-01T01:26:43.668+0000] {logging_mixin.py:190} INFO - [2024-11-01T01:26:43.668+0000] {dagbag.py:588} INFO - Filling up the DagBag from /home/airflow/.local/lib/python3.12/site-packages/airflow/example_dags/example_sla_dag.py
[2024-11-01T01:26:43.672+0000] {processor.py:925} INFO - DAG(s) 'example_sla_dag' retrieved from /home/airflow/.local/lib/python3.12/site-packages/airflow/example_dags/example_sla_dag.py
[2024-11-01T01:26:43.679+0000] {logging_mixin.py:190} INFO - [2024-11-01T01:26:43.679+0000] {dag.py:3239} INFO - Sync 1 DAGs
[2024-11-01T01:26:43.687+0000] {logging_mixin.py:190} INFO - [2024-11-01T01:26:43.687+0000] {dag.py:4180} INFO - Setting next_dagrun for example_sla_dag to 2024-11-01 01:24:00+00:00, run_after=2024-11-01 01:26:00+00:00
[2024-11-01T01:26:43.695+0000] {processor.py:208} INFO - Processing /home/airflow/.local/lib/python3.12/site-packages/airflow/example_dags/example_sla_dag.py took 0.034 seconds
[2024-11-01T01:27:14.412+0000] {processor.py:186} INFO - Started process (PID=212) to work on /home/airflow/.local/lib/python3.12/site-packages/airflow/example_dags/example_sla_dag.py
[2024-11-01T01:27:14.416+0000] {processor.py:914} INFO - Processing file /home/airflow/.local/lib/python3.12/site-packages/airflow/example_dags/example_sla_dag.py for tasks to queue
[2024-11-01T01:27:14.419+0000] {logging_mixin.py:190} INFO - [2024-11-01T01:27:14.418+0000] {dagbag.py:588} INFO - Filling up the DagBag from /home/airflow/.local/lib/python3.12/site-packages/airflow/example_dags/example_sla_dag.py
[2024-11-01T01:27:14.425+0000] {processor.py:925} INFO - DAG(s) 'example_sla_dag' retrieved from /home/airflow/.local/lib/python3.12/site-packages/airflow/example_dags/example_sla_dag.py
[2024-11-01T01:27:14.438+0000] {logging_mixin.py:190} INFO - [2024-11-01T01:27:14.438+0000] {dag.py:3239} INFO - Sync 1 DAGs
[2024-11-01T01:27:14.449+0000] {logging_mixin.py:190} INFO - [2024-11-01T01:27:14.449+0000] {dag.py:4180} INFO - Setting next_dagrun for example_sla_dag to 2024-11-01 01:24:00+00:00, run_after=2024-11-01 01:26:00+00:00
[2024-11-01T01:27:14.456+0000] {processor.py:208} INFO - Processing /home/airflow/.local/lib/python3.12/site-packages/airflow/example_dags/example_sla_dag.py took 0.047 seconds
[2024-11-01T01:27:45.309+0000] {processor.py:186} INFO - Started process (PID=276) to work on /home/airflow/.local/lib/python3.12/site-packages/airflow/example_dags/example_sla_dag.py
[2024-11-01T01:27:45.311+0000] {processor.py:914} INFO - Processing file /home/airflow/.local/lib/python3.12/site-packages/airflow/example_dags/example_sla_dag.py for tasks to queue
[2024-11-01T01:27:45.312+0000] {logging_mixin.py:190} INFO - [2024-11-01T01:27:45.312+0000] {dagbag.py:588} INFO - Filling up the DagBag from /home/airflow/.local/lib/python3.12/site-packages/airflow/example_dags/example_sla_dag.py
[2024-11-01T01:27:45.318+0000] {processor.py:925} INFO - DAG(s) 'example_sla_dag' retrieved from /home/airflow/.local/lib/python3.12/site-packages/airflow/example_dags/example_sla_dag.py
[2024-11-01T01:27:45.327+0000] {logging_mixin.py:190} INFO - [2024-11-01T01:27:45.327+0000] {dag.py:3239} INFO - Sync 1 DAGs
[2024-11-01T01:27:45.336+0000] {logging_mixin.py:190} INFO - [2024-11-01T01:27:45.336+0000] {dag.py:4180} INFO - Setting next_dagrun for example_sla_dag to 2024-11-01 01:24:00+00:00, run_after=2024-11-01 01:26:00+00:00
[2024-11-01T01:27:45.343+0000] {processor.py:208} INFO - Processing /home/airflow/.local/lib/python3.12/site-packages/airflow/example_dags/example_sla_dag.py took 0.036 seconds
[2024-11-01T01:28:16.188+0000] {processor.py:186} INFO - Started process (PID=339) to work on /home/airflow/.local/lib/python3.12/site-packages/airflow/example_dags/example_sla_dag.py
[2024-11-01T01:28:16.188+0000] {processor.py:914} INFO - Processing file /home/airflow/.local/lib/python3.12/site-packages/airflow/example_dags/example_sla_dag.py for tasks to queue
[2024-11-01T01:28:16.189+0000] {logging_mixin.py:190} INFO - [2024-11-01T01:28:16.189+0000] {dagbag.py:588} INFO - Filling up the DagBag from /home/airflow/.local/lib/python3.12/site-packages/airflow/example_dags/example_sla_dag.py
[2024-11-01T01:28:16.192+0000] {processor.py:925} INFO - DAG(s) 'example_sla_dag' retrieved from /home/airflow/.local/lib/python3.12/site-packages/airflow/example_dags/example_sla_dag.py
[2024-11-01T01:28:16.200+0000] {logging_mixin.py:190} INFO - [2024-11-01T01:28:16.200+0000] {dag.py:3239} INFO - Sync 1 DAGs
[2024-11-01T01:28:16.209+0000] {logging_mixin.py:190} INFO - [2024-11-01T01:28:16.209+0000] {dag.py:4180} INFO - Setting next_dagrun for example_sla_dag to 2024-11-01 01:26:00+00:00, run_after=2024-11-01 01:28:00+00:00
[2024-11-01T01:28:16.219+0000] {processor.py:208} INFO - Processing /home/airflow/.local/lib/python3.12/site-packages/airflow/example_dags/example_sla_dag.py took 0.034 seconds
[2024-11-01T01:28:46.932+0000] {processor.py:186} INFO - Started process (PID=403) to work on /home/airflow/.local/lib/python3.12/site-packages/airflow/example_dags/example_sla_dag.py
[2024-11-01T01:28:46.933+0000] {processor.py:914} INFO - Processing file /home/airflow/.local/lib/python3.12/site-packages/airflow/example_dags/example_sla_dag.py for tasks to queue
[2024-11-01T01:28:46.934+0000] {logging_mixin.py:190} INFO - [2024-11-01T01:28:46.934+0000] {dagbag.py:588} INFO - Filling up the DagBag from /home/airflow/.local/lib/python3.12/site-packages/airflow/example_dags/example_sla_dag.py
[2024-11-01T01:28:46.939+0000] {processor.py:925} INFO - DAG(s) 'example_sla_dag' retrieved from /home/airflow/.local/lib/python3.12/site-packages/airflow/example_dags/example_sla_dag.py
[2024-11-01T01:28:46.945+0000] {logging_mixin.py:190} INFO - [2024-11-01T01:28:46.945+0000] {dag.py:3239} INFO - Sync 1 DAGs
[2024-11-01T01:28:46.958+0000] {logging_mixin.py:190} INFO - [2024-11-01T01:28:46.958+0000] {dag.py:4180} INFO - Setting next_dagrun for example_sla_dag to 2024-11-01 01:26:00+00:00, run_after=2024-11-01 01:28:00+00:00
[2024-11-01T01:28:46.966+0000] {processor.py:208} INFO - Processing /home/airflow/.local/lib/python3.12/site-packages/airflow/example_dags/example_sla_dag.py took 0.036 seconds
[2024-11-01T01:29:17.732+0000] {processor.py:186} INFO - Started process (PID=467) to work on /home/airflow/.local/lib/python3.12/site-packages/airflow/example_dags/example_sla_dag.py
[2024-11-01T01:29:17.733+0000] {processor.py:914} INFO - Processing file /home/airflow/.local/lib/python3.12/site-packages/airflow/example_dags/example_sla_dag.py for tasks to queue
[2024-11-01T01:29:17.734+0000] {logging_mixin.py:190} INFO - [2024-11-01T01:29:17.734+0000] {dagbag.py:588} INFO - Filling up the DagBag from /home/airflow/.local/lib/python3.12/site-packages/airflow/example_dags/example_sla_dag.py
[2024-11-01T01:29:17.739+0000] {processor.py:925} INFO - DAG(s) 'example_sla_dag' retrieved from /home/airflow/.local/lib/python3.12/site-packages/airflow/example_dags/example_sla_dag.py
[2024-11-01T01:29:17.750+0000] {logging_mixin.py:190} INFO - [2024-11-01T01:29:17.750+0000] {dag.py:3239} INFO - Sync 1 DAGs
[2024-11-01T01:29:17.761+0000] {logging_mixin.py:190} INFO - [2024-11-01T01:29:17.761+0000] {dag.py:4180} INFO - Setting next_dagrun for example_sla_dag to 2024-11-01 01:26:00+00:00, run_after=2024-11-01 01:28:00+00:00
[2024-11-01T01:29:17.767+0000] {processor.py:208} INFO - Processing /home/airflow/.local/lib/python3.12/site-packages/airflow/example_dags/example_sla_dag.py took 0.038 seconds
