[2024-11-01T01:26:10.799+0000] {processor.py:186} INFO - Started process (PID=46) to work on /home/airflow/.local/lib/python3.12/site-packages/airflow/example_dags/example_short_circuit_operator.py
[2024-11-01T01:26:10.799+0000] {processor.py:914} INFO - Processing file /home/airflow/.local/lib/python3.12/site-packages/airflow/example_dags/example_short_circuit_operator.py for tasks to queue
[2024-11-01T01:26:10.800+0000] {logging_mixin.py:190} INFO - [2024-11-01T01:26:10.800+0000] {dagbag.py:588} INFO - Filling up the DagBag from /home/airflow/.local/lib/python3.12/site-packages/airflow/example_dags/example_short_circuit_operator.py
[2024-11-01T01:26:10.807+0000] {processor.py:925} INFO - DAG(s) 'example_short_circuit_operator' retrieved from /home/airflow/.local/lib/python3.12/site-packages/airflow/example_dags/example_short_circuit_operator.py
[2024-11-01T01:26:10.913+0000] {logging_mixin.py:190} INFO - [2024-11-01T01:26:10.912+0000] {override.py:1900} INFO - Created Permission View: can delete on DAG:example_short_circuit_operator
[2024-11-01T01:26:10.917+0000] {logging_mixin.py:190} INFO - [2024-11-01T01:26:10.917+0000] {override.py:1900} INFO - Created Permission View: can read on DAG:example_short_circuit_operator
[2024-11-01T01:26:10.921+0000] {logging_mixin.py:190} INFO - [2024-11-01T01:26:10.921+0000] {override.py:1900} INFO - Created Permission View: can edit on DAG:example_short_circuit_operator
[2024-11-01T01:26:10.923+0000] {logging_mixin.py:190} INFO - [2024-11-01T01:26:10.923+0000] {override.py:1900} INFO - Created Permission View: can create on DAG Run:example_short_circuit_operator
[2024-11-01T01:26:10.926+0000] {logging_mixin.py:190} INFO - [2024-11-01T01:26:10.925+0000] {override.py:1900} INFO - Created Permission View: menu access on DAG Run:example_short_circuit_operator
[2024-11-01T01:26:10.928+0000] {logging_mixin.py:190} INFO - [2024-11-01T01:26:10.928+0000] {override.py:1900} INFO - Created Permission View: can read on DAG Run:example_short_circuit_operator
[2024-11-01T01:26:10.932+0000] {logging_mixin.py:190} INFO - [2024-11-01T01:26:10.932+0000] {override.py:1900} INFO - Created Permission View: can delete on DAG Run:example_short_circuit_operator
[2024-11-01T01:26:10.933+0000] {logging_mixin.py:190} INFO - [2024-11-01T01:26:10.932+0000] {dag.py:3239} INFO - Sync 1 DAGs
[2024-11-01T01:26:10.938+0000] {logging_mixin.py:190} INFO - [2024-11-01T01:26:10.938+0000] {dag.py:3262} INFO - Creating ORM DAG for example_short_circuit_operator
[2024-11-01T01:26:10.939+0000] {logging_mixin.py:190} INFO - [2024-11-01T01:26:10.939+0000] {dag.py:4180} INFO - Setting next_dagrun for example_short_circuit_operator to None, run_after=None
[2024-11-01T01:26:10.951+0000] {processor.py:208} INFO - Processing /home/airflow/.local/lib/python3.12/site-packages/airflow/example_dags/example_short_circuit_operator.py took 0.156 seconds
[2024-11-01T01:26:41.717+0000] {processor.py:186} INFO - Started process (PID=116) to work on /home/airflow/.local/lib/python3.12/site-packages/airflow/example_dags/example_short_circuit_operator.py
[2024-11-01T01:26:41.718+0000] {processor.py:914} INFO - Processing file /home/airflow/.local/lib/python3.12/site-packages/airflow/example_dags/example_short_circuit_operator.py for tasks to queue
[2024-11-01T01:26:41.719+0000] {logging_mixin.py:190} INFO - [2024-11-01T01:26:41.719+0000] {dagbag.py:588} INFO - Filling up the DagBag from /home/airflow/.local/lib/python3.12/site-packages/airflow/example_dags/example_short_circuit_operator.py
[2024-11-01T01:26:41.723+0000] {processor.py:925} INFO - DAG(s) 'example_short_circuit_operator' retrieved from /home/airflow/.local/lib/python3.12/site-packages/airflow/example_dags/example_short_circuit_operator.py
[2024-11-01T01:26:41.733+0000] {logging_mixin.py:190} INFO - [2024-11-01T01:26:41.732+0000] {dag.py:3239} INFO - Sync 1 DAGs
[2024-11-01T01:26:41.738+0000] {logging_mixin.py:190} INFO - [2024-11-01T01:26:41.738+0000] {dag.py:4180} INFO - Setting next_dagrun for example_short_circuit_operator to None, run_after=None
[2024-11-01T01:26:41.750+0000] {processor.py:208} INFO - Processing /home/airflow/.local/lib/python3.12/site-packages/airflow/example_dags/example_short_circuit_operator.py took 0.036 seconds
[2024-11-01T01:27:12.508+0000] {processor.py:186} INFO - Started process (PID=180) to work on /home/airflow/.local/lib/python3.12/site-packages/airflow/example_dags/example_short_circuit_operator.py
[2024-11-01T01:27:12.508+0000] {processor.py:914} INFO - Processing file /home/airflow/.local/lib/python3.12/site-packages/airflow/example_dags/example_short_circuit_operator.py for tasks to queue
[2024-11-01T01:27:12.509+0000] {logging_mixin.py:190} INFO - [2024-11-01T01:27:12.509+0000] {dagbag.py:588} INFO - Filling up the DagBag from /home/airflow/.local/lib/python3.12/site-packages/airflow/example_dags/example_short_circuit_operator.py
[2024-11-01T01:27:12.513+0000] {processor.py:925} INFO - DAG(s) 'example_short_circuit_operator' retrieved from /home/airflow/.local/lib/python3.12/site-packages/airflow/example_dags/example_short_circuit_operator.py
[2024-11-01T01:27:12.525+0000] {logging_mixin.py:190} INFO - [2024-11-01T01:27:12.525+0000] {dag.py:3239} INFO - Sync 1 DAGs
[2024-11-01T01:27:12.531+0000] {logging_mixin.py:190} INFO - [2024-11-01T01:27:12.531+0000] {dag.py:4180} INFO - Setting next_dagrun for example_short_circuit_operator to None, run_after=None
[2024-11-01T01:27:12.539+0000] {processor.py:208} INFO - Processing /home/airflow/.local/lib/python3.12/site-packages/airflow/example_dags/example_short_circuit_operator.py took 0.034 seconds
[2024-11-01T01:27:43.319+0000] {processor.py:186} INFO - Started process (PID=244) to work on /home/airflow/.local/lib/python3.12/site-packages/airflow/example_dags/example_short_circuit_operator.py
[2024-11-01T01:27:43.319+0000] {processor.py:914} INFO - Processing file /home/airflow/.local/lib/python3.12/site-packages/airflow/example_dags/example_short_circuit_operator.py for tasks to queue
[2024-11-01T01:27:43.321+0000] {logging_mixin.py:190} INFO - [2024-11-01T01:27:43.321+0000] {dagbag.py:588} INFO - Filling up the DagBag from /home/airflow/.local/lib/python3.12/site-packages/airflow/example_dags/example_short_circuit_operator.py
[2024-11-01T01:27:43.325+0000] {processor.py:925} INFO - DAG(s) 'example_short_circuit_operator' retrieved from /home/airflow/.local/lib/python3.12/site-packages/airflow/example_dags/example_short_circuit_operator.py
[2024-11-01T01:27:43.336+0000] {logging_mixin.py:190} INFO - [2024-11-01T01:27:43.336+0000] {dag.py:3239} INFO - Sync 1 DAGs
[2024-11-01T01:27:43.342+0000] {logging_mixin.py:190} INFO - [2024-11-01T01:27:43.342+0000] {dag.py:4180} INFO - Setting next_dagrun for example_short_circuit_operator to None, run_after=None
[2024-11-01T01:27:43.358+0000] {processor.py:208} INFO - Processing /home/airflow/.local/lib/python3.12/site-packages/airflow/example_dags/example_short_circuit_operator.py took 0.041 seconds
[2024-11-01T01:28:14.206+0000] {processor.py:186} INFO - Started process (PID=307) to work on /home/airflow/.local/lib/python3.12/site-packages/airflow/example_dags/example_short_circuit_operator.py
[2024-11-01T01:28:14.207+0000] {processor.py:914} INFO - Processing file /home/airflow/.local/lib/python3.12/site-packages/airflow/example_dags/example_short_circuit_operator.py for tasks to queue
[2024-11-01T01:28:14.208+0000] {logging_mixin.py:190} INFO - [2024-11-01T01:28:14.208+0000] {dagbag.py:588} INFO - Filling up the DagBag from /home/airflow/.local/lib/python3.12/site-packages/airflow/example_dags/example_short_circuit_operator.py
[2024-11-01T01:28:14.212+0000] {processor.py:925} INFO - DAG(s) 'example_short_circuit_operator' retrieved from /home/airflow/.local/lib/python3.12/site-packages/airflow/example_dags/example_short_circuit_operator.py
[2024-11-01T01:28:14.224+0000] {logging_mixin.py:190} INFO - [2024-11-01T01:28:14.223+0000] {dag.py:3239} INFO - Sync 1 DAGs
[2024-11-01T01:28:14.229+0000] {logging_mixin.py:190} INFO - [2024-11-01T01:28:14.229+0000] {dag.py:4180} INFO - Setting next_dagrun for example_short_circuit_operator to None, run_after=None
[2024-11-01T01:28:14.236+0000] {processor.py:208} INFO - Processing /home/airflow/.local/lib/python3.12/site-packages/airflow/example_dags/example_short_circuit_operator.py took 0.032 seconds
[2024-11-01T01:28:45.058+0000] {processor.py:186} INFO - Started process (PID=371) to work on /home/airflow/.local/lib/python3.12/site-packages/airflow/example_dags/example_short_circuit_operator.py
[2024-11-01T01:28:45.059+0000] {processor.py:914} INFO - Processing file /home/airflow/.local/lib/python3.12/site-packages/airflow/example_dags/example_short_circuit_operator.py for tasks to queue
[2024-11-01T01:28:45.061+0000] {logging_mixin.py:190} INFO - [2024-11-01T01:28:45.060+0000] {dagbag.py:588} INFO - Filling up the DagBag from /home/airflow/.local/lib/python3.12/site-packages/airflow/example_dags/example_short_circuit_operator.py
[2024-11-01T01:28:45.064+0000] {processor.py:925} INFO - DAG(s) 'example_short_circuit_operator' retrieved from /home/airflow/.local/lib/python3.12/site-packages/airflow/example_dags/example_short_circuit_operator.py
[2024-11-01T01:28:45.075+0000] {logging_mixin.py:190} INFO - [2024-11-01T01:28:45.075+0000] {dag.py:3239} INFO - Sync 1 DAGs
[2024-11-01T01:28:45.080+0000] {logging_mixin.py:190} INFO - [2024-11-01T01:28:45.080+0000] {dag.py:4180} INFO - Setting next_dagrun for example_short_circuit_operator to None, run_after=None
[2024-11-01T01:28:45.093+0000] {processor.py:208} INFO - Processing /home/airflow/.local/lib/python3.12/site-packages/airflow/example_dags/example_short_circuit_operator.py took 0.037 seconds
[2024-11-01T01:29:15.833+0000] {processor.py:186} INFO - Started process (PID=435) to work on /home/airflow/.local/lib/python3.12/site-packages/airflow/example_dags/example_short_circuit_operator.py
[2024-11-01T01:29:15.834+0000] {processor.py:914} INFO - Processing file /home/airflow/.local/lib/python3.12/site-packages/airflow/example_dags/example_short_circuit_operator.py for tasks to queue
[2024-11-01T01:29:15.836+0000] {logging_mixin.py:190} INFO - [2024-11-01T01:29:15.836+0000] {dagbag.py:588} INFO - Filling up the DagBag from /home/airflow/.local/lib/python3.12/site-packages/airflow/example_dags/example_short_circuit_operator.py
[2024-11-01T01:29:15.841+0000] {processor.py:925} INFO - DAG(s) 'example_short_circuit_operator' retrieved from /home/airflow/.local/lib/python3.12/site-packages/airflow/example_dags/example_short_circuit_operator.py
[2024-11-01T01:29:15.852+0000] {logging_mixin.py:190} INFO - [2024-11-01T01:29:15.852+0000] {dag.py:3239} INFO - Sync 1 DAGs
[2024-11-01T01:29:15.857+0000] {logging_mixin.py:190} INFO - [2024-11-01T01:29:15.857+0000] {dag.py:4180} INFO - Setting next_dagrun for example_short_circuit_operator to None, run_after=None
[2024-11-01T01:29:15.868+0000] {processor.py:208} INFO - Processing /home/airflow/.local/lib/python3.12/site-packages/airflow/example_dags/example_short_circuit_operator.py took 0.038 seconds
