[2024-11-01T01:26:14.086+0000] {processor.py:186} INFO - Started process (PID=100) to work on /home/airflow/.local/lib/python3.12/site-packages/airflow/example_dags/example_subdag_operator.py
[2024-11-01T01:26:14.086+0000] {processor.py:914} INFO - Processing file /home/airflow/.local/lib/python3.12/site-packages/airflow/example_dags/example_subdag_operator.py for tasks to queue
[2024-11-01T01:26:14.087+0000] {logging_mixin.py:190} INFO - [2024-11-01T01:26:14.087+0000] {dagbag.py:588} INFO - Filling up the DagBag from /home/airflow/.local/lib/python3.12/site-packages/airflow/example_dags/example_subdag_operator.py
[2024-11-01T01:26:14.100+0000] {processor.py:925} INFO - DAG(s) 'example_subdag_operator.section-1', 'example_subdag_operator.section-2', 'example_subdag_operator' retrieved from /home/airflow/.local/lib/python3.12/site-packages/airflow/example_dags/example_subdag_operator.py
[2024-11-01T01:26:14.152+0000] {logging_mixin.py:190} INFO - [2024-11-01T01:26:14.152+0000] {override.py:1900} INFO - Created Permission View: can delete on DAG:example_subdag_operator
[2024-11-01T01:26:14.156+0000] {logging_mixin.py:190} INFO - [2024-11-01T01:26:14.155+0000] {override.py:1900} INFO - Created Permission View: can read on DAG:example_subdag_operator
[2024-11-01T01:26:14.158+0000] {logging_mixin.py:190} INFO - [2024-11-01T01:26:14.158+0000] {override.py:1900} INFO - Created Permission View: can edit on DAG:example_subdag_operator
[2024-11-01T01:26:14.164+0000] {logging_mixin.py:190} INFO - [2024-11-01T01:26:14.164+0000] {override.py:1900} INFO - Created Permission View: can create on DAG Run:example_subdag_operator
[2024-11-01T01:26:14.168+0000] {logging_mixin.py:190} INFO - [2024-11-01T01:26:14.167+0000] {override.py:1900} INFO - Created Permission View: menu access on DAG Run:example_subdag_operator
[2024-11-01T01:26:14.173+0000] {logging_mixin.py:190} INFO - [2024-11-01T01:26:14.173+0000] {override.py:1900} INFO - Created Permission View: can read on DAG Run:example_subdag_operator
[2024-11-01T01:26:14.177+0000] {logging_mixin.py:190} INFO - [2024-11-01T01:26:14.177+0000] {override.py:1900} INFO - Created Permission View: can delete on DAG Run:example_subdag_operator
[2024-11-01T01:26:14.177+0000] {logging_mixin.py:190} INFO - [2024-11-01T01:26:14.177+0000] {dag.py:3239} INFO - Sync 3 DAGs
[2024-11-01T01:26:14.185+0000] {logging_mixin.py:190} INFO - [2024-11-01T01:26:14.184+0000] {dag.py:3262} INFO - Creating ORM DAG for example_subdag_operator.section-1
[2024-11-01T01:26:14.185+0000] {logging_mixin.py:190} INFO - [2024-11-01T01:26:14.185+0000] {dag.py:3262} INFO - Creating ORM DAG for example_subdag_operator.section-2
[2024-11-01T01:26:14.185+0000] {logging_mixin.py:190} INFO - [2024-11-01T01:26:14.185+0000] {dag.py:3262} INFO - Creating ORM DAG for example_subdag_operator
[2024-11-01T01:26:14.188+0000] {logging_mixin.py:190} INFO - [2024-11-01T01:26:14.188+0000] {dag.py:4180} INFO - Setting next_dagrun for example_subdag_operator to 2022-01-01 00:00:00+00:00, run_after=2022-01-01 00:00:00+00:00
[2024-11-01T01:26:14.189+0000] {logging_mixin.py:190} INFO - [2024-11-01T01:26:14.189+0000] {dag.py:4180} INFO - Setting next_dagrun for example_subdag_operator.section-1 to None, run_after=None
[2024-11-01T01:26:14.189+0000] {logging_mixin.py:190} INFO - [2024-11-01T01:26:14.189+0000] {dag.py:4180} INFO - Setting next_dagrun for example_subdag_operator.section-2 to None, run_after=None
[2024-11-01T01:26:14.192+0000] {logging_mixin.py:190} INFO - [2024-11-01T01:26:14.192+0000] {dag.py:3239} INFO - Sync 2 DAGs
[2024-11-01T01:26:14.194+0000] {logging_mixin.py:190} INFO - [2024-11-01T01:26:14.194+0000] {dag.py:4180} INFO - Setting next_dagrun for example_subdag_operator.section-1 to None, run_after=None
[2024-11-01T01:26:14.195+0000] {logging_mixin.py:190} INFO - [2024-11-01T01:26:14.195+0000] {dag.py:4180} INFO - Setting next_dagrun for example_subdag_operator.section-2 to None, run_after=None
[2024-11-01T01:26:14.199+0000] {processor.py:208} INFO - Processing /home/airflow/.local/lib/python3.12/site-packages/airflow/example_dags/example_subdag_operator.py took 0.116 seconds
[2024-11-01T01:26:45.042+0000] {processor.py:186} INFO - Started process (PID=164) to work on /home/airflow/.local/lib/python3.12/site-packages/airflow/example_dags/example_subdag_operator.py
[2024-11-01T01:26:45.045+0000] {processor.py:914} INFO - Processing file /home/airflow/.local/lib/python3.12/site-packages/airflow/example_dags/example_subdag_operator.py for tasks to queue
[2024-11-01T01:26:45.046+0000] {logging_mixin.py:190} INFO - [2024-11-01T01:26:45.046+0000] {dagbag.py:588} INFO - Filling up the DagBag from /home/airflow/.local/lib/python3.12/site-packages/airflow/example_dags/example_subdag_operator.py
[2024-11-01T01:26:45.057+0000] {processor.py:925} INFO - DAG(s) 'example_subdag_operator.section-1', 'example_subdag_operator.section-2', 'example_subdag_operator' retrieved from /home/airflow/.local/lib/python3.12/site-packages/airflow/example_dags/example_subdag_operator.py
[2024-11-01T01:26:45.063+0000] {logging_mixin.py:190} INFO - [2024-11-01T01:26:45.063+0000] {dag.py:3239} INFO - Sync 3 DAGs
[2024-11-01T01:26:45.073+0000] {logging_mixin.py:190} INFO - [2024-11-01T01:26:45.073+0000] {dag.py:4180} INFO - Setting next_dagrun for example_subdag_operator to 2022-01-01 00:00:00+00:00, run_after=2022-01-01 00:00:00+00:00
[2024-11-01T01:26:45.074+0000] {logging_mixin.py:190} INFO - [2024-11-01T01:26:45.074+0000] {dag.py:4180} INFO - Setting next_dagrun for example_subdag_operator.section-1 to None, run_after=None
[2024-11-01T01:26:45.075+0000] {logging_mixin.py:190} INFO - [2024-11-01T01:26:45.075+0000] {dag.py:4180} INFO - Setting next_dagrun for example_subdag_operator.section-2 to None, run_after=None
[2024-11-01T01:26:45.078+0000] {logging_mixin.py:190} INFO - [2024-11-01T01:26:45.078+0000] {dag.py:3239} INFO - Sync 2 DAGs
[2024-11-01T01:26:45.080+0000] {logging_mixin.py:190} INFO - [2024-11-01T01:26:45.080+0000] {dag.py:4180} INFO - Setting next_dagrun for example_subdag_operator.section-1 to None, run_after=None
[2024-11-01T01:26:45.080+0000] {logging_mixin.py:190} INFO - [2024-11-01T01:26:45.080+0000] {dag.py:4180} INFO - Setting next_dagrun for example_subdag_operator.section-2 to None, run_after=None
[2024-11-01T01:26:45.083+0000] {processor.py:208} INFO - Processing /home/airflow/.local/lib/python3.12/site-packages/airflow/example_dags/example_subdag_operator.py took 0.044 seconds
[2024-11-01T01:27:15.855+0000] {processor.py:186} INFO - Started process (PID=228) to work on /home/airflow/.local/lib/python3.12/site-packages/airflow/example_dags/example_subdag_operator.py
[2024-11-01T01:27:15.857+0000] {processor.py:914} INFO - Processing file /home/airflow/.local/lib/python3.12/site-packages/airflow/example_dags/example_subdag_operator.py for tasks to queue
[2024-11-01T01:27:15.858+0000] {logging_mixin.py:190} INFO - [2024-11-01T01:27:15.858+0000] {dagbag.py:588} INFO - Filling up the DagBag from /home/airflow/.local/lib/python3.12/site-packages/airflow/example_dags/example_subdag_operator.py
[2024-11-01T01:27:15.868+0000] {processor.py:925} INFO - DAG(s) 'example_subdag_operator.section-1', 'example_subdag_operator.section-2', 'example_subdag_operator' retrieved from /home/airflow/.local/lib/python3.12/site-packages/airflow/example_dags/example_subdag_operator.py
[2024-11-01T01:27:15.874+0000] {logging_mixin.py:190} INFO - [2024-11-01T01:27:15.873+0000] {dag.py:3239} INFO - Sync 3 DAGs
[2024-11-01T01:27:15.884+0000] {logging_mixin.py:190} INFO - [2024-11-01T01:27:15.883+0000] {dag.py:4180} INFO - Setting next_dagrun for example_subdag_operator to 2022-01-01 00:00:00+00:00, run_after=2022-01-01 00:00:00+00:00
[2024-11-01T01:27:15.886+0000] {logging_mixin.py:190} INFO - [2024-11-01T01:27:15.886+0000] {dag.py:4180} INFO - Setting next_dagrun for example_subdag_operator.section-1 to None, run_after=None
[2024-11-01T01:27:15.887+0000] {logging_mixin.py:190} INFO - [2024-11-01T01:27:15.887+0000] {dag.py:4180} INFO - Setting next_dagrun for example_subdag_operator.section-2 to None, run_after=None
[2024-11-01T01:27:15.889+0000] {logging_mixin.py:190} INFO - [2024-11-01T01:27:15.889+0000] {dag.py:3239} INFO - Sync 2 DAGs
[2024-11-01T01:27:15.892+0000] {logging_mixin.py:190} INFO - [2024-11-01T01:27:15.892+0000] {dag.py:4180} INFO - Setting next_dagrun for example_subdag_operator.section-1 to None, run_after=None
[2024-11-01T01:27:15.893+0000] {logging_mixin.py:190} INFO - [2024-11-01T01:27:15.893+0000] {dag.py:4180} INFO - Setting next_dagrun for example_subdag_operator.section-2 to None, run_after=None
[2024-11-01T01:27:15.900+0000] {processor.py:208} INFO - Processing /home/airflow/.local/lib/python3.12/site-packages/airflow/example_dags/example_subdag_operator.py took 0.047 seconds
[2024-11-01T01:27:46.705+0000] {processor.py:186} INFO - Started process (PID=292) to work on /home/airflow/.local/lib/python3.12/site-packages/airflow/example_dags/example_subdag_operator.py
[2024-11-01T01:27:46.706+0000] {processor.py:914} INFO - Processing file /home/airflow/.local/lib/python3.12/site-packages/airflow/example_dags/example_subdag_operator.py for tasks to queue
[2024-11-01T01:27:46.708+0000] {logging_mixin.py:190} INFO - [2024-11-01T01:27:46.708+0000] {dagbag.py:588} INFO - Filling up the DagBag from /home/airflow/.local/lib/python3.12/site-packages/airflow/example_dags/example_subdag_operator.py
[2024-11-01T01:27:46.719+0000] {processor.py:925} INFO - DAG(s) 'example_subdag_operator.section-1', 'example_subdag_operator.section-2', 'example_subdag_operator' retrieved from /home/airflow/.local/lib/python3.12/site-packages/airflow/example_dags/example_subdag_operator.py
[2024-11-01T01:27:46.725+0000] {logging_mixin.py:190} INFO - [2024-11-01T01:27:46.725+0000] {dag.py:3239} INFO - Sync 3 DAGs
[2024-11-01T01:27:46.735+0000] {logging_mixin.py:190} INFO - [2024-11-01T01:27:46.735+0000] {dag.py:4180} INFO - Setting next_dagrun for example_subdag_operator to 2022-01-01 00:00:00+00:00, run_after=2022-01-01 00:00:00+00:00
[2024-11-01T01:27:46.737+0000] {logging_mixin.py:190} INFO - [2024-11-01T01:27:46.737+0000] {dag.py:4180} INFO - Setting next_dagrun for example_subdag_operator.section-1 to None, run_after=None
[2024-11-01T01:27:46.738+0000] {logging_mixin.py:190} INFO - [2024-11-01T01:27:46.738+0000] {dag.py:4180} INFO - Setting next_dagrun for example_subdag_operator.section-2 to None, run_after=None
[2024-11-01T01:27:46.742+0000] {logging_mixin.py:190} INFO - [2024-11-01T01:27:46.742+0000] {dag.py:3239} INFO - Sync 2 DAGs
[2024-11-01T01:27:46.744+0000] {logging_mixin.py:190} INFO - [2024-11-01T01:27:46.744+0000] {dag.py:4180} INFO - Setting next_dagrun for example_subdag_operator.section-1 to None, run_after=None
[2024-11-01T01:27:46.745+0000] {logging_mixin.py:190} INFO - [2024-11-01T01:27:46.745+0000] {dag.py:4180} INFO - Setting next_dagrun for example_subdag_operator.section-2 to None, run_after=None
[2024-11-01T01:27:46.748+0000] {processor.py:208} INFO - Processing /home/airflow/.local/lib/python3.12/site-packages/airflow/example_dags/example_subdag_operator.py took 0.045 seconds
[2024-11-01T01:28:17.563+0000] {processor.py:186} INFO - Started process (PID=355) to work on /home/airflow/.local/lib/python3.12/site-packages/airflow/example_dags/example_subdag_operator.py
[2024-11-01T01:28:17.566+0000] {processor.py:914} INFO - Processing file /home/airflow/.local/lib/python3.12/site-packages/airflow/example_dags/example_subdag_operator.py for tasks to queue
[2024-11-01T01:28:17.567+0000] {logging_mixin.py:190} INFO - [2024-11-01T01:28:17.567+0000] {dagbag.py:588} INFO - Filling up the DagBag from /home/airflow/.local/lib/python3.12/site-packages/airflow/example_dags/example_subdag_operator.py
[2024-11-01T01:28:17.578+0000] {processor.py:925} INFO - DAG(s) 'example_subdag_operator.section-1', 'example_subdag_operator.section-2', 'example_subdag_operator' retrieved from /home/airflow/.local/lib/python3.12/site-packages/airflow/example_dags/example_subdag_operator.py
[2024-11-01T01:28:17.583+0000] {logging_mixin.py:190} INFO - [2024-11-01T01:28:17.583+0000] {dag.py:3239} INFO - Sync 3 DAGs
[2024-11-01T01:28:17.592+0000] {logging_mixin.py:190} INFO - [2024-11-01T01:28:17.592+0000] {dag.py:4180} INFO - Setting next_dagrun for example_subdag_operator to 2022-01-01 00:00:00+00:00, run_after=2022-01-01 00:00:00+00:00
[2024-11-01T01:28:17.595+0000] {logging_mixin.py:190} INFO - [2024-11-01T01:28:17.595+0000] {dag.py:4180} INFO - Setting next_dagrun for example_subdag_operator.section-1 to None, run_after=None
[2024-11-01T01:28:17.596+0000] {logging_mixin.py:190} INFO - [2024-11-01T01:28:17.596+0000] {dag.py:4180} INFO - Setting next_dagrun for example_subdag_operator.section-2 to None, run_after=None
[2024-11-01T01:28:17.598+0000] {logging_mixin.py:190} INFO - [2024-11-01T01:28:17.598+0000] {dag.py:3239} INFO - Sync 2 DAGs
[2024-11-01T01:28:17.601+0000] {logging_mixin.py:190} INFO - [2024-11-01T01:28:17.601+0000] {dag.py:4180} INFO - Setting next_dagrun for example_subdag_operator.section-1 to None, run_after=None
[2024-11-01T01:28:17.602+0000] {logging_mixin.py:190} INFO - [2024-11-01T01:28:17.602+0000] {dag.py:4180} INFO - Setting next_dagrun for example_subdag_operator.section-2 to None, run_after=None
[2024-11-01T01:28:17.605+0000] {processor.py:208} INFO - Processing /home/airflow/.local/lib/python3.12/site-packages/airflow/example_dags/example_subdag_operator.py took 0.044 seconds
[2024-11-01T01:28:48.335+0000] {processor.py:186} INFO - Started process (PID=419) to work on /home/airflow/.local/lib/python3.12/site-packages/airflow/example_dags/example_subdag_operator.py
[2024-11-01T01:28:48.339+0000] {processor.py:914} INFO - Processing file /home/airflow/.local/lib/python3.12/site-packages/airflow/example_dags/example_subdag_operator.py for tasks to queue
[2024-11-01T01:28:48.340+0000] {logging_mixin.py:190} INFO - [2024-11-01T01:28:48.340+0000] {dagbag.py:588} INFO - Filling up the DagBag from /home/airflow/.local/lib/python3.12/site-packages/airflow/example_dags/example_subdag_operator.py
[2024-11-01T01:28:48.351+0000] {processor.py:925} INFO - DAG(s) 'example_subdag_operator.section-1', 'example_subdag_operator.section-2', 'example_subdag_operator' retrieved from /home/airflow/.local/lib/python3.12/site-packages/airflow/example_dags/example_subdag_operator.py
[2024-11-01T01:28:48.357+0000] {logging_mixin.py:190} INFO - [2024-11-01T01:28:48.357+0000] {dag.py:3239} INFO - Sync 3 DAGs
[2024-11-01T01:28:48.367+0000] {logging_mixin.py:190} INFO - [2024-11-01T01:28:48.367+0000] {dag.py:4180} INFO - Setting next_dagrun for example_subdag_operator to 2022-01-01 00:00:00+00:00, run_after=2022-01-01 00:00:00+00:00
[2024-11-01T01:28:48.369+0000] {logging_mixin.py:190} INFO - [2024-11-01T01:28:48.369+0000] {dag.py:4180} INFO - Setting next_dagrun for example_subdag_operator.section-1 to None, run_after=None
[2024-11-01T01:28:48.370+0000] {logging_mixin.py:190} INFO - [2024-11-01T01:28:48.370+0000] {dag.py:4180} INFO - Setting next_dagrun for example_subdag_operator.section-2 to None, run_after=None
[2024-11-01T01:28:48.373+0000] {logging_mixin.py:190} INFO - [2024-11-01T01:28:48.372+0000] {dag.py:3239} INFO - Sync 2 DAGs
[2024-11-01T01:28:48.374+0000] {logging_mixin.py:190} INFO - [2024-11-01T01:28:48.374+0000] {dag.py:4180} INFO - Setting next_dagrun for example_subdag_operator.section-1 to None, run_after=None
[2024-11-01T01:28:48.374+0000] {logging_mixin.py:190} INFO - [2024-11-01T01:28:48.374+0000] {dag.py:4180} INFO - Setting next_dagrun for example_subdag_operator.section-2 to None, run_after=None
[2024-11-01T01:28:48.377+0000] {processor.py:208} INFO - Processing /home/airflow/.local/lib/python3.12/site-packages/airflow/example_dags/example_subdag_operator.py took 0.045 seconds
[2024-11-01T01:29:19.143+0000] {processor.py:186} INFO - Started process (PID=483) to work on /home/airflow/.local/lib/python3.12/site-packages/airflow/example_dags/example_subdag_operator.py
[2024-11-01T01:29:19.145+0000] {processor.py:914} INFO - Processing file /home/airflow/.local/lib/python3.12/site-packages/airflow/example_dags/example_subdag_operator.py for tasks to queue
[2024-11-01T01:29:19.147+0000] {logging_mixin.py:190} INFO - [2024-11-01T01:29:19.147+0000] {dagbag.py:588} INFO - Filling up the DagBag from /home/airflow/.local/lib/python3.12/site-packages/airflow/example_dags/example_subdag_operator.py
[2024-11-01T01:29:19.158+0000] {processor.py:925} INFO - DAG(s) 'example_subdag_operator.section-1', 'example_subdag_operator.section-2', 'example_subdag_operator' retrieved from /home/airflow/.local/lib/python3.12/site-packages/airflow/example_dags/example_subdag_operator.py
[2024-11-01T01:29:19.166+0000] {logging_mixin.py:190} INFO - [2024-11-01T01:29:19.166+0000] {dag.py:3239} INFO - Sync 3 DAGs
[2024-11-01T01:29:19.174+0000] {logging_mixin.py:190} INFO - [2024-11-01T01:29:19.174+0000] {dag.py:4180} INFO - Setting next_dagrun for example_subdag_operator to 2022-01-01 00:00:00+00:00, run_after=2022-01-01 00:00:00+00:00
[2024-11-01T01:29:19.177+0000] {logging_mixin.py:190} INFO - [2024-11-01T01:29:19.176+0000] {dag.py:4180} INFO - Setting next_dagrun for example_subdag_operator.section-1 to None, run_after=None
[2024-11-01T01:29:19.177+0000] {logging_mixin.py:190} INFO - [2024-11-01T01:29:19.177+0000] {dag.py:4180} INFO - Setting next_dagrun for example_subdag_operator.section-2 to None, run_after=None
[2024-11-01T01:29:19.181+0000] {logging_mixin.py:190} INFO - [2024-11-01T01:29:19.181+0000] {dag.py:3239} INFO - Sync 2 DAGs
[2024-11-01T01:29:19.182+0000] {logging_mixin.py:190} INFO - [2024-11-01T01:29:19.182+0000] {dag.py:4180} INFO - Setting next_dagrun for example_subdag_operator.section-1 to None, run_after=None
[2024-11-01T01:29:19.183+0000] {logging_mixin.py:190} INFO - [2024-11-01T01:29:19.183+0000] {dag.py:4180} INFO - Setting next_dagrun for example_subdag_operator.section-2 to None, run_after=None
[2024-11-01T01:29:19.186+0000] {processor.py:208} INFO - Processing /home/airflow/.local/lib/python3.12/site-packages/airflow/example_dags/example_subdag_operator.py took 0.045 seconds
