[2024-11-01T01:26:13.688+0000] {processor.py:186} INFO - Started process (PID=92) to work on /home/airflow/.local/lib/python3.12/site-packages/airflow/example_dags/example_params_ui_tutorial.py
[2024-11-01T01:26:13.689+0000] {processor.py:914} INFO - Processing file /home/airflow/.local/lib/python3.12/site-packages/airflow/example_dags/example_params_ui_tutorial.py for tasks to queue
[2024-11-01T01:26:13.690+0000] {logging_mixin.py:190} INFO - [2024-11-01T01:26:13.690+0000] {dagbag.py:588} INFO - Filling up the DagBag from /home/airflow/.local/lib/python3.12/site-packages/airflow/example_dags/example_params_ui_tutorial.py
[2024-11-01T01:26:13.695+0000] {processor.py:925} INFO - DAG(s) 'example_params_ui_tutorial' retrieved from /home/airflow/.local/lib/python3.12/site-packages/airflow/example_dags/example_params_ui_tutorial.py
[2024-11-01T01:26:13.742+0000] {logging_mixin.py:190} INFO - [2024-11-01T01:26:13.741+0000] {override.py:1900} INFO - Created Permission View: can delete on DAG:example_params_ui_tutorial
[2024-11-01T01:26:13.748+0000] {logging_mixin.py:190} INFO - [2024-11-01T01:26:13.748+0000] {override.py:1900} INFO - Created Permission View: can read on DAG:example_params_ui_tutorial
[2024-11-01T01:26:13.752+0000] {logging_mixin.py:190} INFO - [2024-11-01T01:26:13.752+0000] {override.py:1900} INFO - Created Permission View: can edit on DAG:example_params_ui_tutorial
[2024-11-01T01:26:13.755+0000] {logging_mixin.py:190} INFO - [2024-11-01T01:26:13.755+0000] {override.py:1900} INFO - Created Permission View: can create on DAG Run:example_params_ui_tutorial
[2024-11-01T01:26:13.758+0000] {logging_mixin.py:190} INFO - [2024-11-01T01:26:13.758+0000] {override.py:1900} INFO - Created Permission View: menu access on DAG Run:example_params_ui_tutorial
[2024-11-01T01:26:13.762+0000] {logging_mixin.py:190} INFO - [2024-11-01T01:26:13.761+0000] {override.py:1900} INFO - Created Permission View: can read on DAG Run:example_params_ui_tutorial
[2024-11-01T01:26:13.764+0000] {logging_mixin.py:190} INFO - [2024-11-01T01:26:13.764+0000] {override.py:1900} INFO - Created Permission View: can delete on DAG Run:example_params_ui_tutorial
[2024-11-01T01:26:13.765+0000] {logging_mixin.py:190} INFO - [2024-11-01T01:26:13.765+0000] {dag.py:3239} INFO - Sync 1 DAGs
[2024-11-01T01:26:13.770+0000] {logging_mixin.py:190} INFO - [2024-11-01T01:26:13.770+0000] {dag.py:3262} INFO - Creating ORM DAG for example_params_ui_tutorial
[2024-11-01T01:26:13.770+0000] {logging_mixin.py:190} INFO - [2024-11-01T01:26:13.770+0000] {dag.py:4180} INFO - Setting next_dagrun for example_params_ui_tutorial to None, run_after=None
[2024-11-01T01:26:13.776+0000] {processor.py:208} INFO - Processing /home/airflow/.local/lib/python3.12/site-packages/airflow/example_dags/example_params_ui_tutorial.py took 0.090 seconds
[2024-11-01T01:26:43.853+0000] {processor.py:186} INFO - Started process (PID=156) to work on /home/airflow/.local/lib/python3.12/site-packages/airflow/example_dags/example_params_ui_tutorial.py
[2024-11-01T01:26:43.855+0000] {processor.py:914} INFO - Processing file /home/airflow/.local/lib/python3.12/site-packages/airflow/example_dags/example_params_ui_tutorial.py for tasks to queue
[2024-11-01T01:26:43.857+0000] {logging_mixin.py:190} INFO - [2024-11-01T01:26:43.857+0000] {dagbag.py:588} INFO - Filling up the DagBag from /home/airflow/.local/lib/python3.12/site-packages/airflow/example_dags/example_params_ui_tutorial.py
[2024-11-01T01:26:43.861+0000] {processor.py:925} INFO - DAG(s) 'example_params_ui_tutorial' retrieved from /home/airflow/.local/lib/python3.12/site-packages/airflow/example_dags/example_params_ui_tutorial.py
[2024-11-01T01:26:43.878+0000] {logging_mixin.py:190} INFO - [2024-11-01T01:26:43.878+0000] {dag.py:3239} INFO - Sync 1 DAGs
[2024-11-01T01:26:43.884+0000] {logging_mixin.py:190} INFO - [2024-11-01T01:26:43.883+0000] {dag.py:4180} INFO - Setting next_dagrun for example_params_ui_tutorial to None, run_after=None
[2024-11-01T01:26:43.890+0000] {processor.py:208} INFO - Processing /home/airflow/.local/lib/python3.12/site-packages/airflow/example_dags/example_params_ui_tutorial.py took 0.040 seconds
[2024-11-01T01:27:14.635+0000] {processor.py:186} INFO - Started process (PID=220) to work on /home/airflow/.local/lib/python3.12/site-packages/airflow/example_dags/example_params_ui_tutorial.py
[2024-11-01T01:27:14.636+0000] {processor.py:914} INFO - Processing file /home/airflow/.local/lib/python3.12/site-packages/airflow/example_dags/example_params_ui_tutorial.py for tasks to queue
[2024-11-01T01:27:14.637+0000] {logging_mixin.py:190} INFO - [2024-11-01T01:27:14.637+0000] {dagbag.py:588} INFO - Filling up the DagBag from /home/airflow/.local/lib/python3.12/site-packages/airflow/example_dags/example_params_ui_tutorial.py
[2024-11-01T01:27:14.641+0000] {processor.py:925} INFO - DAG(s) 'example_params_ui_tutorial' retrieved from /home/airflow/.local/lib/python3.12/site-packages/airflow/example_dags/example_params_ui_tutorial.py
[2024-11-01T01:27:14.659+0000] {logging_mixin.py:190} INFO - [2024-11-01T01:27:14.659+0000] {dag.py:3239} INFO - Sync 1 DAGs
[2024-11-01T01:27:14.667+0000] {logging_mixin.py:190} INFO - [2024-11-01T01:27:14.667+0000] {dag.py:4180} INFO - Setting next_dagrun for example_params_ui_tutorial to None, run_after=None
[2024-11-01T01:27:14.677+0000] {processor.py:208} INFO - Processing /home/airflow/.local/lib/python3.12/site-packages/airflow/example_dags/example_params_ui_tutorial.py took 0.045 seconds
[2024-11-01T01:27:45.511+0000] {processor.py:186} INFO - Started process (PID=284) to work on /home/airflow/.local/lib/python3.12/site-packages/airflow/example_dags/example_params_ui_tutorial.py
[2024-11-01T01:27:45.511+0000] {processor.py:914} INFO - Processing file /home/airflow/.local/lib/python3.12/site-packages/airflow/example_dags/example_params_ui_tutorial.py for tasks to queue
[2024-11-01T01:27:45.513+0000] {logging_mixin.py:190} INFO - [2024-11-01T01:27:45.513+0000] {dagbag.py:588} INFO - Filling up the DagBag from /home/airflow/.local/lib/python3.12/site-packages/airflow/example_dags/example_params_ui_tutorial.py
[2024-11-01T01:27:45.517+0000] {processor.py:925} INFO - DAG(s) 'example_params_ui_tutorial' retrieved from /home/airflow/.local/lib/python3.12/site-packages/airflow/example_dags/example_params_ui_tutorial.py
[2024-11-01T01:27:45.533+0000] {logging_mixin.py:190} INFO - [2024-11-01T01:27:45.533+0000] {dag.py:3239} INFO - Sync 1 DAGs
[2024-11-01T01:27:45.538+0000] {logging_mixin.py:190} INFO - [2024-11-01T01:27:45.538+0000] {dag.py:4180} INFO - Setting next_dagrun for example_params_ui_tutorial to None, run_after=None
[2024-11-01T01:27:45.548+0000] {processor.py:208} INFO - Processing /home/airflow/.local/lib/python3.12/site-packages/airflow/example_dags/example_params_ui_tutorial.py took 0.040 seconds
[2024-11-01T01:28:16.379+0000] {processor.py:186} INFO - Started process (PID=347) to work on /home/airflow/.local/lib/python3.12/site-packages/airflow/example_dags/example_params_ui_tutorial.py
[2024-11-01T01:28:16.379+0000] {processor.py:914} INFO - Processing file /home/airflow/.local/lib/python3.12/site-packages/airflow/example_dags/example_params_ui_tutorial.py for tasks to queue
[2024-11-01T01:28:16.380+0000] {logging_mixin.py:190} INFO - [2024-11-01T01:28:16.380+0000] {dagbag.py:588} INFO - Filling up the DagBag from /home/airflow/.local/lib/python3.12/site-packages/airflow/example_dags/example_params_ui_tutorial.py
[2024-11-01T01:28:16.383+0000] {processor.py:925} INFO - DAG(s) 'example_params_ui_tutorial' retrieved from /home/airflow/.local/lib/python3.12/site-packages/airflow/example_dags/example_params_ui_tutorial.py
[2024-11-01T01:28:16.398+0000] {logging_mixin.py:190} INFO - [2024-11-01T01:28:16.398+0000] {dag.py:3239} INFO - Sync 1 DAGs
[2024-11-01T01:28:16.404+0000] {logging_mixin.py:190} INFO - [2024-11-01T01:28:16.404+0000] {dag.py:4180} INFO - Setting next_dagrun for example_params_ui_tutorial to None, run_after=None
[2024-11-01T01:28:16.412+0000] {processor.py:208} INFO - Processing /home/airflow/.local/lib/python3.12/site-packages/airflow/example_dags/example_params_ui_tutorial.py took 0.036 seconds
[2024-11-01T01:28:47.114+0000] {processor.py:186} INFO - Started process (PID=411) to work on /home/airflow/.local/lib/python3.12/site-packages/airflow/example_dags/example_params_ui_tutorial.py
[2024-11-01T01:28:47.115+0000] {processor.py:914} INFO - Processing file /home/airflow/.local/lib/python3.12/site-packages/airflow/example_dags/example_params_ui_tutorial.py for tasks to queue
[2024-11-01T01:28:47.116+0000] {logging_mixin.py:190} INFO - [2024-11-01T01:28:47.116+0000] {dagbag.py:588} INFO - Filling up the DagBag from /home/airflow/.local/lib/python3.12/site-packages/airflow/example_dags/example_params_ui_tutorial.py
[2024-11-01T01:28:47.121+0000] {processor.py:925} INFO - DAG(s) 'example_params_ui_tutorial' retrieved from /home/airflow/.local/lib/python3.12/site-packages/airflow/example_dags/example_params_ui_tutorial.py
[2024-11-01T01:28:47.143+0000] {logging_mixin.py:190} INFO - [2024-11-01T01:28:47.142+0000] {dag.py:3239} INFO - Sync 1 DAGs
[2024-11-01T01:28:47.149+0000] {logging_mixin.py:190} INFO - [2024-11-01T01:28:47.149+0000] {dag.py:4180} INFO - Setting next_dagrun for example_params_ui_tutorial to None, run_after=None
[2024-11-01T01:28:47.156+0000] {processor.py:208} INFO - Processing /home/airflow/.local/lib/python3.12/site-packages/airflow/example_dags/example_params_ui_tutorial.py took 0.045 seconds
[2024-11-01T01:29:17.938+0000] {processor.py:186} INFO - Started process (PID=475) to work on /home/airflow/.local/lib/python3.12/site-packages/airflow/example_dags/example_params_ui_tutorial.py
[2024-11-01T01:29:17.940+0000] {processor.py:914} INFO - Processing file /home/airflow/.local/lib/python3.12/site-packages/airflow/example_dags/example_params_ui_tutorial.py for tasks to queue
[2024-11-01T01:29:17.943+0000] {logging_mixin.py:190} INFO - [2024-11-01T01:29:17.943+0000] {dagbag.py:588} INFO - Filling up the DagBag from /home/airflow/.local/lib/python3.12/site-packages/airflow/example_dags/example_params_ui_tutorial.py
[2024-11-01T01:29:17.947+0000] {processor.py:925} INFO - DAG(s) 'example_params_ui_tutorial' retrieved from /home/airflow/.local/lib/python3.12/site-packages/airflow/example_dags/example_params_ui_tutorial.py
[2024-11-01T01:29:17.964+0000] {logging_mixin.py:190} INFO - [2024-11-01T01:29:17.964+0000] {dag.py:3239} INFO - Sync 1 DAGs
[2024-11-01T01:29:17.970+0000] {logging_mixin.py:190} INFO - [2024-11-01T01:29:17.970+0000] {dag.py:4180} INFO - Setting next_dagrun for example_params_ui_tutorial to None, run_after=None
[2024-11-01T01:29:17.978+0000] {processor.py:208} INFO - Processing /home/airflow/.local/lib/python3.12/site-packages/airflow/example_dags/example_params_ui_tutorial.py took 0.043 seconds
