[2024-11-01T01:26:13.583+0000] {processor.py:186} INFO - Started process (PID=90) to work on /home/airflow/.local/lib/python3.12/site-packages/airflow/example_dags/example_task_group.py
[2024-11-01T01:26:13.583+0000] {processor.py:914} INFO - Processing file /home/airflow/.local/lib/python3.12/site-packages/airflow/example_dags/example_task_group.py for tasks to queue
[2024-11-01T01:26:13.585+0000] {logging_mixin.py:190} INFO - [2024-11-01T01:26:13.584+0000] {dagbag.py:588} INFO - Filling up the DagBag from /home/airflow/.local/lib/python3.12/site-packages/airflow/example_dags/example_task_group.py
[2024-11-01T01:26:13.590+0000] {processor.py:925} INFO - DAG(s) 'example_task_group' retrieved from /home/airflow/.local/lib/python3.12/site-packages/airflow/example_dags/example_task_group.py
[2024-11-01T01:26:13.638+0000] {logging_mixin.py:190} INFO - [2024-11-01T01:26:13.638+0000] {override.py:1900} INFO - Created Permission View: can delete on DAG:example_task_group
[2024-11-01T01:26:13.644+0000] {logging_mixin.py:190} INFO - [2024-11-01T01:26:13.644+0000] {override.py:1900} INFO - Created Permission View: can read on DAG:example_task_group
[2024-11-01T01:26:13.648+0000] {logging_mixin.py:190} INFO - [2024-11-01T01:26:13.648+0000] {override.py:1900} INFO - Created Permission View: can edit on DAG:example_task_group
[2024-11-01T01:26:13.651+0000] {logging_mixin.py:190} INFO - [2024-11-01T01:26:13.651+0000] {override.py:1900} INFO - Created Permission View: can create on DAG Run:example_task_group
[2024-11-01T01:26:13.654+0000] {logging_mixin.py:190} INFO - [2024-11-01T01:26:13.654+0000] {override.py:1900} INFO - Created Permission View: menu access on DAG Run:example_task_group
[2024-11-01T01:26:13.656+0000] {logging_mixin.py:190} INFO - [2024-11-01T01:26:13.656+0000] {override.py:1900} INFO - Created Permission View: can read on DAG Run:example_task_group
[2024-11-01T01:26:13.658+0000] {logging_mixin.py:190} INFO - [2024-11-01T01:26:13.658+0000] {override.py:1900} INFO - Created Permission View: can delete on DAG Run:example_task_group
[2024-11-01T01:26:13.658+0000] {logging_mixin.py:190} INFO - [2024-11-01T01:26:13.658+0000] {dag.py:3239} INFO - Sync 1 DAGs
[2024-11-01T01:26:13.664+0000] {logging_mixin.py:190} INFO - [2024-11-01T01:26:13.664+0000] {dag.py:3262} INFO - Creating ORM DAG for example_task_group
[2024-11-01T01:26:13.664+0000] {logging_mixin.py:190} INFO - [2024-11-01T01:26:13.664+0000] {dag.py:4180} INFO - Setting next_dagrun for example_task_group to None, run_after=None
[2024-11-01T01:26:13.671+0000] {processor.py:208} INFO - Processing /home/airflow/.local/lib/python3.12/site-packages/airflow/example_dags/example_task_group.py took 0.091 seconds
[2024-11-01T01:26:43.810+0000] {processor.py:186} INFO - Started process (PID=154) to work on /home/airflow/.local/lib/python3.12/site-packages/airflow/example_dags/example_task_group.py
[2024-11-01T01:26:43.812+0000] {processor.py:914} INFO - Processing file /home/airflow/.local/lib/python3.12/site-packages/airflow/example_dags/example_task_group.py for tasks to queue
[2024-11-01T01:26:43.813+0000] {logging_mixin.py:190} INFO - [2024-11-01T01:26:43.813+0000] {dagbag.py:588} INFO - Filling up the DagBag from /home/airflow/.local/lib/python3.12/site-packages/airflow/example_dags/example_task_group.py
[2024-11-01T01:26:43.817+0000] {processor.py:925} INFO - DAG(s) 'example_task_group' retrieved from /home/airflow/.local/lib/python3.12/site-packages/airflow/example_dags/example_task_group.py
[2024-11-01T01:26:43.828+0000] {logging_mixin.py:190} INFO - [2024-11-01T01:26:43.828+0000] {dag.py:3239} INFO - Sync 1 DAGs
[2024-11-01T01:26:43.833+0000] {logging_mixin.py:190} INFO - [2024-11-01T01:26:43.833+0000] {dag.py:4180} INFO - Setting next_dagrun for example_task_group to None, run_after=None
[2024-11-01T01:26:43.840+0000] {processor.py:208} INFO - Processing /home/airflow/.local/lib/python3.12/site-packages/airflow/example_dags/example_task_group.py took 0.032 seconds
[2024-11-01T01:27:14.584+0000] {processor.py:186} INFO - Started process (PID=218) to work on /home/airflow/.local/lib/python3.12/site-packages/airflow/example_dags/example_task_group.py
[2024-11-01T01:27:14.586+0000] {processor.py:914} INFO - Processing file /home/airflow/.local/lib/python3.12/site-packages/airflow/example_dags/example_task_group.py for tasks to queue
[2024-11-01T01:27:14.588+0000] {logging_mixin.py:190} INFO - [2024-11-01T01:27:14.587+0000] {dagbag.py:588} INFO - Filling up the DagBag from /home/airflow/.local/lib/python3.12/site-packages/airflow/example_dags/example_task_group.py
[2024-11-01T01:27:14.591+0000] {processor.py:925} INFO - DAG(s) 'example_task_group' retrieved from /home/airflow/.local/lib/python3.12/site-packages/airflow/example_dags/example_task_group.py
[2024-11-01T01:27:14.601+0000] {logging_mixin.py:190} INFO - [2024-11-01T01:27:14.601+0000] {dag.py:3239} INFO - Sync 1 DAGs
[2024-11-01T01:27:14.608+0000] {logging_mixin.py:190} INFO - [2024-11-01T01:27:14.607+0000] {dag.py:4180} INFO - Setting next_dagrun for example_task_group to None, run_after=None
[2024-11-01T01:27:14.619+0000] {processor.py:208} INFO - Processing /home/airflow/.local/lib/python3.12/site-packages/airflow/example_dags/example_task_group.py took 0.038 seconds
[2024-11-01T01:27:45.467+0000] {processor.py:186} INFO - Started process (PID=282) to work on /home/airflow/.local/lib/python3.12/site-packages/airflow/example_dags/example_task_group.py
[2024-11-01T01:27:45.467+0000] {processor.py:914} INFO - Processing file /home/airflow/.local/lib/python3.12/site-packages/airflow/example_dags/example_task_group.py for tasks to queue
[2024-11-01T01:27:45.468+0000] {logging_mixin.py:190} INFO - [2024-11-01T01:27:45.468+0000] {dagbag.py:588} INFO - Filling up the DagBag from /home/airflow/.local/lib/python3.12/site-packages/airflow/example_dags/example_task_group.py
[2024-11-01T01:27:45.472+0000] {processor.py:925} INFO - DAG(s) 'example_task_group' retrieved from /home/airflow/.local/lib/python3.12/site-packages/airflow/example_dags/example_task_group.py
[2024-11-01T01:27:45.480+0000] {logging_mixin.py:190} INFO - [2024-11-01T01:27:45.480+0000] {dag.py:3239} INFO - Sync 1 DAGs
[2024-11-01T01:27:45.486+0000] {logging_mixin.py:190} INFO - [2024-11-01T01:27:45.486+0000] {dag.py:4180} INFO - Setting next_dagrun for example_task_group to None, run_after=None
[2024-11-01T01:27:45.497+0000] {processor.py:208} INFO - Processing /home/airflow/.local/lib/python3.12/site-packages/airflow/example_dags/example_task_group.py took 0.033 seconds
[2024-11-01T01:28:16.339+0000] {processor.py:186} INFO - Started process (PID=345) to work on /home/airflow/.local/lib/python3.12/site-packages/airflow/example_dags/example_task_group.py
[2024-11-01T01:28:16.340+0000] {processor.py:914} INFO - Processing file /home/airflow/.local/lib/python3.12/site-packages/airflow/example_dags/example_task_group.py for tasks to queue
[2024-11-01T01:28:16.340+0000] {logging_mixin.py:190} INFO - [2024-11-01T01:28:16.340+0000] {dagbag.py:588} INFO - Filling up the DagBag from /home/airflow/.local/lib/python3.12/site-packages/airflow/example_dags/example_task_group.py
[2024-11-01T01:28:16.344+0000] {processor.py:925} INFO - DAG(s) 'example_task_group' retrieved from /home/airflow/.local/lib/python3.12/site-packages/airflow/example_dags/example_task_group.py
[2024-11-01T01:28:16.352+0000] {logging_mixin.py:190} INFO - [2024-11-01T01:28:16.352+0000] {dag.py:3239} INFO - Sync 1 DAGs
[2024-11-01T01:28:16.357+0000] {logging_mixin.py:190} INFO - [2024-11-01T01:28:16.357+0000] {dag.py:4180} INFO - Setting next_dagrun for example_task_group to None, run_after=None
[2024-11-01T01:28:16.366+0000] {processor.py:208} INFO - Processing /home/airflow/.local/lib/python3.12/site-packages/airflow/example_dags/example_task_group.py took 0.030 seconds
[2024-11-01T01:28:47.068+0000] {processor.py:186} INFO - Started process (PID=409) to work on /home/airflow/.local/lib/python3.12/site-packages/airflow/example_dags/example_task_group.py
[2024-11-01T01:28:47.069+0000] {processor.py:914} INFO - Processing file /home/airflow/.local/lib/python3.12/site-packages/airflow/example_dags/example_task_group.py for tasks to queue
[2024-11-01T01:28:47.070+0000] {logging_mixin.py:190} INFO - [2024-11-01T01:28:47.070+0000] {dagbag.py:588} INFO - Filling up the DagBag from /home/airflow/.local/lib/python3.12/site-packages/airflow/example_dags/example_task_group.py
[2024-11-01T01:28:47.073+0000] {processor.py:925} INFO - DAG(s) 'example_task_group' retrieved from /home/airflow/.local/lib/python3.12/site-packages/airflow/example_dags/example_task_group.py
[2024-11-01T01:28:47.084+0000] {logging_mixin.py:190} INFO - [2024-11-01T01:28:47.084+0000] {dag.py:3239} INFO - Sync 1 DAGs
[2024-11-01T01:28:47.090+0000] {logging_mixin.py:190} INFO - [2024-11-01T01:28:47.090+0000] {dag.py:4180} INFO - Setting next_dagrun for example_task_group to None, run_after=None
[2024-11-01T01:28:47.099+0000] {processor.py:208} INFO - Processing /home/airflow/.local/lib/python3.12/site-packages/airflow/example_dags/example_task_group.py took 0.034 seconds
[2024-11-01T01:29:17.896+0000] {processor.py:186} INFO - Started process (PID=473) to work on /home/airflow/.local/lib/python3.12/site-packages/airflow/example_dags/example_task_group.py
[2024-11-01T01:29:17.899+0000] {processor.py:914} INFO - Processing file /home/airflow/.local/lib/python3.12/site-packages/airflow/example_dags/example_task_group.py for tasks to queue
[2024-11-01T01:29:17.900+0000] {logging_mixin.py:190} INFO - [2024-11-01T01:29:17.900+0000] {dagbag.py:588} INFO - Filling up the DagBag from /home/airflow/.local/lib/python3.12/site-packages/airflow/example_dags/example_task_group.py
[2024-11-01T01:29:17.904+0000] {processor.py:925} INFO - DAG(s) 'example_task_group' retrieved from /home/airflow/.local/lib/python3.12/site-packages/airflow/example_dags/example_task_group.py
[2024-11-01T01:29:17.916+0000] {logging_mixin.py:190} INFO - [2024-11-01T01:29:17.916+0000] {dag.py:3239} INFO - Sync 1 DAGs
[2024-11-01T01:29:17.921+0000] {logging_mixin.py:190} INFO - [2024-11-01T01:29:17.921+0000] {dag.py:4180} INFO - Setting next_dagrun for example_task_group to None, run_after=None
[2024-11-01T01:29:17.927+0000] {processor.py:208} INFO - Processing /home/airflow/.local/lib/python3.12/site-packages/airflow/example_dags/example_task_group.py took 0.034 seconds
