[2024-11-01T01:26:13.335+0000] {processor.py:186} INFO - Started process (PID=85) to work on /home/airflow/.local/lib/python3.12/site-packages/airflow/example_dags/example_python_operator.py
[2024-11-01T01:26:13.336+0000] {processor.py:914} INFO - Processing file /home/airflow/.local/lib/python3.12/site-packages/airflow/example_dags/example_python_operator.py for tasks to queue
[2024-11-01T01:26:13.337+0000] {logging_mixin.py:190} INFO - [2024-11-01T01:26:13.337+0000] {dagbag.py:588} INFO - Filling up the DagBag from /home/airflow/.local/lib/python3.12/site-packages/airflow/example_dags/example_python_operator.py
[2024-11-01T01:26:13.343+0000] {processor.py:925} INFO - DAG(s) 'example_python_operator' retrieved from /home/airflow/.local/lib/python3.12/site-packages/airflow/example_dags/example_python_operator.py
[2024-11-01T01:26:13.387+0000] {logging_mixin.py:190} INFO - [2024-11-01T01:26:13.387+0000] {override.py:1900} INFO - Created Permission View: can delete on DAG:example_python_operator
[2024-11-01T01:26:13.393+0000] {logging_mixin.py:190} INFO - [2024-11-01T01:26:13.393+0000] {override.py:1900} INFO - Created Permission View: can read on DAG:example_python_operator
[2024-11-01T01:26:13.397+0000] {logging_mixin.py:190} INFO - [2024-11-01T01:26:13.396+0000] {override.py:1900} INFO - Created Permission View: can edit on DAG:example_python_operator
[2024-11-01T01:26:13.399+0000] {logging_mixin.py:190} INFO - [2024-11-01T01:26:13.399+0000] {override.py:1900} INFO - Created Permission View: can create on DAG Run:example_python_operator
[2024-11-01T01:26:13.404+0000] {logging_mixin.py:190} INFO - [2024-11-01T01:26:13.403+0000] {override.py:1900} INFO - Created Permission View: menu access on DAG Run:example_python_operator
[2024-11-01T01:26:13.412+0000] {logging_mixin.py:190} INFO - [2024-11-01T01:26:13.412+0000] {override.py:1900} INFO - Created Permission View: can read on DAG Run:example_python_operator
[2024-11-01T01:26:13.414+0000] {logging_mixin.py:190} INFO - [2024-11-01T01:26:13.414+0000] {override.py:1900} INFO - Created Permission View: can delete on DAG Run:example_python_operator
[2024-11-01T01:26:13.415+0000] {logging_mixin.py:190} INFO - [2024-11-01T01:26:13.415+0000] {dag.py:3239} INFO - Sync 1 DAGs
[2024-11-01T01:26:13.421+0000] {logging_mixin.py:190} INFO - [2024-11-01T01:26:13.421+0000] {dag.py:3262} INFO - Creating ORM DAG for example_python_operator
[2024-11-01T01:26:13.422+0000] {logging_mixin.py:190} INFO - [2024-11-01T01:26:13.422+0000] {dag.py:4180} INFO - Setting next_dagrun for example_python_operator to None, run_after=None
[2024-11-01T01:26:13.429+0000] {processor.py:208} INFO - Processing /home/airflow/.local/lib/python3.12/site-packages/airflow/example_dags/example_python_operator.py took 0.097 seconds
[2024-11-01T01:26:43.701+0000] {processor.py:186} INFO - Started process (PID=149) to work on /home/airflow/.local/lib/python3.12/site-packages/airflow/example_dags/example_python_operator.py
[2024-11-01T01:26:43.701+0000] {processor.py:914} INFO - Processing file /home/airflow/.local/lib/python3.12/site-packages/airflow/example_dags/example_python_operator.py for tasks to queue
[2024-11-01T01:26:43.702+0000] {logging_mixin.py:190} INFO - [2024-11-01T01:26:43.702+0000] {dagbag.py:588} INFO - Filling up the DagBag from /home/airflow/.local/lib/python3.12/site-packages/airflow/example_dags/example_python_operator.py
[2024-11-01T01:26:43.707+0000] {processor.py:925} INFO - DAG(s) 'example_python_operator' retrieved from /home/airflow/.local/lib/python3.12/site-packages/airflow/example_dags/example_python_operator.py
[2024-11-01T01:26:43.715+0000] {logging_mixin.py:190} INFO - [2024-11-01T01:26:43.715+0000] {dag.py:3239} INFO - Sync 1 DAGs
[2024-11-01T01:26:43.720+0000] {logging_mixin.py:190} INFO - [2024-11-01T01:26:43.720+0000] {dag.py:4180} INFO - Setting next_dagrun for example_python_operator to None, run_after=None
[2024-11-01T01:26:43.727+0000] {processor.py:208} INFO - Processing /home/airflow/.local/lib/python3.12/site-packages/airflow/example_dags/example_python_operator.py took 0.028 seconds
[2024-11-01T01:27:14.451+0000] {processor.py:186} INFO - Started process (PID=213) to work on /home/airflow/.local/lib/python3.12/site-packages/airflow/example_dags/example_python_operator.py
[2024-11-01T01:27:14.452+0000] {processor.py:914} INFO - Processing file /home/airflow/.local/lib/python3.12/site-packages/airflow/example_dags/example_python_operator.py for tasks to queue
[2024-11-01T01:27:14.454+0000] {logging_mixin.py:190} INFO - [2024-11-01T01:27:14.453+0000] {dagbag.py:588} INFO - Filling up the DagBag from /home/airflow/.local/lib/python3.12/site-packages/airflow/example_dags/example_python_operator.py
[2024-11-01T01:27:14.459+0000] {processor.py:925} INFO - DAG(s) 'example_python_operator' retrieved from /home/airflow/.local/lib/python3.12/site-packages/airflow/example_dags/example_python_operator.py
[2024-11-01T01:27:14.469+0000] {logging_mixin.py:190} INFO - [2024-11-01T01:27:14.469+0000] {dag.py:3239} INFO - Sync 1 DAGs
[2024-11-01T01:27:14.475+0000] {logging_mixin.py:190} INFO - [2024-11-01T01:27:14.475+0000] {dag.py:4180} INFO - Setting next_dagrun for example_python_operator to None, run_after=None
[2024-11-01T01:27:14.484+0000] {processor.py:208} INFO - Processing /home/airflow/.local/lib/python3.12/site-packages/airflow/example_dags/example_python_operator.py took 0.036 seconds
[2024-11-01T01:27:45.310+0000] {processor.py:186} INFO - Started process (PID=277) to work on /home/airflow/.local/lib/python3.12/site-packages/airflow/example_dags/example_python_operator.py
[2024-11-01T01:27:45.311+0000] {processor.py:914} INFO - Processing file /home/airflow/.local/lib/python3.12/site-packages/airflow/example_dags/example_python_operator.py for tasks to queue
[2024-11-01T01:27:45.312+0000] {logging_mixin.py:190} INFO - [2024-11-01T01:27:45.312+0000] {dagbag.py:588} INFO - Filling up the DagBag from /home/airflow/.local/lib/python3.12/site-packages/airflow/example_dags/example_python_operator.py
[2024-11-01T01:27:45.317+0000] {processor.py:925} INFO - DAG(s) 'example_python_operator' retrieved from /home/airflow/.local/lib/python3.12/site-packages/airflow/example_dags/example_python_operator.py
[2024-11-01T01:27:45.327+0000] {logging_mixin.py:190} INFO - [2024-11-01T01:27:45.327+0000] {dag.py:3239} INFO - Sync 1 DAGs
[2024-11-01T01:27:45.333+0000] {logging_mixin.py:190} INFO - [2024-11-01T01:27:45.333+0000] {dag.py:4180} INFO - Setting next_dagrun for example_python_operator to None, run_after=None
[2024-11-01T01:27:45.341+0000] {processor.py:208} INFO - Processing /home/airflow/.local/lib/python3.12/site-packages/airflow/example_dags/example_python_operator.py took 0.032 seconds
[2024-11-01T01:28:16.189+0000] {processor.py:186} INFO - Started process (PID=340) to work on /home/airflow/.local/lib/python3.12/site-packages/airflow/example_dags/example_python_operator.py
[2024-11-01T01:28:16.192+0000] {processor.py:914} INFO - Processing file /home/airflow/.local/lib/python3.12/site-packages/airflow/example_dags/example_python_operator.py for tasks to queue
[2024-11-01T01:28:16.194+0000] {logging_mixin.py:190} INFO - [2024-11-01T01:28:16.194+0000] {dagbag.py:588} INFO - Filling up the DagBag from /home/airflow/.local/lib/python3.12/site-packages/airflow/example_dags/example_python_operator.py
[2024-11-01T01:28:16.198+0000] {processor.py:925} INFO - DAG(s) 'example_python_operator' retrieved from /home/airflow/.local/lib/python3.12/site-packages/airflow/example_dags/example_python_operator.py
[2024-11-01T01:28:16.208+0000] {logging_mixin.py:190} INFO - [2024-11-01T01:28:16.207+0000] {dag.py:3239} INFO - Sync 1 DAGs
[2024-11-01T01:28:16.212+0000] {logging_mixin.py:190} INFO - [2024-11-01T01:28:16.212+0000] {dag.py:4180} INFO - Setting next_dagrun for example_python_operator to None, run_after=None
[2024-11-01T01:28:16.221+0000] {processor.py:208} INFO - Processing /home/airflow/.local/lib/python3.12/site-packages/airflow/example_dags/example_python_operator.py took 0.035 seconds
[2024-11-01T01:28:46.940+0000] {processor.py:186} INFO - Started process (PID=404) to work on /home/airflow/.local/lib/python3.12/site-packages/airflow/example_dags/example_python_operator.py
[2024-11-01T01:28:46.941+0000] {processor.py:914} INFO - Processing file /home/airflow/.local/lib/python3.12/site-packages/airflow/example_dags/example_python_operator.py for tasks to queue
[2024-11-01T01:28:46.942+0000] {logging_mixin.py:190} INFO - [2024-11-01T01:28:46.942+0000] {dagbag.py:588} INFO - Filling up the DagBag from /home/airflow/.local/lib/python3.12/site-packages/airflow/example_dags/example_python_operator.py
[2024-11-01T01:28:46.948+0000] {processor.py:925} INFO - DAG(s) 'example_python_operator' retrieved from /home/airflow/.local/lib/python3.12/site-packages/airflow/example_dags/example_python_operator.py
[2024-11-01T01:28:46.958+0000] {logging_mixin.py:190} INFO - [2024-11-01T01:28:46.958+0000] {dag.py:3239} INFO - Sync 1 DAGs
[2024-11-01T01:28:46.965+0000] {logging_mixin.py:190} INFO - [2024-11-01T01:28:46.965+0000] {dag.py:4180} INFO - Setting next_dagrun for example_python_operator to None, run_after=None
[2024-11-01T01:28:46.972+0000] {processor.py:208} INFO - Processing /home/airflow/.local/lib/python3.12/site-packages/airflow/example_dags/example_python_operator.py took 0.034 seconds
[2024-11-01T01:29:17.769+0000] {processor.py:186} INFO - Started process (PID=468) to work on /home/airflow/.local/lib/python3.12/site-packages/airflow/example_dags/example_python_operator.py
[2024-11-01T01:29:17.770+0000] {processor.py:914} INFO - Processing file /home/airflow/.local/lib/python3.12/site-packages/airflow/example_dags/example_python_operator.py for tasks to queue
[2024-11-01T01:29:17.770+0000] {logging_mixin.py:190} INFO - [2024-11-01T01:29:17.770+0000] {dagbag.py:588} INFO - Filling up the DagBag from /home/airflow/.local/lib/python3.12/site-packages/airflow/example_dags/example_python_operator.py
[2024-11-01T01:29:17.776+0000] {processor.py:925} INFO - DAG(s) 'example_python_operator' retrieved from /home/airflow/.local/lib/python3.12/site-packages/airflow/example_dags/example_python_operator.py
[2024-11-01T01:29:17.785+0000] {logging_mixin.py:190} INFO - [2024-11-01T01:29:17.785+0000] {dag.py:3239} INFO - Sync 1 DAGs
[2024-11-01T01:29:17.790+0000] {logging_mixin.py:190} INFO - [2024-11-01T01:29:17.790+0000] {dag.py:4180} INFO - Setting next_dagrun for example_python_operator to None, run_after=None
[2024-11-01T01:29:17.799+0000] {processor.py:208} INFO - Processing /home/airflow/.local/lib/python3.12/site-packages/airflow/example_dags/example_python_operator.py took 0.032 seconds
