[2024-11-01T01:26:12.573+0000] {processor.py:186} INFO - Started process (PID=75) to work on /home/airflow/.local/lib/python3.12/site-packages/airflow/example_dags/example_task_group_decorator.py
[2024-11-01T01:26:12.573+0000] {processor.py:914} INFO - Processing file /home/airflow/.local/lib/python3.12/site-packages/airflow/example_dags/example_task_group_decorator.py for tasks to queue
[2024-11-01T01:26:12.574+0000] {logging_mixin.py:190} INFO - [2024-11-01T01:26:12.574+0000] {dagbag.py:588} INFO - Filling up the DagBag from /home/airflow/.local/lib/python3.12/site-packages/airflow/example_dags/example_task_group_decorator.py
[2024-11-01T01:26:12.581+0000] {processor.py:925} INFO - DAG(s) 'example_task_group_decorator' retrieved from /home/airflow/.local/lib/python3.12/site-packages/airflow/example_dags/example_task_group_decorator.py
[2024-11-01T01:26:12.624+0000] {logging_mixin.py:190} INFO - [2024-11-01T01:26:12.624+0000] {override.py:1900} INFO - Created Permission View: can delete on DAG:example_task_group_decorator
[2024-11-01T01:26:12.628+0000] {logging_mixin.py:190} INFO - [2024-11-01T01:26:12.628+0000] {override.py:1900} INFO - Created Permission View: can read on DAG:example_task_group_decorator
[2024-11-01T01:26:12.631+0000] {logging_mixin.py:190} INFO - [2024-11-01T01:26:12.631+0000] {override.py:1900} INFO - Created Permission View: can edit on DAG:example_task_group_decorator
[2024-11-01T01:26:12.636+0000] {logging_mixin.py:190} INFO - [2024-11-01T01:26:12.636+0000] {override.py:1900} INFO - Created Permission View: can create on DAG Run:example_task_group_decorator
[2024-11-01T01:26:12.641+0000] {logging_mixin.py:190} INFO - [2024-11-01T01:26:12.640+0000] {override.py:1900} INFO - Created Permission View: menu access on DAG Run:example_task_group_decorator
[2024-11-01T01:26:12.643+0000] {logging_mixin.py:190} INFO - [2024-11-01T01:26:12.643+0000] {override.py:1900} INFO - Created Permission View: can read on DAG Run:example_task_group_decorator
[2024-11-01T01:26:12.647+0000] {logging_mixin.py:190} INFO - [2024-11-01T01:26:12.647+0000] {override.py:1900} INFO - Created Permission View: can delete on DAG Run:example_task_group_decorator
[2024-11-01T01:26:12.647+0000] {logging_mixin.py:190} INFO - [2024-11-01T01:26:12.647+0000] {dag.py:3239} INFO - Sync 1 DAGs
[2024-11-01T01:26:12.653+0000] {logging_mixin.py:190} INFO - [2024-11-01T01:26:12.653+0000] {dag.py:3262} INFO - Creating ORM DAG for example_task_group_decorator
[2024-11-01T01:26:12.653+0000] {logging_mixin.py:190} INFO - [2024-11-01T01:26:12.653+0000] {dag.py:4180} INFO - Setting next_dagrun for example_task_group_decorator to None, run_after=None
[2024-11-01T01:26:12.658+0000] {processor.py:208} INFO - Processing /home/airflow/.local/lib/python3.12/site-packages/airflow/example_dags/example_task_group_decorator.py took 0.088 seconds
[2024-11-01T01:26:43.390+0000] {processor.py:186} INFO - Started process (PID=139) to work on /home/airflow/.local/lib/python3.12/site-packages/airflow/example_dags/example_task_group_decorator.py
[2024-11-01T01:26:43.390+0000] {processor.py:914} INFO - Processing file /home/airflow/.local/lib/python3.12/site-packages/airflow/example_dags/example_task_group_decorator.py for tasks to queue
[2024-11-01T01:26:43.391+0000] {logging_mixin.py:190} INFO - [2024-11-01T01:26:43.391+0000] {dagbag.py:588} INFO - Filling up the DagBag from /home/airflow/.local/lib/python3.12/site-packages/airflow/example_dags/example_task_group_decorator.py
[2024-11-01T01:26:43.396+0000] {processor.py:925} INFO - DAG(s) 'example_task_group_decorator' retrieved from /home/airflow/.local/lib/python3.12/site-packages/airflow/example_dags/example_task_group_decorator.py
[2024-11-01T01:26:43.408+0000] {logging_mixin.py:190} INFO - [2024-11-01T01:26:43.408+0000] {dag.py:3239} INFO - Sync 1 DAGs
[2024-11-01T01:26:43.414+0000] {logging_mixin.py:190} INFO - [2024-11-01T01:26:43.414+0000] {dag.py:4180} INFO - Setting next_dagrun for example_task_group_decorator to None, run_after=None
[2024-11-01T01:26:43.422+0000] {processor.py:208} INFO - Processing /home/airflow/.local/lib/python3.12/site-packages/airflow/example_dags/example_task_group_decorator.py took 0.035 seconds
[2024-11-01T01:27:14.123+0000] {processor.py:186} INFO - Started process (PID=203) to work on /home/airflow/.local/lib/python3.12/site-packages/airflow/example_dags/example_task_group_decorator.py
[2024-11-01T01:27:14.124+0000] {processor.py:914} INFO - Processing file /home/airflow/.local/lib/python3.12/site-packages/airflow/example_dags/example_task_group_decorator.py for tasks to queue
[2024-11-01T01:27:14.125+0000] {logging_mixin.py:190} INFO - [2024-11-01T01:27:14.125+0000] {dagbag.py:588} INFO - Filling up the DagBag from /home/airflow/.local/lib/python3.12/site-packages/airflow/example_dags/example_task_group_decorator.py
[2024-11-01T01:27:14.131+0000] {processor.py:925} INFO - DAG(s) 'example_task_group_decorator' retrieved from /home/airflow/.local/lib/python3.12/site-packages/airflow/example_dags/example_task_group_decorator.py
[2024-11-01T01:27:14.145+0000] {logging_mixin.py:190} INFO - [2024-11-01T01:27:14.144+0000] {dag.py:3239} INFO - Sync 1 DAGs
[2024-11-01T01:27:14.150+0000] {logging_mixin.py:190} INFO - [2024-11-01T01:27:14.150+0000] {dag.py:4180} INFO - Setting next_dagrun for example_task_group_decorator to None, run_after=None
[2024-11-01T01:27:14.159+0000] {processor.py:208} INFO - Processing /home/airflow/.local/lib/python3.12/site-packages/airflow/example_dags/example_task_group_decorator.py took 0.038 seconds
[2024-11-01T01:27:45.002+0000] {processor.py:186} INFO - Started process (PID=267) to work on /home/airflow/.local/lib/python3.12/site-packages/airflow/example_dags/example_task_group_decorator.py
[2024-11-01T01:27:45.002+0000] {processor.py:914} INFO - Processing file /home/airflow/.local/lib/python3.12/site-packages/airflow/example_dags/example_task_group_decorator.py for tasks to queue
[2024-11-01T01:27:45.003+0000] {logging_mixin.py:190} INFO - [2024-11-01T01:27:45.003+0000] {dagbag.py:588} INFO - Filling up the DagBag from /home/airflow/.local/lib/python3.12/site-packages/airflow/example_dags/example_task_group_decorator.py
[2024-11-01T01:27:45.009+0000] {processor.py:925} INFO - DAG(s) 'example_task_group_decorator' retrieved from /home/airflow/.local/lib/python3.12/site-packages/airflow/example_dags/example_task_group_decorator.py
[2024-11-01T01:27:45.020+0000] {logging_mixin.py:190} INFO - [2024-11-01T01:27:45.020+0000] {dag.py:3239} INFO - Sync 1 DAGs
[2024-11-01T01:27:45.024+0000] {logging_mixin.py:190} INFO - [2024-11-01T01:27:45.024+0000] {dag.py:4180} INFO - Setting next_dagrun for example_task_group_decorator to None, run_after=None
[2024-11-01T01:27:45.034+0000] {processor.py:208} INFO - Processing /home/airflow/.local/lib/python3.12/site-packages/airflow/example_dags/example_task_group_decorator.py took 0.035 seconds
[2024-11-01T01:28:15.891+0000] {processor.py:186} INFO - Started process (PID=330) to work on /home/airflow/.local/lib/python3.12/site-packages/airflow/example_dags/example_task_group_decorator.py
[2024-11-01T01:28:15.892+0000] {processor.py:914} INFO - Processing file /home/airflow/.local/lib/python3.12/site-packages/airflow/example_dags/example_task_group_decorator.py for tasks to queue
[2024-11-01T01:28:15.893+0000] {logging_mixin.py:190} INFO - [2024-11-01T01:28:15.892+0000] {dagbag.py:588} INFO - Filling up the DagBag from /home/airflow/.local/lib/python3.12/site-packages/airflow/example_dags/example_task_group_decorator.py
[2024-11-01T01:28:15.899+0000] {processor.py:925} INFO - DAG(s) 'example_task_group_decorator' retrieved from /home/airflow/.local/lib/python3.12/site-packages/airflow/example_dags/example_task_group_decorator.py
[2024-11-01T01:28:15.909+0000] {logging_mixin.py:190} INFO - [2024-11-01T01:28:15.909+0000] {dag.py:3239} INFO - Sync 1 DAGs
[2024-11-01T01:28:15.914+0000] {logging_mixin.py:190} INFO - [2024-11-01T01:28:15.914+0000] {dag.py:4180} INFO - Setting next_dagrun for example_task_group_decorator to None, run_after=None
[2024-11-01T01:28:15.922+0000] {processor.py:208} INFO - Processing /home/airflow/.local/lib/python3.12/site-packages/airflow/example_dags/example_task_group_decorator.py took 0.033 seconds
[2024-11-01T01:28:46.677+0000] {processor.py:186} INFO - Started process (PID=394) to work on /home/airflow/.local/lib/python3.12/site-packages/airflow/example_dags/example_task_group_decorator.py
[2024-11-01T01:28:46.677+0000] {processor.py:914} INFO - Processing file /home/airflow/.local/lib/python3.12/site-packages/airflow/example_dags/example_task_group_decorator.py for tasks to queue
[2024-11-01T01:28:46.678+0000] {logging_mixin.py:190} INFO - [2024-11-01T01:28:46.678+0000] {dagbag.py:588} INFO - Filling up the DagBag from /home/airflow/.local/lib/python3.12/site-packages/airflow/example_dags/example_task_group_decorator.py
[2024-11-01T01:28:46.683+0000] {processor.py:925} INFO - DAG(s) 'example_task_group_decorator' retrieved from /home/airflow/.local/lib/python3.12/site-packages/airflow/example_dags/example_task_group_decorator.py
[2024-11-01T01:28:46.697+0000] {logging_mixin.py:190} INFO - [2024-11-01T01:28:46.696+0000] {dag.py:3239} INFO - Sync 1 DAGs
[2024-11-01T01:28:46.702+0000] {logging_mixin.py:190} INFO - [2024-11-01T01:28:46.702+0000] {dag.py:4180} INFO - Setting next_dagrun for example_task_group_decorator to None, run_after=None
[2024-11-01T01:28:46.708+0000] {processor.py:208} INFO - Processing /home/airflow/.local/lib/python3.12/site-packages/airflow/example_dags/example_task_group_decorator.py took 0.033 seconds
[2024-11-01T01:29:17.484+0000] {processor.py:186} INFO - Started process (PID=458) to work on /home/airflow/.local/lib/python3.12/site-packages/airflow/example_dags/example_task_group_decorator.py
[2024-11-01T01:29:17.485+0000] {processor.py:914} INFO - Processing file /home/airflow/.local/lib/python3.12/site-packages/airflow/example_dags/example_task_group_decorator.py for tasks to queue
[2024-11-01T01:29:17.489+0000] {logging_mixin.py:190} INFO - [2024-11-01T01:29:17.488+0000] {dagbag.py:588} INFO - Filling up the DagBag from /home/airflow/.local/lib/python3.12/site-packages/airflow/example_dags/example_task_group_decorator.py
[2024-11-01T01:29:17.495+0000] {processor.py:925} INFO - DAG(s) 'example_task_group_decorator' retrieved from /home/airflow/.local/lib/python3.12/site-packages/airflow/example_dags/example_task_group_decorator.py
[2024-11-01T01:29:17.505+0000] {logging_mixin.py:190} INFO - [2024-11-01T01:29:17.505+0000] {dag.py:3239} INFO - Sync 1 DAGs
[2024-11-01T01:29:17.511+0000] {logging_mixin.py:190} INFO - [2024-11-01T01:29:17.511+0000] {dag.py:4180} INFO - Setting next_dagrun for example_task_group_decorator to None, run_after=None
[2024-11-01T01:29:17.516+0000] {processor.py:208} INFO - Processing /home/airflow/.local/lib/python3.12/site-packages/airflow/example_dags/example_task_group_decorator.py took 0.034 seconds
