[2024-11-01T01:26:12.458+0000] {processor.py:186} INFO - Started process (PID=73) to work on /home/airflow/.local/lib/python3.12/site-packages/airflow/example_dags/example_bash_decorator.py
[2024-11-01T01:26:12.459+0000] {processor.py:914} INFO - Processing file /home/airflow/.local/lib/python3.12/site-packages/airflow/example_dags/example_bash_decorator.py for tasks to queue
[2024-11-01T01:26:12.460+0000] {logging_mixin.py:190} INFO - [2024-11-01T01:26:12.460+0000] {dagbag.py:588} INFO - Filling up the DagBag from /home/airflow/.local/lib/python3.12/site-packages/airflow/example_dags/example_bash_decorator.py
[2024-11-01T01:26:12.467+0000] {processor.py:925} INFO - DAG(s) 'example_bash_decorator' retrieved from /home/airflow/.local/lib/python3.12/site-packages/airflow/example_dags/example_bash_decorator.py
[2024-11-01T01:26:12.527+0000] {logging_mixin.py:190} INFO - [2024-11-01T01:26:12.527+0000] {override.py:1900} INFO - Created Permission View: can delete on DAG:example_bash_decorator
[2024-11-01T01:26:12.532+0000] {logging_mixin.py:190} INFO - [2024-11-01T01:26:12.532+0000] {override.py:1900} INFO - Created Permission View: can read on DAG:example_bash_decorator
[2024-11-01T01:26:12.535+0000] {logging_mixin.py:190} INFO - [2024-11-01T01:26:12.535+0000] {override.py:1900} INFO - Created Permission View: can edit on DAG:example_bash_decorator
[2024-11-01T01:26:12.538+0000] {logging_mixin.py:190} INFO - [2024-11-01T01:26:12.537+0000] {override.py:1900} INFO - Created Permission View: can create on DAG Run:example_bash_decorator
[2024-11-01T01:26:12.540+0000] {logging_mixin.py:190} INFO - [2024-11-01T01:26:12.540+0000] {override.py:1900} INFO - Created Permission View: menu access on DAG Run:example_bash_decorator
[2024-11-01T01:26:12.543+0000] {logging_mixin.py:190} INFO - [2024-11-01T01:26:12.543+0000] {override.py:1900} INFO - Created Permission View: can read on DAG Run:example_bash_decorator
[2024-11-01T01:26:12.546+0000] {logging_mixin.py:190} INFO - [2024-11-01T01:26:12.546+0000] {override.py:1900} INFO - Created Permission View: can delete on DAG Run:example_bash_decorator
[2024-11-01T01:26:12.546+0000] {logging_mixin.py:190} INFO - [2024-11-01T01:26:12.546+0000] {dag.py:3239} INFO - Sync 1 DAGs
[2024-11-01T01:26:12.551+0000] {logging_mixin.py:190} INFO - [2024-11-01T01:26:12.551+0000] {dag.py:3262} INFO - Creating ORM DAG for example_bash_decorator
[2024-11-01T01:26:12.552+0000] {logging_mixin.py:190} INFO - [2024-11-01T01:26:12.552+0000] {dag.py:4180} INFO - Setting next_dagrun for example_bash_decorator to None, run_after=None
[2024-11-01T01:26:12.558+0000] {processor.py:208} INFO - Processing /home/airflow/.local/lib/python3.12/site-packages/airflow/example_dags/example_bash_decorator.py took 0.103 seconds
[2024-11-01T01:26:43.317+0000] {processor.py:186} INFO - Started process (PID=137) to work on /home/airflow/.local/lib/python3.12/site-packages/airflow/example_dags/example_bash_decorator.py
[2024-11-01T01:26:43.317+0000] {processor.py:914} INFO - Processing file /home/airflow/.local/lib/python3.12/site-packages/airflow/example_dags/example_bash_decorator.py for tasks to queue
[2024-11-01T01:26:43.318+0000] {logging_mixin.py:190} INFO - [2024-11-01T01:26:43.318+0000] {dagbag.py:588} INFO - Filling up the DagBag from /home/airflow/.local/lib/python3.12/site-packages/airflow/example_dags/example_bash_decorator.py
[2024-11-01T01:26:43.324+0000] {processor.py:925} INFO - DAG(s) 'example_bash_decorator' retrieved from /home/airflow/.local/lib/python3.12/site-packages/airflow/example_dags/example_bash_decorator.py
[2024-11-01T01:26:43.334+0000] {logging_mixin.py:190} INFO - [2024-11-01T01:26:43.334+0000] {dag.py:3239} INFO - Sync 1 DAGs
[2024-11-01T01:26:43.338+0000] {logging_mixin.py:190} INFO - [2024-11-01T01:26:43.338+0000] {dag.py:4180} INFO - Setting next_dagrun for example_bash_decorator to None, run_after=None
[2024-11-01T01:26:43.346+0000] {processor.py:208} INFO - Processing /home/airflow/.local/lib/python3.12/site-packages/airflow/example_dags/example_bash_decorator.py took 0.031 seconds
[2024-11-01T01:27:14.075+0000] {processor.py:186} INFO - Started process (PID=201) to work on /home/airflow/.local/lib/python3.12/site-packages/airflow/example_dags/example_bash_decorator.py
[2024-11-01T01:27:14.077+0000] {processor.py:914} INFO - Processing file /home/airflow/.local/lib/python3.12/site-packages/airflow/example_dags/example_bash_decorator.py for tasks to queue
[2024-11-01T01:27:14.079+0000] {logging_mixin.py:190} INFO - [2024-11-01T01:27:14.078+0000] {dagbag.py:588} INFO - Filling up the DagBag from /home/airflow/.local/lib/python3.12/site-packages/airflow/example_dags/example_bash_decorator.py
[2024-11-01T01:27:14.086+0000] {processor.py:925} INFO - DAG(s) 'example_bash_decorator' retrieved from /home/airflow/.local/lib/python3.12/site-packages/airflow/example_dags/example_bash_decorator.py
[2024-11-01T01:27:14.097+0000] {logging_mixin.py:190} INFO - [2024-11-01T01:27:14.097+0000] {dag.py:3239} INFO - Sync 1 DAGs
[2024-11-01T01:27:14.103+0000] {logging_mixin.py:190} INFO - [2024-11-01T01:27:14.103+0000] {dag.py:4180} INFO - Setting next_dagrun for example_bash_decorator to None, run_after=None
[2024-11-01T01:27:14.110+0000] {processor.py:208} INFO - Processing /home/airflow/.local/lib/python3.12/site-packages/airflow/example_dags/example_bash_decorator.py took 0.038 seconds
[2024-11-01T01:27:44.923+0000] {processor.py:186} INFO - Started process (PID=265) to work on /home/airflow/.local/lib/python3.12/site-packages/airflow/example_dags/example_bash_decorator.py
[2024-11-01T01:27:44.924+0000] {processor.py:914} INFO - Processing file /home/airflow/.local/lib/python3.12/site-packages/airflow/example_dags/example_bash_decorator.py for tasks to queue
[2024-11-01T01:27:44.925+0000] {logging_mixin.py:190} INFO - [2024-11-01T01:27:44.924+0000] {dagbag.py:588} INFO - Filling up the DagBag from /home/airflow/.local/lib/python3.12/site-packages/airflow/example_dags/example_bash_decorator.py
[2024-11-01T01:27:44.930+0000] {processor.py:925} INFO - DAG(s) 'example_bash_decorator' retrieved from /home/airflow/.local/lib/python3.12/site-packages/airflow/example_dags/example_bash_decorator.py
[2024-11-01T01:27:44.940+0000] {logging_mixin.py:190} INFO - [2024-11-01T01:27:44.940+0000] {dag.py:3239} INFO - Sync 1 DAGs
[2024-11-01T01:27:44.946+0000] {logging_mixin.py:190} INFO - [2024-11-01T01:27:44.946+0000] {dag.py:4180} INFO - Setting next_dagrun for example_bash_decorator to None, run_after=None
[2024-11-01T01:27:44.957+0000] {processor.py:208} INFO - Processing /home/airflow/.local/lib/python3.12/site-packages/airflow/example_dags/example_bash_decorator.py took 0.037 seconds
[2024-11-01T01:28:15.816+0000] {processor.py:186} INFO - Started process (PID=328) to work on /home/airflow/.local/lib/python3.12/site-packages/airflow/example_dags/example_bash_decorator.py
[2024-11-01T01:28:15.817+0000] {processor.py:914} INFO - Processing file /home/airflow/.local/lib/python3.12/site-packages/airflow/example_dags/example_bash_decorator.py for tasks to queue
[2024-11-01T01:28:15.818+0000] {logging_mixin.py:190} INFO - [2024-11-01T01:28:15.818+0000] {dagbag.py:588} INFO - Filling up the DagBag from /home/airflow/.local/lib/python3.12/site-packages/airflow/example_dags/example_bash_decorator.py
[2024-11-01T01:28:15.824+0000] {processor.py:925} INFO - DAG(s) 'example_bash_decorator' retrieved from /home/airflow/.local/lib/python3.12/site-packages/airflow/example_dags/example_bash_decorator.py
[2024-11-01T01:28:15.833+0000] {logging_mixin.py:190} INFO - [2024-11-01T01:28:15.833+0000] {dag.py:3239} INFO - Sync 1 DAGs
[2024-11-01T01:28:15.838+0000] {logging_mixin.py:190} INFO - [2024-11-01T01:28:15.837+0000] {dag.py:4180} INFO - Setting next_dagrun for example_bash_decorator to None, run_after=None
[2024-11-01T01:28:15.846+0000] {processor.py:208} INFO - Processing /home/airflow/.local/lib/python3.12/site-packages/airflow/example_dags/example_bash_decorator.py took 0.033 seconds
[2024-11-01T01:28:46.638+0000] {processor.py:186} INFO - Started process (PID=392) to work on /home/airflow/.local/lib/python3.12/site-packages/airflow/example_dags/example_bash_decorator.py
[2024-11-01T01:28:46.639+0000] {processor.py:914} INFO - Processing file /home/airflow/.local/lib/python3.12/site-packages/airflow/example_dags/example_bash_decorator.py for tasks to queue
[2024-11-01T01:28:46.640+0000] {logging_mixin.py:190} INFO - [2024-11-01T01:28:46.640+0000] {dagbag.py:588} INFO - Filling up the DagBag from /home/airflow/.local/lib/python3.12/site-packages/airflow/example_dags/example_bash_decorator.py
[2024-11-01T01:28:46.647+0000] {processor.py:925} INFO - DAG(s) 'example_bash_decorator' retrieved from /home/airflow/.local/lib/python3.12/site-packages/airflow/example_dags/example_bash_decorator.py
[2024-11-01T01:28:46.657+0000] {logging_mixin.py:190} INFO - [2024-11-01T01:28:46.657+0000] {dag.py:3239} INFO - Sync 1 DAGs
[2024-11-01T01:28:46.661+0000] {logging_mixin.py:190} INFO - [2024-11-01T01:28:46.661+0000] {dag.py:4180} INFO - Setting next_dagrun for example_bash_decorator to None, run_after=None
[2024-11-01T01:28:46.667+0000] {processor.py:208} INFO - Processing /home/airflow/.local/lib/python3.12/site-packages/airflow/example_dags/example_bash_decorator.py took 0.031 seconds
[2024-11-01T01:29:17.442+0000] {processor.py:186} INFO - Started process (PID=456) to work on /home/airflow/.local/lib/python3.12/site-packages/airflow/example_dags/example_bash_decorator.py
[2024-11-01T01:29:17.443+0000] {processor.py:914} INFO - Processing file /home/airflow/.local/lib/python3.12/site-packages/airflow/example_dags/example_bash_decorator.py for tasks to queue
[2024-11-01T01:29:17.446+0000] {logging_mixin.py:190} INFO - [2024-11-01T01:29:17.446+0000] {dagbag.py:588} INFO - Filling up the DagBag from /home/airflow/.local/lib/python3.12/site-packages/airflow/example_dags/example_bash_decorator.py
[2024-11-01T01:29:17.452+0000] {processor.py:925} INFO - DAG(s) 'example_bash_decorator' retrieved from /home/airflow/.local/lib/python3.12/site-packages/airflow/example_dags/example_bash_decorator.py
[2024-11-01T01:29:17.462+0000] {logging_mixin.py:190} INFO - [2024-11-01T01:29:17.461+0000] {dag.py:3239} INFO - Sync 1 DAGs
[2024-11-01T01:29:17.466+0000] {logging_mixin.py:190} INFO - [2024-11-01T01:29:17.466+0000] {dag.py:4180} INFO - Setting next_dagrun for example_bash_decorator to None, run_after=None
[2024-11-01T01:29:17.473+0000] {processor.py:208} INFO - Processing /home/airflow/.local/lib/python3.12/site-packages/airflow/example_dags/example_bash_decorator.py took 0.033 seconds
