[2024-11-01T01:26:11.301+0000] {processor.py:186} INFO - Started process (PID=52) to work on /home/airflow/.local/lib/python3.12/site-packages/airflow/example_dags/example_trigger_target_dag.py
[2024-11-01T01:26:11.301+0000] {processor.py:914} INFO - Processing file /home/airflow/.local/lib/python3.12/site-packages/airflow/example_dags/example_trigger_target_dag.py for tasks to queue
[2024-11-01T01:26:11.302+0000] {logging_mixin.py:190} INFO - [2024-11-01T01:26:11.302+0000] {dagbag.py:588} INFO - Filling up the DagBag from /home/airflow/.local/lib/python3.12/site-packages/airflow/example_dags/example_trigger_target_dag.py
[2024-11-01T01:26:11.308+0000] {processor.py:925} INFO - DAG(s) 'example_trigger_target_dag' retrieved from /home/airflow/.local/lib/python3.12/site-packages/airflow/example_dags/example_trigger_target_dag.py
[2024-11-01T01:26:11.350+0000] {logging_mixin.py:190} INFO - [2024-11-01T01:26:11.349+0000] {override.py:1900} INFO - Created Permission View: can delete on DAG:example_trigger_target_dag
[2024-11-01T01:26:11.353+0000] {logging_mixin.py:190} INFO - [2024-11-01T01:26:11.352+0000] {override.py:1900} INFO - Created Permission View: can read on DAG:example_trigger_target_dag
[2024-11-01T01:26:11.354+0000] {logging_mixin.py:190} INFO - [2024-11-01T01:26:11.354+0000] {override.py:1900} INFO - Created Permission View: can edit on DAG:example_trigger_target_dag
[2024-11-01T01:26:11.356+0000] {logging_mixin.py:190} INFO - [2024-11-01T01:26:11.356+0000] {override.py:1900} INFO - Created Permission View: can create on DAG Run:example_trigger_target_dag
[2024-11-01T01:26:11.358+0000] {logging_mixin.py:190} INFO - [2024-11-01T01:26:11.358+0000] {override.py:1900} INFO - Created Permission View: menu access on DAG Run:example_trigger_target_dag
[2024-11-01T01:26:11.359+0000] {logging_mixin.py:190} INFO - [2024-11-01T01:26:11.359+0000] {override.py:1900} INFO - Created Permission View: can read on DAG Run:example_trigger_target_dag
[2024-11-01T01:26:11.361+0000] {logging_mixin.py:190} INFO - [2024-11-01T01:26:11.361+0000] {override.py:1900} INFO - Created Permission View: can delete on DAG Run:example_trigger_target_dag
[2024-11-01T01:26:11.361+0000] {logging_mixin.py:190} INFO - [2024-11-01T01:26:11.361+0000] {dag.py:3239} INFO - Sync 1 DAGs
[2024-11-01T01:26:11.366+0000] {logging_mixin.py:190} INFO - [2024-11-01T01:26:11.366+0000] {dag.py:3262} INFO - Creating ORM DAG for example_trigger_target_dag
[2024-11-01T01:26:11.366+0000] {logging_mixin.py:190} INFO - [2024-11-01T01:26:11.366+0000] {dag.py:4180} INFO - Setting next_dagrun for example_trigger_target_dag to None, run_after=None
[2024-11-01T01:26:11.371+0000] {processor.py:208} INFO - Processing /home/airflow/.local/lib/python3.12/site-packages/airflow/example_dags/example_trigger_target_dag.py took 0.073 seconds
[2024-11-01T01:26:41.846+0000] {processor.py:186} INFO - Started process (PID=122) to work on /home/airflow/.local/lib/python3.12/site-packages/airflow/example_dags/example_trigger_target_dag.py
[2024-11-01T01:26:41.846+0000] {processor.py:914} INFO - Processing file /home/airflow/.local/lib/python3.12/site-packages/airflow/example_dags/example_trigger_target_dag.py for tasks to queue
[2024-11-01T01:26:41.847+0000] {logging_mixin.py:190} INFO - [2024-11-01T01:26:41.847+0000] {dagbag.py:588} INFO - Filling up the DagBag from /home/airflow/.local/lib/python3.12/site-packages/airflow/example_dags/example_trigger_target_dag.py
[2024-11-01T01:26:41.850+0000] {processor.py:925} INFO - DAG(s) 'example_trigger_target_dag' retrieved from /home/airflow/.local/lib/python3.12/site-packages/airflow/example_dags/example_trigger_target_dag.py
[2024-11-01T01:26:41.858+0000] {logging_mixin.py:190} INFO - [2024-11-01T01:26:41.857+0000] {dag.py:3239} INFO - Sync 1 DAGs
[2024-11-01T01:26:41.862+0000] {logging_mixin.py:190} INFO - [2024-11-01T01:26:41.862+0000] {dag.py:4180} INFO - Setting next_dagrun for example_trigger_target_dag to None, run_after=None
[2024-11-01T01:26:41.869+0000] {processor.py:208} INFO - Processing /home/airflow/.local/lib/python3.12/site-packages/airflow/example_dags/example_trigger_target_dag.py took 0.025 seconds
[2024-11-01T01:27:12.632+0000] {processor.py:186} INFO - Started process (PID=186) to work on /home/airflow/.local/lib/python3.12/site-packages/airflow/example_dags/example_trigger_target_dag.py
[2024-11-01T01:27:12.633+0000] {processor.py:914} INFO - Processing file /home/airflow/.local/lib/python3.12/site-packages/airflow/example_dags/example_trigger_target_dag.py for tasks to queue
[2024-11-01T01:27:12.633+0000] {logging_mixin.py:190} INFO - [2024-11-01T01:27:12.633+0000] {dagbag.py:588} INFO - Filling up the DagBag from /home/airflow/.local/lib/python3.12/site-packages/airflow/example_dags/example_trigger_target_dag.py
[2024-11-01T01:27:12.636+0000] {processor.py:925} INFO - DAG(s) 'example_trigger_target_dag' retrieved from /home/airflow/.local/lib/python3.12/site-packages/airflow/example_dags/example_trigger_target_dag.py
[2024-11-01T01:27:12.644+0000] {logging_mixin.py:190} INFO - [2024-11-01T01:27:12.644+0000] {dag.py:3239} INFO - Sync 1 DAGs
[2024-11-01T01:27:12.649+0000] {logging_mixin.py:190} INFO - [2024-11-01T01:27:12.649+0000] {dag.py:4180} INFO - Setting next_dagrun for example_trigger_target_dag to None, run_after=None
[2024-11-01T01:27:12.655+0000] {processor.py:208} INFO - Processing /home/airflow/.local/lib/python3.12/site-packages/airflow/example_dags/example_trigger_target_dag.py took 0.024 seconds
[2024-11-01T01:27:43.454+0000] {processor.py:186} INFO - Started process (PID=250) to work on /home/airflow/.local/lib/python3.12/site-packages/airflow/example_dags/example_trigger_target_dag.py
[2024-11-01T01:27:43.455+0000] {processor.py:914} INFO - Processing file /home/airflow/.local/lib/python3.12/site-packages/airflow/example_dags/example_trigger_target_dag.py for tasks to queue
[2024-11-01T01:27:43.456+0000] {logging_mixin.py:190} INFO - [2024-11-01T01:27:43.455+0000] {dagbag.py:588} INFO - Filling up the DagBag from /home/airflow/.local/lib/python3.12/site-packages/airflow/example_dags/example_trigger_target_dag.py
[2024-11-01T01:27:43.459+0000] {processor.py:925} INFO - DAG(s) 'example_trigger_target_dag' retrieved from /home/airflow/.local/lib/python3.12/site-packages/airflow/example_dags/example_trigger_target_dag.py
[2024-11-01T01:27:43.465+0000] {logging_mixin.py:190} INFO - [2024-11-01T01:27:43.465+0000] {dag.py:3239} INFO - Sync 1 DAGs
[2024-11-01T01:27:43.470+0000] {logging_mixin.py:190} INFO - [2024-11-01T01:27:43.470+0000] {dag.py:4180} INFO - Setting next_dagrun for example_trigger_target_dag to None, run_after=None
[2024-11-01T01:27:43.476+0000] {processor.py:208} INFO - Processing /home/airflow/.local/lib/python3.12/site-packages/airflow/example_dags/example_trigger_target_dag.py took 0.024 seconds
[2024-11-01T01:28:14.340+0000] {processor.py:186} INFO - Started process (PID=313) to work on /home/airflow/.local/lib/python3.12/site-packages/airflow/example_dags/example_trigger_target_dag.py
[2024-11-01T01:28:14.343+0000] {processor.py:914} INFO - Processing file /home/airflow/.local/lib/python3.12/site-packages/airflow/example_dags/example_trigger_target_dag.py for tasks to queue
[2024-11-01T01:28:14.347+0000] {logging_mixin.py:190} INFO - [2024-11-01T01:28:14.347+0000] {dagbag.py:588} INFO - Filling up the DagBag from /home/airflow/.local/lib/python3.12/site-packages/airflow/example_dags/example_trigger_target_dag.py
[2024-11-01T01:28:14.351+0000] {processor.py:925} INFO - DAG(s) 'example_trigger_target_dag' retrieved from /home/airflow/.local/lib/python3.12/site-packages/airflow/example_dags/example_trigger_target_dag.py
[2024-11-01T01:28:14.361+0000] {logging_mixin.py:190} INFO - [2024-11-01T01:28:14.361+0000] {dag.py:3239} INFO - Sync 1 DAGs
[2024-11-01T01:28:14.367+0000] {logging_mixin.py:190} INFO - [2024-11-01T01:28:14.367+0000] {dag.py:4180} INFO - Setting next_dagrun for example_trigger_target_dag to None, run_after=None
[2024-11-01T01:28:14.375+0000] {processor.py:208} INFO - Processing /home/airflow/.local/lib/python3.12/site-packages/airflow/example_dags/example_trigger_target_dag.py took 0.038 seconds
[2024-11-01T01:28:45.202+0000] {processor.py:186} INFO - Started process (PID=377) to work on /home/airflow/.local/lib/python3.12/site-packages/airflow/example_dags/example_trigger_target_dag.py
[2024-11-01T01:28:45.202+0000] {processor.py:914} INFO - Processing file /home/airflow/.local/lib/python3.12/site-packages/airflow/example_dags/example_trigger_target_dag.py for tasks to queue
[2024-11-01T01:28:45.203+0000] {logging_mixin.py:190} INFO - [2024-11-01T01:28:45.203+0000] {dagbag.py:588} INFO - Filling up the DagBag from /home/airflow/.local/lib/python3.12/site-packages/airflow/example_dags/example_trigger_target_dag.py
[2024-11-01T01:28:45.206+0000] {processor.py:925} INFO - DAG(s) 'example_trigger_target_dag' retrieved from /home/airflow/.local/lib/python3.12/site-packages/airflow/example_dags/example_trigger_target_dag.py
[2024-11-01T01:28:45.213+0000] {logging_mixin.py:190} INFO - [2024-11-01T01:28:45.213+0000] {dag.py:3239} INFO - Sync 1 DAGs
[2024-11-01T01:28:45.218+0000] {logging_mixin.py:190} INFO - [2024-11-01T01:28:45.217+0000] {dag.py:4180} INFO - Setting next_dagrun for example_trigger_target_dag to None, run_after=None
[2024-11-01T01:28:45.224+0000] {processor.py:208} INFO - Processing /home/airflow/.local/lib/python3.12/site-packages/airflow/example_dags/example_trigger_target_dag.py took 0.024 seconds
[2024-11-01T01:29:15.972+0000] {processor.py:186} INFO - Started process (PID=441) to work on /home/airflow/.local/lib/python3.12/site-packages/airflow/example_dags/example_trigger_target_dag.py
[2024-11-01T01:29:15.973+0000] {processor.py:914} INFO - Processing file /home/airflow/.local/lib/python3.12/site-packages/airflow/example_dags/example_trigger_target_dag.py for tasks to queue
[2024-11-01T01:29:15.973+0000] {logging_mixin.py:190} INFO - [2024-11-01T01:29:15.973+0000] {dagbag.py:588} INFO - Filling up the DagBag from /home/airflow/.local/lib/python3.12/site-packages/airflow/example_dags/example_trigger_target_dag.py
[2024-11-01T01:29:15.976+0000] {processor.py:925} INFO - DAG(s) 'example_trigger_target_dag' retrieved from /home/airflow/.local/lib/python3.12/site-packages/airflow/example_dags/example_trigger_target_dag.py
[2024-11-01T01:29:15.984+0000] {logging_mixin.py:190} INFO - [2024-11-01T01:29:15.984+0000] {dag.py:3239} INFO - Sync 1 DAGs
[2024-11-01T01:29:15.988+0000] {logging_mixin.py:190} INFO - [2024-11-01T01:29:15.988+0000] {dag.py:4180} INFO - Setting next_dagrun for example_trigger_target_dag to None, run_after=None
[2024-11-01T01:29:15.995+0000] {processor.py:208} INFO - Processing /home/airflow/.local/lib/python3.12/site-packages/airflow/example_dags/example_trigger_target_dag.py took 0.025 seconds
