[2024-11-01T01:26:13.930+0000] {processor.py:186} INFO - Started process (PID=97) to work on /home/airflow/.local/lib/python3.12/site-packages/airflow/example_dags/example_short_circuit_decorator.py
[2024-11-01T01:26:13.931+0000] {processor.py:914} INFO - Processing file /home/airflow/.local/lib/python3.12/site-packages/airflow/example_dags/example_short_circuit_decorator.py for tasks to queue
[2024-11-01T01:26:13.932+0000] {logging_mixin.py:190} INFO - [2024-11-01T01:26:13.932+0000] {dagbag.py:588} INFO - Filling up the DagBag from /home/airflow/.local/lib/python3.12/site-packages/airflow/example_dags/example_short_circuit_decorator.py
[2024-11-01T01:26:13.936+0000] {processor.py:925} INFO - DAG(s) 'example_short_circuit_decorator' retrieved from /home/airflow/.local/lib/python3.12/site-packages/airflow/example_dags/example_short_circuit_decorator.py
[2024-11-01T01:26:13.981+0000] {logging_mixin.py:190} INFO - [2024-11-01T01:26:13.981+0000] {override.py:1900} INFO - Created Permission View: can delete on DAG:example_short_circuit_decorator
[2024-11-01T01:26:13.987+0000] {logging_mixin.py:190} INFO - [2024-11-01T01:26:13.987+0000] {override.py:1900} INFO - Created Permission View: can read on DAG:example_short_circuit_decorator
[2024-11-01T01:26:13.993+0000] {logging_mixin.py:190} INFO - [2024-11-01T01:26:13.993+0000] {override.py:1900} INFO - Created Permission View: can edit on DAG:example_short_circuit_decorator
[2024-11-01T01:26:13.998+0000] {logging_mixin.py:190} INFO - [2024-11-01T01:26:13.997+0000] {override.py:1900} INFO - Created Permission View: can create on DAG Run:example_short_circuit_decorator
[2024-11-01T01:26:13.999+0000] {logging_mixin.py:190} INFO - [2024-11-01T01:26:13.999+0000] {override.py:1900} INFO - Created Permission View: menu access on DAG Run:example_short_circuit_decorator
[2024-11-01T01:26:14.001+0000] {logging_mixin.py:190} INFO - [2024-11-01T01:26:14.001+0000] {override.py:1900} INFO - Created Permission View: can read on DAG Run:example_short_circuit_decorator
[2024-11-01T01:26:14.003+0000] {logging_mixin.py:190} INFO - [2024-11-01T01:26:14.003+0000] {override.py:1900} INFO - Created Permission View: can delete on DAG Run:example_short_circuit_decorator
[2024-11-01T01:26:14.003+0000] {logging_mixin.py:190} INFO - [2024-11-01T01:26:14.003+0000] {dag.py:3239} INFO - Sync 1 DAGs
[2024-11-01T01:26:14.007+0000] {logging_mixin.py:190} INFO - [2024-11-01T01:26:14.007+0000] {dag.py:3262} INFO - Creating ORM DAG for example_short_circuit_decorator
[2024-11-01T01:26:14.011+0000] {logging_mixin.py:190} INFO - [2024-11-01T01:26:14.011+0000] {dag.py:4180} INFO - Setting next_dagrun for example_short_circuit_decorator to None, run_after=None
[2024-11-01T01:26:14.021+0000] {processor.py:208} INFO - Processing /home/airflow/.local/lib/python3.12/site-packages/airflow/example_dags/example_short_circuit_decorator.py took 0.094 seconds
[2024-11-01T01:26:44.959+0000] {processor.py:186} INFO - Started process (PID=161) to work on /home/airflow/.local/lib/python3.12/site-packages/airflow/example_dags/example_short_circuit_decorator.py
[2024-11-01T01:26:44.963+0000] {processor.py:914} INFO - Processing file /home/airflow/.local/lib/python3.12/site-packages/airflow/example_dags/example_short_circuit_decorator.py for tasks to queue
[2024-11-01T01:26:44.964+0000] {logging_mixin.py:190} INFO - [2024-11-01T01:26:44.964+0000] {dagbag.py:588} INFO - Filling up the DagBag from /home/airflow/.local/lib/python3.12/site-packages/airflow/example_dags/example_short_circuit_decorator.py
[2024-11-01T01:26:44.971+0000] {processor.py:925} INFO - DAG(s) 'example_short_circuit_decorator' retrieved from /home/airflow/.local/lib/python3.12/site-packages/airflow/example_dags/example_short_circuit_decorator.py
[2024-11-01T01:26:44.981+0000] {logging_mixin.py:190} INFO - [2024-11-01T01:26:44.981+0000] {dag.py:3239} INFO - Sync 1 DAGs
[2024-11-01T01:26:44.987+0000] {logging_mixin.py:190} INFO - [2024-11-01T01:26:44.987+0000] {dag.py:4180} INFO - Setting next_dagrun for example_short_circuit_decorator to None, run_after=None
[2024-11-01T01:26:44.997+0000] {processor.py:208} INFO - Processing /home/airflow/.local/lib/python3.12/site-packages/airflow/example_dags/example_short_circuit_decorator.py took 0.041 seconds
[2024-11-01T01:27:15.762+0000] {processor.py:186} INFO - Started process (PID=225) to work on /home/airflow/.local/lib/python3.12/site-packages/airflow/example_dags/example_short_circuit_decorator.py
[2024-11-01T01:27:15.766+0000] {processor.py:914} INFO - Processing file /home/airflow/.local/lib/python3.12/site-packages/airflow/example_dags/example_short_circuit_decorator.py for tasks to queue
[2024-11-01T01:27:15.769+0000] {logging_mixin.py:190} INFO - [2024-11-01T01:27:15.769+0000] {dagbag.py:588} INFO - Filling up the DagBag from /home/airflow/.local/lib/python3.12/site-packages/airflow/example_dags/example_short_circuit_decorator.py
[2024-11-01T01:27:15.776+0000] {processor.py:925} INFO - DAG(s) 'example_short_circuit_decorator' retrieved from /home/airflow/.local/lib/python3.12/site-packages/airflow/example_dags/example_short_circuit_decorator.py
[2024-11-01T01:27:15.791+0000] {logging_mixin.py:190} INFO - [2024-11-01T01:27:15.791+0000] {dag.py:3239} INFO - Sync 1 DAGs
[2024-11-01T01:27:15.799+0000] {logging_mixin.py:190} INFO - [2024-11-01T01:27:15.799+0000] {dag.py:4180} INFO - Setting next_dagrun for example_short_circuit_decorator to None, run_after=None
[2024-11-01T01:27:15.809+0000] {processor.py:208} INFO - Processing /home/airflow/.local/lib/python3.12/site-packages/airflow/example_dags/example_short_circuit_decorator.py took 0.051 seconds
[2024-11-01T01:27:46.621+0000] {processor.py:186} INFO - Started process (PID=289) to work on /home/airflow/.local/lib/python3.12/site-packages/airflow/example_dags/example_short_circuit_decorator.py
[2024-11-01T01:27:46.622+0000] {processor.py:914} INFO - Processing file /home/airflow/.local/lib/python3.12/site-packages/airflow/example_dags/example_short_circuit_decorator.py for tasks to queue
[2024-11-01T01:27:46.624+0000] {logging_mixin.py:190} INFO - [2024-11-01T01:27:46.624+0000] {dagbag.py:588} INFO - Filling up the DagBag from /home/airflow/.local/lib/python3.12/site-packages/airflow/example_dags/example_short_circuit_decorator.py
[2024-11-01T01:27:46.630+0000] {processor.py:925} INFO - DAG(s) 'example_short_circuit_decorator' retrieved from /home/airflow/.local/lib/python3.12/site-packages/airflow/example_dags/example_short_circuit_decorator.py
[2024-11-01T01:27:46.643+0000] {logging_mixin.py:190} INFO - [2024-11-01T01:27:46.643+0000] {dag.py:3239} INFO - Sync 1 DAGs
[2024-11-01T01:27:46.649+0000] {logging_mixin.py:190} INFO - [2024-11-01T01:27:46.649+0000] {dag.py:4180} INFO - Setting next_dagrun for example_short_circuit_decorator to None, run_after=None
[2024-11-01T01:27:46.660+0000] {processor.py:208} INFO - Processing /home/airflow/.local/lib/python3.12/site-packages/airflow/example_dags/example_short_circuit_decorator.py took 0.043 seconds
[2024-11-01T01:28:17.481+0000] {processor.py:186} INFO - Started process (PID=352) to work on /home/airflow/.local/lib/python3.12/site-packages/airflow/example_dags/example_short_circuit_decorator.py
[2024-11-01T01:28:17.482+0000] {processor.py:914} INFO - Processing file /home/airflow/.local/lib/python3.12/site-packages/airflow/example_dags/example_short_circuit_decorator.py for tasks to queue
[2024-11-01T01:28:17.484+0000] {logging_mixin.py:190} INFO - [2024-11-01T01:28:17.484+0000] {dagbag.py:588} INFO - Filling up the DagBag from /home/airflow/.local/lib/python3.12/site-packages/airflow/example_dags/example_short_circuit_decorator.py
[2024-11-01T01:28:17.490+0000] {processor.py:925} INFO - DAG(s) 'example_short_circuit_decorator' retrieved from /home/airflow/.local/lib/python3.12/site-packages/airflow/example_dags/example_short_circuit_decorator.py
[2024-11-01T01:28:17.504+0000] {logging_mixin.py:190} INFO - [2024-11-01T01:28:17.503+0000] {dag.py:3239} INFO - Sync 1 DAGs
[2024-11-01T01:28:17.510+0000] {logging_mixin.py:190} INFO - [2024-11-01T01:28:17.510+0000] {dag.py:4180} INFO - Setting next_dagrun for example_short_circuit_decorator to None, run_after=None
[2024-11-01T01:28:17.519+0000] {processor.py:208} INFO - Processing /home/airflow/.local/lib/python3.12/site-packages/airflow/example_dags/example_short_circuit_decorator.py took 0.042 seconds
[2024-11-01T01:28:48.236+0000] {processor.py:186} INFO - Started process (PID=416) to work on /home/airflow/.local/lib/python3.12/site-packages/airflow/example_dags/example_short_circuit_decorator.py
[2024-11-01T01:28:48.241+0000] {processor.py:914} INFO - Processing file /home/airflow/.local/lib/python3.12/site-packages/airflow/example_dags/example_short_circuit_decorator.py for tasks to queue
[2024-11-01T01:28:48.244+0000] {logging_mixin.py:190} INFO - [2024-11-01T01:28:48.244+0000] {dagbag.py:588} INFO - Filling up the DagBag from /home/airflow/.local/lib/python3.12/site-packages/airflow/example_dags/example_short_circuit_decorator.py
[2024-11-01T01:28:48.251+0000] {processor.py:925} INFO - DAG(s) 'example_short_circuit_decorator' retrieved from /home/airflow/.local/lib/python3.12/site-packages/airflow/example_dags/example_short_circuit_decorator.py
[2024-11-01T01:28:48.267+0000] {logging_mixin.py:190} INFO - [2024-11-01T01:28:48.267+0000] {dag.py:3239} INFO - Sync 1 DAGs
[2024-11-01T01:28:48.276+0000] {logging_mixin.py:190} INFO - [2024-11-01T01:28:48.276+0000] {dag.py:4180} INFO - Setting next_dagrun for example_short_circuit_decorator to None, run_after=None
[2024-11-01T01:28:48.286+0000] {processor.py:208} INFO - Processing /home/airflow/.local/lib/python3.12/site-packages/airflow/example_dags/example_short_circuit_decorator.py took 0.054 seconds
[2024-11-01T01:29:19.054+0000] {processor.py:186} INFO - Started process (PID=480) to work on /home/airflow/.local/lib/python3.12/site-packages/airflow/example_dags/example_short_circuit_decorator.py
[2024-11-01T01:29:19.055+0000] {processor.py:914} INFO - Processing file /home/airflow/.local/lib/python3.12/site-packages/airflow/example_dags/example_short_circuit_decorator.py for tasks to queue
[2024-11-01T01:29:19.057+0000] {logging_mixin.py:190} INFO - [2024-11-01T01:29:19.057+0000] {dagbag.py:588} INFO - Filling up the DagBag from /home/airflow/.local/lib/python3.12/site-packages/airflow/example_dags/example_short_circuit_decorator.py
[2024-11-01T01:29:19.066+0000] {processor.py:925} INFO - DAG(s) 'example_short_circuit_decorator' retrieved from /home/airflow/.local/lib/python3.12/site-packages/airflow/example_dags/example_short_circuit_decorator.py
[2024-11-01T01:29:19.078+0000] {logging_mixin.py:190} INFO - [2024-11-01T01:29:19.078+0000] {dag.py:3239} INFO - Sync 1 DAGs
[2024-11-01T01:29:19.085+0000] {logging_mixin.py:190} INFO - [2024-11-01T01:29:19.084+0000] {dag.py:4180} INFO - Setting next_dagrun for example_short_circuit_decorator to None, run_after=None
[2024-11-01T01:29:19.095+0000] {processor.py:208} INFO - Processing /home/airflow/.local/lib/python3.12/site-packages/airflow/example_dags/example_short_circuit_decorator.py took 0.046 seconds
