[2024-11-01T01:26:13.344+0000] {processor.py:186} INFO - Started process (PID=86) to work on /home/airflow/.local/lib/python3.12/site-packages/airflow/example_dags/example_branch_operator.py
[2024-11-01T01:26:13.345+0000] {processor.py:914} INFO - Processing file /home/airflow/.local/lib/python3.12/site-packages/airflow/example_dags/example_branch_operator.py for tasks to queue
[2024-11-01T01:26:13.346+0000] {logging_mixin.py:190} INFO - [2024-11-01T01:26:13.346+0000] {dagbag.py:588} INFO - Filling up the DagBag from /home/airflow/.local/lib/python3.12/site-packages/airflow/example_dags/example_branch_operator.py
[2024-11-01T01:26:13.355+0000] {processor.py:925} INFO - DAG(s) 'example_branch_operator' retrieved from /home/airflow/.local/lib/python3.12/site-packages/airflow/example_dags/example_branch_operator.py
[2024-11-01T01:26:13.404+0000] {logging_mixin.py:190} INFO - [2024-11-01T01:26:13.403+0000] {override.py:1900} INFO - Created Permission View: can delete on DAG:example_branch_operator
[2024-11-01T01:26:13.412+0000] {logging_mixin.py:190} INFO - [2024-11-01T01:26:13.412+0000] {override.py:1900} INFO - Created Permission View: can read on DAG:example_branch_operator
[2024-11-01T01:26:13.415+0000] {logging_mixin.py:190} INFO - [2024-11-01T01:26:13.415+0000] {override.py:1900} INFO - Created Permission View: can edit on DAG:example_branch_operator
[2024-11-01T01:26:13.419+0000] {logging_mixin.py:190} INFO - [2024-11-01T01:26:13.419+0000] {override.py:1900} INFO - Created Permission View: can create on DAG Run:example_branch_operator
[2024-11-01T01:26:13.422+0000] {logging_mixin.py:190} INFO - [2024-11-01T01:26:13.422+0000] {override.py:1900} INFO - Created Permission View: menu access on DAG Run:example_branch_operator
[2024-11-01T01:26:13.426+0000] {logging_mixin.py:190} INFO - [2024-11-01T01:26:13.426+0000] {override.py:1900} INFO - Created Permission View: can read on DAG Run:example_branch_operator
[2024-11-01T01:26:13.429+0000] {logging_mixin.py:190} INFO - [2024-11-01T01:26:13.429+0000] {override.py:1900} INFO - Created Permission View: can delete on DAG Run:example_branch_operator
[2024-11-01T01:26:13.430+0000] {logging_mixin.py:190} INFO - [2024-11-01T01:26:13.430+0000] {dag.py:3239} INFO - Sync 1 DAGs
[2024-11-01T01:26:13.437+0000] {logging_mixin.py:190} INFO - [2024-11-01T01:26:13.437+0000] {dag.py:3262} INFO - Creating ORM DAG for example_branch_operator
[2024-11-01T01:26:13.441+0000] {logging_mixin.py:190} INFO - [2024-11-01T01:26:13.441+0000] {dag.py:4180} INFO - Setting next_dagrun for example_branch_operator to 2024-10-31 00:00:00+00:00, run_after=2024-11-01 00:00:00+00:00
[2024-11-01T01:26:13.447+0000] {processor.py:208} INFO - Processing /home/airflow/.local/lib/python3.12/site-packages/airflow/example_dags/example_branch_operator.py took 0.106 seconds
[2024-11-01T01:26:43.705+0000] {processor.py:186} INFO - Started process (PID=150) to work on /home/airflow/.local/lib/python3.12/site-packages/airflow/example_dags/example_branch_operator.py
[2024-11-01T01:26:43.705+0000] {processor.py:914} INFO - Processing file /home/airflow/.local/lib/python3.12/site-packages/airflow/example_dags/example_branch_operator.py for tasks to queue
[2024-11-01T01:26:43.707+0000] {logging_mixin.py:190} INFO - [2024-11-01T01:26:43.707+0000] {dagbag.py:588} INFO - Filling up the DagBag from /home/airflow/.local/lib/python3.12/site-packages/airflow/example_dags/example_branch_operator.py
[2024-11-01T01:26:43.714+0000] {processor.py:925} INFO - DAG(s) 'example_branch_operator' retrieved from /home/airflow/.local/lib/python3.12/site-packages/airflow/example_dags/example_branch_operator.py
[2024-11-01T01:26:43.724+0000] {logging_mixin.py:190} INFO - [2024-11-01T01:26:43.724+0000] {dag.py:3239} INFO - Sync 1 DAGs
[2024-11-01T01:26:43.733+0000] {logging_mixin.py:190} INFO - [2024-11-01T01:26:43.732+0000] {dag.py:4180} INFO - Setting next_dagrun for example_branch_operator to 2024-10-31 00:00:00+00:00, run_after=2024-11-01 00:00:00+00:00
[2024-11-01T01:26:43.738+0000] {processor.py:208} INFO - Processing /home/airflow/.local/lib/python3.12/site-packages/airflow/example_dags/example_branch_operator.py took 0.036 seconds
[2024-11-01T01:27:14.470+0000] {processor.py:186} INFO - Started process (PID=214) to work on /home/airflow/.local/lib/python3.12/site-packages/airflow/example_dags/example_branch_operator.py
[2024-11-01T01:27:14.472+0000] {processor.py:914} INFO - Processing file /home/airflow/.local/lib/python3.12/site-packages/airflow/example_dags/example_branch_operator.py for tasks to queue
[2024-11-01T01:27:14.474+0000] {logging_mixin.py:190} INFO - [2024-11-01T01:27:14.473+0000] {dagbag.py:588} INFO - Filling up the DagBag from /home/airflow/.local/lib/python3.12/site-packages/airflow/example_dags/example_branch_operator.py
[2024-11-01T01:27:14.482+0000] {processor.py:925} INFO - DAG(s) 'example_branch_operator' retrieved from /home/airflow/.local/lib/python3.12/site-packages/airflow/example_dags/example_branch_operator.py
[2024-11-01T01:27:14.495+0000] {logging_mixin.py:190} INFO - [2024-11-01T01:27:14.495+0000] {dag.py:3239} INFO - Sync 1 DAGs
[2024-11-01T01:27:14.506+0000] {logging_mixin.py:190} INFO - [2024-11-01T01:27:14.505+0000] {dag.py:4180} INFO - Setting next_dagrun for example_branch_operator to 2024-10-31 00:00:00+00:00, run_after=2024-11-01 00:00:00+00:00
[2024-11-01T01:27:14.517+0000] {processor.py:208} INFO - Processing /home/airflow/.local/lib/python3.12/site-packages/airflow/example_dags/example_branch_operator.py took 0.050 seconds
[2024-11-01T01:27:45.351+0000] {processor.py:186} INFO - Started process (PID=278) to work on /home/airflow/.local/lib/python3.12/site-packages/airflow/example_dags/example_branch_operator.py
[2024-11-01T01:27:45.352+0000] {processor.py:914} INFO - Processing file /home/airflow/.local/lib/python3.12/site-packages/airflow/example_dags/example_branch_operator.py for tasks to queue
[2024-11-01T01:27:45.353+0000] {logging_mixin.py:190} INFO - [2024-11-01T01:27:45.352+0000] {dagbag.py:588} INFO - Filling up the DagBag from /home/airflow/.local/lib/python3.12/site-packages/airflow/example_dags/example_branch_operator.py
[2024-11-01T01:27:45.360+0000] {processor.py:925} INFO - DAG(s) 'example_branch_operator' retrieved from /home/airflow/.local/lib/python3.12/site-packages/airflow/example_dags/example_branch_operator.py
[2024-11-01T01:27:45.370+0000] {logging_mixin.py:190} INFO - [2024-11-01T01:27:45.370+0000] {dag.py:3239} INFO - Sync 1 DAGs
[2024-11-01T01:27:45.379+0000] {logging_mixin.py:190} INFO - [2024-11-01T01:27:45.378+0000] {dag.py:4180} INFO - Setting next_dagrun for example_branch_operator to 2024-10-31 00:00:00+00:00, run_after=2024-11-01 00:00:00+00:00
[2024-11-01T01:27:45.384+0000] {processor.py:208} INFO - Processing /home/airflow/.local/lib/python3.12/site-packages/airflow/example_dags/example_branch_operator.py took 0.035 seconds
[2024-11-01T01:28:16.229+0000] {processor.py:186} INFO - Started process (PID=341) to work on /home/airflow/.local/lib/python3.12/site-packages/airflow/example_dags/example_branch_operator.py
[2024-11-01T01:28:16.229+0000] {processor.py:914} INFO - Processing file /home/airflow/.local/lib/python3.12/site-packages/airflow/example_dags/example_branch_operator.py for tasks to queue
[2024-11-01T01:28:16.230+0000] {logging_mixin.py:190} INFO - [2024-11-01T01:28:16.230+0000] {dagbag.py:588} INFO - Filling up the DagBag from /home/airflow/.local/lib/python3.12/site-packages/airflow/example_dags/example_branch_operator.py
[2024-11-01T01:28:16.236+0000] {processor.py:925} INFO - DAG(s) 'example_branch_operator' retrieved from /home/airflow/.local/lib/python3.12/site-packages/airflow/example_dags/example_branch_operator.py
[2024-11-01T01:28:16.245+0000] {logging_mixin.py:190} INFO - [2024-11-01T01:28:16.245+0000] {dag.py:3239} INFO - Sync 1 DAGs
[2024-11-01T01:28:16.253+0000] {logging_mixin.py:190} INFO - [2024-11-01T01:28:16.253+0000] {dag.py:4180} INFO - Setting next_dagrun for example_branch_operator to 2024-10-31 00:00:00+00:00, run_after=2024-11-01 00:00:00+00:00
[2024-11-01T01:28:16.259+0000] {processor.py:208} INFO - Processing /home/airflow/.local/lib/python3.12/site-packages/airflow/example_dags/example_branch_operator.py took 0.032 seconds
[2024-11-01T01:28:46.979+0000] {processor.py:186} INFO - Started process (PID=405) to work on /home/airflow/.local/lib/python3.12/site-packages/airflow/example_dags/example_branch_operator.py
[2024-11-01T01:28:46.980+0000] {processor.py:914} INFO - Processing file /home/airflow/.local/lib/python3.12/site-packages/airflow/example_dags/example_branch_operator.py for tasks to queue
[2024-11-01T01:28:46.981+0000] {logging_mixin.py:190} INFO - [2024-11-01T01:28:46.981+0000] {dagbag.py:588} INFO - Filling up the DagBag from /home/airflow/.local/lib/python3.12/site-packages/airflow/example_dags/example_branch_operator.py
[2024-11-01T01:28:46.989+0000] {processor.py:925} INFO - DAG(s) 'example_branch_operator' retrieved from /home/airflow/.local/lib/python3.12/site-packages/airflow/example_dags/example_branch_operator.py
[2024-11-01T01:28:47.002+0000] {logging_mixin.py:190} INFO - [2024-11-01T01:28:47.002+0000] {dag.py:3239} INFO - Sync 1 DAGs
[2024-11-01T01:28:47.011+0000] {logging_mixin.py:190} INFO - [2024-11-01T01:28:47.011+0000] {dag.py:4180} INFO - Setting next_dagrun for example_branch_operator to 2024-10-31 00:00:00+00:00, run_after=2024-11-01 00:00:00+00:00
[2024-11-01T01:28:47.019+0000] {processor.py:208} INFO - Processing /home/airflow/.local/lib/python3.12/site-packages/airflow/example_dags/example_branch_operator.py took 0.043 seconds
[2024-11-01T01:29:17.778+0000] {processor.py:186} INFO - Started process (PID=469) to work on /home/airflow/.local/lib/python3.12/site-packages/airflow/example_dags/example_branch_operator.py
[2024-11-01T01:29:17.778+0000] {processor.py:914} INFO - Processing file /home/airflow/.local/lib/python3.12/site-packages/airflow/example_dags/example_branch_operator.py for tasks to queue
[2024-11-01T01:29:17.779+0000] {logging_mixin.py:190} INFO - [2024-11-01T01:29:17.779+0000] {dagbag.py:588} INFO - Filling up the DagBag from /home/airflow/.local/lib/python3.12/site-packages/airflow/example_dags/example_branch_operator.py
[2024-11-01T01:29:17.785+0000] {processor.py:925} INFO - DAG(s) 'example_branch_operator' retrieved from /home/airflow/.local/lib/python3.12/site-packages/airflow/example_dags/example_branch_operator.py
[2024-11-01T01:29:17.797+0000] {logging_mixin.py:190} INFO - [2024-11-01T01:29:17.797+0000] {dag.py:3239} INFO - Sync 1 DAGs
[2024-11-01T01:29:17.806+0000] {logging_mixin.py:190} INFO - [2024-11-01T01:29:17.806+0000] {dag.py:4180} INFO - Setting next_dagrun for example_branch_operator to 2024-10-31 00:00:00+00:00, run_after=2024-11-01 00:00:00+00:00
[2024-11-01T01:29:17.816+0000] {processor.py:208} INFO - Processing /home/airflow/.local/lib/python3.12/site-packages/airflow/example_dags/example_branch_operator.py took 0.040 seconds
