[2024-11-01T01:26:12.750+0000] {processor.py:186} INFO - Started process (PID=78) to work on /home/airflow/.local/lib/python3.12/site-packages/airflow/example_dags/example_branch_datetime_operator.py
[2024-11-01T01:26:12.750+0000] {processor.py:914} INFO - Processing file /home/airflow/.local/lib/python3.12/site-packages/airflow/example_dags/example_branch_datetime_operator.py for tasks to queue
[2024-11-01T01:26:12.753+0000] {logging_mixin.py:190} INFO - [2024-11-01T01:26:12.752+0000] {dagbag.py:588} INFO - Filling up the DagBag from /home/airflow/.local/lib/python3.12/site-packages/airflow/example_dags/example_branch_datetime_operator.py
[2024-11-01T01:26:12.758+0000] {processor.py:925} INFO - DAG(s) 'example_branch_datetime_operator', 'example_branch_datetime_operator_3', 'example_branch_datetime_operator_2' retrieved from /home/airflow/.local/lib/python3.12/site-packages/airflow/example_dags/example_branch_datetime_operator.py
[2024-11-01T01:26:12.797+0000] {logging_mixin.py:190} INFO - [2024-11-01T01:26:12.797+0000] {override.py:1900} INFO - Created Permission View: can delete on DAG:example_branch_datetime_operator
[2024-11-01T01:26:12.805+0000] {logging_mixin.py:190} INFO - [2024-11-01T01:26:12.805+0000] {override.py:1900} INFO - Created Permission View: can read on DAG:example_branch_datetime_operator
[2024-11-01T01:26:12.810+0000] {logging_mixin.py:190} INFO - [2024-11-01T01:26:12.810+0000] {override.py:1900} INFO - Created Permission View: can edit on DAG:example_branch_datetime_operator
[2024-11-01T01:26:12.814+0000] {logging_mixin.py:190} INFO - [2024-11-01T01:26:12.813+0000] {override.py:1900} INFO - Created Permission View: can create on DAG Run:example_branch_datetime_operator
[2024-11-01T01:26:12.817+0000] {logging_mixin.py:190} INFO - [2024-11-01T01:26:12.817+0000] {override.py:1900} INFO - Created Permission View: menu access on DAG Run:example_branch_datetime_operator
[2024-11-01T01:26:12.822+0000] {logging_mixin.py:190} INFO - [2024-11-01T01:26:12.822+0000] {override.py:1900} INFO - Created Permission View: can read on DAG Run:example_branch_datetime_operator
[2024-11-01T01:26:12.827+0000] {logging_mixin.py:190} INFO - [2024-11-01T01:26:12.827+0000] {override.py:1900} INFO - Created Permission View: can delete on DAG Run:example_branch_datetime_operator
[2024-11-01T01:26:12.836+0000] {logging_mixin.py:190} INFO - [2024-11-01T01:26:12.836+0000] {override.py:1900} INFO - Created Permission View: can delete on DAG:example_branch_datetime_operator_3
[2024-11-01T01:26:12.839+0000] {logging_mixin.py:190} INFO - [2024-11-01T01:26:12.839+0000] {override.py:1900} INFO - Created Permission View: can read on DAG:example_branch_datetime_operator_3
[2024-11-01T01:26:12.843+0000] {logging_mixin.py:190} INFO - [2024-11-01T01:26:12.843+0000] {override.py:1900} INFO - Created Permission View: can edit on DAG:example_branch_datetime_operator_3
[2024-11-01T01:26:12.846+0000] {logging_mixin.py:190} INFO - [2024-11-01T01:26:12.846+0000] {override.py:1900} INFO - Created Permission View: can create on DAG Run:example_branch_datetime_operator_3
[2024-11-01T01:26:12.849+0000] {logging_mixin.py:190} INFO - [2024-11-01T01:26:12.849+0000] {override.py:1900} INFO - Created Permission View: menu access on DAG Run:example_branch_datetime_operator_3
[2024-11-01T01:26:12.852+0000] {logging_mixin.py:190} INFO - [2024-11-01T01:26:12.852+0000] {override.py:1900} INFO - Created Permission View: can read on DAG Run:example_branch_datetime_operator_3
[2024-11-01T01:26:12.855+0000] {logging_mixin.py:190} INFO - [2024-11-01T01:26:12.855+0000] {override.py:1900} INFO - Created Permission View: can delete on DAG Run:example_branch_datetime_operator_3
[2024-11-01T01:26:12.861+0000] {logging_mixin.py:190} INFO - [2024-11-01T01:26:12.861+0000] {override.py:1900} INFO - Created Permission View: can delete on DAG:example_branch_datetime_operator_2
[2024-11-01T01:26:12.863+0000] {logging_mixin.py:190} INFO - [2024-11-01T01:26:12.863+0000] {override.py:1900} INFO - Created Permission View: can read on DAG:example_branch_datetime_operator_2
[2024-11-01T01:26:12.866+0000] {logging_mixin.py:190} INFO - [2024-11-01T01:26:12.866+0000] {override.py:1900} INFO - Created Permission View: can edit on DAG:example_branch_datetime_operator_2
[2024-11-01T01:26:12.869+0000] {logging_mixin.py:190} INFO - [2024-11-01T01:26:12.869+0000] {override.py:1900} INFO - Created Permission View: can create on DAG Run:example_branch_datetime_operator_2
[2024-11-01T01:26:12.872+0000] {logging_mixin.py:190} INFO - [2024-11-01T01:26:12.872+0000] {override.py:1900} INFO - Created Permission View: menu access on DAG Run:example_branch_datetime_operator_2
[2024-11-01T01:26:12.874+0000] {logging_mixin.py:190} INFO - [2024-11-01T01:26:12.874+0000] {override.py:1900} INFO - Created Permission View: can read on DAG Run:example_branch_datetime_operator_2
[2024-11-01T01:26:12.878+0000] {logging_mixin.py:190} INFO - [2024-11-01T01:26:12.878+0000] {override.py:1900} INFO - Created Permission View: can delete on DAG Run:example_branch_datetime_operator_2
[2024-11-01T01:26:12.880+0000] {logging_mixin.py:190} INFO - [2024-11-01T01:26:12.880+0000] {dag.py:3239} INFO - Sync 3 DAGs
[2024-11-01T01:26:12.885+0000] {logging_mixin.py:190} INFO - [2024-11-01T01:26:12.885+0000] {dag.py:3262} INFO - Creating ORM DAG for example_branch_datetime_operator
[2024-11-01T01:26:12.886+0000] {logging_mixin.py:190} INFO - [2024-11-01T01:26:12.886+0000] {dag.py:3262} INFO - Creating ORM DAG for example_branch_datetime_operator_2
[2024-11-01T01:26:12.886+0000] {logging_mixin.py:190} INFO - [2024-11-01T01:26:12.886+0000] {dag.py:3262} INFO - Creating ORM DAG for example_branch_datetime_operator_3
[2024-11-01T01:26:12.891+0000] {logging_mixin.py:190} INFO - [2024-11-01T01:26:12.891+0000] {dag.py:4180} INFO - Setting next_dagrun for example_branch_datetime_operator to 2024-10-31 00:00:00+00:00, run_after=2024-11-01 00:00:00+00:00
[2024-11-01T01:26:12.891+0000] {logging_mixin.py:190} INFO - [2024-11-01T01:26:12.891+0000] {dag.py:4180} INFO - Setting next_dagrun for example_branch_datetime_operator_2 to 2024-10-31 00:00:00+00:00, run_after=2024-11-01 00:00:00+00:00
[2024-11-01T01:26:12.893+0000] {logging_mixin.py:190} INFO - [2024-11-01T01:26:12.893+0000] {dag.py:4180} INFO - Setting next_dagrun for example_branch_datetime_operator_3 to 2024-10-31 00:00:00+00:00, run_after=2024-11-01 00:00:00+00:00
[2024-11-01T01:26:12.900+0000] {processor.py:208} INFO - Processing /home/airflow/.local/lib/python3.12/site-packages/airflow/example_dags/example_branch_datetime_operator.py took 0.152 seconds
[2024-11-01T01:26:43.475+0000] {processor.py:186} INFO - Started process (PID=142) to work on /home/airflow/.local/lib/python3.12/site-packages/airflow/example_dags/example_branch_datetime_operator.py
[2024-11-01T01:26:43.475+0000] {processor.py:914} INFO - Processing file /home/airflow/.local/lib/python3.12/site-packages/airflow/example_dags/example_branch_datetime_operator.py for tasks to queue
[2024-11-01T01:26:43.477+0000] {logging_mixin.py:190} INFO - [2024-11-01T01:26:43.477+0000] {dagbag.py:588} INFO - Filling up the DagBag from /home/airflow/.local/lib/python3.12/site-packages/airflow/example_dags/example_branch_datetime_operator.py
[2024-11-01T01:26:43.482+0000] {processor.py:925} INFO - DAG(s) 'example_branch_datetime_operator', 'example_branch_datetime_operator_2', 'example_branch_datetime_operator_3' retrieved from /home/airflow/.local/lib/python3.12/site-packages/airflow/example_dags/example_branch_datetime_operator.py
[2024-11-01T01:26:43.493+0000] {logging_mixin.py:190} INFO - [2024-11-01T01:26:43.493+0000] {dag.py:3239} INFO - Sync 3 DAGs
[2024-11-01T01:26:43.504+0000] {logging_mixin.py:190} INFO - [2024-11-01T01:26:43.504+0000] {dag.py:4180} INFO - Setting next_dagrun for example_branch_datetime_operator to 2024-10-31 00:00:00+00:00, run_after=2024-11-01 00:00:00+00:00
[2024-11-01T01:26:43.507+0000] {logging_mixin.py:190} INFO - [2024-11-01T01:26:43.507+0000] {dag.py:4180} INFO - Setting next_dagrun for example_branch_datetime_operator_2 to 2024-10-31 00:00:00+00:00, run_after=2024-11-01 00:00:00+00:00
[2024-11-01T01:26:43.508+0000] {logging_mixin.py:190} INFO - [2024-11-01T01:26:43.508+0000] {dag.py:4180} INFO - Setting next_dagrun for example_branch_datetime_operator_3 to 2024-10-31 00:00:00+00:00, run_after=2024-11-01 00:00:00+00:00
[2024-11-01T01:26:43.516+0000] {processor.py:208} INFO - Processing /home/airflow/.local/lib/python3.12/site-packages/airflow/example_dags/example_branch_datetime_operator.py took 0.043 seconds
[2024-11-01T01:27:14.212+0000] {processor.py:186} INFO - Started process (PID=206) to work on /home/airflow/.local/lib/python3.12/site-packages/airflow/example_dags/example_branch_datetime_operator.py
[2024-11-01T01:27:14.213+0000] {processor.py:914} INFO - Processing file /home/airflow/.local/lib/python3.12/site-packages/airflow/example_dags/example_branch_datetime_operator.py for tasks to queue
[2024-11-01T01:27:14.215+0000] {logging_mixin.py:190} INFO - [2024-11-01T01:27:14.215+0000] {dagbag.py:588} INFO - Filling up the DagBag from /home/airflow/.local/lib/python3.12/site-packages/airflow/example_dags/example_branch_datetime_operator.py
[2024-11-01T01:27:14.220+0000] {processor.py:925} INFO - DAG(s) 'example_branch_datetime_operator', 'example_branch_datetime_operator_3', 'example_branch_datetime_operator_2' retrieved from /home/airflow/.local/lib/python3.12/site-packages/airflow/example_dags/example_branch_datetime_operator.py
[2024-11-01T01:27:14.235+0000] {logging_mixin.py:190} INFO - [2024-11-01T01:27:14.235+0000] {dag.py:3239} INFO - Sync 3 DAGs
[2024-11-01T01:27:14.246+0000] {logging_mixin.py:190} INFO - [2024-11-01T01:27:14.246+0000] {dag.py:4180} INFO - Setting next_dagrun for example_branch_datetime_operator to 2024-10-31 00:00:00+00:00, run_after=2024-11-01 00:00:00+00:00
[2024-11-01T01:27:14.249+0000] {logging_mixin.py:190} INFO - [2024-11-01T01:27:14.248+0000] {dag.py:4180} INFO - Setting next_dagrun for example_branch_datetime_operator_2 to 2024-10-31 00:00:00+00:00, run_after=2024-11-01 00:00:00+00:00
[2024-11-01T01:27:14.250+0000] {logging_mixin.py:190} INFO - [2024-11-01T01:27:14.250+0000] {dag.py:4180} INFO - Setting next_dagrun for example_branch_datetime_operator_3 to 2024-10-31 00:00:00+00:00, run_after=2024-11-01 00:00:00+00:00
[2024-11-01T01:27:14.257+0000] {processor.py:208} INFO - Processing /home/airflow/.local/lib/python3.12/site-packages/airflow/example_dags/example_branch_datetime_operator.py took 0.047 seconds
[2024-11-01T01:27:45.087+0000] {processor.py:186} INFO - Started process (PID=270) to work on /home/airflow/.local/lib/python3.12/site-packages/airflow/example_dags/example_branch_datetime_operator.py
[2024-11-01T01:27:45.087+0000] {processor.py:914} INFO - Processing file /home/airflow/.local/lib/python3.12/site-packages/airflow/example_dags/example_branch_datetime_operator.py for tasks to queue
[2024-11-01T01:27:45.088+0000] {logging_mixin.py:190} INFO - [2024-11-01T01:27:45.088+0000] {dagbag.py:588} INFO - Filling up the DagBag from /home/airflow/.local/lib/python3.12/site-packages/airflow/example_dags/example_branch_datetime_operator.py
[2024-11-01T01:27:45.092+0000] {processor.py:925} INFO - DAG(s) 'example_branch_datetime_operator_3', 'example_branch_datetime_operator_2', 'example_branch_datetime_operator' retrieved from /home/airflow/.local/lib/python3.12/site-packages/airflow/example_dags/example_branch_datetime_operator.py
[2024-11-01T01:27:45.105+0000] {logging_mixin.py:190} INFO - [2024-11-01T01:27:45.105+0000] {dag.py:3239} INFO - Sync 3 DAGs
[2024-11-01T01:27:45.116+0000] {logging_mixin.py:190} INFO - [2024-11-01T01:27:45.116+0000] {dag.py:4180} INFO - Setting next_dagrun for example_branch_datetime_operator to 2024-10-31 00:00:00+00:00, run_after=2024-11-01 00:00:00+00:00
[2024-11-01T01:27:45.119+0000] {logging_mixin.py:190} INFO - [2024-11-01T01:27:45.119+0000] {dag.py:4180} INFO - Setting next_dagrun for example_branch_datetime_operator_2 to 2024-10-31 00:00:00+00:00, run_after=2024-11-01 00:00:00+00:00
[2024-11-01T01:27:45.120+0000] {logging_mixin.py:190} INFO - [2024-11-01T01:27:45.120+0000] {dag.py:4180} INFO - Setting next_dagrun for example_branch_datetime_operator_3 to 2024-10-31 00:00:00+00:00, run_after=2024-11-01 00:00:00+00:00
[2024-11-01T01:27:45.127+0000] {processor.py:208} INFO - Processing /home/airflow/.local/lib/python3.12/site-packages/airflow/example_dags/example_branch_datetime_operator.py took 0.043 seconds
[2024-11-01T01:28:15.973+0000] {processor.py:186} INFO - Started process (PID=333) to work on /home/airflow/.local/lib/python3.12/site-packages/airflow/example_dags/example_branch_datetime_operator.py
[2024-11-01T01:28:15.973+0000] {processor.py:914} INFO - Processing file /home/airflow/.local/lib/python3.12/site-packages/airflow/example_dags/example_branch_datetime_operator.py for tasks to queue
[2024-11-01T01:28:15.974+0000] {logging_mixin.py:190} INFO - [2024-11-01T01:28:15.974+0000] {dagbag.py:588} INFO - Filling up the DagBag from /home/airflow/.local/lib/python3.12/site-packages/airflow/example_dags/example_branch_datetime_operator.py
[2024-11-01T01:28:15.978+0000] {processor.py:925} INFO - DAG(s) 'example_branch_datetime_operator_3', 'example_branch_datetime_operator_2', 'example_branch_datetime_operator' retrieved from /home/airflow/.local/lib/python3.12/site-packages/airflow/example_dags/example_branch_datetime_operator.py
[2024-11-01T01:28:15.990+0000] {logging_mixin.py:190} INFO - [2024-11-01T01:28:15.990+0000] {dag.py:3239} INFO - Sync 3 DAGs
[2024-11-01T01:28:16.001+0000] {logging_mixin.py:190} INFO - [2024-11-01T01:28:16.001+0000] {dag.py:4180} INFO - Setting next_dagrun for example_branch_datetime_operator to 2024-10-31 00:00:00+00:00, run_after=2024-11-01 00:00:00+00:00
[2024-11-01T01:28:16.003+0000] {logging_mixin.py:190} INFO - [2024-11-01T01:28:16.003+0000] {dag.py:4180} INFO - Setting next_dagrun for example_branch_datetime_operator_2 to 2024-10-31 00:00:00+00:00, run_after=2024-11-01 00:00:00+00:00
[2024-11-01T01:28:16.004+0000] {logging_mixin.py:190} INFO - [2024-11-01T01:28:16.004+0000] {dag.py:4180} INFO - Setting next_dagrun for example_branch_datetime_operator_3 to 2024-10-31 00:00:00+00:00, run_after=2024-11-01 00:00:00+00:00
[2024-11-01T01:28:16.012+0000] {processor.py:208} INFO - Processing /home/airflow/.local/lib/python3.12/site-packages/airflow/example_dags/example_branch_datetime_operator.py took 0.041 seconds
[2024-11-01T01:28:46.756+0000] {processor.py:186} INFO - Started process (PID=397) to work on /home/airflow/.local/lib/python3.12/site-packages/airflow/example_dags/example_branch_datetime_operator.py
[2024-11-01T01:28:46.757+0000] {processor.py:914} INFO - Processing file /home/airflow/.local/lib/python3.12/site-packages/airflow/example_dags/example_branch_datetime_operator.py for tasks to queue
[2024-11-01T01:28:46.758+0000] {logging_mixin.py:190} INFO - [2024-11-01T01:28:46.758+0000] {dagbag.py:588} INFO - Filling up the DagBag from /home/airflow/.local/lib/python3.12/site-packages/airflow/example_dags/example_branch_datetime_operator.py
[2024-11-01T01:28:46.764+0000] {processor.py:925} INFO - DAG(s) 'example_branch_datetime_operator_2', 'example_branch_datetime_operator', 'example_branch_datetime_operator_3' retrieved from /home/airflow/.local/lib/python3.12/site-packages/airflow/example_dags/example_branch_datetime_operator.py
[2024-11-01T01:28:46.775+0000] {logging_mixin.py:190} INFO - [2024-11-01T01:28:46.775+0000] {dag.py:3239} INFO - Sync 3 DAGs
[2024-11-01T01:28:46.785+0000] {logging_mixin.py:190} INFO - [2024-11-01T01:28:46.785+0000] {dag.py:4180} INFO - Setting next_dagrun for example_branch_datetime_operator to 2024-10-31 00:00:00+00:00, run_after=2024-11-01 00:00:00+00:00
[2024-11-01T01:28:46.787+0000] {logging_mixin.py:190} INFO - [2024-11-01T01:28:46.787+0000] {dag.py:4180} INFO - Setting next_dagrun for example_branch_datetime_operator_2 to 2024-10-31 00:00:00+00:00, run_after=2024-11-01 00:00:00+00:00
[2024-11-01T01:28:46.788+0000] {logging_mixin.py:190} INFO - [2024-11-01T01:28:46.788+0000] {dag.py:4180} INFO - Setting next_dagrun for example_branch_datetime_operator_3 to 2024-10-31 00:00:00+00:00, run_after=2024-11-01 00:00:00+00:00
[2024-11-01T01:28:46.795+0000] {processor.py:208} INFO - Processing /home/airflow/.local/lib/python3.12/site-packages/airflow/example_dags/example_branch_datetime_operator.py took 0.041 seconds
[2024-11-01T01:29:17.554+0000] {processor.py:186} INFO - Started process (PID=461) to work on /home/airflow/.local/lib/python3.12/site-packages/airflow/example_dags/example_branch_datetime_operator.py
[2024-11-01T01:29:17.555+0000] {processor.py:914} INFO - Processing file /home/airflow/.local/lib/python3.12/site-packages/airflow/example_dags/example_branch_datetime_operator.py for tasks to queue
[2024-11-01T01:29:17.556+0000] {logging_mixin.py:190} INFO - [2024-11-01T01:29:17.556+0000] {dagbag.py:588} INFO - Filling up the DagBag from /home/airflow/.local/lib/python3.12/site-packages/airflow/example_dags/example_branch_datetime_operator.py
[2024-11-01T01:29:17.561+0000] {processor.py:925} INFO - DAG(s) 'example_branch_datetime_operator', 'example_branch_datetime_operator_2', 'example_branch_datetime_operator_3' retrieved from /home/airflow/.local/lib/python3.12/site-packages/airflow/example_dags/example_branch_datetime_operator.py
[2024-11-01T01:29:17.574+0000] {logging_mixin.py:190} INFO - [2024-11-01T01:29:17.574+0000] {dag.py:3239} INFO - Sync 3 DAGs
[2024-11-01T01:29:17.583+0000] {logging_mixin.py:190} INFO - [2024-11-01T01:29:17.583+0000] {dag.py:4180} INFO - Setting next_dagrun for example_branch_datetime_operator to 2024-10-31 00:00:00+00:00, run_after=2024-11-01 00:00:00+00:00
[2024-11-01T01:29:17.586+0000] {logging_mixin.py:190} INFO - [2024-11-01T01:29:17.585+0000] {dag.py:4180} INFO - Setting next_dagrun for example_branch_datetime_operator_2 to 2024-10-31 00:00:00+00:00, run_after=2024-11-01 00:00:00+00:00
[2024-11-01T01:29:17.588+0000] {logging_mixin.py:190} INFO - [2024-11-01T01:29:17.588+0000] {dag.py:4180} INFO - Setting next_dagrun for example_branch_datetime_operator_3 to 2024-10-31 00:00:00+00:00, run_after=2024-11-01 00:00:00+00:00
[2024-11-01T01:29:17.594+0000] {processor.py:208} INFO - Processing /home/airflow/.local/lib/python3.12/site-packages/airflow/example_dags/example_branch_datetime_operator.py took 0.043 seconds
