[2024-11-01T01:26:12.329+0000] {processor.py:186} INFO - Started process (PID=71) to work on /home/airflow/.local/lib/python3.12/site-packages/airflow/example_dags/example_outlet_event_extra.py
[2024-11-01T01:26:12.331+0000] {processor.py:914} INFO - Processing file /home/airflow/.local/lib/python3.12/site-packages/airflow/example_dags/example_outlet_event_extra.py for tasks to queue
[2024-11-01T01:26:12.333+0000] {logging_mixin.py:190} INFO - [2024-11-01T01:26:12.333+0000] {dagbag.py:588} INFO - Filling up the DagBag from /home/airflow/.local/lib/python3.12/site-packages/airflow/example_dags/example_outlet_event_extra.py
[2024-11-01T01:26:12.395+0000] {processor.py:925} INFO - DAG(s) 'dataset_with_extra_by_context', 'dataset_with_extra_from_classic_operator', 'dataset_with_extra_by_yield' retrieved from /home/airflow/.local/lib/python3.12/site-packages/airflow/example_dags/example_outlet_event_extra.py
[2024-11-01T01:26:12.432+0000] {logging_mixin.py:190} INFO - [2024-11-01T01:26:12.432+0000] {override.py:1900} INFO - Created Permission View: can delete on DAG:dataset_with_extra_by_context
[2024-11-01T01:26:12.438+0000] {logging_mixin.py:190} INFO - [2024-11-01T01:26:12.438+0000] {override.py:1900} INFO - Created Permission View: can read on DAG:dataset_with_extra_by_context
[2024-11-01T01:26:12.441+0000] {logging_mixin.py:190} INFO - [2024-11-01T01:26:12.441+0000] {override.py:1900} INFO - Created Permission View: can edit on DAG:dataset_with_extra_by_context
[2024-11-01T01:26:12.443+0000] {logging_mixin.py:190} INFO - [2024-11-01T01:26:12.443+0000] {override.py:1900} INFO - Created Permission View: can create on DAG Run:dataset_with_extra_by_context
[2024-11-01T01:26:12.449+0000] {logging_mixin.py:190} INFO - [2024-11-01T01:26:12.449+0000] {override.py:1900} INFO - Created Permission View: menu access on DAG Run:dataset_with_extra_by_context
[2024-11-01T01:26:12.451+0000] {logging_mixin.py:190} INFO - [2024-11-01T01:26:12.450+0000] {override.py:1900} INFO - Created Permission View: can read on DAG Run:dataset_with_extra_by_context
[2024-11-01T01:26:12.452+0000] {logging_mixin.py:190} INFO - [2024-11-01T01:26:12.452+0000] {override.py:1900} INFO - Created Permission View: can delete on DAG Run:dataset_with_extra_by_context
[2024-11-01T01:26:12.456+0000] {logging_mixin.py:190} INFO - [2024-11-01T01:26:12.456+0000] {override.py:1900} INFO - Created Permission View: can delete on DAG:dataset_with_extra_from_classic_operator
[2024-11-01T01:26:12.458+0000] {logging_mixin.py:190} INFO - [2024-11-01T01:26:12.458+0000] {override.py:1900} INFO - Created Permission View: can read on DAG:dataset_with_extra_from_classic_operator
[2024-11-01T01:26:12.460+0000] {logging_mixin.py:190} INFO - [2024-11-01T01:26:12.460+0000] {override.py:1900} INFO - Created Permission View: can edit on DAG:dataset_with_extra_from_classic_operator
[2024-11-01T01:26:12.465+0000] {logging_mixin.py:190} INFO - [2024-11-01T01:26:12.465+0000] {override.py:1900} INFO - Created Permission View: can create on DAG Run:dataset_with_extra_from_classic_operator
[2024-11-01T01:26:12.472+0000] {logging_mixin.py:190} INFO - [2024-11-01T01:26:12.471+0000] {override.py:1900} INFO - Created Permission View: menu access on DAG Run:dataset_with_extra_from_classic_operator
[2024-11-01T01:26:12.477+0000] {logging_mixin.py:190} INFO - [2024-11-01T01:26:12.477+0000] {override.py:1900} INFO - Created Permission View: can read on DAG Run:dataset_with_extra_from_classic_operator
[2024-11-01T01:26:12.484+0000] {logging_mixin.py:190} INFO - [2024-11-01T01:26:12.484+0000] {override.py:1900} INFO - Created Permission View: can delete on DAG Run:dataset_with_extra_from_classic_operator
[2024-11-01T01:26:12.494+0000] {logging_mixin.py:190} INFO - [2024-11-01T01:26:12.494+0000] {override.py:1900} INFO - Created Permission View: can delete on DAG:dataset_with_extra_by_yield
[2024-11-01T01:26:12.501+0000] {logging_mixin.py:190} INFO - [2024-11-01T01:26:12.501+0000] {override.py:1900} INFO - Created Permission View: can read on DAG:dataset_with_extra_by_yield
[2024-11-01T01:26:12.509+0000] {logging_mixin.py:190} INFO - [2024-11-01T01:26:12.509+0000] {override.py:1900} INFO - Created Permission View: can edit on DAG:dataset_with_extra_by_yield
[2024-11-01T01:26:12.511+0000] {logging_mixin.py:190} INFO - [2024-11-01T01:26:12.511+0000] {override.py:1900} INFO - Created Permission View: can create on DAG Run:dataset_with_extra_by_yield
[2024-11-01T01:26:12.515+0000] {logging_mixin.py:190} INFO - [2024-11-01T01:26:12.514+0000] {override.py:1900} INFO - Created Permission View: menu access on DAG Run:dataset_with_extra_by_yield
[2024-11-01T01:26:12.519+0000] {logging_mixin.py:190} INFO - [2024-11-01T01:26:12.519+0000] {override.py:1900} INFO - Created Permission View: can read on DAG Run:dataset_with_extra_by_yield
[2024-11-01T01:26:12.522+0000] {logging_mixin.py:190} INFO - [2024-11-01T01:26:12.522+0000] {override.py:1900} INFO - Created Permission View: can delete on DAG Run:dataset_with_extra_by_yield
[2024-11-01T01:26:12.522+0000] {logging_mixin.py:190} INFO - [2024-11-01T01:26:12.522+0000] {dag.py:3239} INFO - Sync 3 DAGs
[2024-11-01T01:26:12.529+0000] {logging_mixin.py:190} INFO - [2024-11-01T01:26:12.529+0000] {dag.py:3262} INFO - Creating ORM DAG for dataset_with_extra_by_context
[2024-11-01T01:26:12.530+0000] {logging_mixin.py:190} INFO - [2024-11-01T01:26:12.530+0000] {dag.py:3262} INFO - Creating ORM DAG for dataset_with_extra_by_yield
[2024-11-01T01:26:12.530+0000] {logging_mixin.py:190} INFO - [2024-11-01T01:26:12.530+0000] {dag.py:3262} INFO - Creating ORM DAG for dataset_with_extra_from_classic_operator
[2024-11-01T01:26:12.535+0000] {logging_mixin.py:190} INFO - [2024-11-01T01:26:12.535+0000] {dag.py:4180} INFO - Setting next_dagrun for dataset_with_extra_by_context to 2024-10-31 00:00:00+00:00, run_after=2024-11-01 00:00:00+00:00
[2024-11-01T01:26:12.537+0000] {logging_mixin.py:190} INFO - [2024-11-01T01:26:12.537+0000] {dag.py:4180} INFO - Setting next_dagrun for dataset_with_extra_by_yield to 2024-10-31 00:00:00+00:00, run_after=2024-11-01 00:00:00+00:00
[2024-11-01T01:26:12.537+0000] {logging_mixin.py:190} INFO - [2024-11-01T01:26:12.537+0000] {dag.py:4180} INFO - Setting next_dagrun for dataset_with_extra_from_classic_operator to 2024-10-31 00:00:00+00:00, run_after=2024-11-01 00:00:00+00:00
[2024-11-01T01:26:12.552+0000] {processor.py:208} INFO - Processing /home/airflow/.local/lib/python3.12/site-packages/airflow/example_dags/example_outlet_event_extra.py took 0.226 seconds
[2024-11-01T01:26:43.248+0000] {processor.py:186} INFO - Started process (PID=135) to work on /home/airflow/.local/lib/python3.12/site-packages/airflow/example_dags/example_outlet_event_extra.py
[2024-11-01T01:26:43.250+0000] {processor.py:914} INFO - Processing file /home/airflow/.local/lib/python3.12/site-packages/airflow/example_dags/example_outlet_event_extra.py for tasks to queue
[2024-11-01T01:26:43.251+0000] {logging_mixin.py:190} INFO - [2024-11-01T01:26:43.251+0000] {dagbag.py:588} INFO - Filling up the DagBag from /home/airflow/.local/lib/python3.12/site-packages/airflow/example_dags/example_outlet_event_extra.py
[2024-11-01T01:26:43.312+0000] {processor.py:925} INFO - DAG(s) 'dataset_with_extra_by_yield', 'dataset_with_extra_by_context', 'dataset_with_extra_from_classic_operator' retrieved from /home/airflow/.local/lib/python3.12/site-packages/airflow/example_dags/example_outlet_event_extra.py
[2024-11-01T01:26:43.323+0000] {logging_mixin.py:190} INFO - [2024-11-01T01:26:43.323+0000] {dag.py:3239} INFO - Sync 3 DAGs
[2024-11-01T01:26:43.332+0000] {logging_mixin.py:190} INFO - [2024-11-01T01:26:43.332+0000] {dag.py:4180} INFO - Setting next_dagrun for dataset_with_extra_by_context to 2024-10-31 00:00:00+00:00, run_after=2024-11-01 00:00:00+00:00
[2024-11-01T01:26:43.335+0000] {logging_mixin.py:190} INFO - [2024-11-01T01:26:43.335+0000] {dag.py:4180} INFO - Setting next_dagrun for dataset_with_extra_by_yield to 2024-10-31 00:00:00+00:00, run_after=2024-11-01 00:00:00+00:00
[2024-11-01T01:26:43.336+0000] {logging_mixin.py:190} INFO - [2024-11-01T01:26:43.336+0000] {dag.py:4180} INFO - Setting next_dagrun for dataset_with_extra_from_classic_operator to 2024-10-31 00:00:00+00:00, run_after=2024-11-01 00:00:00+00:00
[2024-11-01T01:26:43.346+0000] {processor.py:208} INFO - Processing /home/airflow/.local/lib/python3.12/site-packages/airflow/example_dags/example_outlet_event_extra.py took 0.101 seconds
[2024-11-01T01:27:13.990+0000] {processor.py:186} INFO - Started process (PID=199) to work on /home/airflow/.local/lib/python3.12/site-packages/airflow/example_dags/example_outlet_event_extra.py
[2024-11-01T01:27:13.993+0000] {processor.py:914} INFO - Processing file /home/airflow/.local/lib/python3.12/site-packages/airflow/example_dags/example_outlet_event_extra.py for tasks to queue
[2024-11-01T01:27:13.995+0000] {logging_mixin.py:190} INFO - [2024-11-01T01:27:13.994+0000] {dagbag.py:588} INFO - Filling up the DagBag from /home/airflow/.local/lib/python3.12/site-packages/airflow/example_dags/example_outlet_event_extra.py
[2024-11-01T01:27:14.062+0000] {processor.py:925} INFO - DAG(s) 'dataset_with_extra_by_context', 'dataset_with_extra_by_yield', 'dataset_with_extra_from_classic_operator' retrieved from /home/airflow/.local/lib/python3.12/site-packages/airflow/example_dags/example_outlet_event_extra.py
[2024-11-01T01:27:14.074+0000] {logging_mixin.py:190} INFO - [2024-11-01T01:27:14.073+0000] {dag.py:3239} INFO - Sync 3 DAGs
[2024-11-01T01:27:14.085+0000] {logging_mixin.py:190} INFO - [2024-11-01T01:27:14.085+0000] {dag.py:4180} INFO - Setting next_dagrun for dataset_with_extra_by_context to 2024-10-31 00:00:00+00:00, run_after=2024-11-01 00:00:00+00:00
[2024-11-01T01:27:14.088+0000] {logging_mixin.py:190} INFO - [2024-11-01T01:27:14.088+0000] {dag.py:4180} INFO - Setting next_dagrun for dataset_with_extra_by_yield to 2024-10-31 00:00:00+00:00, run_after=2024-11-01 00:00:00+00:00
[2024-11-01T01:27:14.089+0000] {logging_mixin.py:190} INFO - [2024-11-01T01:27:14.089+0000] {dag.py:4180} INFO - Setting next_dagrun for dataset_with_extra_from_classic_operator to 2024-10-31 00:00:00+00:00, run_after=2024-11-01 00:00:00+00:00
[2024-11-01T01:27:14.099+0000] {processor.py:208} INFO - Processing /home/airflow/.local/lib/python3.12/site-packages/airflow/example_dags/example_outlet_event_extra.py took 0.111 seconds
[2024-11-01T01:27:44.865+0000] {processor.py:186} INFO - Started process (PID=263) to work on /home/airflow/.local/lib/python3.12/site-packages/airflow/example_dags/example_outlet_event_extra.py
[2024-11-01T01:27:44.866+0000] {processor.py:914} INFO - Processing file /home/airflow/.local/lib/python3.12/site-packages/airflow/example_dags/example_outlet_event_extra.py for tasks to queue
[2024-11-01T01:27:44.868+0000] {logging_mixin.py:190} INFO - [2024-11-01T01:27:44.867+0000] {dagbag.py:588} INFO - Filling up the DagBag from /home/airflow/.local/lib/python3.12/site-packages/airflow/example_dags/example_outlet_event_extra.py
[2024-11-01T01:27:44.927+0000] {processor.py:925} INFO - DAG(s) 'dataset_with_extra_from_classic_operator', 'dataset_with_extra_by_yield', 'dataset_with_extra_by_context' retrieved from /home/airflow/.local/lib/python3.12/site-packages/airflow/example_dags/example_outlet_event_extra.py
[2024-11-01T01:27:44.938+0000] {logging_mixin.py:190} INFO - [2024-11-01T01:27:44.938+0000] {dag.py:3239} INFO - Sync 3 DAGs
[2024-11-01T01:27:44.946+0000] {logging_mixin.py:190} INFO - [2024-11-01T01:27:44.946+0000] {dag.py:4180} INFO - Setting next_dagrun for dataset_with_extra_by_context to 2024-10-31 00:00:00+00:00, run_after=2024-11-01 00:00:00+00:00
[2024-11-01T01:27:44.949+0000] {logging_mixin.py:190} INFO - [2024-11-01T01:27:44.949+0000] {dag.py:4180} INFO - Setting next_dagrun for dataset_with_extra_by_yield to 2024-10-31 00:00:00+00:00, run_after=2024-11-01 00:00:00+00:00
[2024-11-01T01:27:44.951+0000] {logging_mixin.py:190} INFO - [2024-11-01T01:27:44.951+0000] {dag.py:4180} INFO - Setting next_dagrun for dataset_with_extra_from_classic_operator to 2024-10-31 00:00:00+00:00, run_after=2024-11-01 00:00:00+00:00
[2024-11-01T01:27:44.960+0000] {processor.py:208} INFO - Processing /home/airflow/.local/lib/python3.12/site-packages/airflow/example_dags/example_outlet_event_extra.py took 0.097 seconds
[2024-11-01T01:28:15.751+0000] {processor.py:186} INFO - Started process (PID=326) to work on /home/airflow/.local/lib/python3.12/site-packages/airflow/example_dags/example_outlet_event_extra.py
[2024-11-01T01:28:15.752+0000] {processor.py:914} INFO - Processing file /home/airflow/.local/lib/python3.12/site-packages/airflow/example_dags/example_outlet_event_extra.py for tasks to queue
[2024-11-01T01:28:15.755+0000] {logging_mixin.py:190} INFO - [2024-11-01T01:28:15.755+0000] {dagbag.py:588} INFO - Filling up the DagBag from /home/airflow/.local/lib/python3.12/site-packages/airflow/example_dags/example_outlet_event_extra.py
[2024-11-01T01:28:15.810+0000] {processor.py:925} INFO - DAG(s) 'dataset_with_extra_by_context', 'dataset_with_extra_by_yield', 'dataset_with_extra_from_classic_operator' retrieved from /home/airflow/.local/lib/python3.12/site-packages/airflow/example_dags/example_outlet_event_extra.py
[2024-11-01T01:28:15.822+0000] {logging_mixin.py:190} INFO - [2024-11-01T01:28:15.821+0000] {dag.py:3239} INFO - Sync 3 DAGs
[2024-11-01T01:28:15.831+0000] {logging_mixin.py:190} INFO - [2024-11-01T01:28:15.831+0000] {dag.py:4180} INFO - Setting next_dagrun for dataset_with_extra_by_context to 2024-10-31 00:00:00+00:00, run_after=2024-11-01 00:00:00+00:00
[2024-11-01T01:28:15.833+0000] {logging_mixin.py:190} INFO - [2024-11-01T01:28:15.833+0000] {dag.py:4180} INFO - Setting next_dagrun for dataset_with_extra_by_yield to 2024-10-31 00:00:00+00:00, run_after=2024-11-01 00:00:00+00:00
[2024-11-01T01:28:15.837+0000] {logging_mixin.py:190} INFO - [2024-11-01T01:28:15.837+0000] {dag.py:4180} INFO - Setting next_dagrun for dataset_with_extra_from_classic_operator to 2024-10-31 00:00:00+00:00, run_after=2024-11-01 00:00:00+00:00
[2024-11-01T01:28:15.848+0000] {processor.py:208} INFO - Processing /home/airflow/.local/lib/python3.12/site-packages/airflow/example_dags/example_outlet_event_extra.py took 0.099 seconds
[2024-11-01T01:28:46.565+0000] {processor.py:186} INFO - Started process (PID=390) to work on /home/airflow/.local/lib/python3.12/site-packages/airflow/example_dags/example_outlet_event_extra.py
[2024-11-01T01:28:46.565+0000] {processor.py:914} INFO - Processing file /home/airflow/.local/lib/python3.12/site-packages/airflow/example_dags/example_outlet_event_extra.py for tasks to queue
[2024-11-01T01:28:46.566+0000] {logging_mixin.py:190} INFO - [2024-11-01T01:28:46.566+0000] {dagbag.py:588} INFO - Filling up the DagBag from /home/airflow/.local/lib/python3.12/site-packages/airflow/example_dags/example_outlet_event_extra.py
[2024-11-01T01:28:46.623+0000] {processor.py:925} INFO - DAG(s) 'dataset_with_extra_by_yield', 'dataset_with_extra_from_classic_operator', 'dataset_with_extra_by_context' retrieved from /home/airflow/.local/lib/python3.12/site-packages/airflow/example_dags/example_outlet_event_extra.py
[2024-11-01T01:28:46.631+0000] {logging_mixin.py:190} INFO - [2024-11-01T01:28:46.631+0000] {dag.py:3239} INFO - Sync 3 DAGs
[2024-11-01T01:28:46.640+0000] {logging_mixin.py:190} INFO - [2024-11-01T01:28:46.640+0000] {dag.py:4180} INFO - Setting next_dagrun for dataset_with_extra_by_context to 2024-10-31 00:00:00+00:00, run_after=2024-11-01 00:00:00+00:00
[2024-11-01T01:28:46.643+0000] {logging_mixin.py:190} INFO - [2024-11-01T01:28:46.643+0000] {dag.py:4180} INFO - Setting next_dagrun for dataset_with_extra_by_yield to 2024-10-31 00:00:00+00:00, run_after=2024-11-01 00:00:00+00:00
[2024-11-01T01:28:46.644+0000] {logging_mixin.py:190} INFO - [2024-11-01T01:28:46.644+0000] {dag.py:4180} INFO - Setting next_dagrun for dataset_with_extra_from_classic_operator to 2024-10-31 00:00:00+00:00, run_after=2024-11-01 00:00:00+00:00
[2024-11-01T01:28:46.652+0000] {processor.py:208} INFO - Processing /home/airflow/.local/lib/python3.12/site-packages/airflow/example_dags/example_outlet_event_extra.py took 0.090 seconds
[2024-11-01T01:29:17.374+0000] {processor.py:186} INFO - Started process (PID=454) to work on /home/airflow/.local/lib/python3.12/site-packages/airflow/example_dags/example_outlet_event_extra.py
[2024-11-01T01:29:17.375+0000] {processor.py:914} INFO - Processing file /home/airflow/.local/lib/python3.12/site-packages/airflow/example_dags/example_outlet_event_extra.py for tasks to queue
[2024-11-01T01:29:17.377+0000] {logging_mixin.py:190} INFO - [2024-11-01T01:29:17.377+0000] {dagbag.py:588} INFO - Filling up the DagBag from /home/airflow/.local/lib/python3.12/site-packages/airflow/example_dags/example_outlet_event_extra.py
[2024-11-01T01:29:17.433+0000] {processor.py:925} INFO - DAG(s) 'dataset_with_extra_by_yield', 'dataset_with_extra_by_context', 'dataset_with_extra_from_classic_operator' retrieved from /home/airflow/.local/lib/python3.12/site-packages/airflow/example_dags/example_outlet_event_extra.py
[2024-11-01T01:29:17.443+0000] {logging_mixin.py:190} INFO - [2024-11-01T01:29:17.443+0000] {dag.py:3239} INFO - Sync 3 DAGs
[2024-11-01T01:29:17.453+0000] {logging_mixin.py:190} INFO - [2024-11-01T01:29:17.453+0000] {dag.py:4180} INFO - Setting next_dagrun for dataset_with_extra_by_context to 2024-10-31 00:00:00+00:00, run_after=2024-11-01 00:00:00+00:00
[2024-11-01T01:29:17.455+0000] {logging_mixin.py:190} INFO - [2024-11-01T01:29:17.455+0000] {dag.py:4180} INFO - Setting next_dagrun for dataset_with_extra_by_yield to 2024-10-31 00:00:00+00:00, run_after=2024-11-01 00:00:00+00:00
[2024-11-01T01:29:17.456+0000] {logging_mixin.py:190} INFO - [2024-11-01T01:29:17.456+0000] {dag.py:4180} INFO - Setting next_dagrun for dataset_with_extra_from_classic_operator to 2024-10-31 00:00:00+00:00, run_after=2024-11-01 00:00:00+00:00
[2024-11-01T01:29:17.464+0000] {processor.py:208} INFO - Processing /home/airflow/.local/lib/python3.12/site-packages/airflow/example_dags/example_outlet_event_extra.py took 0.093 seconds
