[2024-11-01T01:26:13.533+0000] {processor.py:186} INFO - Started process (PID=89) to work on /home/airflow/.local/lib/python3.12/site-packages/airflow/example_dags/example_external_task_marker_dag.py
[2024-11-01T01:26:13.534+0000] {processor.py:914} INFO - Processing file /home/airflow/.local/lib/python3.12/site-packages/airflow/example_dags/example_external_task_marker_dag.py for tasks to queue
[2024-11-01T01:26:13.535+0000] {logging_mixin.py:190} INFO - [2024-11-01T01:26:13.535+0000] {dagbag.py:588} INFO - Filling up the DagBag from /home/airflow/.local/lib/python3.12/site-packages/airflow/example_dags/example_external_task_marker_dag.py
[2024-11-01T01:26:13.540+0000] {processor.py:925} INFO - DAG(s) 'example_external_task_marker_child', 'example_external_task_marker_parent' retrieved from /home/airflow/.local/lib/python3.12/site-packages/airflow/example_dags/example_external_task_marker_dag.py
[2024-11-01T01:26:13.589+0000] {logging_mixin.py:190} INFO - [2024-11-01T01:26:13.589+0000] {override.py:1900} INFO - Created Permission View: can delete on DAG:example_external_task_marker_child
[2024-11-01T01:26:13.594+0000] {logging_mixin.py:190} INFO - [2024-11-01T01:26:13.594+0000] {override.py:1900} INFO - Created Permission View: can read on DAG:example_external_task_marker_child
[2024-11-01T01:26:13.598+0000] {logging_mixin.py:190} INFO - [2024-11-01T01:26:13.598+0000] {override.py:1900} INFO - Created Permission View: can edit on DAG:example_external_task_marker_child
[2024-11-01T01:26:13.602+0000] {logging_mixin.py:190} INFO - [2024-11-01T01:26:13.602+0000] {override.py:1900} INFO - Created Permission View: can create on DAG Run:example_external_task_marker_child
[2024-11-01T01:26:13.605+0000] {logging_mixin.py:190} INFO - [2024-11-01T01:26:13.605+0000] {override.py:1900} INFO - Created Permission View: menu access on DAG Run:example_external_task_marker_child
[2024-11-01T01:26:13.609+0000] {logging_mixin.py:190} INFO - [2024-11-01T01:26:13.609+0000] {override.py:1900} INFO - Created Permission View: can read on DAG Run:example_external_task_marker_child
[2024-11-01T01:26:13.613+0000] {logging_mixin.py:190} INFO - [2024-11-01T01:26:13.613+0000] {override.py:1900} INFO - Created Permission View: can delete on DAG Run:example_external_task_marker_child
[2024-11-01T01:26:13.619+0000] {logging_mixin.py:190} INFO - [2024-11-01T01:26:13.619+0000] {override.py:1900} INFO - Created Permission View: can delete on DAG:example_external_task_marker_parent
[2024-11-01T01:26:13.623+0000] {logging_mixin.py:190} INFO - [2024-11-01T01:26:13.622+0000] {override.py:1900} INFO - Created Permission View: can read on DAG:example_external_task_marker_parent
[2024-11-01T01:26:13.627+0000] {logging_mixin.py:190} INFO - [2024-11-01T01:26:13.627+0000] {override.py:1900} INFO - Created Permission View: can edit on DAG:example_external_task_marker_parent
[2024-11-01T01:26:13.629+0000] {logging_mixin.py:190} INFO - [2024-11-01T01:26:13.629+0000] {override.py:1900} INFO - Created Permission View: can create on DAG Run:example_external_task_marker_parent
[2024-11-01T01:26:13.632+0000] {logging_mixin.py:190} INFO - [2024-11-01T01:26:13.632+0000] {override.py:1900} INFO - Created Permission View: menu access on DAG Run:example_external_task_marker_parent
[2024-11-01T01:26:13.635+0000] {logging_mixin.py:190} INFO - [2024-11-01T01:26:13.635+0000] {override.py:1900} INFO - Created Permission View: can read on DAG Run:example_external_task_marker_parent
[2024-11-01T01:26:13.637+0000] {logging_mixin.py:190} INFO - [2024-11-01T01:26:13.637+0000] {override.py:1900} INFO - Created Permission View: can delete on DAG Run:example_external_task_marker_parent
[2024-11-01T01:26:13.637+0000] {logging_mixin.py:190} INFO - [2024-11-01T01:26:13.637+0000] {dag.py:3239} INFO - Sync 2 DAGs
[2024-11-01T01:26:13.642+0000] {logging_mixin.py:190} INFO - [2024-11-01T01:26:13.642+0000] {dag.py:3262} INFO - Creating ORM DAG for example_external_task_marker_child
[2024-11-01T01:26:13.643+0000] {logging_mixin.py:190} INFO - [2024-11-01T01:26:13.642+0000] {dag.py:3262} INFO - Creating ORM DAG for example_external_task_marker_parent
[2024-11-01T01:26:13.643+0000] {logging_mixin.py:190} INFO - [2024-11-01T01:26:13.643+0000] {dag.py:4180} INFO - Setting next_dagrun for example_external_task_marker_child to None, run_after=None
[2024-11-01T01:26:13.644+0000] {logging_mixin.py:190} INFO - [2024-11-01T01:26:13.644+0000] {dag.py:4180} INFO - Setting next_dagrun for example_external_task_marker_parent to None, run_after=None
[2024-11-01T01:26:13.652+0000] {processor.py:208} INFO - Processing /home/airflow/.local/lib/python3.12/site-packages/airflow/example_dags/example_external_task_marker_dag.py took 0.122 seconds
[2024-11-01T01:26:43.791+0000] {processor.py:186} INFO - Started process (PID=153) to work on /home/airflow/.local/lib/python3.12/site-packages/airflow/example_dags/example_external_task_marker_dag.py
[2024-11-01T01:26:43.792+0000] {processor.py:914} INFO - Processing file /home/airflow/.local/lib/python3.12/site-packages/airflow/example_dags/example_external_task_marker_dag.py for tasks to queue
[2024-11-01T01:26:43.794+0000] {logging_mixin.py:190} INFO - [2024-11-01T01:26:43.794+0000] {dagbag.py:588} INFO - Filling up the DagBag from /home/airflow/.local/lib/python3.12/site-packages/airflow/example_dags/example_external_task_marker_dag.py
[2024-11-01T01:26:43.797+0000] {processor.py:925} INFO - DAG(s) 'example_external_task_marker_parent', 'example_external_task_marker_child' retrieved from /home/airflow/.local/lib/python3.12/site-packages/airflow/example_dags/example_external_task_marker_dag.py
[2024-11-01T01:26:43.808+0000] {logging_mixin.py:190} INFO - [2024-11-01T01:26:43.808+0000] {dag.py:3239} INFO - Sync 2 DAGs
[2024-11-01T01:26:43.814+0000] {logging_mixin.py:190} INFO - [2024-11-01T01:26:43.814+0000] {dag.py:4180} INFO - Setting next_dagrun for example_external_task_marker_child to None, run_after=None
[2024-11-01T01:26:43.818+0000] {logging_mixin.py:190} INFO - [2024-11-01T01:26:43.818+0000] {dag.py:4180} INFO - Setting next_dagrun for example_external_task_marker_parent to None, run_after=None
[2024-11-01T01:26:43.826+0000] {processor.py:208} INFO - Processing /home/airflow/.local/lib/python3.12/site-packages/airflow/example_dags/example_external_task_marker_dag.py took 0.037 seconds
[2024-11-01T01:27:14.548+0000] {processor.py:186} INFO - Started process (PID=217) to work on /home/airflow/.local/lib/python3.12/site-packages/airflow/example_dags/example_external_task_marker_dag.py
[2024-11-01T01:27:14.551+0000] {processor.py:914} INFO - Processing file /home/airflow/.local/lib/python3.12/site-packages/airflow/example_dags/example_external_task_marker_dag.py for tasks to queue
[2024-11-01T01:27:14.553+0000] {logging_mixin.py:190} INFO - [2024-11-01T01:27:14.552+0000] {dagbag.py:588} INFO - Filling up the DagBag from /home/airflow/.local/lib/python3.12/site-packages/airflow/example_dags/example_external_task_marker_dag.py
[2024-11-01T01:27:14.557+0000] {processor.py:925} INFO - DAG(s) 'example_external_task_marker_child', 'example_external_task_marker_parent' retrieved from /home/airflow/.local/lib/python3.12/site-packages/airflow/example_dags/example_external_task_marker_dag.py
[2024-11-01T01:27:14.568+0000] {logging_mixin.py:190} INFO - [2024-11-01T01:27:14.568+0000] {dag.py:3239} INFO - Sync 2 DAGs
[2024-11-01T01:27:14.575+0000] {logging_mixin.py:190} INFO - [2024-11-01T01:27:14.575+0000] {dag.py:4180} INFO - Setting next_dagrun for example_external_task_marker_child to None, run_after=None
[2024-11-01T01:27:14.576+0000] {logging_mixin.py:190} INFO - [2024-11-01T01:27:14.576+0000] {dag.py:4180} INFO - Setting next_dagrun for example_external_task_marker_parent to None, run_after=None
[2024-11-01T01:27:14.583+0000] {processor.py:208} INFO - Processing /home/airflow/.local/lib/python3.12/site-packages/airflow/example_dags/example_external_task_marker_dag.py took 0.038 seconds
[2024-11-01T01:27:45.440+0000] {processor.py:186} INFO - Started process (PID=281) to work on /home/airflow/.local/lib/python3.12/site-packages/airflow/example_dags/example_external_task_marker_dag.py
[2024-11-01T01:27:45.440+0000] {processor.py:914} INFO - Processing file /home/airflow/.local/lib/python3.12/site-packages/airflow/example_dags/example_external_task_marker_dag.py for tasks to queue
[2024-11-01T01:27:45.441+0000] {logging_mixin.py:190} INFO - [2024-11-01T01:27:45.441+0000] {dagbag.py:588} INFO - Filling up the DagBag from /home/airflow/.local/lib/python3.12/site-packages/airflow/example_dags/example_external_task_marker_dag.py
[2024-11-01T01:27:45.446+0000] {processor.py:925} INFO - DAG(s) 'example_external_task_marker_parent', 'example_external_task_marker_child' retrieved from /home/airflow/.local/lib/python3.12/site-packages/airflow/example_dags/example_external_task_marker_dag.py
[2024-11-01T01:27:45.456+0000] {logging_mixin.py:190} INFO - [2024-11-01T01:27:45.456+0000] {dag.py:3239} INFO - Sync 2 DAGs
[2024-11-01T01:27:45.463+0000] {logging_mixin.py:190} INFO - [2024-11-01T01:27:45.463+0000] {dag.py:4180} INFO - Setting next_dagrun for example_external_task_marker_child to None, run_after=None
[2024-11-01T01:27:45.465+0000] {logging_mixin.py:190} INFO - [2024-11-01T01:27:45.465+0000] {dag.py:4180} INFO - Setting next_dagrun for example_external_task_marker_parent to None, run_after=None
[2024-11-01T01:27:45.471+0000] {processor.py:208} INFO - Processing /home/airflow/.local/lib/python3.12/site-packages/airflow/example_dags/example_external_task_marker_dag.py took 0.033 seconds
[2024-11-01T01:28:16.307+0000] {processor.py:186} INFO - Started process (PID=344) to work on /home/airflow/.local/lib/python3.12/site-packages/airflow/example_dags/example_external_task_marker_dag.py
[2024-11-01T01:28:16.308+0000] {processor.py:914} INFO - Processing file /home/airflow/.local/lib/python3.12/site-packages/airflow/example_dags/example_external_task_marker_dag.py for tasks to queue
[2024-11-01T01:28:16.309+0000] {logging_mixin.py:190} INFO - [2024-11-01T01:28:16.309+0000] {dagbag.py:588} INFO - Filling up the DagBag from /home/airflow/.local/lib/python3.12/site-packages/airflow/example_dags/example_external_task_marker_dag.py
[2024-11-01T01:28:16.313+0000] {processor.py:925} INFO - DAG(s) 'example_external_task_marker_child', 'example_external_task_marker_parent' retrieved from /home/airflow/.local/lib/python3.12/site-packages/airflow/example_dags/example_external_task_marker_dag.py
[2024-11-01T01:28:16.323+0000] {logging_mixin.py:190} INFO - [2024-11-01T01:28:16.323+0000] {dag.py:3239} INFO - Sync 2 DAGs
[2024-11-01T01:28:16.329+0000] {logging_mixin.py:190} INFO - [2024-11-01T01:28:16.329+0000] {dag.py:4180} INFO - Setting next_dagrun for example_external_task_marker_child to None, run_after=None
[2024-11-01T01:28:16.332+0000] {logging_mixin.py:190} INFO - [2024-11-01T01:28:16.332+0000] {dag.py:4180} INFO - Setting next_dagrun for example_external_task_marker_parent to None, run_after=None
[2024-11-01T01:28:16.336+0000] {processor.py:208} INFO - Processing /home/airflow/.local/lib/python3.12/site-packages/airflow/example_dags/example_external_task_marker_dag.py took 0.031 seconds
[2024-11-01T01:28:47.060+0000] {processor.py:186} INFO - Started process (PID=408) to work on /home/airflow/.local/lib/python3.12/site-packages/airflow/example_dags/example_external_task_marker_dag.py
[2024-11-01T01:28:47.060+0000] {processor.py:914} INFO - Processing file /home/airflow/.local/lib/python3.12/site-packages/airflow/example_dags/example_external_task_marker_dag.py for tasks to queue
[2024-11-01T01:28:47.061+0000] {logging_mixin.py:190} INFO - [2024-11-01T01:28:47.061+0000] {dagbag.py:588} INFO - Filling up the DagBag from /home/airflow/.local/lib/python3.12/site-packages/airflow/example_dags/example_external_task_marker_dag.py
[2024-11-01T01:28:47.064+0000] {processor.py:925} INFO - DAG(s) 'example_external_task_marker_child', 'example_external_task_marker_parent' retrieved from /home/airflow/.local/lib/python3.12/site-packages/airflow/example_dags/example_external_task_marker_dag.py
[2024-11-01T01:28:47.075+0000] {logging_mixin.py:190} INFO - [2024-11-01T01:28:47.075+0000] {dag.py:3239} INFO - Sync 2 DAGs
[2024-11-01T01:28:47.082+0000] {logging_mixin.py:190} INFO - [2024-11-01T01:28:47.082+0000] {dag.py:4180} INFO - Setting next_dagrun for example_external_task_marker_child to None, run_after=None
[2024-11-01T01:28:47.084+0000] {logging_mixin.py:190} INFO - [2024-11-01T01:28:47.084+0000] {dag.py:4180} INFO - Setting next_dagrun for example_external_task_marker_parent to None, run_after=None
[2024-11-01T01:28:47.094+0000] {processor.py:208} INFO - Processing /home/airflow/.local/lib/python3.12/site-packages/airflow/example_dags/example_external_task_marker_dag.py took 0.037 seconds
[2024-11-01T01:29:17.879+0000] {processor.py:186} INFO - Started process (PID=472) to work on /home/airflow/.local/lib/python3.12/site-packages/airflow/example_dags/example_external_task_marker_dag.py
[2024-11-01T01:29:17.880+0000] {processor.py:914} INFO - Processing file /home/airflow/.local/lib/python3.12/site-packages/airflow/example_dags/example_external_task_marker_dag.py for tasks to queue
[2024-11-01T01:29:17.882+0000] {logging_mixin.py:190} INFO - [2024-11-01T01:29:17.882+0000] {dagbag.py:588} INFO - Filling up the DagBag from /home/airflow/.local/lib/python3.12/site-packages/airflow/example_dags/example_external_task_marker_dag.py
[2024-11-01T01:29:17.886+0000] {processor.py:925} INFO - DAG(s) 'example_external_task_marker_parent', 'example_external_task_marker_child' retrieved from /home/airflow/.local/lib/python3.12/site-packages/airflow/example_dags/example_external_task_marker_dag.py
[2024-11-01T01:29:17.895+0000] {logging_mixin.py:190} INFO - [2024-11-01T01:29:17.895+0000] {dag.py:3239} INFO - Sync 2 DAGs
[2024-11-01T01:29:17.901+0000] {logging_mixin.py:190} INFO - [2024-11-01T01:29:17.901+0000] {dag.py:4180} INFO - Setting next_dagrun for example_external_task_marker_child to None, run_after=None
[2024-11-01T01:29:17.903+0000] {logging_mixin.py:190} INFO - [2024-11-01T01:29:17.903+0000] {dag.py:4180} INFO - Setting next_dagrun for example_external_task_marker_parent to None, run_after=None
[2024-11-01T01:29:17.914+0000] {processor.py:208} INFO - Processing /home/airflow/.local/lib/python3.12/site-packages/airflow/example_dags/example_external_task_marker_dag.py took 0.037 seconds
