[2024-11-01T01:26:13.787+0000] {processor.py:186} INFO - Started process (PID=94) to work on /home/airflow/.local/lib/python3.12/site-packages/airflow/example_dags/example_xcomargs.py
[2024-11-01T01:26:13.787+0000] {processor.py:914} INFO - Processing file /home/airflow/.local/lib/python3.12/site-packages/airflow/example_dags/example_xcomargs.py for tasks to queue
[2024-11-01T01:26:13.788+0000] {logging_mixin.py:190} INFO - [2024-11-01T01:26:13.788+0000] {dagbag.py:588} INFO - Filling up the DagBag from /home/airflow/.local/lib/python3.12/site-packages/airflow/example_dags/example_xcomargs.py
[2024-11-01T01:26:13.794+0000] {processor.py:925} INFO - DAG(s) 'example_xcom_args', 'example_xcom_args_with_operators' retrieved from /home/airflow/.local/lib/python3.12/site-packages/airflow/example_dags/example_xcomargs.py
[2024-11-01T01:26:13.831+0000] {logging_mixin.py:190} INFO - [2024-11-01T01:26:13.831+0000] {override.py:1900} INFO - Created Permission View: can delete on DAG:example_xcom_args
[2024-11-01T01:26:13.835+0000] {logging_mixin.py:190} INFO - [2024-11-01T01:26:13.835+0000] {override.py:1900} INFO - Created Permission View: can read on DAG:example_xcom_args
[2024-11-01T01:26:13.838+0000] {logging_mixin.py:190} INFO - [2024-11-01T01:26:13.838+0000] {override.py:1900} INFO - Created Permission View: can edit on DAG:example_xcom_args
[2024-11-01T01:26:13.841+0000] {logging_mixin.py:190} INFO - [2024-11-01T01:26:13.841+0000] {override.py:1900} INFO - Created Permission View: can create on DAG Run:example_xcom_args
[2024-11-01T01:26:13.843+0000] {logging_mixin.py:190} INFO - [2024-11-01T01:26:13.843+0000] {override.py:1900} INFO - Created Permission View: menu access on DAG Run:example_xcom_args
[2024-11-01T01:26:13.846+0000] {logging_mixin.py:190} INFO - [2024-11-01T01:26:13.846+0000] {override.py:1900} INFO - Created Permission View: can read on DAG Run:example_xcom_args
[2024-11-01T01:26:13.849+0000] {logging_mixin.py:190} INFO - [2024-11-01T01:26:13.848+0000] {override.py:1900} INFO - Created Permission View: can delete on DAG Run:example_xcom_args
[2024-11-01T01:26:13.856+0000] {logging_mixin.py:190} INFO - [2024-11-01T01:26:13.856+0000] {override.py:1900} INFO - Created Permission View: can delete on DAG:example_xcom_args_with_operators
[2024-11-01T01:26:13.858+0000] {logging_mixin.py:190} INFO - [2024-11-01T01:26:13.858+0000] {override.py:1900} INFO - Created Permission View: can read on DAG:example_xcom_args_with_operators
[2024-11-01T01:26:13.860+0000] {logging_mixin.py:190} INFO - [2024-11-01T01:26:13.860+0000] {override.py:1900} INFO - Created Permission View: can edit on DAG:example_xcom_args_with_operators
[2024-11-01T01:26:13.864+0000] {logging_mixin.py:190} INFO - [2024-11-01T01:26:13.863+0000] {override.py:1900} INFO - Created Permission View: can create on DAG Run:example_xcom_args_with_operators
[2024-11-01T01:26:13.866+0000] {logging_mixin.py:190} INFO - [2024-11-01T01:26:13.866+0000] {override.py:1900} INFO - Created Permission View: menu access on DAG Run:example_xcom_args_with_operators
[2024-11-01T01:26:13.868+0000] {logging_mixin.py:190} INFO - [2024-11-01T01:26:13.868+0000] {override.py:1900} INFO - Created Permission View: can read on DAG Run:example_xcom_args_with_operators
[2024-11-01T01:26:13.872+0000] {logging_mixin.py:190} INFO - [2024-11-01T01:26:13.872+0000] {override.py:1900} INFO - Created Permission View: can delete on DAG Run:example_xcom_args_with_operators
[2024-11-01T01:26:13.872+0000] {logging_mixin.py:190} INFO - [2024-11-01T01:26:13.872+0000] {dag.py:3239} INFO - Sync 2 DAGs
[2024-11-01T01:26:13.877+0000] {logging_mixin.py:190} INFO - [2024-11-01T01:26:13.877+0000] {dag.py:3262} INFO - Creating ORM DAG for example_xcom_args
[2024-11-01T01:26:13.879+0000] {logging_mixin.py:190} INFO - [2024-11-01T01:26:13.879+0000] {dag.py:3262} INFO - Creating ORM DAG for example_xcom_args_with_operators
[2024-11-01T01:26:13.879+0000] {logging_mixin.py:190} INFO - [2024-11-01T01:26:13.879+0000] {dag.py:4180} INFO - Setting next_dagrun for example_xcom_args to None, run_after=None
[2024-11-01T01:26:13.880+0000] {logging_mixin.py:190} INFO - [2024-11-01T01:26:13.880+0000] {dag.py:4180} INFO - Setting next_dagrun for example_xcom_args_with_operators to None, run_after=None
[2024-11-01T01:26:13.888+0000] {processor.py:208} INFO - Processing /home/airflow/.local/lib/python3.12/site-packages/airflow/example_dags/example_xcomargs.py took 0.103 seconds
[2024-11-01T01:26:43.902+0000] {processor.py:186} INFO - Started process (PID=158) to work on /home/airflow/.local/lib/python3.12/site-packages/airflow/example_dags/example_xcomargs.py
[2024-11-01T01:26:43.903+0000] {processor.py:914} INFO - Processing file /home/airflow/.local/lib/python3.12/site-packages/airflow/example_dags/example_xcomargs.py for tasks to queue
[2024-11-01T01:26:43.904+0000] {logging_mixin.py:190} INFO - [2024-11-01T01:26:43.904+0000] {dagbag.py:588} INFO - Filling up the DagBag from /home/airflow/.local/lib/python3.12/site-packages/airflow/example_dags/example_xcomargs.py
[2024-11-01T01:26:43.909+0000] {processor.py:925} INFO - DAG(s) 'example_xcom_args_with_operators', 'example_xcom_args' retrieved from /home/airflow/.local/lib/python3.12/site-packages/airflow/example_dags/example_xcomargs.py
[2024-11-01T01:26:43.919+0000] {logging_mixin.py:190} INFO - [2024-11-01T01:26:43.918+0000] {dag.py:3239} INFO - Sync 2 DAGs
[2024-11-01T01:26:43.925+0000] {logging_mixin.py:190} INFO - [2024-11-01T01:26:43.925+0000] {dag.py:4180} INFO - Setting next_dagrun for example_xcom_args to None, run_after=None
[2024-11-01T01:26:43.926+0000] {logging_mixin.py:190} INFO - [2024-11-01T01:26:43.926+0000] {dag.py:4180} INFO - Setting next_dagrun for example_xcom_args_with_operators to None, run_after=None
[2024-11-01T01:26:43.932+0000] {processor.py:208} INFO - Processing /home/airflow/.local/lib/python3.12/site-packages/airflow/example_dags/example_xcomargs.py took 0.033 seconds
[2024-11-01T01:27:14.690+0000] {processor.py:186} INFO - Started process (PID=222) to work on /home/airflow/.local/lib/python3.12/site-packages/airflow/example_dags/example_xcomargs.py
[2024-11-01T01:27:14.690+0000] {processor.py:914} INFO - Processing file /home/airflow/.local/lib/python3.12/site-packages/airflow/example_dags/example_xcomargs.py for tasks to queue
[2024-11-01T01:27:14.691+0000] {logging_mixin.py:190} INFO - [2024-11-01T01:27:14.691+0000] {dagbag.py:588} INFO - Filling up the DagBag from /home/airflow/.local/lib/python3.12/site-packages/airflow/example_dags/example_xcomargs.py
[2024-11-01T01:27:14.697+0000] {processor.py:925} INFO - DAG(s) 'example_xcom_args', 'example_xcom_args_with_operators' retrieved from /home/airflow/.local/lib/python3.12/site-packages/airflow/example_dags/example_xcomargs.py
[2024-11-01T01:27:14.708+0000] {logging_mixin.py:190} INFO - [2024-11-01T01:27:14.707+0000] {dag.py:3239} INFO - Sync 2 DAGs
[2024-11-01T01:27:14.715+0000] {logging_mixin.py:190} INFO - [2024-11-01T01:27:14.715+0000] {dag.py:4180} INFO - Setting next_dagrun for example_xcom_args to None, run_after=None
[2024-11-01T01:27:14.718+0000] {logging_mixin.py:190} INFO - [2024-11-01T01:27:14.718+0000] {dag.py:4180} INFO - Setting next_dagrun for example_xcom_args_with_operators to None, run_after=None
[2024-11-01T01:27:14.727+0000] {processor.py:208} INFO - Processing /home/airflow/.local/lib/python3.12/site-packages/airflow/example_dags/example_xcomargs.py took 0.040 seconds
[2024-11-01T01:27:45.557+0000] {processor.py:186} INFO - Started process (PID=286) to work on /home/airflow/.local/lib/python3.12/site-packages/airflow/example_dags/example_xcomargs.py
[2024-11-01T01:27:45.558+0000] {processor.py:914} INFO - Processing file /home/airflow/.local/lib/python3.12/site-packages/airflow/example_dags/example_xcomargs.py for tasks to queue
[2024-11-01T01:27:45.558+0000] {logging_mixin.py:190} INFO - [2024-11-01T01:27:45.558+0000] {dagbag.py:588} INFO - Filling up the DagBag from /home/airflow/.local/lib/python3.12/site-packages/airflow/example_dags/example_xcomargs.py
[2024-11-01T01:27:45.563+0000] {processor.py:925} INFO - DAG(s) 'example_xcom_args_with_operators', 'example_xcom_args' retrieved from /home/airflow/.local/lib/python3.12/site-packages/airflow/example_dags/example_xcomargs.py
[2024-11-01T01:27:45.571+0000] {logging_mixin.py:190} INFO - [2024-11-01T01:27:45.571+0000] {dag.py:3239} INFO - Sync 2 DAGs
[2024-11-01T01:27:45.578+0000] {logging_mixin.py:190} INFO - [2024-11-01T01:27:45.578+0000] {dag.py:4180} INFO - Setting next_dagrun for example_xcom_args to None, run_after=None
[2024-11-01T01:27:45.580+0000] {logging_mixin.py:190} INFO - [2024-11-01T01:27:45.580+0000] {dag.py:4180} INFO - Setting next_dagrun for example_xcom_args_with_operators to None, run_after=None
[2024-11-01T01:27:45.587+0000] {processor.py:208} INFO - Processing /home/airflow/.local/lib/python3.12/site-packages/airflow/example_dags/example_xcomargs.py took 0.032 seconds
[2024-11-01T01:28:16.423+0000] {processor.py:186} INFO - Started process (PID=349) to work on /home/airflow/.local/lib/python3.12/site-packages/airflow/example_dags/example_xcomargs.py
[2024-11-01T01:28:16.423+0000] {processor.py:914} INFO - Processing file /home/airflow/.local/lib/python3.12/site-packages/airflow/example_dags/example_xcomargs.py for tasks to queue
[2024-11-01T01:28:16.424+0000] {logging_mixin.py:190} INFO - [2024-11-01T01:28:16.424+0000] {dagbag.py:588} INFO - Filling up the DagBag from /home/airflow/.local/lib/python3.12/site-packages/airflow/example_dags/example_xcomargs.py
[2024-11-01T01:28:16.429+0000] {processor.py:925} INFO - DAG(s) 'example_xcom_args', 'example_xcom_args_with_operators' retrieved from /home/airflow/.local/lib/python3.12/site-packages/airflow/example_dags/example_xcomargs.py
[2024-11-01T01:28:16.438+0000] {logging_mixin.py:190} INFO - [2024-11-01T01:28:16.438+0000] {dag.py:3239} INFO - Sync 2 DAGs
[2024-11-01T01:28:16.444+0000] {logging_mixin.py:190} INFO - [2024-11-01T01:28:16.443+0000] {dag.py:4180} INFO - Setting next_dagrun for example_xcom_args to None, run_after=None
[2024-11-01T01:28:16.445+0000] {logging_mixin.py:190} INFO - [2024-11-01T01:28:16.445+0000] {dag.py:4180} INFO - Setting next_dagrun for example_xcom_args_with_operators to None, run_after=None
[2024-11-01T01:28:16.453+0000] {processor.py:208} INFO - Processing /home/airflow/.local/lib/python3.12/site-packages/airflow/example_dags/example_xcomargs.py took 0.033 seconds
[2024-11-01T01:28:47.168+0000] {processor.py:186} INFO - Started process (PID=413) to work on /home/airflow/.local/lib/python3.12/site-packages/airflow/example_dags/example_xcomargs.py
[2024-11-01T01:28:47.169+0000] {processor.py:914} INFO - Processing file /home/airflow/.local/lib/python3.12/site-packages/airflow/example_dags/example_xcomargs.py for tasks to queue
[2024-11-01T01:28:47.170+0000] {logging_mixin.py:190} INFO - [2024-11-01T01:28:47.170+0000] {dagbag.py:588} INFO - Filling up the DagBag from /home/airflow/.local/lib/python3.12/site-packages/airflow/example_dags/example_xcomargs.py
[2024-11-01T01:28:47.174+0000] {processor.py:925} INFO - DAG(s) 'example_xcom_args', 'example_xcom_args_with_operators' retrieved from /home/airflow/.local/lib/python3.12/site-packages/airflow/example_dags/example_xcomargs.py
[2024-11-01T01:28:47.186+0000] {logging_mixin.py:190} INFO - [2024-11-01T01:28:47.186+0000] {dag.py:3239} INFO - Sync 2 DAGs
[2024-11-01T01:28:47.192+0000] {logging_mixin.py:190} INFO - [2024-11-01T01:28:47.191+0000] {dag.py:4180} INFO - Setting next_dagrun for example_xcom_args to None, run_after=None
[2024-11-01T01:28:47.193+0000] {logging_mixin.py:190} INFO - [2024-11-01T01:28:47.193+0000] {dag.py:4180} INFO - Setting next_dagrun for example_xcom_args_with_operators to None, run_after=None
[2024-11-01T01:28:47.198+0000] {processor.py:208} INFO - Processing /home/airflow/.local/lib/python3.12/site-packages/airflow/example_dags/example_xcomargs.py took 0.032 seconds
[2024-11-01T01:29:17.990+0000] {processor.py:186} INFO - Started process (PID=477) to work on /home/airflow/.local/lib/python3.12/site-packages/airflow/example_dags/example_xcomargs.py
[2024-11-01T01:29:17.990+0000] {processor.py:914} INFO - Processing file /home/airflow/.local/lib/python3.12/site-packages/airflow/example_dags/example_xcomargs.py for tasks to queue
[2024-11-01T01:29:17.992+0000] {logging_mixin.py:190} INFO - [2024-11-01T01:29:17.992+0000] {dagbag.py:588} INFO - Filling up the DagBag from /home/airflow/.local/lib/python3.12/site-packages/airflow/example_dags/example_xcomargs.py
[2024-11-01T01:29:17.997+0000] {processor.py:925} INFO - DAG(s) 'example_xcom_args', 'example_xcom_args_with_operators' retrieved from /home/airflow/.local/lib/python3.12/site-packages/airflow/example_dags/example_xcomargs.py
[2024-11-01T01:29:18.005+0000] {logging_mixin.py:190} INFO - [2024-11-01T01:29:18.005+0000] {dag.py:3239} INFO - Sync 2 DAGs
[2024-11-01T01:29:18.010+0000] {logging_mixin.py:190} INFO - [2024-11-01T01:29:18.010+0000] {dag.py:4180} INFO - Setting next_dagrun for example_xcom_args to None, run_after=None
[2024-11-01T01:29:18.012+0000] {logging_mixin.py:190} INFO - [2024-11-01T01:29:18.012+0000] {dag.py:4180} INFO - Setting next_dagrun for example_xcom_args_with_operators to None, run_after=None
[2024-11-01T01:29:18.020+0000] {processor.py:208} INFO - Processing /home/airflow/.local/lib/python3.12/site-packages/airflow/example_dags/example_xcomargs.py took 0.032 seconds
