[2024-11-01T01:26:12.115+0000] {processor.py:186} INFO - Started process (PID=69) to work on /home/airflow/.local/lib/python3.12/site-packages/airflow/example_dags/example_dataset_alias_with_no_taskflow.py
[2024-11-01T01:26:12.116+0000] {processor.py:914} INFO - Processing file /home/airflow/.local/lib/python3.12/site-packages/airflow/example_dags/example_dataset_alias_with_no_taskflow.py for tasks to queue
[2024-11-01T01:26:12.117+0000] {logging_mixin.py:190} INFO - [2024-11-01T01:26:12.117+0000] {dagbag.py:588} INFO - Filling up the DagBag from /home/airflow/.local/lib/python3.12/site-packages/airflow/example_dags/example_dataset_alias_with_no_taskflow.py
[2024-11-01T01:26:12.185+0000] {processor.py:925} INFO - DAG(s) 'dataset_s3_bucket_consumer_with_no_taskflow', 'dataset_alias_example_alias_producer_with_no_taskflow', 'dataset_alias_example_alias_consumer_with_no_taskflow', 'dataset_s3_bucket_producer_with_no_taskflow' retrieved from /home/airflow/.local/lib/python3.12/site-packages/airflow/example_dags/example_dataset_alias_with_no_taskflow.py
[2024-11-01T01:26:12.225+0000] {logging_mixin.py:190} INFO - [2024-11-01T01:26:12.225+0000] {override.py:1900} INFO - Created Permission View: can delete on DAG:dataset_s3_bucket_consumer_with_no_taskflow
[2024-11-01T01:26:12.229+0000] {logging_mixin.py:190} INFO - [2024-11-01T01:26:12.229+0000] {override.py:1900} INFO - Created Permission View: can read on DAG:dataset_s3_bucket_consumer_with_no_taskflow
[2024-11-01T01:26:12.235+0000] {logging_mixin.py:190} INFO - [2024-11-01T01:26:12.235+0000] {override.py:1900} INFO - Created Permission View: can edit on DAG:dataset_s3_bucket_consumer_with_no_taskflow
[2024-11-01T01:26:12.240+0000] {logging_mixin.py:190} INFO - [2024-11-01T01:26:12.240+0000] {override.py:1900} INFO - Created Permission View: can create on DAG Run:dataset_s3_bucket_consumer_with_no_taskflow
[2024-11-01T01:26:12.244+0000] {logging_mixin.py:190} INFO - [2024-11-01T01:26:12.244+0000] {override.py:1900} INFO - Created Permission View: menu access on DAG Run:dataset_s3_bucket_consumer_with_no_taskflow
[2024-11-01T01:26:12.248+0000] {logging_mixin.py:190} INFO - [2024-11-01T01:26:12.248+0000] {override.py:1900} INFO - Created Permission View: can read on DAG Run:dataset_s3_bucket_consumer_with_no_taskflow
[2024-11-01T01:26:12.253+0000] {logging_mixin.py:190} INFO - [2024-11-01T01:26:12.253+0000] {override.py:1900} INFO - Created Permission View: can delete on DAG Run:dataset_s3_bucket_consumer_with_no_taskflow
[2024-11-01T01:26:12.263+0000] {logging_mixin.py:190} INFO - [2024-11-01T01:26:12.263+0000] {override.py:1900} INFO - Created Permission View: can delete on DAG:dataset_alias_example_alias_producer_with_no_taskflow
[2024-11-01T01:26:12.268+0000] {logging_mixin.py:190} INFO - [2024-11-01T01:26:12.267+0000] {override.py:1900} INFO - Created Permission View: can read on DAG:dataset_alias_example_alias_producer_with_no_taskflow
[2024-11-01T01:26:12.275+0000] {logging_mixin.py:190} INFO - [2024-11-01T01:26:12.275+0000] {override.py:1900} INFO - Created Permission View: can edit on DAG:dataset_alias_example_alias_producer_with_no_taskflow
[2024-11-01T01:26:12.277+0000] {logging_mixin.py:190} INFO - [2024-11-01T01:26:12.277+0000] {override.py:1900} INFO - Created Permission View: can create on DAG Run:dataset_alias_example_alias_producer_with_no_taskflow
[2024-11-01T01:26:12.279+0000] {logging_mixin.py:190} INFO - [2024-11-01T01:26:12.279+0000] {override.py:1900} INFO - Created Permission View: menu access on DAG Run:dataset_alias_example_alias_producer_with_no_taskflow
[2024-11-01T01:26:12.281+0000] {logging_mixin.py:190} INFO - [2024-11-01T01:26:12.280+0000] {override.py:1900} INFO - Created Permission View: can read on DAG Run:dataset_alias_example_alias_producer_with_no_taskflow
[2024-11-01T01:26:12.283+0000] {logging_mixin.py:190} INFO - [2024-11-01T01:26:12.283+0000] {override.py:1900} INFO - Created Permission View: can delete on DAG Run:dataset_alias_example_alias_producer_with_no_taskflow
[2024-11-01T01:26:12.289+0000] {logging_mixin.py:190} INFO - [2024-11-01T01:26:12.289+0000] {override.py:1900} INFO - Created Permission View: can delete on DAG:dataset_alias_example_alias_consumer_with_no_taskflow
[2024-11-01T01:26:12.292+0000] {logging_mixin.py:190} INFO - [2024-11-01T01:26:12.292+0000] {override.py:1900} INFO - Created Permission View: can read on DAG:dataset_alias_example_alias_consumer_with_no_taskflow
[2024-11-01T01:26:12.294+0000] {logging_mixin.py:190} INFO - [2024-11-01T01:26:12.294+0000] {override.py:1900} INFO - Created Permission View: can edit on DAG:dataset_alias_example_alias_consumer_with_no_taskflow
[2024-11-01T01:26:12.296+0000] {logging_mixin.py:190} INFO - [2024-11-01T01:26:12.296+0000] {override.py:1900} INFO - Created Permission View: can create on DAG Run:dataset_alias_example_alias_consumer_with_no_taskflow
[2024-11-01T01:26:12.299+0000] {logging_mixin.py:190} INFO - [2024-11-01T01:26:12.299+0000] {override.py:1900} INFO - Created Permission View: menu access on DAG Run:dataset_alias_example_alias_consumer_with_no_taskflow
[2024-11-01T01:26:12.302+0000] {logging_mixin.py:190} INFO - [2024-11-01T01:26:12.302+0000] {override.py:1900} INFO - Created Permission View: can read on DAG Run:dataset_alias_example_alias_consumer_with_no_taskflow
[2024-11-01T01:26:12.308+0000] {logging_mixin.py:190} INFO - [2024-11-01T01:26:12.308+0000] {override.py:1900} INFO - Created Permission View: can delete on DAG Run:dataset_alias_example_alias_consumer_with_no_taskflow
[2024-11-01T01:26:12.314+0000] {logging_mixin.py:190} INFO - [2024-11-01T01:26:12.314+0000] {override.py:1900} INFO - Created Permission View: can delete on DAG:dataset_s3_bucket_producer_with_no_taskflow
[2024-11-01T01:26:12.320+0000] {logging_mixin.py:190} INFO - [2024-11-01T01:26:12.320+0000] {override.py:1900} INFO - Created Permission View: can read on DAG:dataset_s3_bucket_producer_with_no_taskflow
[2024-11-01T01:26:12.322+0000] {logging_mixin.py:190} INFO - [2024-11-01T01:26:12.321+0000] {override.py:1900} INFO - Created Permission View: can edit on DAG:dataset_s3_bucket_producer_with_no_taskflow
[2024-11-01T01:26:12.323+0000] {logging_mixin.py:190} INFO - [2024-11-01T01:26:12.323+0000] {override.py:1900} INFO - Created Permission View: can create on DAG Run:dataset_s3_bucket_producer_with_no_taskflow
[2024-11-01T01:26:12.324+0000] {logging_mixin.py:190} INFO - [2024-11-01T01:26:12.324+0000] {override.py:1900} INFO - Created Permission View: menu access on DAG Run:dataset_s3_bucket_producer_with_no_taskflow
[2024-11-01T01:26:12.326+0000] {logging_mixin.py:190} INFO - [2024-11-01T01:26:12.326+0000] {override.py:1900} INFO - Created Permission View: can read on DAG Run:dataset_s3_bucket_producer_with_no_taskflow
[2024-11-01T01:26:12.328+0000] {logging_mixin.py:190} INFO - [2024-11-01T01:26:12.327+0000] {override.py:1900} INFO - Created Permission View: can delete on DAG Run:dataset_s3_bucket_producer_with_no_taskflow
[2024-11-01T01:26:12.328+0000] {logging_mixin.py:190} INFO - [2024-11-01T01:26:12.328+0000] {dag.py:3239} INFO - Sync 4 DAGs
[2024-11-01T01:26:12.333+0000] {logging_mixin.py:190} INFO - [2024-11-01T01:26:12.333+0000] {dag.py:3262} INFO - Creating ORM DAG for dataset_alias_example_alias_producer_with_no_taskflow
[2024-11-01T01:26:12.333+0000] {logging_mixin.py:190} INFO - [2024-11-01T01:26:12.333+0000] {dag.py:3262} INFO - Creating ORM DAG for dataset_alias_example_alias_consumer_with_no_taskflow
[2024-11-01T01:26:12.333+0000] {logging_mixin.py:190} INFO - [2024-11-01T01:26:12.333+0000] {dag.py:3262} INFO - Creating ORM DAG for dataset_s3_bucket_consumer_with_no_taskflow
[2024-11-01T01:26:12.334+0000] {logging_mixin.py:190} INFO - [2024-11-01T01:26:12.334+0000] {dag.py:3262} INFO - Creating ORM DAG for dataset_s3_bucket_producer_with_no_taskflow
[2024-11-01T01:26:12.337+0000] {logging_mixin.py:190} INFO - [2024-11-01T01:26:12.337+0000] {dag.py:4180} INFO - Setting next_dagrun for dataset_alias_example_alias_consumer_with_no_taskflow to None, run_after=None
[2024-11-01T01:26:12.338+0000] {logging_mixin.py:190} INFO - [2024-11-01T01:26:12.338+0000] {dag.py:4180} INFO - Setting next_dagrun for dataset_alias_example_alias_producer_with_no_taskflow to None, run_after=None
[2024-11-01T01:26:12.340+0000] {logging_mixin.py:190} INFO - [2024-11-01T01:26:12.340+0000] {dag.py:4180} INFO - Setting next_dagrun for dataset_s3_bucket_consumer_with_no_taskflow to None, run_after=None
[2024-11-01T01:26:12.340+0000] {logging_mixin.py:190} INFO - [2024-11-01T01:26:12.340+0000] {dag.py:4180} INFO - Setting next_dagrun for dataset_s3_bucket_producer_with_no_taskflow to None, run_after=None
[2024-11-01T01:26:12.361+0000] {processor.py:208} INFO - Processing /home/airflow/.local/lib/python3.12/site-packages/airflow/example_dags/example_dataset_alias_with_no_taskflow.py took 0.248 seconds
[2024-11-01T01:26:43.159+0000] {processor.py:186} INFO - Started process (PID=133) to work on /home/airflow/.local/lib/python3.12/site-packages/airflow/example_dags/example_dataset_alias_with_no_taskflow.py
[2024-11-01T01:26:43.162+0000] {processor.py:914} INFO - Processing file /home/airflow/.local/lib/python3.12/site-packages/airflow/example_dags/example_dataset_alias_with_no_taskflow.py for tasks to queue
[2024-11-01T01:26:43.166+0000] {logging_mixin.py:190} INFO - [2024-11-01T01:26:43.166+0000] {dagbag.py:588} INFO - Filling up the DagBag from /home/airflow/.local/lib/python3.12/site-packages/airflow/example_dags/example_dataset_alias_with_no_taskflow.py
[2024-11-01T01:26:43.240+0000] {processor.py:925} INFO - DAG(s) 'dataset_s3_bucket_consumer_with_no_taskflow', 'dataset_alias_example_alias_consumer_with_no_taskflow', 'dataset_s3_bucket_producer_with_no_taskflow', 'dataset_alias_example_alias_producer_with_no_taskflow' retrieved from /home/airflow/.local/lib/python3.12/site-packages/airflow/example_dags/example_dataset_alias_with_no_taskflow.py
[2024-11-01T01:26:43.247+0000] {logging_mixin.py:190} INFO - [2024-11-01T01:26:43.246+0000] {dag.py:3239} INFO - Sync 4 DAGs
[2024-11-01T01:26:43.255+0000] {logging_mixin.py:190} INFO - [2024-11-01T01:26:43.255+0000] {dag.py:4180} INFO - Setting next_dagrun for dataset_alias_example_alias_consumer_with_no_taskflow to None, run_after=None
[2024-11-01T01:26:43.260+0000] {logging_mixin.py:190} INFO - [2024-11-01T01:26:43.260+0000] {dag.py:4180} INFO - Setting next_dagrun for dataset_alias_example_alias_producer_with_no_taskflow to None, run_after=None
[2024-11-01T01:26:43.260+0000] {logging_mixin.py:190} INFO - [2024-11-01T01:26:43.260+0000] {dag.py:4180} INFO - Setting next_dagrun for dataset_s3_bucket_consumer_with_no_taskflow to None, run_after=None
[2024-11-01T01:26:43.261+0000] {logging_mixin.py:190} INFO - [2024-11-01T01:26:43.261+0000] {dag.py:4180} INFO - Setting next_dagrun for dataset_s3_bucket_producer_with_no_taskflow to None, run_after=None
[2024-11-01T01:26:43.272+0000] {processor.py:208} INFO - Processing /home/airflow/.local/lib/python3.12/site-packages/airflow/example_dags/example_dataset_alias_with_no_taskflow.py took 0.116 seconds
[2024-11-01T01:27:13.893+0000] {processor.py:186} INFO - Started process (PID=197) to work on /home/airflow/.local/lib/python3.12/site-packages/airflow/example_dags/example_dataset_alias_with_no_taskflow.py
[2024-11-01T01:27:13.897+0000] {processor.py:914} INFO - Processing file /home/airflow/.local/lib/python3.12/site-packages/airflow/example_dags/example_dataset_alias_with_no_taskflow.py for tasks to queue
[2024-11-01T01:27:13.899+0000] {logging_mixin.py:190} INFO - [2024-11-01T01:27:13.898+0000] {dagbag.py:588} INFO - Filling up the DagBag from /home/airflow/.local/lib/python3.12/site-packages/airflow/example_dags/example_dataset_alias_with_no_taskflow.py
[2024-11-01T01:27:13.979+0000] {processor.py:925} INFO - DAG(s) 'dataset_s3_bucket_producer_with_no_taskflow', 'dataset_alias_example_alias_producer_with_no_taskflow', 'dataset_s3_bucket_consumer_with_no_taskflow', 'dataset_alias_example_alias_consumer_with_no_taskflow' retrieved from /home/airflow/.local/lib/python3.12/site-packages/airflow/example_dags/example_dataset_alias_with_no_taskflow.py
[2024-11-01T01:27:13.990+0000] {logging_mixin.py:190} INFO - [2024-11-01T01:27:13.989+0000] {dag.py:3239} INFO - Sync 4 DAGs
[2024-11-01T01:27:13.999+0000] {logging_mixin.py:190} INFO - [2024-11-01T01:27:13.999+0000] {dag.py:4180} INFO - Setting next_dagrun for dataset_alias_example_alias_consumer_with_no_taskflow to None, run_after=None
[2024-11-01T01:27:14.000+0000] {logging_mixin.py:190} INFO - [2024-11-01T01:27:14.000+0000] {dag.py:4180} INFO - Setting next_dagrun for dataset_alias_example_alias_producer_with_no_taskflow to None, run_after=None
[2024-11-01T01:27:14.002+0000] {logging_mixin.py:190} INFO - [2024-11-01T01:27:14.002+0000] {dag.py:4180} INFO - Setting next_dagrun for dataset_s3_bucket_consumer_with_no_taskflow to None, run_after=None
[2024-11-01T01:27:14.003+0000] {logging_mixin.py:190} INFO - [2024-11-01T01:27:14.003+0000] {dag.py:4180} INFO - Setting next_dagrun for dataset_s3_bucket_producer_with_no_taskflow to None, run_after=None
[2024-11-01T01:27:14.012+0000] {processor.py:208} INFO - Processing /home/airflow/.local/lib/python3.12/site-packages/airflow/example_dags/example_dataset_alias_with_no_taskflow.py took 0.122 seconds
[2024-11-01T01:27:44.766+0000] {processor.py:186} INFO - Started process (PID=261) to work on /home/airflow/.local/lib/python3.12/site-packages/airflow/example_dags/example_dataset_alias_with_no_taskflow.py
[2024-11-01T01:27:44.769+0000] {processor.py:914} INFO - Processing file /home/airflow/.local/lib/python3.12/site-packages/airflow/example_dags/example_dataset_alias_with_no_taskflow.py for tasks to queue
[2024-11-01T01:27:44.771+0000] {logging_mixin.py:190} INFO - [2024-11-01T01:27:44.771+0000] {dagbag.py:588} INFO - Filling up the DagBag from /home/airflow/.local/lib/python3.12/site-packages/airflow/example_dags/example_dataset_alias_with_no_taskflow.py
[2024-11-01T01:27:44.847+0000] {processor.py:925} INFO - DAG(s) 'dataset_s3_bucket_consumer_with_no_taskflow', 'dataset_alias_example_alias_producer_with_no_taskflow', 'dataset_s3_bucket_producer_with_no_taskflow', 'dataset_alias_example_alias_consumer_with_no_taskflow' retrieved from /home/airflow/.local/lib/python3.12/site-packages/airflow/example_dags/example_dataset_alias_with_no_taskflow.py
[2024-11-01T01:27:44.855+0000] {logging_mixin.py:190} INFO - [2024-11-01T01:27:44.855+0000] {dag.py:3239} INFO - Sync 4 DAGs
[2024-11-01T01:27:44.865+0000] {logging_mixin.py:190} INFO - [2024-11-01T01:27:44.865+0000] {dag.py:4180} INFO - Setting next_dagrun for dataset_alias_example_alias_consumer_with_no_taskflow to None, run_after=None
[2024-11-01T01:27:44.867+0000] {logging_mixin.py:190} INFO - [2024-11-01T01:27:44.867+0000] {dag.py:4180} INFO - Setting next_dagrun for dataset_alias_example_alias_producer_with_no_taskflow to None, run_after=None
[2024-11-01T01:27:44.867+0000] {logging_mixin.py:190} INFO - [2024-11-01T01:27:44.867+0000] {dag.py:4180} INFO - Setting next_dagrun for dataset_s3_bucket_consumer_with_no_taskflow to None, run_after=None
[2024-11-01T01:27:44.868+0000] {logging_mixin.py:190} INFO - [2024-11-01T01:27:44.868+0000] {dag.py:4180} INFO - Setting next_dagrun for dataset_s3_bucket_producer_with_no_taskflow to None, run_after=None
[2024-11-01T01:27:44.876+0000] {processor.py:208} INFO - Processing /home/airflow/.local/lib/python3.12/site-packages/airflow/example_dags/example_dataset_alias_with_no_taskflow.py took 0.115 seconds
[2024-11-01T01:28:15.665+0000] {processor.py:186} INFO - Started process (PID=324) to work on /home/airflow/.local/lib/python3.12/site-packages/airflow/example_dags/example_dataset_alias_with_no_taskflow.py
[2024-11-01T01:28:15.671+0000] {processor.py:914} INFO - Processing file /home/airflow/.local/lib/python3.12/site-packages/airflow/example_dags/example_dataset_alias_with_no_taskflow.py for tasks to queue
[2024-11-01T01:28:15.673+0000] {logging_mixin.py:190} INFO - [2024-11-01T01:28:15.673+0000] {dagbag.py:588} INFO - Filling up the DagBag from /home/airflow/.local/lib/python3.12/site-packages/airflow/example_dags/example_dataset_alias_with_no_taskflow.py
[2024-11-01T01:28:15.744+0000] {processor.py:925} INFO - DAG(s) 'dataset_alias_example_alias_producer_with_no_taskflow', 'dataset_s3_bucket_producer_with_no_taskflow', 'dataset_s3_bucket_consumer_with_no_taskflow', 'dataset_alias_example_alias_consumer_with_no_taskflow' retrieved from /home/airflow/.local/lib/python3.12/site-packages/airflow/example_dags/example_dataset_alias_with_no_taskflow.py
[2024-11-01T01:28:15.751+0000] {logging_mixin.py:190} INFO - [2024-11-01T01:28:15.751+0000] {dag.py:3239} INFO - Sync 4 DAGs
[2024-11-01T01:28:15.760+0000] {logging_mixin.py:190} INFO - [2024-11-01T01:28:15.760+0000] {dag.py:4180} INFO - Setting next_dagrun for dataset_alias_example_alias_consumer_with_no_taskflow to None, run_after=None
[2024-11-01T01:28:15.761+0000] {logging_mixin.py:190} INFO - [2024-11-01T01:28:15.761+0000] {dag.py:4180} INFO - Setting next_dagrun for dataset_alias_example_alias_producer_with_no_taskflow to None, run_after=None
[2024-11-01T01:28:15.762+0000] {logging_mixin.py:190} INFO - [2024-11-01T01:28:15.762+0000] {dag.py:4180} INFO - Setting next_dagrun for dataset_s3_bucket_consumer_with_no_taskflow to None, run_after=None
[2024-11-01T01:28:15.762+0000] {logging_mixin.py:190} INFO - [2024-11-01T01:28:15.762+0000] {dag.py:4180} INFO - Setting next_dagrun for dataset_s3_bucket_producer_with_no_taskflow to None, run_after=None
[2024-11-01T01:28:15.769+0000] {processor.py:208} INFO - Processing /home/airflow/.local/lib/python3.12/site-packages/airflow/example_dags/example_dataset_alias_with_no_taskflow.py took 0.107 seconds
[2024-11-01T01:28:46.485+0000] {processor.py:186} INFO - Started process (PID=388) to work on /home/airflow/.local/lib/python3.12/site-packages/airflow/example_dags/example_dataset_alias_with_no_taskflow.py
[2024-11-01T01:28:46.489+0000] {processor.py:914} INFO - Processing file /home/airflow/.local/lib/python3.12/site-packages/airflow/example_dags/example_dataset_alias_with_no_taskflow.py for tasks to queue
[2024-11-01T01:28:46.490+0000] {logging_mixin.py:190} INFO - [2024-11-01T01:28:46.490+0000] {dagbag.py:588} INFO - Filling up the DagBag from /home/airflow/.local/lib/python3.12/site-packages/airflow/example_dags/example_dataset_alias_with_no_taskflow.py
[2024-11-01T01:28:46.560+0000] {processor.py:925} INFO - DAG(s) 'dataset_s3_bucket_consumer_with_no_taskflow', 'dataset_alias_example_alias_producer_with_no_taskflow', 'dataset_s3_bucket_producer_with_no_taskflow', 'dataset_alias_example_alias_consumer_with_no_taskflow' retrieved from /home/airflow/.local/lib/python3.12/site-packages/airflow/example_dags/example_dataset_alias_with_no_taskflow.py
[2024-11-01T01:28:46.572+0000] {logging_mixin.py:190} INFO - [2024-11-01T01:28:46.572+0000] {dag.py:3239} INFO - Sync 4 DAGs
[2024-11-01T01:28:46.580+0000] {logging_mixin.py:190} INFO - [2024-11-01T01:28:46.580+0000] {dag.py:4180} INFO - Setting next_dagrun for dataset_alias_example_alias_consumer_with_no_taskflow to None, run_after=None
[2024-11-01T01:28:46.581+0000] {logging_mixin.py:190} INFO - [2024-11-01T01:28:46.581+0000] {dag.py:4180} INFO - Setting next_dagrun for dataset_alias_example_alias_producer_with_no_taskflow to None, run_after=None
[2024-11-01T01:28:46.582+0000] {logging_mixin.py:190} INFO - [2024-11-01T01:28:46.581+0000] {dag.py:4180} INFO - Setting next_dagrun for dataset_s3_bucket_consumer_with_no_taskflow to None, run_after=None
[2024-11-01T01:28:46.582+0000] {logging_mixin.py:190} INFO - [2024-11-01T01:28:46.582+0000] {dag.py:4180} INFO - Setting next_dagrun for dataset_s3_bucket_producer_with_no_taskflow to None, run_after=None
[2024-11-01T01:28:46.589+0000] {processor.py:208} INFO - Processing /home/airflow/.local/lib/python3.12/site-packages/airflow/example_dags/example_dataset_alias_with_no_taskflow.py took 0.107 seconds
[2024-11-01T01:29:17.287+0000] {processor.py:186} INFO - Started process (PID=452) to work on /home/airflow/.local/lib/python3.12/site-packages/airflow/example_dags/example_dataset_alias_with_no_taskflow.py
[2024-11-01T01:29:17.291+0000] {processor.py:914} INFO - Processing file /home/airflow/.local/lib/python3.12/site-packages/airflow/example_dags/example_dataset_alias_with_no_taskflow.py for tasks to queue
[2024-11-01T01:29:17.294+0000] {logging_mixin.py:190} INFO - [2024-11-01T01:29:17.294+0000] {dagbag.py:588} INFO - Filling up the DagBag from /home/airflow/.local/lib/python3.12/site-packages/airflow/example_dags/example_dataset_alias_with_no_taskflow.py
[2024-11-01T01:29:17.368+0000] {processor.py:925} INFO - DAG(s) 'dataset_s3_bucket_producer_with_no_taskflow', 'dataset_s3_bucket_consumer_with_no_taskflow', 'dataset_alias_example_alias_producer_with_no_taskflow', 'dataset_alias_example_alias_consumer_with_no_taskflow' retrieved from /home/airflow/.local/lib/python3.12/site-packages/airflow/example_dags/example_dataset_alias_with_no_taskflow.py
[2024-11-01T01:29:17.375+0000] {logging_mixin.py:190} INFO - [2024-11-01T01:29:17.374+0000] {dag.py:3239} INFO - Sync 4 DAGs
[2024-11-01T01:29:17.383+0000] {logging_mixin.py:190} INFO - [2024-11-01T01:29:17.383+0000] {dag.py:4180} INFO - Setting next_dagrun for dataset_alias_example_alias_consumer_with_no_taskflow to None, run_after=None
[2024-11-01T01:29:17.384+0000] {logging_mixin.py:190} INFO - [2024-11-01T01:29:17.384+0000] {dag.py:4180} INFO - Setting next_dagrun for dataset_alias_example_alias_producer_with_no_taskflow to None, run_after=None
[2024-11-01T01:29:17.385+0000] {logging_mixin.py:190} INFO - [2024-11-01T01:29:17.385+0000] {dag.py:4180} INFO - Setting next_dagrun for dataset_s3_bucket_consumer_with_no_taskflow to None, run_after=None
[2024-11-01T01:29:17.385+0000] {logging_mixin.py:190} INFO - [2024-11-01T01:29:17.385+0000] {dag.py:4180} INFO - Setting next_dagrun for dataset_s3_bucket_producer_with_no_taskflow to None, run_after=None
[2024-11-01T01:29:17.392+0000] {processor.py:208} INFO - Processing /home/airflow/.local/lib/python3.12/site-packages/airflow/example_dags/example_dataset_alias_with_no_taskflow.py took 0.108 seconds
