[2024-11-01T01:26:13.129+0000] {processor.py:186} INFO - Started process (PID=83) to work on /home/airflow/.local/lib/python3.12/site-packages/airflow/example_dags/tutorial.py
[2024-11-01T01:26:13.130+0000] {processor.py:914} INFO - Processing file /home/airflow/.local/lib/python3.12/site-packages/airflow/example_dags/tutorial.py for tasks to queue
[2024-11-01T01:26:13.130+0000] {logging_mixin.py:190} INFO - [2024-11-01T01:26:13.130+0000] {dagbag.py:588} INFO - Filling up the DagBag from /home/airflow/.local/lib/python3.12/site-packages/airflow/example_dags/tutorial.py
[2024-11-01T01:26:13.134+0000] {processor.py:925} INFO - DAG(s) 'tutorial' retrieved from /home/airflow/.local/lib/python3.12/site-packages/airflow/example_dags/tutorial.py
[2024-11-01T01:26:13.179+0000] {logging_mixin.py:190} INFO - [2024-11-01T01:26:13.179+0000] {override.py:1900} INFO - Created Permission View: can delete on DAG:tutorial
[2024-11-01T01:26:13.184+0000] {logging_mixin.py:190} INFO - [2024-11-01T01:26:13.184+0000] {override.py:1900} INFO - Created Permission View: can read on DAG:tutorial
[2024-11-01T01:26:13.188+0000] {logging_mixin.py:190} INFO - [2024-11-01T01:26:13.188+0000] {override.py:1900} INFO - Created Permission View: can edit on DAG:tutorial
[2024-11-01T01:26:13.191+0000] {logging_mixin.py:190} INFO - [2024-11-01T01:26:13.191+0000] {override.py:1900} INFO - Created Permission View: can create on DAG Run:tutorial
[2024-11-01T01:26:13.194+0000] {logging_mixin.py:190} INFO - [2024-11-01T01:26:13.194+0000] {override.py:1900} INFO - Created Permission View: menu access on DAG Run:tutorial
[2024-11-01T01:26:13.196+0000] {logging_mixin.py:190} INFO - [2024-11-01T01:26:13.196+0000] {override.py:1900} INFO - Created Permission View: can read on DAG Run:tutorial
[2024-11-01T01:26:13.199+0000] {logging_mixin.py:190} INFO - [2024-11-01T01:26:13.199+0000] {override.py:1900} INFO - Created Permission View: can delete on DAG Run:tutorial
[2024-11-01T01:26:13.200+0000] {logging_mixin.py:190} INFO - [2024-11-01T01:26:13.200+0000] {dag.py:3239} INFO - Sync 1 DAGs
[2024-11-01T01:26:13.206+0000] {logging_mixin.py:190} INFO - [2024-11-01T01:26:13.206+0000] {dag.py:3262} INFO - Creating ORM DAG for tutorial
[2024-11-01T01:26:13.210+0000] {logging_mixin.py:190} INFO - [2024-11-01T01:26:13.210+0000] {dag.py:4180} INFO - Setting next_dagrun for tutorial to 2024-10-31 00:00:00+00:00, run_after=2024-11-01 00:00:00+00:00
[2024-11-01T01:26:13.218+0000] {processor.py:208} INFO - Processing /home/airflow/.local/lib/python3.12/site-packages/airflow/example_dags/tutorial.py took 0.092 seconds
[2024-11-01T01:26:43.663+0000] {processor.py:186} INFO - Started process (PID=147) to work on /home/airflow/.local/lib/python3.12/site-packages/airflow/example_dags/tutorial.py
[2024-11-01T01:26:43.663+0000] {processor.py:914} INFO - Processing file /home/airflow/.local/lib/python3.12/site-packages/airflow/example_dags/tutorial.py for tasks to queue
[2024-11-01T01:26:43.664+0000] {logging_mixin.py:190} INFO - [2024-11-01T01:26:43.664+0000] {dagbag.py:588} INFO - Filling up the DagBag from /home/airflow/.local/lib/python3.12/site-packages/airflow/example_dags/tutorial.py
[2024-11-01T01:26:43.666+0000] {processor.py:925} INFO - DAG(s) 'tutorial' retrieved from /home/airflow/.local/lib/python3.12/site-packages/airflow/example_dags/tutorial.py
[2024-11-01T01:26:43.676+0000] {logging_mixin.py:190} INFO - [2024-11-01T01:26:43.676+0000] {dag.py:3239} INFO - Sync 1 DAGs
[2024-11-01T01:26:43.684+0000] {logging_mixin.py:190} INFO - [2024-11-01T01:26:43.684+0000] {dag.py:4180} INFO - Setting next_dagrun for tutorial to 2024-10-31 00:00:00+00:00, run_after=2024-11-01 00:00:00+00:00
[2024-11-01T01:26:43.692+0000] {processor.py:208} INFO - Processing /home/airflow/.local/lib/python3.12/site-packages/airflow/example_dags/tutorial.py took 0.031 seconds
[2024-11-01T01:27:14.401+0000] {processor.py:186} INFO - Started process (PID=211) to work on /home/airflow/.local/lib/python3.12/site-packages/airflow/example_dags/tutorial.py
[2024-11-01T01:27:14.402+0000] {processor.py:914} INFO - Processing file /home/airflow/.local/lib/python3.12/site-packages/airflow/example_dags/tutorial.py for tasks to queue
[2024-11-01T01:27:14.403+0000] {logging_mixin.py:190} INFO - [2024-11-01T01:27:14.403+0000] {dagbag.py:588} INFO - Filling up the DagBag from /home/airflow/.local/lib/python3.12/site-packages/airflow/example_dags/tutorial.py
[2024-11-01T01:27:14.407+0000] {processor.py:925} INFO - DAG(s) 'tutorial' retrieved from /home/airflow/.local/lib/python3.12/site-packages/airflow/example_dags/tutorial.py
[2024-11-01T01:27:14.417+0000] {logging_mixin.py:190} INFO - [2024-11-01T01:27:14.417+0000] {dag.py:3239} INFO - Sync 1 DAGs
[2024-11-01T01:27:14.427+0000] {logging_mixin.py:190} INFO - [2024-11-01T01:27:14.427+0000] {dag.py:4180} INFO - Setting next_dagrun for tutorial to 2024-10-31 00:00:00+00:00, run_after=2024-11-01 00:00:00+00:00
[2024-11-01T01:27:14.436+0000] {processor.py:208} INFO - Processing /home/airflow/.local/lib/python3.12/site-packages/airflow/example_dags/tutorial.py took 0.037 seconds
[2024-11-01T01:27:45.277+0000] {processor.py:186} INFO - Started process (PID=275) to work on /home/airflow/.local/lib/python3.12/site-packages/airflow/example_dags/tutorial.py
[2024-11-01T01:27:45.277+0000] {processor.py:914} INFO - Processing file /home/airflow/.local/lib/python3.12/site-packages/airflow/example_dags/tutorial.py for tasks to queue
[2024-11-01T01:27:45.278+0000] {logging_mixin.py:190} INFO - [2024-11-01T01:27:45.278+0000] {dagbag.py:588} INFO - Filling up the DagBag from /home/airflow/.local/lib/python3.12/site-packages/airflow/example_dags/tutorial.py
[2024-11-01T01:27:45.281+0000] {processor.py:925} INFO - DAG(s) 'tutorial' retrieved from /home/airflow/.local/lib/python3.12/site-packages/airflow/example_dags/tutorial.py
[2024-11-01T01:27:45.288+0000] {logging_mixin.py:190} INFO - [2024-11-01T01:27:45.287+0000] {dag.py:3239} INFO - Sync 1 DAGs
[2024-11-01T01:27:45.295+0000] {logging_mixin.py:190} INFO - [2024-11-01T01:27:45.295+0000] {dag.py:4180} INFO - Setting next_dagrun for tutorial to 2024-10-31 00:00:00+00:00, run_after=2024-11-01 00:00:00+00:00
[2024-11-01T01:27:45.301+0000] {processor.py:208} INFO - Processing /home/airflow/.local/lib/python3.12/site-packages/airflow/example_dags/tutorial.py took 0.026 seconds
[2024-11-01T01:28:16.156+0000] {processor.py:186} INFO - Started process (PID=338) to work on /home/airflow/.local/lib/python3.12/site-packages/airflow/example_dags/tutorial.py
[2024-11-01T01:28:16.157+0000] {processor.py:914} INFO - Processing file /home/airflow/.local/lib/python3.12/site-packages/airflow/example_dags/tutorial.py for tasks to queue
[2024-11-01T01:28:16.158+0000] {logging_mixin.py:190} INFO - [2024-11-01T01:28:16.157+0000] {dagbag.py:588} INFO - Filling up the DagBag from /home/airflow/.local/lib/python3.12/site-packages/airflow/example_dags/tutorial.py
[2024-11-01T01:28:16.160+0000] {processor.py:925} INFO - DAG(s) 'tutorial' retrieved from /home/airflow/.local/lib/python3.12/site-packages/airflow/example_dags/tutorial.py
[2024-11-01T01:28:16.167+0000] {logging_mixin.py:190} INFO - [2024-11-01T01:28:16.167+0000] {dag.py:3239} INFO - Sync 1 DAGs
[2024-11-01T01:28:16.174+0000] {logging_mixin.py:190} INFO - [2024-11-01T01:28:16.174+0000] {dag.py:4180} INFO - Setting next_dagrun for tutorial to 2024-10-31 00:00:00+00:00, run_after=2024-11-01 00:00:00+00:00
[2024-11-01T01:28:16.180+0000] {processor.py:208} INFO - Processing /home/airflow/.local/lib/python3.12/site-packages/airflow/example_dags/tutorial.py took 0.025 seconds
[2024-11-01T01:28:46.903+0000] {processor.py:186} INFO - Started process (PID=402) to work on /home/airflow/.local/lib/python3.12/site-packages/airflow/example_dags/tutorial.py
[2024-11-01T01:28:46.903+0000] {processor.py:914} INFO - Processing file /home/airflow/.local/lib/python3.12/site-packages/airflow/example_dags/tutorial.py for tasks to queue
[2024-11-01T01:28:46.905+0000] {logging_mixin.py:190} INFO - [2024-11-01T01:28:46.905+0000] {dagbag.py:588} INFO - Filling up the DagBag from /home/airflow/.local/lib/python3.12/site-packages/airflow/example_dags/tutorial.py
[2024-11-01T01:28:46.908+0000] {processor.py:925} INFO - DAG(s) 'tutorial' retrieved from /home/airflow/.local/lib/python3.12/site-packages/airflow/example_dags/tutorial.py
[2024-11-01T01:28:46.917+0000] {logging_mixin.py:190} INFO - [2024-11-01T01:28:46.917+0000] {dag.py:3239} INFO - Sync 1 DAGs
[2024-11-01T01:28:46.925+0000] {logging_mixin.py:190} INFO - [2024-11-01T01:28:46.925+0000] {dag.py:4180} INFO - Setting next_dagrun for tutorial to 2024-10-31 00:00:00+00:00, run_after=2024-11-01 00:00:00+00:00
[2024-11-01T01:28:46.931+0000] {processor.py:208} INFO - Processing /home/airflow/.local/lib/python3.12/site-packages/airflow/example_dags/tutorial.py took 0.031 seconds
[2024-11-01T01:29:17.723+0000] {processor.py:186} INFO - Started process (PID=466) to work on /home/airflow/.local/lib/python3.12/site-packages/airflow/example_dags/tutorial.py
[2024-11-01T01:29:17.724+0000] {processor.py:914} INFO - Processing file /home/airflow/.local/lib/python3.12/site-packages/airflow/example_dags/tutorial.py for tasks to queue
[2024-11-01T01:29:17.725+0000] {logging_mixin.py:190} INFO - [2024-11-01T01:29:17.725+0000] {dagbag.py:588} INFO - Filling up the DagBag from /home/airflow/.local/lib/python3.12/site-packages/airflow/example_dags/tutorial.py
[2024-11-01T01:29:17.729+0000] {processor.py:925} INFO - DAG(s) 'tutorial' retrieved from /home/airflow/.local/lib/python3.12/site-packages/airflow/example_dags/tutorial.py
[2024-11-01T01:29:17.739+0000] {logging_mixin.py:190} INFO - [2024-11-01T01:29:17.739+0000] {dag.py:3239} INFO - Sync 1 DAGs
[2024-11-01T01:29:17.749+0000] {logging_mixin.py:190} INFO - [2024-11-01T01:29:17.749+0000] {dag.py:4180} INFO - Setting next_dagrun for tutorial to 2024-10-31 00:00:00+00:00, run_after=2024-11-01 00:00:00+00:00
[2024-11-01T01:29:17.758+0000] {processor.py:208} INFO - Processing /home/airflow/.local/lib/python3.12/site-packages/airflow/example_dags/tutorial.py took 0.037 seconds
