[2024-11-01T01:26:12.662+0000] {processor.py:186} INFO - Started process (PID=76) to work on /home/airflow/.local/lib/python3.12/site-packages/airflow/example_dags/tutorial_taskflow_api.py
[2024-11-01T01:26:12.662+0000] {processor.py:914} INFO - Processing file /home/airflow/.local/lib/python3.12/site-packages/airflow/example_dags/tutorial_taskflow_api.py for tasks to queue
[2024-11-01T01:26:12.663+0000] {logging_mixin.py:190} INFO - [2024-11-01T01:26:12.663+0000] {dagbag.py:588} INFO - Filling up the DagBag from /home/airflow/.local/lib/python3.12/site-packages/airflow/example_dags/tutorial_taskflow_api.py
[2024-11-01T01:26:12.667+0000] {processor.py:925} INFO - DAG(s) 'tutorial_taskflow_api' retrieved from /home/airflow/.local/lib/python3.12/site-packages/airflow/example_dags/tutorial_taskflow_api.py
[2024-11-01T01:26:12.707+0000] {logging_mixin.py:190} INFO - [2024-11-01T01:26:12.707+0000] {override.py:1900} INFO - Created Permission View: can delete on DAG:tutorial_taskflow_api
[2024-11-01T01:26:12.710+0000] {logging_mixin.py:190} INFO - [2024-11-01T01:26:12.710+0000] {override.py:1900} INFO - Created Permission View: can read on DAG:tutorial_taskflow_api
[2024-11-01T01:26:12.712+0000] {logging_mixin.py:190} INFO - [2024-11-01T01:26:12.712+0000] {override.py:1900} INFO - Created Permission View: can edit on DAG:tutorial_taskflow_api
[2024-11-01T01:26:12.714+0000] {logging_mixin.py:190} INFO - [2024-11-01T01:26:12.714+0000] {override.py:1900} INFO - Created Permission View: can create on DAG Run:tutorial_taskflow_api
[2024-11-01T01:26:12.716+0000] {logging_mixin.py:190} INFO - [2024-11-01T01:26:12.715+0000] {override.py:1900} INFO - Created Permission View: menu access on DAG Run:tutorial_taskflow_api
[2024-11-01T01:26:12.719+0000] {logging_mixin.py:190} INFO - [2024-11-01T01:26:12.719+0000] {override.py:1900} INFO - Created Permission View: can read on DAG Run:tutorial_taskflow_api
[2024-11-01T01:26:12.722+0000] {logging_mixin.py:190} INFO - [2024-11-01T01:26:12.722+0000] {override.py:1900} INFO - Created Permission View: can delete on DAG Run:tutorial_taskflow_api
[2024-11-01T01:26:12.723+0000] {logging_mixin.py:190} INFO - [2024-11-01T01:26:12.723+0000] {dag.py:3239} INFO - Sync 1 DAGs
[2024-11-01T01:26:12.729+0000] {logging_mixin.py:190} INFO - [2024-11-01T01:26:12.729+0000] {dag.py:3262} INFO - Creating ORM DAG for tutorial_taskflow_api
[2024-11-01T01:26:12.729+0000] {logging_mixin.py:190} INFO - [2024-11-01T01:26:12.729+0000] {dag.py:4180} INFO - Setting next_dagrun for tutorial_taskflow_api to None, run_after=None
[2024-11-01T01:26:12.736+0000] {processor.py:208} INFO - Processing /home/airflow/.local/lib/python3.12/site-packages/airflow/example_dags/tutorial_taskflow_api.py took 0.077 seconds
[2024-11-01T01:26:43.391+0000] {processor.py:186} INFO - Started process (PID=140) to work on /home/airflow/.local/lib/python3.12/site-packages/airflow/example_dags/tutorial_taskflow_api.py
[2024-11-01T01:26:43.395+0000] {processor.py:914} INFO - Processing file /home/airflow/.local/lib/python3.12/site-packages/airflow/example_dags/tutorial_taskflow_api.py for tasks to queue
[2024-11-01T01:26:43.396+0000] {logging_mixin.py:190} INFO - [2024-11-01T01:26:43.396+0000] {dagbag.py:588} INFO - Filling up the DagBag from /home/airflow/.local/lib/python3.12/site-packages/airflow/example_dags/tutorial_taskflow_api.py
[2024-11-01T01:26:43.399+0000] {processor.py:925} INFO - DAG(s) 'tutorial_taskflow_api' retrieved from /home/airflow/.local/lib/python3.12/site-packages/airflow/example_dags/tutorial_taskflow_api.py
[2024-11-01T01:26:43.410+0000] {logging_mixin.py:190} INFO - [2024-11-01T01:26:43.410+0000] {dag.py:3239} INFO - Sync 1 DAGs
[2024-11-01T01:26:43.415+0000] {logging_mixin.py:190} INFO - [2024-11-01T01:26:43.415+0000] {dag.py:4180} INFO - Setting next_dagrun for tutorial_taskflow_api to None, run_after=None
[2024-11-01T01:26:43.425+0000] {processor.py:208} INFO - Processing /home/airflow/.local/lib/python3.12/site-packages/airflow/example_dags/tutorial_taskflow_api.py took 0.036 seconds
[2024-11-01T01:27:14.165+0000] {processor.py:186} INFO - Started process (PID=204) to work on /home/airflow/.local/lib/python3.12/site-packages/airflow/example_dags/tutorial_taskflow_api.py
[2024-11-01T01:27:14.165+0000] {processor.py:914} INFO - Processing file /home/airflow/.local/lib/python3.12/site-packages/airflow/example_dags/tutorial_taskflow_api.py for tasks to queue
[2024-11-01T01:27:14.166+0000] {logging_mixin.py:190} INFO - [2024-11-01T01:27:14.166+0000] {dagbag.py:588} INFO - Filling up the DagBag from /home/airflow/.local/lib/python3.12/site-packages/airflow/example_dags/tutorial_taskflow_api.py
[2024-11-01T01:27:14.171+0000] {processor.py:925} INFO - DAG(s) 'tutorial_taskflow_api' retrieved from /home/airflow/.local/lib/python3.12/site-packages/airflow/example_dags/tutorial_taskflow_api.py
[2024-11-01T01:27:14.182+0000] {logging_mixin.py:190} INFO - [2024-11-01T01:27:14.181+0000] {dag.py:3239} INFO - Sync 1 DAGs
[2024-11-01T01:27:14.188+0000] {logging_mixin.py:190} INFO - [2024-11-01T01:27:14.187+0000] {dag.py:4180} INFO - Setting next_dagrun for tutorial_taskflow_api to None, run_after=None
[2024-11-01T01:27:14.199+0000] {processor.py:208} INFO - Processing /home/airflow/.local/lib/python3.12/site-packages/airflow/example_dags/tutorial_taskflow_api.py took 0.037 seconds
[2024-11-01T01:27:45.003+0000] {processor.py:186} INFO - Started process (PID=268) to work on /home/airflow/.local/lib/python3.12/site-packages/airflow/example_dags/tutorial_taskflow_api.py
[2024-11-01T01:27:45.007+0000] {processor.py:914} INFO - Processing file /home/airflow/.local/lib/python3.12/site-packages/airflow/example_dags/tutorial_taskflow_api.py for tasks to queue
[2024-11-01T01:27:45.009+0000] {logging_mixin.py:190} INFO - [2024-11-01T01:27:45.009+0000] {dagbag.py:588} INFO - Filling up the DagBag from /home/airflow/.local/lib/python3.12/site-packages/airflow/example_dags/tutorial_taskflow_api.py
[2024-11-01T01:27:45.012+0000] {processor.py:925} INFO - DAG(s) 'tutorial_taskflow_api' retrieved from /home/airflow/.local/lib/python3.12/site-packages/airflow/example_dags/tutorial_taskflow_api.py
[2024-11-01T01:27:45.020+0000] {logging_mixin.py:190} INFO - [2024-11-01T01:27:45.020+0000] {dag.py:3239} INFO - Sync 1 DAGs
[2024-11-01T01:27:45.027+0000] {logging_mixin.py:190} INFO - [2024-11-01T01:27:45.027+0000] {dag.py:4180} INFO - Setting next_dagrun for tutorial_taskflow_api to None, run_after=None
[2024-11-01T01:27:45.035+0000] {processor.py:208} INFO - Processing /home/airflow/.local/lib/python3.12/site-packages/airflow/example_dags/tutorial_taskflow_api.py took 0.035 seconds
[2024-11-01T01:28:15.893+0000] {processor.py:186} INFO - Started process (PID=331) to work on /home/airflow/.local/lib/python3.12/site-packages/airflow/example_dags/tutorial_taskflow_api.py
[2024-11-01T01:28:15.896+0000] {processor.py:914} INFO - Processing file /home/airflow/.local/lib/python3.12/site-packages/airflow/example_dags/tutorial_taskflow_api.py for tasks to queue
[2024-11-01T01:28:15.898+0000] {logging_mixin.py:190} INFO - [2024-11-01T01:28:15.898+0000] {dagbag.py:588} INFO - Filling up the DagBag from /home/airflow/.local/lib/python3.12/site-packages/airflow/example_dags/tutorial_taskflow_api.py
[2024-11-01T01:28:15.901+0000] {processor.py:925} INFO - DAG(s) 'tutorial_taskflow_api' retrieved from /home/airflow/.local/lib/python3.12/site-packages/airflow/example_dags/tutorial_taskflow_api.py
[2024-11-01T01:28:15.910+0000] {logging_mixin.py:190} INFO - [2024-11-01T01:28:15.910+0000] {dag.py:3239} INFO - Sync 1 DAGs
[2024-11-01T01:28:15.917+0000] {logging_mixin.py:190} INFO - [2024-11-01T01:28:15.917+0000] {dag.py:4180} INFO - Setting next_dagrun for tutorial_taskflow_api to None, run_after=None
[2024-11-01T01:28:15.925+0000] {processor.py:208} INFO - Processing /home/airflow/.local/lib/python3.12/site-packages/airflow/example_dags/tutorial_taskflow_api.py took 0.034 seconds
[2024-11-01T01:28:46.710+0000] {processor.py:186} INFO - Started process (PID=395) to work on /home/airflow/.local/lib/python3.12/site-packages/airflow/example_dags/tutorial_taskflow_api.py
[2024-11-01T01:28:46.710+0000] {processor.py:914} INFO - Processing file /home/airflow/.local/lib/python3.12/site-packages/airflow/example_dags/tutorial_taskflow_api.py for tasks to queue
[2024-11-01T01:28:46.711+0000] {logging_mixin.py:190} INFO - [2024-11-01T01:28:46.711+0000] {dagbag.py:588} INFO - Filling up the DagBag from /home/airflow/.local/lib/python3.12/site-packages/airflow/example_dags/tutorial_taskflow_api.py
[2024-11-01T01:28:46.714+0000] {processor.py:925} INFO - DAG(s) 'tutorial_taskflow_api' retrieved from /home/airflow/.local/lib/python3.12/site-packages/airflow/example_dags/tutorial_taskflow_api.py
[2024-11-01T01:28:46.723+0000] {logging_mixin.py:190} INFO - [2024-11-01T01:28:46.723+0000] {dag.py:3239} INFO - Sync 1 DAGs
[2024-11-01T01:28:46.730+0000] {logging_mixin.py:190} INFO - [2024-11-01T01:28:46.730+0000] {dag.py:4180} INFO - Setting next_dagrun for tutorial_taskflow_api to None, run_after=None
[2024-11-01T01:28:46.738+0000] {processor.py:208} INFO - Processing /home/airflow/.local/lib/python3.12/site-packages/airflow/example_dags/tutorial_taskflow_api.py took 0.031 seconds
[2024-11-01T01:29:17.518+0000] {processor.py:186} INFO - Started process (PID=459) to work on /home/airflow/.local/lib/python3.12/site-packages/airflow/example_dags/tutorial_taskflow_api.py
[2024-11-01T01:29:17.518+0000] {processor.py:914} INFO - Processing file /home/airflow/.local/lib/python3.12/site-packages/airflow/example_dags/tutorial_taskflow_api.py for tasks to queue
[2024-11-01T01:29:17.519+0000] {logging_mixin.py:190} INFO - [2024-11-01T01:29:17.519+0000] {dagbag.py:588} INFO - Filling up the DagBag from /home/airflow/.local/lib/python3.12/site-packages/airflow/example_dags/tutorial_taskflow_api.py
[2024-11-01T01:29:17.522+0000] {processor.py:925} INFO - DAG(s) 'tutorial_taskflow_api' retrieved from /home/airflow/.local/lib/python3.12/site-packages/airflow/example_dags/tutorial_taskflow_api.py
[2024-11-01T01:29:17.529+0000] {logging_mixin.py:190} INFO - [2024-11-01T01:29:17.529+0000] {dag.py:3239} INFO - Sync 1 DAGs
[2024-11-01T01:29:17.535+0000] {logging_mixin.py:190} INFO - [2024-11-01T01:29:17.534+0000] {dag.py:4180} INFO - Setting next_dagrun for tutorial_taskflow_api to None, run_after=None
[2024-11-01T01:29:17.542+0000] {processor.py:208} INFO - Processing /home/airflow/.local/lib/python3.12/site-packages/airflow/example_dags/tutorial_taskflow_api.py took 0.027 seconds
