[2024-11-01T01:26:14.213+0000] {processor.py:186} INFO - Started process (PID=102) to work on /home/airflow/.local/lib/python3.12/site-packages/airflow/example_dags/tutorial_objectstorage.py
[2024-11-01T01:26:14.214+0000] {processor.py:914} INFO - Processing file /home/airflow/.local/lib/python3.12/site-packages/airflow/example_dags/tutorial_objectstorage.py for tasks to queue
[2024-11-01T01:26:14.216+0000] {logging_mixin.py:190} INFO - [2024-11-01T01:26:14.216+0000] {dagbag.py:588} INFO - Filling up the DagBag from /home/airflow/.local/lib/python3.12/site-packages/airflow/example_dags/tutorial_objectstorage.py
[2024-11-01T01:26:14.221+0000] {processor.py:925} INFO - DAG(s) 'tutorial_objectstorage' retrieved from /home/airflow/.local/lib/python3.12/site-packages/airflow/example_dags/tutorial_objectstorage.py
[2024-11-01T01:26:14.264+0000] {logging_mixin.py:190} INFO - [2024-11-01T01:26:14.264+0000] {override.py:1900} INFO - Created Permission View: can delete on DAG:tutorial_objectstorage
[2024-11-01T01:26:14.270+0000] {logging_mixin.py:190} INFO - [2024-11-01T01:26:14.270+0000] {override.py:1900} INFO - Created Permission View: can read on DAG:tutorial_objectstorage
[2024-11-01T01:26:14.272+0000] {logging_mixin.py:190} INFO - [2024-11-01T01:26:14.272+0000] {override.py:1900} INFO - Created Permission View: can edit on DAG:tutorial_objectstorage
[2024-11-01T01:26:14.275+0000] {logging_mixin.py:190} INFO - [2024-11-01T01:26:14.275+0000] {override.py:1900} INFO - Created Permission View: can create on DAG Run:tutorial_objectstorage
[2024-11-01T01:26:14.277+0000] {logging_mixin.py:190} INFO - [2024-11-01T01:26:14.277+0000] {override.py:1900} INFO - Created Permission View: menu access on DAG Run:tutorial_objectstorage
[2024-11-01T01:26:14.279+0000] {logging_mixin.py:190} INFO - [2024-11-01T01:26:14.279+0000] {override.py:1900} INFO - Created Permission View: can read on DAG Run:tutorial_objectstorage
[2024-11-01T01:26:14.280+0000] {logging_mixin.py:190} INFO - [2024-11-01T01:26:14.280+0000] {override.py:1900} INFO - Created Permission View: can delete on DAG Run:tutorial_objectstorage
[2024-11-01T01:26:14.281+0000] {logging_mixin.py:190} INFO - [2024-11-01T01:26:14.281+0000] {dag.py:3239} INFO - Sync 1 DAGs
[2024-11-01T01:26:14.287+0000] {logging_mixin.py:190} INFO - [2024-11-01T01:26:14.287+0000] {dag.py:3262} INFO - Creating ORM DAG for tutorial_objectstorage
[2024-11-01T01:26:14.287+0000] {logging_mixin.py:190} INFO - [2024-11-01T01:26:14.287+0000] {dag.py:4180} INFO - Setting next_dagrun for tutorial_objectstorage to None, run_after=None
[2024-11-01T01:26:14.296+0000] {processor.py:208} INFO - Processing /home/airflow/.local/lib/python3.12/site-packages/airflow/example_dags/tutorial_objectstorage.py took 0.086 seconds
[2024-11-01T01:26:45.095+0000] {processor.py:186} INFO - Started process (PID=166) to work on /home/airflow/.local/lib/python3.12/site-packages/airflow/example_dags/tutorial_objectstorage.py
[2024-11-01T01:26:45.095+0000] {processor.py:914} INFO - Processing file /home/airflow/.local/lib/python3.12/site-packages/airflow/example_dags/tutorial_objectstorage.py for tasks to queue
[2024-11-01T01:26:45.099+0000] {logging_mixin.py:190} INFO - [2024-11-01T01:26:45.099+0000] {dagbag.py:588} INFO - Filling up the DagBag from /home/airflow/.local/lib/python3.12/site-packages/airflow/example_dags/tutorial_objectstorage.py
[2024-11-01T01:26:45.103+0000] {processor.py:925} INFO - DAG(s) 'tutorial_objectstorage' retrieved from /home/airflow/.local/lib/python3.12/site-packages/airflow/example_dags/tutorial_objectstorage.py
[2024-11-01T01:26:45.111+0000] {logging_mixin.py:190} INFO - [2024-11-01T01:26:45.111+0000] {dag.py:3239} INFO - Sync 1 DAGs
[2024-11-01T01:26:45.117+0000] {logging_mixin.py:190} INFO - [2024-11-01T01:26:45.117+0000] {dag.py:4180} INFO - Setting next_dagrun for tutorial_objectstorage to None, run_after=None
[2024-11-01T01:26:45.125+0000] {processor.py:208} INFO - Processing /home/airflow/.local/lib/python3.12/site-packages/airflow/example_dags/tutorial_objectstorage.py took 0.033 seconds
[2024-11-01T01:27:15.910+0000] {processor.py:186} INFO - Started process (PID=230) to work on /home/airflow/.local/lib/python3.12/site-packages/airflow/example_dags/tutorial_objectstorage.py
[2024-11-01T01:27:15.911+0000] {processor.py:914} INFO - Processing file /home/airflow/.local/lib/python3.12/site-packages/airflow/example_dags/tutorial_objectstorage.py for tasks to queue
[2024-11-01T01:27:15.912+0000] {logging_mixin.py:190} INFO - [2024-11-01T01:27:15.911+0000] {dagbag.py:588} INFO - Filling up the DagBag from /home/airflow/.local/lib/python3.12/site-packages/airflow/example_dags/tutorial_objectstorage.py
[2024-11-01T01:27:15.915+0000] {processor.py:925} INFO - DAG(s) 'tutorial_objectstorage' retrieved from /home/airflow/.local/lib/python3.12/site-packages/airflow/example_dags/tutorial_objectstorage.py
[2024-11-01T01:27:15.922+0000] {logging_mixin.py:190} INFO - [2024-11-01T01:27:15.922+0000] {dag.py:3239} INFO - Sync 1 DAGs
[2024-11-01T01:27:15.928+0000] {logging_mixin.py:190} INFO - [2024-11-01T01:27:15.928+0000] {dag.py:4180} INFO - Setting next_dagrun for tutorial_objectstorage to None, run_after=None
[2024-11-01T01:27:15.938+0000] {processor.py:208} INFO - Processing /home/airflow/.local/lib/python3.12/site-packages/airflow/example_dags/tutorial_objectstorage.py took 0.030 seconds
[2024-11-01T01:27:46.761+0000] {processor.py:186} INFO - Started process (PID=294) to work on /home/airflow/.local/lib/python3.12/site-packages/airflow/example_dags/tutorial_objectstorage.py
[2024-11-01T01:27:46.762+0000] {processor.py:914} INFO - Processing file /home/airflow/.local/lib/python3.12/site-packages/airflow/example_dags/tutorial_objectstorage.py for tasks to queue
[2024-11-01T01:27:46.763+0000] {logging_mixin.py:190} INFO - [2024-11-01T01:27:46.762+0000] {dagbag.py:588} INFO - Filling up the DagBag from /home/airflow/.local/lib/python3.12/site-packages/airflow/example_dags/tutorial_objectstorage.py
[2024-11-01T01:27:46.769+0000] {processor.py:925} INFO - DAG(s) 'tutorial_objectstorage' retrieved from /home/airflow/.local/lib/python3.12/site-packages/airflow/example_dags/tutorial_objectstorage.py
[2024-11-01T01:27:46.777+0000] {logging_mixin.py:190} INFO - [2024-11-01T01:27:46.777+0000] {dag.py:3239} INFO - Sync 1 DAGs
[2024-11-01T01:27:46.782+0000] {logging_mixin.py:190} INFO - [2024-11-01T01:27:46.782+0000] {dag.py:4180} INFO - Setting next_dagrun for tutorial_objectstorage to None, run_after=None
[2024-11-01T01:27:46.789+0000] {processor.py:208} INFO - Processing /home/airflow/.local/lib/python3.12/site-packages/airflow/example_dags/tutorial_objectstorage.py took 0.030 seconds
[2024-11-01T01:28:17.618+0000] {processor.py:186} INFO - Started process (PID=357) to work on /home/airflow/.local/lib/python3.12/site-packages/airflow/example_dags/tutorial_objectstorage.py
[2024-11-01T01:28:17.619+0000] {processor.py:914} INFO - Processing file /home/airflow/.local/lib/python3.12/site-packages/airflow/example_dags/tutorial_objectstorage.py for tasks to queue
[2024-11-01T01:28:17.620+0000] {logging_mixin.py:190} INFO - [2024-11-01T01:28:17.620+0000] {dagbag.py:588} INFO - Filling up the DagBag from /home/airflow/.local/lib/python3.12/site-packages/airflow/example_dags/tutorial_objectstorage.py
[2024-11-01T01:28:17.624+0000] {processor.py:925} INFO - DAG(s) 'tutorial_objectstorage' retrieved from /home/airflow/.local/lib/python3.12/site-packages/airflow/example_dags/tutorial_objectstorage.py
[2024-11-01T01:28:17.632+0000] {logging_mixin.py:190} INFO - [2024-11-01T01:28:17.632+0000] {dag.py:3239} INFO - Sync 1 DAGs
[2024-11-01T01:28:17.637+0000] {logging_mixin.py:190} INFO - [2024-11-01T01:28:17.637+0000] {dag.py:4180} INFO - Setting next_dagrun for tutorial_objectstorage to None, run_after=None
[2024-11-01T01:28:17.645+0000] {processor.py:208} INFO - Processing /home/airflow/.local/lib/python3.12/site-packages/airflow/example_dags/tutorial_objectstorage.py took 0.029 seconds
[2024-11-01T01:28:48.389+0000] {processor.py:186} INFO - Started process (PID=421) to work on /home/airflow/.local/lib/python3.12/site-packages/airflow/example_dags/tutorial_objectstorage.py
[2024-11-01T01:28:48.392+0000] {processor.py:914} INFO - Processing file /home/airflow/.local/lib/python3.12/site-packages/airflow/example_dags/tutorial_objectstorage.py for tasks to queue
[2024-11-01T01:28:48.393+0000] {logging_mixin.py:190} INFO - [2024-11-01T01:28:48.393+0000] {dagbag.py:588} INFO - Filling up the DagBag from /home/airflow/.local/lib/python3.12/site-packages/airflow/example_dags/tutorial_objectstorage.py
[2024-11-01T01:28:48.397+0000] {processor.py:925} INFO - DAG(s) 'tutorial_objectstorage' retrieved from /home/airflow/.local/lib/python3.12/site-packages/airflow/example_dags/tutorial_objectstorage.py
[2024-11-01T01:28:48.408+0000] {logging_mixin.py:190} INFO - [2024-11-01T01:28:48.408+0000] {dag.py:3239} INFO - Sync 1 DAGs
[2024-11-01T01:28:48.413+0000] {logging_mixin.py:190} INFO - [2024-11-01T01:28:48.413+0000] {dag.py:4180} INFO - Setting next_dagrun for tutorial_objectstorage to None, run_after=None
[2024-11-01T01:28:48.419+0000] {processor.py:208} INFO - Processing /home/airflow/.local/lib/python3.12/site-packages/airflow/example_dags/tutorial_objectstorage.py took 0.033 seconds
[2024-11-01T01:29:19.196+0000] {processor.py:186} INFO - Started process (PID=485) to work on /home/airflow/.local/lib/python3.12/site-packages/airflow/example_dags/tutorial_objectstorage.py
[2024-11-01T01:29:19.196+0000] {processor.py:914} INFO - Processing file /home/airflow/.local/lib/python3.12/site-packages/airflow/example_dags/tutorial_objectstorage.py for tasks to queue
[2024-11-01T01:29:19.197+0000] {logging_mixin.py:190} INFO - [2024-11-01T01:29:19.197+0000] {dagbag.py:588} INFO - Filling up the DagBag from /home/airflow/.local/lib/python3.12/site-packages/airflow/example_dags/tutorial_objectstorage.py
[2024-11-01T01:29:19.201+0000] {processor.py:925} INFO - DAG(s) 'tutorial_objectstorage' retrieved from /home/airflow/.local/lib/python3.12/site-packages/airflow/example_dags/tutorial_objectstorage.py
[2024-11-01T01:29:19.208+0000] {logging_mixin.py:190} INFO - [2024-11-01T01:29:19.208+0000] {dag.py:3239} INFO - Sync 1 DAGs
[2024-11-01T01:29:19.213+0000] {logging_mixin.py:190} INFO - [2024-11-01T01:29:19.213+0000] {dag.py:4180} INFO - Setting next_dagrun for tutorial_objectstorage to None, run_after=None
[2024-11-01T01:29:19.222+0000] {processor.py:208} INFO - Processing /home/airflow/.local/lib/python3.12/site-packages/airflow/example_dags/tutorial_objectstorage.py took 0.028 seconds
