[2024-11-01T01:26:10.757+0000] {processor.py:186} INFO - Started process (PID=45) to work on /opt/airflow/dags/my_dag.py
[2024-11-01T01:26:10.757+0000] {processor.py:914} INFO - Processing file /opt/airflow/dags/my_dag.py for tasks to queue
[2024-11-01T01:26:10.760+0000] {logging_mixin.py:190} INFO - [2024-11-01T01:26:10.759+0000] {dagbag.py:588} INFO - Filling up the DagBag from /opt/airflow/dags/my_dag.py
[2024-11-01T01:26:10.783+0000] {processor.py:925} INFO - DAG(s) 'my_dag' retrieved from /opt/airflow/dags/my_dag.py
[2024-11-01T01:26:10.913+0000] {logging_mixin.py:190} INFO - [2024-11-01T01:26:10.912+0000] {override.py:1900} INFO - Created Permission View: can delete on DAG:my_dag
[2024-11-01T01:26:10.919+0000] {logging_mixin.py:190} INFO - [2024-11-01T01:26:10.919+0000] {override.py:1900} INFO - Created Permission View: can read on DAG:my_dag
[2024-11-01T01:26:10.923+0000] {logging_mixin.py:190} INFO - [2024-11-01T01:26:10.923+0000] {override.py:1900} INFO - Created Permission View: can edit on DAG:my_dag
[2024-11-01T01:26:10.926+0000] {logging_mixin.py:190} INFO - [2024-11-01T01:26:10.926+0000] {override.py:1900} INFO - Created Permission View: can create on DAG Run:my_dag
[2024-11-01T01:26:10.929+0000] {logging_mixin.py:190} INFO - [2024-11-01T01:26:10.928+0000] {override.py:1900} INFO - Created Permission View: menu access on DAG Run:my_dag
[2024-11-01T01:26:10.932+0000] {logging_mixin.py:190} INFO - [2024-11-01T01:26:10.932+0000] {override.py:1900} INFO - Created Permission View: can read on DAG Run:my_dag
[2024-11-01T01:26:10.938+0000] {logging_mixin.py:190} INFO - [2024-11-01T01:26:10.938+0000] {override.py:1900} INFO - Created Permission View: can delete on DAG Run:my_dag
[2024-11-01T01:26:10.939+0000] {logging_mixin.py:190} INFO - [2024-11-01T01:26:10.939+0000] {dag.py:3239} INFO - Sync 1 DAGs
[2024-11-01T01:26:10.950+0000] {logging_mixin.py:190} INFO - [2024-11-01T01:26:10.950+0000] {dag.py:3262} INFO - Creating ORM DAG for my_dag
[2024-11-01T01:26:10.957+0000] {logging_mixin.py:190} INFO - [2024-11-01T01:26:10.956+0000] {dag.py:4180} INFO - Setting next_dagrun for my_dag to 2024-10-31 00:00:00+00:00, run_after=2024-11-01 00:00:00+00:00
[2024-11-01T01:26:10.964+0000] {processor.py:208} INFO - Processing /opt/airflow/dags/my_dag.py took 0.211 seconds
[2024-11-01T01:26:41.683+0000] {processor.py:186} INFO - Started process (PID=110) to work on /opt/airflow/dags/my_dag.py
[2024-11-01T01:26:41.684+0000] {processor.py:914} INFO - Processing file /opt/airflow/dags/my_dag.py for tasks to queue
[2024-11-01T01:26:41.687+0000] {logging_mixin.py:190} INFO - [2024-11-01T01:26:41.686+0000] {dagbag.py:588} INFO - Filling up the DagBag from /opt/airflow/dags/my_dag.py
[2024-11-01T01:26:41.695+0000] {processor.py:925} INFO - DAG(s) 'my_dag' retrieved from /opt/airflow/dags/my_dag.py
[2024-11-01T01:26:41.705+0000] {logging_mixin.py:190} INFO - [2024-11-01T01:26:41.705+0000] {dag.py:3239} INFO - Sync 1 DAGs
[2024-11-01T01:26:41.716+0000] {logging_mixin.py:190} INFO - [2024-11-01T01:26:41.716+0000] {dag.py:4180} INFO - Setting next_dagrun for my_dag to 2024-10-31 00:00:00+00:00, run_after=2024-11-01 00:00:00+00:00
[2024-11-01T01:26:41.725+0000] {processor.py:208} INFO - Processing /opt/airflow/dags/my_dag.py took 0.045 seconds
[2024-11-01T01:27:12.478+0000] {processor.py:186} INFO - Started process (PID=179) to work on /opt/airflow/dags/my_dag.py
[2024-11-01T01:27:12.478+0000] {processor.py:914} INFO - Processing file /opt/airflow/dags/my_dag.py for tasks to queue
[2024-11-01T01:27:12.480+0000] {logging_mixin.py:190} INFO - [2024-11-01T01:27:12.480+0000] {dagbag.py:588} INFO - Filling up the DagBag from /opt/airflow/dags/my_dag.py
[2024-11-01T01:27:12.490+0000] {processor.py:925} INFO - DAG(s) 'my_dag' retrieved from /opt/airflow/dags/my_dag.py
[2024-11-01T01:27:12.500+0000] {logging_mixin.py:190} INFO - [2024-11-01T01:27:12.500+0000] {dag.py:3239} INFO - Sync 1 DAGs
[2024-11-01T01:27:12.511+0000] {logging_mixin.py:190} INFO - [2024-11-01T01:27:12.511+0000] {dag.py:4180} INFO - Setting next_dagrun for my_dag to 2024-10-31 00:00:00+00:00, run_after=2024-11-01 00:00:00+00:00
[2024-11-01T01:27:12.524+0000] {processor.py:208} INFO - Processing /opt/airflow/dags/my_dag.py took 0.051 seconds
[2024-11-01T01:27:43.282+0000] {processor.py:186} INFO - Started process (PID=243) to work on /opt/airflow/dags/my_dag.py
[2024-11-01T01:27:43.283+0000] {processor.py:914} INFO - Processing file /opt/airflow/dags/my_dag.py for tasks to queue
[2024-11-01T01:27:43.284+0000] {logging_mixin.py:190} INFO - [2024-11-01T01:27:43.284+0000] {dagbag.py:588} INFO - Filling up the DagBag from /opt/airflow/dags/my_dag.py
[2024-11-01T01:27:43.293+0000] {processor.py:925} INFO - DAG(s) 'my_dag' retrieved from /opt/airflow/dags/my_dag.py
[2024-11-01T01:27:43.306+0000] {logging_mixin.py:190} INFO - [2024-11-01T01:27:43.306+0000] {dag.py:3239} INFO - Sync 1 DAGs
[2024-11-01T01:27:43.316+0000] {logging_mixin.py:190} INFO - [2024-11-01T01:27:43.316+0000] {dag.py:4180} INFO - Setting next_dagrun for my_dag to 2024-10-31 00:00:00+00:00, run_after=2024-11-01 00:00:00+00:00
[2024-11-01T01:27:43.325+0000] {processor.py:208} INFO - Processing /opt/airflow/dags/my_dag.py took 0.047 seconds
[2024-11-01T01:28:14.177+0000] {processor.py:186} INFO - Started process (PID=306) to work on /opt/airflow/dags/my_dag.py
[2024-11-01T01:28:14.178+0000] {processor.py:914} INFO - Processing file /opt/airflow/dags/my_dag.py for tasks to queue
[2024-11-01T01:28:14.180+0000] {logging_mixin.py:190} INFO - [2024-11-01T01:28:14.180+0000] {dagbag.py:588} INFO - Filling up the DagBag from /opt/airflow/dags/my_dag.py
[2024-11-01T01:28:14.189+0000] {processor.py:925} INFO - DAG(s) 'my_dag' retrieved from /opt/airflow/dags/my_dag.py
[2024-11-01T01:28:14.199+0000] {logging_mixin.py:190} INFO - [2024-11-01T01:28:14.199+0000] {dag.py:3239} INFO - Sync 1 DAGs
[2024-11-01T01:28:14.210+0000] {logging_mixin.py:190} INFO - [2024-11-01T01:28:14.210+0000] {dag.py:4180} INFO - Setting next_dagrun for my_dag to 2024-10-31 00:00:00+00:00, run_after=2024-11-01 00:00:00+00:00
[2024-11-01T01:28:14.222+0000] {processor.py:208} INFO - Processing /opt/airflow/dags/my_dag.py took 0.049 seconds
[2024-11-01T01:28:45.022+0000] {processor.py:186} INFO - Started process (PID=370) to work on /opt/airflow/dags/my_dag.py
[2024-11-01T01:28:45.023+0000] {processor.py:914} INFO - Processing file /opt/airflow/dags/my_dag.py for tasks to queue
[2024-11-01T01:28:45.024+0000] {logging_mixin.py:190} INFO - [2024-11-01T01:28:45.024+0000] {dagbag.py:588} INFO - Filling up the DagBag from /opt/airflow/dags/my_dag.py
[2024-11-01T01:28:45.031+0000] {processor.py:925} INFO - DAG(s) 'my_dag' retrieved from /opt/airflow/dags/my_dag.py
[2024-11-01T01:28:45.044+0000] {logging_mixin.py:190} INFO - [2024-11-01T01:28:45.044+0000] {dag.py:3239} INFO - Sync 1 DAGs
[2024-11-01T01:28:45.055+0000] {logging_mixin.py:190} INFO - [2024-11-01T01:28:45.055+0000] {dag.py:4180} INFO - Setting next_dagrun for my_dag to 2024-10-31 00:00:00+00:00, run_after=2024-11-01 00:00:00+00:00
[2024-11-01T01:28:45.065+0000] {processor.py:208} INFO - Processing /opt/airflow/dags/my_dag.py took 0.047 seconds
[2024-11-01T01:29:15.800+0000] {processor.py:186} INFO - Started process (PID=434) to work on /opt/airflow/dags/my_dag.py
[2024-11-01T01:29:15.802+0000] {processor.py:914} INFO - Processing file /opt/airflow/dags/my_dag.py for tasks to queue
[2024-11-01T01:29:15.803+0000] {logging_mixin.py:190} INFO - [2024-11-01T01:29:15.803+0000] {dagbag.py:588} INFO - Filling up the DagBag from /opt/airflow/dags/my_dag.py
[2024-11-01T01:29:15.811+0000] {processor.py:925} INFO - DAG(s) 'my_dag' retrieved from /opt/airflow/dags/my_dag.py
[2024-11-01T01:29:15.822+0000] {logging_mixin.py:190} INFO - [2024-11-01T01:29:15.822+0000] {dag.py:3239} INFO - Sync 1 DAGs
[2024-11-01T01:29:15.833+0000] {logging_mixin.py:190} INFO - [2024-11-01T01:29:15.833+0000] {dag.py:4180} INFO - Setting next_dagrun for my_dag to 2024-10-31 00:00:00+00:00, run_after=2024-11-01 00:00:00+00:00
[2024-11-01T01:29:15.844+0000] {processor.py:208} INFO - Processing /opt/airflow/dags/my_dag.py took 0.047 seconds
[2024-11-01T02:28:21.664+0000] {processor.py:157} INFO - Started process (PID=29) to work on /opt/airflow/dags/my_dag.py
[2024-11-01T02:28:21.665+0000] {processor.py:826} INFO - Processing file /opt/airflow/dags/my_dag.py for tasks to queue
[2024-11-01T02:28:21.666+0000] {logging_mixin.py:149} INFO - [2024-11-01T02:28:21.666+0000] {dagbag.py:541} INFO - Filling up the DagBag from /opt/airflow/dags/my_dag.py
[2024-11-01T02:28:21.679+0000] {processor.py:836} INFO - DAG(s) dict_keys(['my_dag']) retrieved from /opt/airflow/dags/my_dag.py
[2024-11-01T02:28:21.777+0000] {logging_mixin.py:149} INFO - [2024-11-01T02:28:21.777+0000] {manager.py:504} INFO - Created Permission View: can delete on DAG:my_dag
[2024-11-01T02:28:21.779+0000] {logging_mixin.py:149} INFO - [2024-11-01T02:28:21.779+0000] {manager.py:504} INFO - Created Permission View: can read on DAG:my_dag
[2024-11-01T02:28:21.781+0000] {logging_mixin.py:149} INFO - [2024-11-01T02:28:21.781+0000] {manager.py:504} INFO - Created Permission View: can edit on DAG:my_dag
[2024-11-01T02:28:21.788+0000] {logging_mixin.py:149} INFO - [2024-11-01T02:28:21.788+0000] {dag.py:2726} INFO - Sync 1 DAGs
[2024-11-01T02:28:21.793+0000] {logging_mixin.py:149} INFO - [2024-11-01T02:28:21.793+0000] {dag.py:2747} INFO - Creating ORM DAG for my_dag
[2024-11-01T02:28:21.798+0000] {logging_mixin.py:149} INFO - [2024-11-01T02:28:21.798+0000] {dag.py:3490} INFO - Setting next_dagrun for my_dag to 2024-10-31T00:00:00+00:00, run_after=2024-11-01T00:00:00+00:00
[2024-11-01T02:28:21.805+0000] {processor.py:179} INFO - Processing /opt/airflow/dags/my_dag.py took 0.142 seconds
[2024-11-01T02:28:51.924+0000] {processor.py:157} INFO - Started process (PID=47) to work on /opt/airflow/dags/my_dag.py
[2024-11-01T02:28:51.925+0000] {processor.py:826} INFO - Processing file /opt/airflow/dags/my_dag.py for tasks to queue
[2024-11-01T02:28:51.925+0000] {logging_mixin.py:149} INFO - [2024-11-01T02:28:51.925+0000] {dagbag.py:541} INFO - Filling up the DagBag from /opt/airflow/dags/my_dag.py
[2024-11-01T02:28:51.935+0000] {processor.py:836} INFO - DAG(s) dict_keys(['my_dag']) retrieved from /opt/airflow/dags/my_dag.py
[2024-11-01T02:28:51.959+0000] {logging_mixin.py:149} INFO - [2024-11-01T02:28:51.959+0000] {dag.py:2726} INFO - Sync 1 DAGs
[2024-11-01T02:28:51.974+0000] {logging_mixin.py:149} INFO - [2024-11-01T02:28:51.974+0000] {dag.py:3490} INFO - Setting next_dagrun for my_dag to 2024-10-31T00:00:00+00:00, run_after=2024-11-01T00:00:00+00:00
[2024-11-01T02:28:51.984+0000] {processor.py:179} INFO - Processing /opt/airflow/dags/my_dag.py took 0.062 seconds
[2024-11-01T02:29:22.219+0000] {processor.py:157} INFO - Started process (PID=63) to work on /opt/airflow/dags/my_dag.py
[2024-11-01T02:29:22.220+0000] {processor.py:826} INFO - Processing file /opt/airflow/dags/my_dag.py for tasks to queue
[2024-11-01T02:29:22.220+0000] {logging_mixin.py:149} INFO - [2024-11-01T02:29:22.220+0000] {dagbag.py:541} INFO - Filling up the DagBag from /opt/airflow/dags/my_dag.py
[2024-11-01T02:29:22.225+0000] {processor.py:836} INFO - DAG(s) dict_keys(['my_dag']) retrieved from /opt/airflow/dags/my_dag.py
[2024-11-01T02:29:22.239+0000] {logging_mixin.py:149} INFO - [2024-11-01T02:29:22.239+0000] {dag.py:2726} INFO - Sync 1 DAGs
[2024-11-01T02:29:22.250+0000] {logging_mixin.py:149} INFO - [2024-11-01T02:29:22.250+0000] {dag.py:3490} INFO - Setting next_dagrun for my_dag to 2024-10-31T00:00:00+00:00, run_after=2024-11-01T00:00:00+00:00
[2024-11-01T02:29:22.258+0000] {processor.py:179} INFO - Processing /opt/airflow/dags/my_dag.py took 0.039 seconds
[2024-11-01T02:29:52.485+0000] {processor.py:157} INFO - Started process (PID=79) to work on /opt/airflow/dags/my_dag.py
[2024-11-01T02:29:52.486+0000] {processor.py:826} INFO - Processing file /opt/airflow/dags/my_dag.py for tasks to queue
[2024-11-01T02:29:52.487+0000] {logging_mixin.py:149} INFO - [2024-11-01T02:29:52.486+0000] {dagbag.py:541} INFO - Filling up the DagBag from /opt/airflow/dags/my_dag.py
[2024-11-01T02:29:52.496+0000] {processor.py:836} INFO - DAG(s) dict_keys(['my_dag']) retrieved from /opt/airflow/dags/my_dag.py
[2024-11-01T02:29:52.515+0000] {logging_mixin.py:149} INFO - [2024-11-01T02:29:52.515+0000] {dag.py:2726} INFO - Sync 1 DAGs
[2024-11-01T02:29:52.528+0000] {logging_mixin.py:149} INFO - [2024-11-01T02:29:52.528+0000] {dag.py:3490} INFO - Setting next_dagrun for my_dag to 2024-10-31T00:00:00+00:00, run_after=2024-11-01T00:00:00+00:00
[2024-11-01T02:29:52.536+0000] {processor.py:179} INFO - Processing /opt/airflow/dags/my_dag.py took 0.053 seconds
[2024-11-01T02:30:22.799+0000] {processor.py:157} INFO - Started process (PID=95) to work on /opt/airflow/dags/my_dag.py
[2024-11-01T02:30:22.800+0000] {processor.py:826} INFO - Processing file /opt/airflow/dags/my_dag.py for tasks to queue
[2024-11-01T02:30:22.801+0000] {logging_mixin.py:149} INFO - [2024-11-01T02:30:22.801+0000] {dagbag.py:541} INFO - Filling up the DagBag from /opt/airflow/dags/my_dag.py
[2024-11-01T02:30:22.811+0000] {processor.py:836} INFO - DAG(s) dict_keys(['my_dag']) retrieved from /opt/airflow/dags/my_dag.py
[2024-11-01T02:30:22.831+0000] {logging_mixin.py:149} INFO - [2024-11-01T02:30:22.831+0000] {dag.py:2726} INFO - Sync 1 DAGs
[2024-11-01T02:30:22.844+0000] {logging_mixin.py:149} INFO - [2024-11-01T02:30:22.844+0000] {dag.py:3490} INFO - Setting next_dagrun for my_dag to 2024-10-31T00:00:00+00:00, run_after=2024-11-01T00:00:00+00:00
[2024-11-01T02:30:22.852+0000] {processor.py:179} INFO - Processing /opt/airflow/dags/my_dag.py took 0.055 seconds
[2024-11-01T02:30:53.143+0000] {processor.py:157} INFO - Started process (PID=111) to work on /opt/airflow/dags/my_dag.py
[2024-11-01T02:30:53.143+0000] {processor.py:826} INFO - Processing file /opt/airflow/dags/my_dag.py for tasks to queue
[2024-11-01T02:30:53.144+0000] {logging_mixin.py:149} INFO - [2024-11-01T02:30:53.144+0000] {dagbag.py:541} INFO - Filling up the DagBag from /opt/airflow/dags/my_dag.py
[2024-11-01T02:30:53.153+0000] {processor.py:836} INFO - DAG(s) dict_keys(['my_dag']) retrieved from /opt/airflow/dags/my_dag.py
[2024-11-01T02:30:53.170+0000] {logging_mixin.py:149} INFO - [2024-11-01T02:30:53.170+0000] {dag.py:2726} INFO - Sync 1 DAGs
[2024-11-01T02:30:53.182+0000] {logging_mixin.py:149} INFO - [2024-11-01T02:30:53.182+0000] {dag.py:3490} INFO - Setting next_dagrun for my_dag to 2024-10-31T00:00:00+00:00, run_after=2024-11-01T00:00:00+00:00
[2024-11-01T02:30:53.190+0000] {processor.py:179} INFO - Processing /opt/airflow/dags/my_dag.py took 0.050 seconds
[2024-11-01T02:31:23.477+0000] {processor.py:157} INFO - Started process (PID=127) to work on /opt/airflow/dags/my_dag.py
[2024-11-01T02:31:23.477+0000] {processor.py:826} INFO - Processing file /opt/airflow/dags/my_dag.py for tasks to queue
[2024-11-01T02:31:23.478+0000] {logging_mixin.py:149} INFO - [2024-11-01T02:31:23.478+0000] {dagbag.py:541} INFO - Filling up the DagBag from /opt/airflow/dags/my_dag.py
[2024-11-01T02:31:23.486+0000] {processor.py:836} INFO - DAG(s) dict_keys(['my_dag']) retrieved from /opt/airflow/dags/my_dag.py
[2024-11-01T02:31:23.506+0000] {logging_mixin.py:149} INFO - [2024-11-01T02:31:23.506+0000] {dag.py:2726} INFO - Sync 1 DAGs
[2024-11-01T02:31:23.520+0000] {logging_mixin.py:149} INFO - [2024-11-01T02:31:23.520+0000] {dag.py:3490} INFO - Setting next_dagrun for my_dag to 2024-10-31T00:00:00+00:00, run_after=2024-11-01T00:00:00+00:00
[2024-11-01T02:31:23.529+0000] {processor.py:179} INFO - Processing /opt/airflow/dags/my_dag.py took 0.055 seconds
[2024-11-01T02:31:53.872+0000] {processor.py:157} INFO - Started process (PID=143) to work on /opt/airflow/dags/my_dag.py
[2024-11-01T02:31:53.873+0000] {processor.py:826} INFO - Processing file /opt/airflow/dags/my_dag.py for tasks to queue
[2024-11-01T02:31:53.873+0000] {logging_mixin.py:149} INFO - [2024-11-01T02:31:53.873+0000] {dagbag.py:541} INFO - Filling up the DagBag from /opt/airflow/dags/my_dag.py
[2024-11-01T02:31:53.881+0000] {processor.py:836} INFO - DAG(s) dict_keys(['my_dag']) retrieved from /opt/airflow/dags/my_dag.py
[2024-11-01T02:31:53.898+0000] {logging_mixin.py:149} INFO - [2024-11-01T02:31:53.898+0000] {dag.py:2726} INFO - Sync 1 DAGs
[2024-11-01T02:31:53.912+0000] {logging_mixin.py:149} INFO - [2024-11-01T02:31:53.912+0000] {dag.py:3490} INFO - Setting next_dagrun for my_dag to 2024-10-31T00:00:00+00:00, run_after=2024-11-01T00:00:00+00:00
[2024-11-01T02:31:53.973+0000] {processor.py:179} INFO - Processing /opt/airflow/dags/my_dag.py took 0.104 seconds
[2024-11-01T02:32:24.296+0000] {processor.py:157} INFO - Started process (PID=159) to work on /opt/airflow/dags/my_dag.py
[2024-11-01T02:32:24.297+0000] {processor.py:826} INFO - Processing file /opt/airflow/dags/my_dag.py for tasks to queue
[2024-11-01T02:32:24.297+0000] {logging_mixin.py:149} INFO - [2024-11-01T02:32:24.297+0000] {dagbag.py:541} INFO - Filling up the DagBag from /opt/airflow/dags/my_dag.py
[2024-11-01T02:32:24.309+0000] {processor.py:836} INFO - DAG(s) dict_keys(['my_dag']) retrieved from /opt/airflow/dags/my_dag.py
[2024-11-01T02:32:24.331+0000] {logging_mixin.py:149} INFO - [2024-11-01T02:32:24.331+0000] {dag.py:2726} INFO - Sync 1 DAGs
[2024-11-01T02:32:24.399+0000] {logging_mixin.py:149} INFO - [2024-11-01T02:32:24.399+0000] {dag.py:3490} INFO - Setting next_dagrun for my_dag to 2024-10-31T00:00:00+00:00, run_after=2024-11-01T00:00:00+00:00
[2024-11-01T02:32:24.406+0000] {processor.py:179} INFO - Processing /opt/airflow/dags/my_dag.py took 0.113 seconds
[2024-11-01T02:32:54.703+0000] {processor.py:157} INFO - Started process (PID=175) to work on /opt/airflow/dags/my_dag.py
[2024-11-01T02:32:54.704+0000] {processor.py:826} INFO - Processing file /opt/airflow/dags/my_dag.py for tasks to queue
[2024-11-01T02:32:54.704+0000] {logging_mixin.py:149} INFO - [2024-11-01T02:32:54.704+0000] {dagbag.py:541} INFO - Filling up the DagBag from /opt/airflow/dags/my_dag.py
[2024-11-01T02:32:54.716+0000] {processor.py:836} INFO - DAG(s) dict_keys(['my_dag']) retrieved from /opt/airflow/dags/my_dag.py
[2024-11-01T02:32:54.805+0000] {logging_mixin.py:149} INFO - [2024-11-01T02:32:54.805+0000] {dag.py:2726} INFO - Sync 1 DAGs
[2024-11-01T02:32:54.815+0000] {logging_mixin.py:149} INFO - [2024-11-01T02:32:54.815+0000] {dag.py:3490} INFO - Setting next_dagrun for my_dag to 2024-10-31T00:00:00+00:00, run_after=2024-11-01T00:00:00+00:00
[2024-11-01T02:32:54.822+0000] {processor.py:179} INFO - Processing /opt/airflow/dags/my_dag.py took 0.122 seconds
[2024-11-01T02:33:25.135+0000] {processor.py:157} INFO - Started process (PID=191) to work on /opt/airflow/dags/my_dag.py
[2024-11-01T02:33:25.136+0000] {processor.py:826} INFO - Processing file /opt/airflow/dags/my_dag.py for tasks to queue
[2024-11-01T02:33:25.136+0000] {logging_mixin.py:149} INFO - [2024-11-01T02:33:25.136+0000] {dagbag.py:541} INFO - Filling up the DagBag from /opt/airflow/dags/my_dag.py
[2024-11-01T02:33:25.144+0000] {processor.py:836} INFO - DAG(s) dict_keys(['my_dag']) retrieved from /opt/airflow/dags/my_dag.py
[2024-11-01T02:33:25.230+0000] {logging_mixin.py:149} INFO - [2024-11-01T02:33:25.230+0000] {dag.py:2726} INFO - Sync 1 DAGs
[2024-11-01T02:33:25.242+0000] {logging_mixin.py:149} INFO - [2024-11-01T02:33:25.242+0000] {dag.py:3490} INFO - Setting next_dagrun for my_dag to 2024-10-31T00:00:00+00:00, run_after=2024-11-01T00:00:00+00:00
[2024-11-01T02:33:25.251+0000] {processor.py:179} INFO - Processing /opt/airflow/dags/my_dag.py took 0.118 seconds
[2024-11-01T02:33:55.534+0000] {processor.py:157} INFO - Started process (PID=207) to work on /opt/airflow/dags/my_dag.py
[2024-11-01T02:33:55.535+0000] {processor.py:826} INFO - Processing file /opt/airflow/dags/my_dag.py for tasks to queue
[2024-11-01T02:33:55.535+0000] {logging_mixin.py:149} INFO - [2024-11-01T02:33:55.535+0000] {dagbag.py:541} INFO - Filling up the DagBag from /opt/airflow/dags/my_dag.py
[2024-11-01T02:33:55.545+0000] {processor.py:836} INFO - DAG(s) dict_keys(['my_dag']) retrieved from /opt/airflow/dags/my_dag.py
[2024-11-01T02:33:55.565+0000] {logging_mixin.py:149} INFO - [2024-11-01T02:33:55.565+0000] {dag.py:2726} INFO - Sync 1 DAGs
[2024-11-01T02:33:55.577+0000] {logging_mixin.py:149} INFO - [2024-11-01T02:33:55.577+0000] {dag.py:3490} INFO - Setting next_dagrun for my_dag to 2024-10-31T00:00:00+00:00, run_after=2024-11-01T00:00:00+00:00
[2024-11-01T02:33:55.585+0000] {processor.py:179} INFO - Processing /opt/airflow/dags/my_dag.py took 0.054 seconds
[2024-11-01T02:34:39.415+0000] {processor.py:157} INFO - Started process (PID=35) to work on /opt/airflow/dags/my_dag.py
[2024-11-01T02:34:39.416+0000] {processor.py:826} INFO - Processing file /opt/airflow/dags/my_dag.py for tasks to queue
[2024-11-01T02:34:39.416+0000] {logging_mixin.py:149} INFO - [2024-11-01T02:34:39.416+0000] {dagbag.py:541} INFO - Filling up the DagBag from /opt/airflow/dags/my_dag.py
[2024-11-01T02:34:39.428+0000] {processor.py:836} INFO - DAG(s) dict_keys(['my_dag']) retrieved from /opt/airflow/dags/my_dag.py
[2024-11-01T02:34:39.520+0000] {logging_mixin.py:149} INFO - [2024-11-01T02:34:39.520+0000] {dag.py:2726} INFO - Sync 1 DAGs
[2024-11-01T02:34:39.530+0000] {logging_mixin.py:149} INFO - [2024-11-01T02:34:39.530+0000] {dag.py:3490} INFO - Setting next_dagrun for my_dag to 2024-10-31T00:00:00+00:00, run_after=2024-11-01T00:00:00+00:00
[2024-11-01T02:34:39.538+0000] {processor.py:179} INFO - Processing /opt/airflow/dags/my_dag.py took 0.124 seconds
[2024-11-01T02:35:09.766+0000] {processor.py:157} INFO - Started process (PID=52) to work on /opt/airflow/dags/my_dag.py
[2024-11-01T02:35:09.767+0000] {processor.py:826} INFO - Processing file /opt/airflow/dags/my_dag.py for tasks to queue
[2024-11-01T02:35:09.767+0000] {logging_mixin.py:149} INFO - [2024-11-01T02:35:09.767+0000] {dagbag.py:541} INFO - Filling up the DagBag from /opt/airflow/dags/my_dag.py
[2024-11-01T02:35:09.778+0000] {processor.py:836} INFO - DAG(s) dict_keys(['my_dag']) retrieved from /opt/airflow/dags/my_dag.py
[2024-11-01T02:35:09.798+0000] {logging_mixin.py:149} INFO - [2024-11-01T02:35:09.797+0000] {dag.py:2726} INFO - Sync 1 DAGs
[2024-11-01T02:35:09.811+0000] {logging_mixin.py:149} INFO - [2024-11-01T02:35:09.811+0000] {dag.py:3490} INFO - Setting next_dagrun for my_dag to 2024-10-31T00:00:00+00:00, run_after=2024-11-01T00:00:00+00:00
[2024-11-01T02:35:09.819+0000] {processor.py:179} INFO - Processing /opt/airflow/dags/my_dag.py took 0.056 seconds
[2024-11-01T02:35:40.138+0000] {processor.py:157} INFO - Started process (PID=68) to work on /opt/airflow/dags/my_dag.py
[2024-11-01T02:35:40.139+0000] {processor.py:826} INFO - Processing file /opt/airflow/dags/my_dag.py for tasks to queue
[2024-11-01T02:35:40.139+0000] {logging_mixin.py:149} INFO - [2024-11-01T02:35:40.139+0000] {dagbag.py:541} INFO - Filling up the DagBag from /opt/airflow/dags/my_dag.py
[2024-11-01T02:35:40.149+0000] {processor.py:836} INFO - DAG(s) dict_keys(['my_dag']) retrieved from /opt/airflow/dags/my_dag.py
[2024-11-01T02:35:40.169+0000] {logging_mixin.py:149} INFO - [2024-11-01T02:35:40.169+0000] {dag.py:2726} INFO - Sync 1 DAGs
[2024-11-01T02:35:40.181+0000] {logging_mixin.py:149} INFO - [2024-11-01T02:35:40.181+0000] {dag.py:3490} INFO - Setting next_dagrun for my_dag to 2024-10-31T00:00:00+00:00, run_after=2024-11-01T00:00:00+00:00
[2024-11-01T02:35:40.189+0000] {processor.py:179} INFO - Processing /opt/airflow/dags/my_dag.py took 0.054 seconds
[2024-11-01T02:36:10.506+0000] {processor.py:157} INFO - Started process (PID=84) to work on /opt/airflow/dags/my_dag.py
[2024-11-01T02:36:10.506+0000] {processor.py:826} INFO - Processing file /opt/airflow/dags/my_dag.py for tasks to queue
[2024-11-01T02:36:10.507+0000] {logging_mixin.py:149} INFO - [2024-11-01T02:36:10.507+0000] {dagbag.py:541} INFO - Filling up the DagBag from /opt/airflow/dags/my_dag.py
[2024-11-01T02:36:10.518+0000] {processor.py:836} INFO - DAG(s) dict_keys(['my_dag']) retrieved from /opt/airflow/dags/my_dag.py
[2024-11-01T02:36:10.537+0000] {logging_mixin.py:149} INFO - [2024-11-01T02:36:10.537+0000] {dag.py:2726} INFO - Sync 1 DAGs
[2024-11-01T02:36:10.550+0000] {logging_mixin.py:149} INFO - [2024-11-01T02:36:10.550+0000] {dag.py:3490} INFO - Setting next_dagrun for my_dag to 2024-10-31T00:00:00+00:00, run_after=2024-11-01T00:00:00+00:00
[2024-11-01T02:36:10.557+0000] {processor.py:179} INFO - Processing /opt/airflow/dags/my_dag.py took 0.055 seconds
[2024-11-01T02:36:40.886+0000] {processor.py:157} INFO - Started process (PID=100) to work on /opt/airflow/dags/my_dag.py
[2024-11-01T02:36:40.887+0000] {processor.py:826} INFO - Processing file /opt/airflow/dags/my_dag.py for tasks to queue
[2024-11-01T02:36:40.887+0000] {logging_mixin.py:149} INFO - [2024-11-01T02:36:40.887+0000] {dagbag.py:541} INFO - Filling up the DagBag from /opt/airflow/dags/my_dag.py
[2024-11-01T02:36:40.895+0000] {processor.py:836} INFO - DAG(s) dict_keys(['my_dag']) retrieved from /opt/airflow/dags/my_dag.py
[2024-11-01T02:36:40.913+0000] {logging_mixin.py:149} INFO - [2024-11-01T02:36:40.913+0000] {dag.py:2726} INFO - Sync 1 DAGs
[2024-11-01T02:36:40.926+0000] {logging_mixin.py:149} INFO - [2024-11-01T02:36:40.926+0000] {dag.py:3490} INFO - Setting next_dagrun for my_dag to 2024-10-31T00:00:00+00:00, run_after=2024-11-01T00:00:00+00:00
[2024-11-01T02:36:40.935+0000] {processor.py:179} INFO - Processing /opt/airflow/dags/my_dag.py took 0.051 seconds
[2024-11-01T02:39:54.268+0000] {processor.py:157} INFO - Started process (PID=30) to work on /opt/airflow/dags/my_dag.py
[2024-11-01T02:39:54.269+0000] {processor.py:826} INFO - Processing file /opt/airflow/dags/my_dag.py for tasks to queue
[2024-11-01T02:39:54.269+0000] {logging_mixin.py:149} INFO - [2024-11-01T02:39:54.269+0000] {dagbag.py:541} INFO - Filling up the DagBag from /opt/airflow/dags/my_dag.py
[2024-11-01T02:39:54.280+0000] {processor.py:836} INFO - DAG(s) dict_keys(['my_dag']) retrieved from /opt/airflow/dags/my_dag.py
[2024-11-01T02:39:54.380+0000] {logging_mixin.py:149} INFO - [2024-11-01T02:39:54.380+0000] {manager.py:504} INFO - Created Permission View: can read on DAG:my_dag
[2024-11-01T02:39:54.385+0000] {logging_mixin.py:149} INFO - [2024-11-01T02:39:54.385+0000] {manager.py:504} INFO - Created Permission View: can edit on DAG:my_dag
[2024-11-01T02:39:54.388+0000] {logging_mixin.py:149} INFO - [2024-11-01T02:39:54.388+0000] {manager.py:504} INFO - Created Permission View: can delete on DAG:my_dag
[2024-11-01T02:39:54.397+0000] {logging_mixin.py:149} INFO - [2024-11-01T02:39:54.397+0000] {dag.py:2726} INFO - Sync 1 DAGs
[2024-11-01T02:39:54.403+0000] {logging_mixin.py:149} INFO - [2024-11-01T02:39:54.403+0000] {dag.py:2747} INFO - Creating ORM DAG for my_dag
[2024-11-01T02:39:54.409+0000] {logging_mixin.py:149} INFO - [2024-11-01T02:39:54.409+0000] {dag.py:3490} INFO - Setting next_dagrun for my_dag to 2024-10-31T00:00:00+00:00, run_after=2024-11-01T00:00:00+00:00
[2024-11-01T02:39:54.419+0000] {processor.py:179} INFO - Processing /opt/airflow/dags/my_dag.py took 0.153 seconds
[2024-11-01T02:40:24.537+0000] {processor.py:157} INFO - Started process (PID=47) to work on /opt/airflow/dags/my_dag.py
[2024-11-01T02:40:24.538+0000] {processor.py:826} INFO - Processing file /opt/airflow/dags/my_dag.py for tasks to queue
[2024-11-01T02:40:24.538+0000] {logging_mixin.py:149} INFO - [2024-11-01T02:40:24.538+0000] {dagbag.py:541} INFO - Filling up the DagBag from /opt/airflow/dags/my_dag.py
[2024-11-01T02:40:24.545+0000] {processor.py:836} INFO - DAG(s) dict_keys(['my_dag']) retrieved from /opt/airflow/dags/my_dag.py
[2024-11-01T02:40:24.562+0000] {logging_mixin.py:149} INFO - [2024-11-01T02:40:24.562+0000] {dag.py:2726} INFO - Sync 1 DAGs
[2024-11-01T02:40:24.575+0000] {logging_mixin.py:149} INFO - [2024-11-01T02:40:24.575+0000] {dag.py:3490} INFO - Setting next_dagrun for my_dag to 2024-10-31T00:00:00+00:00, run_after=2024-11-01T00:00:00+00:00
[2024-11-01T02:40:24.583+0000] {processor.py:179} INFO - Processing /opt/airflow/dags/my_dag.py took 0.048 seconds
[2024-11-01T02:40:54.853+0000] {processor.py:157} INFO - Started process (PID=63) to work on /opt/airflow/dags/my_dag.py
[2024-11-01T02:40:54.854+0000] {processor.py:826} INFO - Processing file /opt/airflow/dags/my_dag.py for tasks to queue
[2024-11-01T02:40:54.855+0000] {logging_mixin.py:149} INFO - [2024-11-01T02:40:54.855+0000] {dagbag.py:541} INFO - Filling up the DagBag from /opt/airflow/dags/my_dag.py
[2024-11-01T02:40:54.864+0000] {processor.py:836} INFO - DAG(s) dict_keys(['my_dag']) retrieved from /opt/airflow/dags/my_dag.py
[2024-11-01T02:40:54.883+0000] {logging_mixin.py:149} INFO - [2024-11-01T02:40:54.883+0000] {dag.py:2726} INFO - Sync 1 DAGs
[2024-11-01T02:40:54.896+0000] {logging_mixin.py:149} INFO - [2024-11-01T02:40:54.896+0000] {dag.py:3490} INFO - Setting next_dagrun for my_dag to 2024-10-31T00:00:00+00:00, run_after=2024-11-01T00:00:00+00:00
[2024-11-01T02:40:54.905+0000] {processor.py:179} INFO - Processing /opt/airflow/dags/my_dag.py took 0.054 seconds
[2024-11-01T02:41:25.172+0000] {processor.py:157} INFO - Started process (PID=79) to work on /opt/airflow/dags/my_dag.py
[2024-11-01T02:41:25.172+0000] {processor.py:826} INFO - Processing file /opt/airflow/dags/my_dag.py for tasks to queue
[2024-11-01T02:41:25.172+0000] {logging_mixin.py:149} INFO - [2024-11-01T02:41:25.172+0000] {dagbag.py:541} INFO - Filling up the DagBag from /opt/airflow/dags/my_dag.py
[2024-11-01T02:41:25.179+0000] {processor.py:836} INFO - DAG(s) dict_keys(['my_dag']) retrieved from /opt/airflow/dags/my_dag.py
[2024-11-01T02:41:25.194+0000] {logging_mixin.py:149} INFO - [2024-11-01T02:41:25.194+0000] {dag.py:2726} INFO - Sync 1 DAGs
[2024-11-01T02:41:25.207+0000] {logging_mixin.py:149} INFO - [2024-11-01T02:41:25.207+0000] {dag.py:3490} INFO - Setting next_dagrun for my_dag to 2024-10-31T00:00:00+00:00, run_after=2024-11-01T00:00:00+00:00
[2024-11-01T02:41:25.215+0000] {processor.py:179} INFO - Processing /opt/airflow/dags/my_dag.py took 0.045 seconds
[2024-11-01T02:41:55.588+0000] {processor.py:157} INFO - Started process (PID=95) to work on /opt/airflow/dags/my_dag.py
[2024-11-01T02:41:55.589+0000] {processor.py:826} INFO - Processing file /opt/airflow/dags/my_dag.py for tasks to queue
[2024-11-01T02:41:55.589+0000] {logging_mixin.py:149} INFO - [2024-11-01T02:41:55.589+0000] {dagbag.py:541} INFO - Filling up the DagBag from /opt/airflow/dags/my_dag.py
[2024-11-01T02:41:55.599+0000] {processor.py:836} INFO - DAG(s) dict_keys(['my_dag']) retrieved from /opt/airflow/dags/my_dag.py
[2024-11-01T02:41:55.620+0000] {logging_mixin.py:149} INFO - [2024-11-01T02:41:55.620+0000] {dag.py:2726} INFO - Sync 1 DAGs
[2024-11-01T02:41:55.635+0000] {logging_mixin.py:149} INFO - [2024-11-01T02:41:55.635+0000] {dag.py:3490} INFO - Setting next_dagrun for my_dag to 2024-10-31T00:00:00+00:00, run_after=2024-11-01T00:00:00+00:00
[2024-11-01T02:41:55.644+0000] {processor.py:179} INFO - Processing /opt/airflow/dags/my_dag.py took 0.060 seconds
[2024-11-01T02:42:25.954+0000] {processor.py:157} INFO - Started process (PID=111) to work on /opt/airflow/dags/my_dag.py
[2024-11-01T02:42:25.955+0000] {processor.py:826} INFO - Processing file /opt/airflow/dags/my_dag.py for tasks to queue
[2024-11-01T02:42:25.956+0000] {logging_mixin.py:149} INFO - [2024-11-01T02:42:25.956+0000] {dagbag.py:541} INFO - Filling up the DagBag from /opt/airflow/dags/my_dag.py
[2024-11-01T02:42:25.967+0000] {processor.py:836} INFO - DAG(s) dict_keys(['my_dag']) retrieved from /opt/airflow/dags/my_dag.py
[2024-11-01T02:42:25.992+0000] {logging_mixin.py:149} INFO - [2024-11-01T02:42:25.992+0000] {dag.py:2726} INFO - Sync 1 DAGs
[2024-11-01T02:42:26.006+0000] {logging_mixin.py:149} INFO - [2024-11-01T02:42:26.006+0000] {dag.py:3490} INFO - Setting next_dagrun for my_dag to 2024-10-31T00:00:00+00:00, run_after=2024-11-01T00:00:00+00:00
[2024-11-01T02:42:26.014+0000] {processor.py:179} INFO - Processing /opt/airflow/dags/my_dag.py took 0.063 seconds
[2024-11-01T02:42:56.315+0000] {processor.py:157} INFO - Started process (PID=127) to work on /opt/airflow/dags/my_dag.py
[2024-11-01T02:42:56.316+0000] {processor.py:826} INFO - Processing file /opt/airflow/dags/my_dag.py for tasks to queue
[2024-11-01T02:42:56.317+0000] {logging_mixin.py:149} INFO - [2024-11-01T02:42:56.317+0000] {dagbag.py:541} INFO - Filling up the DagBag from /opt/airflow/dags/my_dag.py
[2024-11-01T02:42:56.327+0000] {processor.py:836} INFO - DAG(s) dict_keys(['my_dag']) retrieved from /opt/airflow/dags/my_dag.py
[2024-11-01T02:42:56.347+0000] {logging_mixin.py:149} INFO - [2024-11-01T02:42:56.347+0000] {dag.py:2726} INFO - Sync 1 DAGs
[2024-11-01T02:42:56.362+0000] {logging_mixin.py:149} INFO - [2024-11-01T02:42:56.362+0000] {dag.py:3490} INFO - Setting next_dagrun for my_dag to 2024-10-31T00:00:00+00:00, run_after=2024-11-01T00:00:00+00:00
[2024-11-01T02:42:56.371+0000] {processor.py:179} INFO - Processing /opt/airflow/dags/my_dag.py took 0.059 seconds
[2024-11-01T02:43:26.693+0000] {processor.py:157} INFO - Started process (PID=143) to work on /opt/airflow/dags/my_dag.py
[2024-11-01T02:43:26.694+0000] {processor.py:826} INFO - Processing file /opt/airflow/dags/my_dag.py for tasks to queue
[2024-11-01T02:43:26.694+0000] {logging_mixin.py:149} INFO - [2024-11-01T02:43:26.694+0000] {dagbag.py:541} INFO - Filling up the DagBag from /opt/airflow/dags/my_dag.py
[2024-11-01T02:43:26.704+0000] {processor.py:836} INFO - DAG(s) dict_keys(['my_dag']) retrieved from /opt/airflow/dags/my_dag.py
[2024-11-01T02:43:26.722+0000] {logging_mixin.py:149} INFO - [2024-11-01T02:43:26.722+0000] {dag.py:2726} INFO - Sync 1 DAGs
[2024-11-01T02:43:26.735+0000] {logging_mixin.py:149} INFO - [2024-11-01T02:43:26.735+0000] {dag.py:3490} INFO - Setting next_dagrun for my_dag to 2024-10-31T00:00:00+00:00, run_after=2024-11-01T00:00:00+00:00
[2024-11-01T02:43:26.790+0000] {processor.py:179} INFO - Processing /opt/airflow/dags/my_dag.py took 0.100 seconds
[2024-11-01T02:43:57.119+0000] {processor.py:157} INFO - Started process (PID=159) to work on /opt/airflow/dags/my_dag.py
[2024-11-01T02:43:57.120+0000] {processor.py:826} INFO - Processing file /opt/airflow/dags/my_dag.py for tasks to queue
[2024-11-01T02:43:57.121+0000] {logging_mixin.py:149} INFO - [2024-11-01T02:43:57.120+0000] {dagbag.py:541} INFO - Filling up the DagBag from /opt/airflow/dags/my_dag.py
[2024-11-01T02:43:57.130+0000] {processor.py:836} INFO - DAG(s) dict_keys(['my_dag']) retrieved from /opt/airflow/dags/my_dag.py
[2024-11-01T02:43:57.151+0000] {logging_mixin.py:149} INFO - [2024-11-01T02:43:57.151+0000] {dag.py:2726} INFO - Sync 1 DAGs
[2024-11-01T02:43:57.220+0000] {logging_mixin.py:149} INFO - [2024-11-01T02:43:57.220+0000] {dag.py:3490} INFO - Setting next_dagrun for my_dag to 2024-10-31T00:00:00+00:00, run_after=2024-11-01T00:00:00+00:00
[2024-11-01T02:43:57.232+0000] {processor.py:179} INFO - Processing /opt/airflow/dags/my_dag.py took 0.116 seconds
[2024-11-01T02:51:41.446+0000] {processor.py:157} INFO - Started process (PID=29) to work on /opt/airflow/dags/my_dag.py
[2024-11-01T02:51:41.447+0000] {processor.py:826} INFO - Processing file /opt/airflow/dags/my_dag.py for tasks to queue
[2024-11-01T02:51:41.447+0000] {logging_mixin.py:149} INFO - [2024-11-01T02:51:41.447+0000] {dagbag.py:541} INFO - Filling up the DagBag from /opt/airflow/dags/my_dag.py
[2024-11-01T02:51:41.458+0000] {processor.py:836} INFO - DAG(s) dict_keys(['my_dag']) retrieved from /opt/airflow/dags/my_dag.py
[2024-11-01T02:51:41.594+0000] {logging_mixin.py:149} INFO - [2024-11-01T02:51:41.594+0000] {manager.py:504} INFO - Created Permission View: can delete on DAG:my_dag
[2024-11-01T02:51:41.599+0000] {logging_mixin.py:149} INFO - [2024-11-01T02:51:41.599+0000] {manager.py:504} INFO - Created Permission View: can read on DAG:my_dag
[2024-11-01T02:51:41.601+0000] {logging_mixin.py:149} INFO - [2024-11-01T02:51:41.601+0000] {manager.py:504} INFO - Created Permission View: can edit on DAG:my_dag
[2024-11-01T02:51:41.607+0000] {logging_mixin.py:149} INFO - [2024-11-01T02:51:41.607+0000] {dag.py:2726} INFO - Sync 1 DAGs
[2024-11-01T02:51:41.612+0000] {logging_mixin.py:149} INFO - [2024-11-01T02:51:41.612+0000] {dag.py:2747} INFO - Creating ORM DAG for my_dag
[2024-11-01T02:51:41.617+0000] {logging_mixin.py:149} INFO - [2024-11-01T02:51:41.617+0000] {dag.py:3490} INFO - Setting next_dagrun for my_dag to 2024-10-31T00:00:00+00:00, run_after=2024-11-01T00:00:00+00:00
[2024-11-01T02:51:41.623+0000] {processor.py:179} INFO - Processing /opt/airflow/dags/my_dag.py took 0.179 seconds
[2024-11-01T02:52:11.746+0000] {processor.py:157} INFO - Started process (PID=47) to work on /opt/airflow/dags/my_dag.py
[2024-11-01T02:52:11.747+0000] {processor.py:826} INFO - Processing file /opt/airflow/dags/my_dag.py for tasks to queue
[2024-11-01T02:52:11.747+0000] {logging_mixin.py:149} INFO - [2024-11-01T02:52:11.747+0000] {dagbag.py:541} INFO - Filling up the DagBag from /opt/airflow/dags/my_dag.py
[2024-11-01T02:52:11.756+0000] {processor.py:836} INFO - DAG(s) dict_keys(['my_dag']) retrieved from /opt/airflow/dags/my_dag.py
[2024-11-01T02:52:11.775+0000] {logging_mixin.py:149} INFO - [2024-11-01T02:52:11.775+0000] {dag.py:2726} INFO - Sync 1 DAGs
[2024-11-01T02:52:11.787+0000] {logging_mixin.py:149} INFO - [2024-11-01T02:52:11.787+0000] {dag.py:3490} INFO - Setting next_dagrun for my_dag to 2024-10-31T00:00:00+00:00, run_after=2024-11-01T00:00:00+00:00
[2024-11-01T02:52:11.795+0000] {processor.py:179} INFO - Processing /opt/airflow/dags/my_dag.py took 0.051 seconds
[2024-11-01T02:52:42.067+0000] {processor.py:157} INFO - Started process (PID=63) to work on /opt/airflow/dags/my_dag.py
[2024-11-01T02:52:42.067+0000] {processor.py:826} INFO - Processing file /opt/airflow/dags/my_dag.py for tasks to queue
[2024-11-01T02:52:42.068+0000] {logging_mixin.py:149} INFO - [2024-11-01T02:52:42.068+0000] {dagbag.py:541} INFO - Filling up the DagBag from /opt/airflow/dags/my_dag.py
[2024-11-01T02:52:42.077+0000] {processor.py:836} INFO - DAG(s) dict_keys(['my_dag']) retrieved from /opt/airflow/dags/my_dag.py
[2024-11-01T02:52:42.096+0000] {logging_mixin.py:149} INFO - [2024-11-01T02:52:42.096+0000] {dag.py:2726} INFO - Sync 1 DAGs
[2024-11-01T02:52:42.110+0000] {logging_mixin.py:149} INFO - [2024-11-01T02:52:42.110+0000] {dag.py:3490} INFO - Setting next_dagrun for my_dag to 2024-10-31T00:00:00+00:00, run_after=2024-11-01T00:00:00+00:00
[2024-11-01T02:52:42.121+0000] {processor.py:179} INFO - Processing /opt/airflow/dags/my_dag.py took 0.057 seconds
[2024-11-01T02:53:12.455+0000] {processor.py:157} INFO - Started process (PID=79) to work on /opt/airflow/dags/my_dag.py
[2024-11-01T02:53:12.455+0000] {processor.py:826} INFO - Processing file /opt/airflow/dags/my_dag.py for tasks to queue
[2024-11-01T02:53:12.456+0000] {logging_mixin.py:149} INFO - [2024-11-01T02:53:12.456+0000] {dagbag.py:541} INFO - Filling up the DagBag from /opt/airflow/dags/my_dag.py
[2024-11-01T02:53:12.465+0000] {processor.py:836} INFO - DAG(s) dict_keys(['my_dag']) retrieved from /opt/airflow/dags/my_dag.py
[2024-11-01T02:53:12.485+0000] {logging_mixin.py:149} INFO - [2024-11-01T02:53:12.485+0000] {dag.py:2726} INFO - Sync 1 DAGs
[2024-11-01T02:53:12.498+0000] {logging_mixin.py:149} INFO - [2024-11-01T02:53:12.498+0000] {dag.py:3490} INFO - Setting next_dagrun for my_dag to 2024-10-31T00:00:00+00:00, run_after=2024-11-01T00:00:00+00:00
[2024-11-01T02:53:12.506+0000] {processor.py:179} INFO - Processing /opt/airflow/dags/my_dag.py took 0.054 seconds
[2024-11-01T02:53:42.818+0000] {processor.py:157} INFO - Started process (PID=95) to work on /opt/airflow/dags/my_dag.py
[2024-11-01T02:53:42.819+0000] {processor.py:826} INFO - Processing file /opt/airflow/dags/my_dag.py for tasks to queue
[2024-11-01T02:53:42.820+0000] {logging_mixin.py:149} INFO - [2024-11-01T02:53:42.819+0000] {dagbag.py:541} INFO - Filling up the DagBag from /opt/airflow/dags/my_dag.py
[2024-11-01T02:53:42.829+0000] {processor.py:836} INFO - DAG(s) dict_keys(['my_dag']) retrieved from /opt/airflow/dags/my_dag.py
[2024-11-01T02:53:42.849+0000] {logging_mixin.py:149} INFO - [2024-11-01T02:53:42.848+0000] {dag.py:2726} INFO - Sync 1 DAGs
[2024-11-01T02:53:42.861+0000] {logging_mixin.py:149} INFO - [2024-11-01T02:53:42.861+0000] {dag.py:3490} INFO - Setting next_dagrun for my_dag to 2024-10-31T00:00:00+00:00, run_after=2024-11-01T00:00:00+00:00
[2024-11-01T02:53:42.870+0000] {processor.py:179} INFO - Processing /opt/airflow/dags/my_dag.py took 0.055 seconds
[2024-11-01T02:54:13.199+0000] {processor.py:157} INFO - Started process (PID=111) to work on /opt/airflow/dags/my_dag.py
[2024-11-01T02:54:13.199+0000] {processor.py:826} INFO - Processing file /opt/airflow/dags/my_dag.py for tasks to queue
[2024-11-01T02:54:13.200+0000] {logging_mixin.py:149} INFO - [2024-11-01T02:54:13.200+0000] {dagbag.py:541} INFO - Filling up the DagBag from /opt/airflow/dags/my_dag.py
[2024-11-01T02:54:13.211+0000] {processor.py:836} INFO - DAG(s) dict_keys(['my_dag']) retrieved from /opt/airflow/dags/my_dag.py
[2024-11-01T02:54:13.232+0000] {logging_mixin.py:149} INFO - [2024-11-01T02:54:13.232+0000] {dag.py:2726} INFO - Sync 1 DAGs
[2024-11-01T02:54:13.245+0000] {logging_mixin.py:149} INFO - [2024-11-01T02:54:13.245+0000] {dag.py:3490} INFO - Setting next_dagrun for my_dag to 2024-10-31T00:00:00+00:00, run_after=2024-11-01T00:00:00+00:00
[2024-11-01T02:54:13.253+0000] {processor.py:179} INFO - Processing /opt/airflow/dags/my_dag.py took 0.058 seconds
[2024-11-01T02:54:43.564+0000] {processor.py:157} INFO - Started process (PID=127) to work on /opt/airflow/dags/my_dag.py
[2024-11-01T02:54:43.565+0000] {processor.py:826} INFO - Processing file /opt/airflow/dags/my_dag.py for tasks to queue
[2024-11-01T02:54:43.566+0000] {logging_mixin.py:149} INFO - [2024-11-01T02:54:43.566+0000] {dagbag.py:541} INFO - Filling up the DagBag from /opt/airflow/dags/my_dag.py
[2024-11-01T02:54:43.577+0000] {processor.py:836} INFO - DAG(s) dict_keys(['my_dag']) retrieved from /opt/airflow/dags/my_dag.py
[2024-11-01T02:54:43.599+0000] {logging_mixin.py:149} INFO - [2024-11-01T02:54:43.599+0000] {dag.py:2726} INFO - Sync 1 DAGs
[2024-11-01T02:54:43.611+0000] {logging_mixin.py:149} INFO - [2024-11-01T02:54:43.611+0000] {dag.py:3490} INFO - Setting next_dagrun for my_dag to 2024-10-31T00:00:00+00:00, run_after=2024-11-01T00:00:00+00:00
[2024-11-01T02:54:43.619+0000] {processor.py:179} INFO - Processing /opt/airflow/dags/my_dag.py took 0.059 seconds
[2024-11-01T02:55:13.920+0000] {processor.py:157} INFO - Started process (PID=143) to work on /opt/airflow/dags/my_dag.py
[2024-11-01T02:55:13.921+0000] {processor.py:826} INFO - Processing file /opt/airflow/dags/my_dag.py for tasks to queue
[2024-11-01T02:55:13.922+0000] {logging_mixin.py:149} INFO - [2024-11-01T02:55:13.922+0000] {dagbag.py:541} INFO - Filling up the DagBag from /opt/airflow/dags/my_dag.py
[2024-11-01T02:55:13.933+0000] {processor.py:836} INFO - DAG(s) dict_keys(['my_dag']) retrieved from /opt/airflow/dags/my_dag.py
[2024-11-01T02:55:13.954+0000] {logging_mixin.py:149} INFO - [2024-11-01T02:55:13.954+0000] {dag.py:2726} INFO - Sync 1 DAGs
[2024-11-01T02:55:13.967+0000] {logging_mixin.py:149} INFO - [2024-11-01T02:55:13.967+0000] {dag.py:3490} INFO - Setting next_dagrun for my_dag to 2024-10-31T00:00:00+00:00, run_after=2024-11-01T00:00:00+00:00
[2024-11-01T02:55:14.027+0000] {processor.py:179} INFO - Processing /opt/airflow/dags/my_dag.py took 0.111 seconds
[2024-11-01T02:55:44.362+0000] {processor.py:157} INFO - Started process (PID=159) to work on /opt/airflow/dags/my_dag.py
[2024-11-01T02:55:44.362+0000] {processor.py:826} INFO - Processing file /opt/airflow/dags/my_dag.py for tasks to queue
[2024-11-01T02:55:44.363+0000] {logging_mixin.py:149} INFO - [2024-11-01T02:55:44.363+0000] {dagbag.py:541} INFO - Filling up the DagBag from /opt/airflow/dags/my_dag.py
[2024-11-01T02:55:44.372+0000] {processor.py:836} INFO - DAG(s) dict_keys(['my_dag']) retrieved from /opt/airflow/dags/my_dag.py
[2024-11-01T02:55:44.392+0000] {logging_mixin.py:149} INFO - [2024-11-01T02:55:44.392+0000] {dag.py:2726} INFO - Sync 1 DAGs
[2024-11-01T02:55:44.454+0000] {logging_mixin.py:149} INFO - [2024-11-01T02:55:44.453+0000] {dag.py:3490} INFO - Setting next_dagrun for my_dag to 2024-10-31T00:00:00+00:00, run_after=2024-11-01T00:00:00+00:00
[2024-11-01T02:55:44.461+0000] {processor.py:179} INFO - Processing /opt/airflow/dags/my_dag.py took 0.103 seconds
[2024-11-01T02:56:14.774+0000] {processor.py:157} INFO - Started process (PID=175) to work on /opt/airflow/dags/my_dag.py
[2024-11-01T02:56:14.775+0000] {processor.py:826} INFO - Processing file /opt/airflow/dags/my_dag.py for tasks to queue
[2024-11-01T02:56:14.775+0000] {logging_mixin.py:149} INFO - [2024-11-01T02:56:14.775+0000] {dagbag.py:541} INFO - Filling up the DagBag from /opt/airflow/dags/my_dag.py
[2024-11-01T02:56:14.785+0000] {processor.py:836} INFO - DAG(s) dict_keys(['my_dag']) retrieved from /opt/airflow/dags/my_dag.py
[2024-11-01T02:56:14.855+0000] {logging_mixin.py:149} INFO - [2024-11-01T02:56:14.855+0000] {dag.py:2726} INFO - Sync 1 DAGs
[2024-11-01T02:56:14.865+0000] {logging_mixin.py:149} INFO - [2024-11-01T02:56:14.865+0000] {dag.py:3490} INFO - Setting next_dagrun for my_dag to 2024-10-31T00:00:00+00:00, run_after=2024-11-01T00:00:00+00:00
[2024-11-01T02:56:14.872+0000] {processor.py:179} INFO - Processing /opt/airflow/dags/my_dag.py took 0.101 seconds
[2024-11-01T02:56:45.139+0000] {processor.py:157} INFO - Started process (PID=191) to work on /opt/airflow/dags/my_dag.py
[2024-11-01T02:56:45.140+0000] {processor.py:826} INFO - Processing file /opt/airflow/dags/my_dag.py for tasks to queue
[2024-11-01T02:56:45.141+0000] {logging_mixin.py:149} INFO - [2024-11-01T02:56:45.140+0000] {dagbag.py:541} INFO - Filling up the DagBag from /opt/airflow/dags/my_dag.py
[2024-11-01T02:56:45.151+0000] {processor.py:836} INFO - DAG(s) dict_keys(['my_dag']) retrieved from /opt/airflow/dags/my_dag.py
[2024-11-01T02:56:45.238+0000] {logging_mixin.py:149} INFO - [2024-11-01T02:56:45.238+0000] {dag.py:2726} INFO - Sync 1 DAGs
[2024-11-01T02:56:45.248+0000] {logging_mixin.py:149} INFO - [2024-11-01T02:56:45.248+0000] {dag.py:3490} INFO - Setting next_dagrun for my_dag to 2024-10-31T00:00:00+00:00, run_after=2024-11-01T00:00:00+00:00
[2024-11-01T02:56:45.256+0000] {processor.py:179} INFO - Processing /opt/airflow/dags/my_dag.py took 0.121 seconds
[2024-11-01T02:57:15.505+0000] {processor.py:157} INFO - Started process (PID=207) to work on /opt/airflow/dags/my_dag.py
[2024-11-01T02:57:15.506+0000] {processor.py:826} INFO - Processing file /opt/airflow/dags/my_dag.py for tasks to queue
[2024-11-01T02:57:15.506+0000] {logging_mixin.py:149} INFO - [2024-11-01T02:57:15.506+0000] {dagbag.py:541} INFO - Filling up the DagBag from /opt/airflow/dags/my_dag.py
[2024-11-01T02:57:15.515+0000] {processor.py:836} INFO - DAG(s) dict_keys(['my_dag']) retrieved from /opt/airflow/dags/my_dag.py
[2024-11-01T02:57:15.533+0000] {logging_mixin.py:149} INFO - [2024-11-01T02:57:15.533+0000] {dag.py:2726} INFO - Sync 1 DAGs
[2024-11-01T02:57:15.548+0000] {logging_mixin.py:149} INFO - [2024-11-01T02:57:15.548+0000] {dag.py:3490} INFO - Setting next_dagrun for my_dag to 2024-10-31T00:00:00+00:00, run_after=2024-11-01T00:00:00+00:00
[2024-11-01T02:57:15.556+0000] {processor.py:179} INFO - Processing /opt/airflow/dags/my_dag.py took 0.053 seconds
[2024-11-01T02:57:45.779+0000] {processor.py:157} INFO - Started process (PID=223) to work on /opt/airflow/dags/my_dag.py
[2024-11-01T02:57:45.780+0000] {processor.py:826} INFO - Processing file /opt/airflow/dags/my_dag.py for tasks to queue
[2024-11-01T02:57:45.780+0000] {logging_mixin.py:149} INFO - [2024-11-01T02:57:45.780+0000] {dagbag.py:541} INFO - Filling up the DagBag from /opt/airflow/dags/my_dag.py
[2024-11-01T02:57:45.787+0000] {processor.py:836} INFO - DAG(s) dict_keys(['my_dag']) retrieved from /opt/airflow/dags/my_dag.py
[2024-11-01T02:57:45.804+0000] {logging_mixin.py:149} INFO - [2024-11-01T02:57:45.804+0000] {dag.py:2726} INFO - Sync 1 DAGs
[2024-11-01T02:57:45.817+0000] {logging_mixin.py:149} INFO - [2024-11-01T02:57:45.817+0000] {dag.py:3490} INFO - Setting next_dagrun for my_dag to 2024-10-31T00:00:00+00:00, run_after=2024-11-01T00:00:00+00:00
[2024-11-01T02:57:45.825+0000] {processor.py:179} INFO - Processing /opt/airflow/dags/my_dag.py took 0.048 seconds
[2024-11-01T02:58:16.054+0000] {processor.py:157} INFO - Started process (PID=239) to work on /opt/airflow/dags/my_dag.py
[2024-11-01T02:58:16.055+0000] {processor.py:826} INFO - Processing file /opt/airflow/dags/my_dag.py for tasks to queue
[2024-11-01T02:58:16.056+0000] {logging_mixin.py:149} INFO - [2024-11-01T02:58:16.056+0000] {dagbag.py:541} INFO - Filling up the DagBag from /opt/airflow/dags/my_dag.py
[2024-11-01T02:58:16.066+0000] {processor.py:836} INFO - DAG(s) dict_keys(['my_dag']) retrieved from /opt/airflow/dags/my_dag.py
[2024-11-01T02:58:16.087+0000] {logging_mixin.py:149} INFO - [2024-11-01T02:58:16.087+0000] {dag.py:2726} INFO - Sync 1 DAGs
[2024-11-01T02:58:16.101+0000] {logging_mixin.py:149} INFO - [2024-11-01T02:58:16.101+0000] {dag.py:3490} INFO - Setting next_dagrun for my_dag to 2024-10-31T00:00:00+00:00, run_after=2024-11-01T00:00:00+00:00
[2024-11-01T02:58:16.110+0000] {processor.py:179} INFO - Processing /opt/airflow/dags/my_dag.py took 0.060 seconds
[2024-11-01T02:58:46.384+0000] {processor.py:157} INFO - Started process (PID=255) to work on /opt/airflow/dags/my_dag.py
[2024-11-01T02:58:46.384+0000] {processor.py:826} INFO - Processing file /opt/airflow/dags/my_dag.py for tasks to queue
[2024-11-01T02:58:46.385+0000] {logging_mixin.py:149} INFO - [2024-11-01T02:58:46.385+0000] {dagbag.py:541} INFO - Filling up the DagBag from /opt/airflow/dags/my_dag.py
[2024-11-01T02:58:46.396+0000] {processor.py:836} INFO - DAG(s) dict_keys(['my_dag']) retrieved from /opt/airflow/dags/my_dag.py
[2024-11-01T02:58:46.416+0000] {logging_mixin.py:149} INFO - [2024-11-01T02:58:46.415+0000] {dag.py:2726} INFO - Sync 1 DAGs
[2024-11-01T02:58:46.428+0000] {logging_mixin.py:149} INFO - [2024-11-01T02:58:46.428+0000] {dag.py:3490} INFO - Setting next_dagrun for my_dag to 2024-10-31T00:00:00+00:00, run_after=2024-11-01T00:00:00+00:00
[2024-11-01T02:58:46.436+0000] {processor.py:179} INFO - Processing /opt/airflow/dags/my_dag.py took 0.056 seconds
[2024-11-01T02:59:16.772+0000] {processor.py:157} INFO - Started process (PID=271) to work on /opt/airflow/dags/my_dag.py
[2024-11-01T02:59:16.773+0000] {processor.py:826} INFO - Processing file /opt/airflow/dags/my_dag.py for tasks to queue
[2024-11-01T02:59:16.774+0000] {logging_mixin.py:149} INFO - [2024-11-01T02:59:16.773+0000] {dagbag.py:541} INFO - Filling up the DagBag from /opt/airflow/dags/my_dag.py
[2024-11-01T02:59:16.785+0000] {processor.py:836} INFO - DAG(s) dict_keys(['my_dag']) retrieved from /opt/airflow/dags/my_dag.py
[2024-11-01T02:59:16.807+0000] {logging_mixin.py:149} INFO - [2024-11-01T02:59:16.807+0000] {dag.py:2726} INFO - Sync 1 DAGs
[2024-11-01T02:59:16.819+0000] {logging_mixin.py:149} INFO - [2024-11-01T02:59:16.819+0000] {dag.py:3490} INFO - Setting next_dagrun for my_dag to 2024-10-31T00:00:00+00:00, run_after=2024-11-01T00:00:00+00:00
[2024-11-01T02:59:16.828+0000] {processor.py:179} INFO - Processing /opt/airflow/dags/my_dag.py took 0.060 seconds
[2024-11-01T02:59:47.118+0000] {processor.py:157} INFO - Started process (PID=287) to work on /opt/airflow/dags/my_dag.py
[2024-11-01T02:59:47.119+0000] {processor.py:826} INFO - Processing file /opt/airflow/dags/my_dag.py for tasks to queue
[2024-11-01T02:59:47.120+0000] {logging_mixin.py:149} INFO - [2024-11-01T02:59:47.120+0000] {dagbag.py:541} INFO - Filling up the DagBag from /opt/airflow/dags/my_dag.py
[2024-11-01T02:59:47.133+0000] {processor.py:836} INFO - DAG(s) dict_keys(['my_dag']) retrieved from /opt/airflow/dags/my_dag.py
[2024-11-01T02:59:47.161+0000] {logging_mixin.py:149} INFO - [2024-11-01T02:59:47.161+0000] {dag.py:2726} INFO - Sync 1 DAGs
[2024-11-01T02:59:47.180+0000] {logging_mixin.py:149} INFO - [2024-11-01T02:59:47.180+0000] {dag.py:3490} INFO - Setting next_dagrun for my_dag to 2024-10-31T00:00:00+00:00, run_after=2024-11-01T00:00:00+00:00
[2024-11-01T02:59:47.191+0000] {processor.py:179} INFO - Processing /opt/airflow/dags/my_dag.py took 0.076 seconds
[2024-11-01T03:00:17.531+0000] {processor.py:157} INFO - Started process (PID=303) to work on /opt/airflow/dags/my_dag.py
[2024-11-01T03:00:17.532+0000] {processor.py:826} INFO - Processing file /opt/airflow/dags/my_dag.py for tasks to queue
[2024-11-01T03:00:17.533+0000] {logging_mixin.py:149} INFO - [2024-11-01T03:00:17.532+0000] {dagbag.py:541} INFO - Filling up the DagBag from /opt/airflow/dags/my_dag.py
[2024-11-01T03:00:17.544+0000] {processor.py:836} INFO - DAG(s) dict_keys(['my_dag']) retrieved from /opt/airflow/dags/my_dag.py
[2024-11-01T03:00:17.566+0000] {logging_mixin.py:149} INFO - [2024-11-01T03:00:17.566+0000] {dag.py:2726} INFO - Sync 1 DAGs
[2024-11-01T03:00:17.579+0000] {logging_mixin.py:149} INFO - [2024-11-01T03:00:17.579+0000] {dag.py:3490} INFO - Setting next_dagrun for my_dag to 2024-10-31T00:00:00+00:00, run_after=2024-11-01T00:00:00+00:00
[2024-11-01T03:00:17.587+0000] {processor.py:179} INFO - Processing /opt/airflow/dags/my_dag.py took 0.061 seconds
[2024-11-01T03:00:47.910+0000] {processor.py:157} INFO - Started process (PID=319) to work on /opt/airflow/dags/my_dag.py
[2024-11-01T03:00:47.911+0000] {processor.py:826} INFO - Processing file /opt/airflow/dags/my_dag.py for tasks to queue
[2024-11-01T03:00:47.912+0000] {logging_mixin.py:149} INFO - [2024-11-01T03:00:47.911+0000] {dagbag.py:541} INFO - Filling up the DagBag from /opt/airflow/dags/my_dag.py
[2024-11-01T03:00:47.923+0000] {processor.py:836} INFO - DAG(s) dict_keys(['my_dag']) retrieved from /opt/airflow/dags/my_dag.py
[2024-11-01T03:00:47.944+0000] {logging_mixin.py:149} INFO - [2024-11-01T03:00:47.944+0000] {dag.py:2726} INFO - Sync 1 DAGs
[2024-11-01T03:00:47.956+0000] {logging_mixin.py:149} INFO - [2024-11-01T03:00:47.956+0000] {dag.py:3490} INFO - Setting next_dagrun for my_dag to 2024-10-31T00:00:00+00:00, run_after=2024-11-01T00:00:00+00:00
[2024-11-01T03:00:47.965+0000] {processor.py:179} INFO - Processing /opt/airflow/dags/my_dag.py took 0.059 seconds
[2024-11-01T03:01:18.248+0000] {processor.py:157} INFO - Started process (PID=335) to work on /opt/airflow/dags/my_dag.py
[2024-11-01T03:01:18.249+0000] {processor.py:826} INFO - Processing file /opt/airflow/dags/my_dag.py for tasks to queue
[2024-11-01T03:01:18.250+0000] {logging_mixin.py:149} INFO - [2024-11-01T03:01:18.250+0000] {dagbag.py:541} INFO - Filling up the DagBag from /opt/airflow/dags/my_dag.py
[2024-11-01T03:01:18.263+0000] {processor.py:836} INFO - DAG(s) dict_keys(['my_dag']) retrieved from /opt/airflow/dags/my_dag.py
[2024-11-01T03:01:18.286+0000] {logging_mixin.py:149} INFO - [2024-11-01T03:01:18.286+0000] {dag.py:2726} INFO - Sync 1 DAGs
[2024-11-01T03:01:18.299+0000] {logging_mixin.py:149} INFO - [2024-11-01T03:01:18.299+0000] {dag.py:3490} INFO - Setting next_dagrun for my_dag to 2024-10-31T00:00:00+00:00, run_after=2024-11-01T00:00:00+00:00
[2024-11-01T03:01:18.307+0000] {processor.py:179} INFO - Processing /opt/airflow/dags/my_dag.py took 0.064 seconds
[2024-11-01T03:01:48.615+0000] {processor.py:157} INFO - Started process (PID=351) to work on /opt/airflow/dags/my_dag.py
[2024-11-01T03:01:48.616+0000] {processor.py:826} INFO - Processing file /opt/airflow/dags/my_dag.py for tasks to queue
[2024-11-01T03:01:48.616+0000] {logging_mixin.py:149} INFO - [2024-11-01T03:01:48.616+0000] {dagbag.py:541} INFO - Filling up the DagBag from /opt/airflow/dags/my_dag.py
[2024-11-01T03:01:48.628+0000] {processor.py:836} INFO - DAG(s) dict_keys(['my_dag']) retrieved from /opt/airflow/dags/my_dag.py
[2024-11-01T03:01:48.650+0000] {logging_mixin.py:149} INFO - [2024-11-01T03:01:48.650+0000] {dag.py:2726} INFO - Sync 1 DAGs
[2024-11-01T03:01:48.663+0000] {logging_mixin.py:149} INFO - [2024-11-01T03:01:48.663+0000] {dag.py:3490} INFO - Setting next_dagrun for my_dag to 2024-10-31T00:00:00+00:00, run_after=2024-11-01T00:00:00+00:00
[2024-11-01T03:01:48.671+0000] {processor.py:179} INFO - Processing /opt/airflow/dags/my_dag.py took 0.060 seconds
[2024-11-01T03:02:44.378+0000] {processor.py:157} INFO - Started process (PID=34) to work on /opt/airflow/dags/my_dag.py
[2024-11-01T03:02:44.379+0000] {processor.py:826} INFO - Processing file /opt/airflow/dags/my_dag.py for tasks to queue
[2024-11-01T03:02:44.379+0000] {logging_mixin.py:149} INFO - [2024-11-01T03:02:44.379+0000] {dagbag.py:541} INFO - Filling up the DagBag from /opt/airflow/dags/my_dag.py
[2024-11-01T03:02:44.391+0000] {processor.py:836} INFO - DAG(s) dict_keys(['my_dag']) retrieved from /opt/airflow/dags/my_dag.py
[2024-11-01T03:02:44.507+0000] {logging_mixin.py:149} INFO - [2024-11-01T03:02:44.507+0000] {dag.py:2726} INFO - Sync 1 DAGs
[2024-11-01T03:02:44.518+0000] {logging_mixin.py:149} INFO - [2024-11-01T03:02:44.518+0000] {dag.py:3490} INFO - Setting next_dagrun for my_dag to 2024-10-31T00:00:00+00:00, run_after=2024-11-01T00:00:00+00:00
[2024-11-01T03:02:44.530+0000] {processor.py:179} INFO - Processing /opt/airflow/dags/my_dag.py took 0.153 seconds
[2024-11-01T03:03:14.773+0000] {processor.py:157} INFO - Started process (PID=52) to work on /opt/airflow/dags/my_dag.py
[2024-11-01T03:03:14.775+0000] {processor.py:826} INFO - Processing file /opt/airflow/dags/my_dag.py for tasks to queue
[2024-11-01T03:03:14.776+0000] {logging_mixin.py:149} INFO - [2024-11-01T03:03:14.776+0000] {dagbag.py:541} INFO - Filling up the DagBag from /opt/airflow/dags/my_dag.py
[2024-11-01T03:03:14.786+0000] {processor.py:836} INFO - DAG(s) dict_keys(['my_dag']) retrieved from /opt/airflow/dags/my_dag.py
[2024-11-01T03:03:14.805+0000] {logging_mixin.py:149} INFO - [2024-11-01T03:03:14.804+0000] {dag.py:2726} INFO - Sync 1 DAGs
[2024-11-01T03:03:14.817+0000] {logging_mixin.py:149} INFO - [2024-11-01T03:03:14.817+0000] {dag.py:3490} INFO - Setting next_dagrun for my_dag to 2024-10-31T00:00:00+00:00, run_after=2024-11-01T00:00:00+00:00
[2024-11-01T03:03:14.825+0000] {processor.py:179} INFO - Processing /opt/airflow/dags/my_dag.py took 0.054 seconds
[2024-11-01T03:03:45.150+0000] {processor.py:157} INFO - Started process (PID=68) to work on /opt/airflow/dags/my_dag.py
[2024-11-01T03:03:45.150+0000] {processor.py:826} INFO - Processing file /opt/airflow/dags/my_dag.py for tasks to queue
[2024-11-01T03:03:45.151+0000] {logging_mixin.py:149} INFO - [2024-11-01T03:03:45.151+0000] {dagbag.py:541} INFO - Filling up the DagBag from /opt/airflow/dags/my_dag.py
[2024-11-01T03:03:45.159+0000] {processor.py:836} INFO - DAG(s) dict_keys(['my_dag']) retrieved from /opt/airflow/dags/my_dag.py
[2024-11-01T03:03:45.177+0000] {logging_mixin.py:149} INFO - [2024-11-01T03:03:45.177+0000] {dag.py:2726} INFO - Sync 1 DAGs
[2024-11-01T03:03:45.191+0000] {logging_mixin.py:149} INFO - [2024-11-01T03:03:45.191+0000] {dag.py:3490} INFO - Setting next_dagrun for my_dag to 2024-10-31T00:00:00+00:00, run_after=2024-11-01T00:00:00+00:00
[2024-11-01T03:03:45.201+0000] {processor.py:179} INFO - Processing /opt/airflow/dags/my_dag.py took 0.054 seconds
[2024-11-01T03:04:15.530+0000] {processor.py:157} INFO - Started process (PID=84) to work on /opt/airflow/dags/my_dag.py
[2024-11-01T03:04:15.531+0000] {processor.py:826} INFO - Processing file /opt/airflow/dags/my_dag.py for tasks to queue
[2024-11-01T03:04:15.532+0000] {logging_mixin.py:149} INFO - [2024-11-01T03:04:15.532+0000] {dagbag.py:541} INFO - Filling up the DagBag from /opt/airflow/dags/my_dag.py
[2024-11-01T03:04:15.543+0000] {processor.py:836} INFO - DAG(s) dict_keys(['my_dag']) retrieved from /opt/airflow/dags/my_dag.py
[2024-11-01T03:04:15.567+0000] {logging_mixin.py:149} INFO - [2024-11-01T03:04:15.567+0000] {dag.py:2726} INFO - Sync 1 DAGs
[2024-11-01T03:04:15.579+0000] {logging_mixin.py:149} INFO - [2024-11-01T03:04:15.579+0000] {dag.py:3490} INFO - Setting next_dagrun for my_dag to 2024-10-31T00:00:00+00:00, run_after=2024-11-01T00:00:00+00:00
[2024-11-01T03:04:15.587+0000] {processor.py:179} INFO - Processing /opt/airflow/dags/my_dag.py took 0.060 seconds
[2024-11-01T03:04:45.900+0000] {processor.py:157} INFO - Started process (PID=100) to work on /opt/airflow/dags/my_dag.py
[2024-11-01T03:04:45.901+0000] {processor.py:826} INFO - Processing file /opt/airflow/dags/my_dag.py for tasks to queue
[2024-11-01T03:04:45.901+0000] {logging_mixin.py:149} INFO - [2024-11-01T03:04:45.901+0000] {dagbag.py:541} INFO - Filling up the DagBag from /opt/airflow/dags/my_dag.py
[2024-11-01T03:04:45.908+0000] {processor.py:836} INFO - DAG(s) dict_keys(['my_dag']) retrieved from /opt/airflow/dags/my_dag.py
[2024-11-01T03:04:45.925+0000] {logging_mixin.py:149} INFO - [2024-11-01T03:04:45.925+0000] {dag.py:2726} INFO - Sync 1 DAGs
[2024-11-01T03:04:45.938+0000] {logging_mixin.py:149} INFO - [2024-11-01T03:04:45.938+0000] {dag.py:3490} INFO - Setting next_dagrun for my_dag to 2024-10-31T00:00:00+00:00, run_after=2024-11-01T00:00:00+00:00
[2024-11-01T03:04:45.947+0000] {processor.py:179} INFO - Processing /opt/airflow/dags/my_dag.py took 0.049 seconds
[2024-11-01T03:05:16.256+0000] {processor.py:157} INFO - Started process (PID=116) to work on /opt/airflow/dags/my_dag.py
[2024-11-01T03:05:16.257+0000] {processor.py:826} INFO - Processing file /opt/airflow/dags/my_dag.py for tasks to queue
[2024-11-01T03:05:16.257+0000] {logging_mixin.py:149} INFO - [2024-11-01T03:05:16.257+0000] {dagbag.py:541} INFO - Filling up the DagBag from /opt/airflow/dags/my_dag.py
[2024-11-01T03:05:16.267+0000] {processor.py:836} INFO - DAG(s) dict_keys(['my_dag']) retrieved from /opt/airflow/dags/my_dag.py
[2024-11-01T03:05:16.287+0000] {logging_mixin.py:149} INFO - [2024-11-01T03:05:16.287+0000] {dag.py:2726} INFO - Sync 1 DAGs
[2024-11-01T03:05:16.300+0000] {logging_mixin.py:149} INFO - [2024-11-01T03:05:16.300+0000] {dag.py:3490} INFO - Setting next_dagrun for my_dag to 2024-10-31T00:00:00+00:00, run_after=2024-11-01T00:00:00+00:00
[2024-11-01T03:05:16.308+0000] {processor.py:179} INFO - Processing /opt/airflow/dags/my_dag.py took 0.055 seconds
[2024-11-01T03:05:46.633+0000] {processor.py:157} INFO - Started process (PID=132) to work on /opt/airflow/dags/my_dag.py
[2024-11-01T03:05:46.634+0000] {processor.py:826} INFO - Processing file /opt/airflow/dags/my_dag.py for tasks to queue
[2024-11-01T03:05:46.634+0000] {logging_mixin.py:149} INFO - [2024-11-01T03:05:46.634+0000] {dagbag.py:541} INFO - Filling up the DagBag from /opt/airflow/dags/my_dag.py
[2024-11-01T03:05:46.641+0000] {processor.py:836} INFO - DAG(s) dict_keys(['my_dag']) retrieved from /opt/airflow/dags/my_dag.py
[2024-11-01T03:05:46.661+0000] {logging_mixin.py:149} INFO - [2024-11-01T03:05:46.661+0000] {dag.py:2726} INFO - Sync 1 DAGs
[2024-11-01T03:05:46.674+0000] {logging_mixin.py:149} INFO - [2024-11-01T03:05:46.674+0000] {dag.py:3490} INFO - Setting next_dagrun for my_dag to 2024-10-31T00:00:00+00:00, run_after=2024-11-01T00:00:00+00:00
[2024-11-01T03:05:46.683+0000] {processor.py:179} INFO - Processing /opt/airflow/dags/my_dag.py took 0.052 seconds
[2024-11-01T03:06:17.021+0000] {processor.py:157} INFO - Started process (PID=148) to work on /opt/airflow/dags/my_dag.py
[2024-11-01T03:06:17.022+0000] {processor.py:826} INFO - Processing file /opt/airflow/dags/my_dag.py for tasks to queue
[2024-11-01T03:06:17.022+0000] {logging_mixin.py:149} INFO - [2024-11-01T03:06:17.022+0000] {dagbag.py:541} INFO - Filling up the DagBag from /opt/airflow/dags/my_dag.py
[2024-11-01T03:06:17.034+0000] {processor.py:836} INFO - DAG(s) dict_keys(['my_dag']) retrieved from /opt/airflow/dags/my_dag.py
[2024-11-01T03:06:17.056+0000] {logging_mixin.py:149} INFO - [2024-11-01T03:06:17.056+0000] {dag.py:2726} INFO - Sync 1 DAGs
[2024-11-01T03:06:17.068+0000] {logging_mixin.py:149} INFO - [2024-11-01T03:06:17.068+0000] {dag.py:3490} INFO - Setting next_dagrun for my_dag to 2024-10-31T00:00:00+00:00, run_after=2024-11-01T00:00:00+00:00
[2024-11-01T03:06:17.077+0000] {processor.py:179} INFO - Processing /opt/airflow/dags/my_dag.py took 0.060 seconds
[2024-11-01T03:06:47.360+0000] {processor.py:157} INFO - Started process (PID=164) to work on /opt/airflow/dags/my_dag.py
[2024-11-01T03:06:47.360+0000] {processor.py:826} INFO - Processing file /opt/airflow/dags/my_dag.py for tasks to queue
[2024-11-01T03:06:47.361+0000] {logging_mixin.py:149} INFO - [2024-11-01T03:06:47.361+0000] {dagbag.py:541} INFO - Filling up the DagBag from /opt/airflow/dags/my_dag.py
[2024-11-01T03:06:47.371+0000] {processor.py:836} INFO - DAG(s) dict_keys(['my_dag']) retrieved from /opt/airflow/dags/my_dag.py
[2024-11-01T03:06:47.388+0000] {logging_mixin.py:149} INFO - [2024-11-01T03:06:47.388+0000] {dag.py:2726} INFO - Sync 1 DAGs
[2024-11-01T03:06:47.402+0000] {logging_mixin.py:149} INFO - [2024-11-01T03:06:47.401+0000] {dag.py:3490} INFO - Setting next_dagrun for my_dag to 2024-10-31T00:00:00+00:00, run_after=2024-11-01T00:00:00+00:00
[2024-11-01T03:06:47.410+0000] {processor.py:179} INFO - Processing /opt/airflow/dags/my_dag.py took 0.053 seconds
[2024-11-01T03:07:17.678+0000] {processor.py:157} INFO - Started process (PID=180) to work on /opt/airflow/dags/my_dag.py
[2024-11-01T03:07:17.679+0000] {processor.py:826} INFO - Processing file /opt/airflow/dags/my_dag.py for tasks to queue
[2024-11-01T03:07:17.679+0000] {logging_mixin.py:149} INFO - [2024-11-01T03:07:17.679+0000] {dagbag.py:541} INFO - Filling up the DagBag from /opt/airflow/dags/my_dag.py
[2024-11-01T03:07:17.691+0000] {processor.py:836} INFO - DAG(s) dict_keys(['my_dag']) retrieved from /opt/airflow/dags/my_dag.py
[2024-11-01T03:07:17.713+0000] {logging_mixin.py:149} INFO - [2024-11-01T03:07:17.713+0000] {dag.py:2726} INFO - Sync 1 DAGs
[2024-11-01T03:07:17.726+0000] {logging_mixin.py:149} INFO - [2024-11-01T03:07:17.726+0000] {dag.py:3490} INFO - Setting next_dagrun for my_dag to 2024-10-31T00:00:00+00:00, run_after=2024-11-01T00:00:00+00:00
[2024-11-01T03:07:17.734+0000] {processor.py:179} INFO - Processing /opt/airflow/dags/my_dag.py took 0.060 seconds
[2024-11-01T03:07:48.070+0000] {processor.py:157} INFO - Started process (PID=196) to work on /opt/airflow/dags/my_dag.py
[2024-11-01T03:07:48.071+0000] {processor.py:826} INFO - Processing file /opt/airflow/dags/my_dag.py for tasks to queue
[2024-11-01T03:07:48.071+0000] {logging_mixin.py:149} INFO - [2024-11-01T03:07:48.071+0000] {dagbag.py:541} INFO - Filling up the DagBag from /opt/airflow/dags/my_dag.py
[2024-11-01T03:07:48.083+0000] {processor.py:836} INFO - DAG(s) dict_keys(['my_dag']) retrieved from /opt/airflow/dags/my_dag.py
[2024-11-01T03:07:48.105+0000] {logging_mixin.py:149} INFO - [2024-11-01T03:07:48.105+0000] {dag.py:2726} INFO - Sync 1 DAGs
[2024-11-01T03:07:48.117+0000] {logging_mixin.py:149} INFO - [2024-11-01T03:07:48.117+0000] {dag.py:3490} INFO - Setting next_dagrun for my_dag to 2024-10-31T00:00:00+00:00, run_after=2024-11-01T00:00:00+00:00
[2024-11-01T03:07:48.126+0000] {processor.py:179} INFO - Processing /opt/airflow/dags/my_dag.py took 0.059 seconds
[2024-11-01T03:08:18.412+0000] {processor.py:157} INFO - Started process (PID=212) to work on /opt/airflow/dags/my_dag.py
[2024-11-01T03:08:18.413+0000] {processor.py:826} INFO - Processing file /opt/airflow/dags/my_dag.py for tasks to queue
[2024-11-01T03:08:18.413+0000] {logging_mixin.py:149} INFO - [2024-11-01T03:08:18.413+0000] {dagbag.py:541} INFO - Filling up the DagBag from /opt/airflow/dags/my_dag.py
[2024-11-01T03:08:18.420+0000] {processor.py:836} INFO - DAG(s) dict_keys(['my_dag']) retrieved from /opt/airflow/dags/my_dag.py
[2024-11-01T03:08:18.437+0000] {logging_mixin.py:149} INFO - [2024-11-01T03:08:18.437+0000] {dag.py:2726} INFO - Sync 1 DAGs
[2024-11-01T03:08:18.448+0000] {logging_mixin.py:149} INFO - [2024-11-01T03:08:18.448+0000] {dag.py:3490} INFO - Setting next_dagrun for my_dag to 2024-10-31T00:00:00+00:00, run_after=2024-11-01T00:00:00+00:00
[2024-11-01T03:08:18.456+0000] {processor.py:179} INFO - Processing /opt/airflow/dags/my_dag.py took 0.046 seconds
[2024-11-01T03:10:38.788+0000] {processor.py:157} INFO - Started process (PID=35) to work on /opt/airflow/dags/my_dag.py
[2024-11-01T03:10:38.788+0000] {processor.py:826} INFO - Processing file /opt/airflow/dags/my_dag.py for tasks to queue
[2024-11-01T03:10:38.789+0000] {logging_mixin.py:149} INFO - [2024-11-01T03:10:38.789+0000] {dagbag.py:541} INFO - Filling up the DagBag from /opt/airflow/dags/my_dag.py
[2024-11-01T03:10:38.802+0000] {processor.py:836} INFO - DAG(s) dict_keys(['my_dag']) retrieved from /opt/airflow/dags/my_dag.py
[2024-11-01T03:10:38.900+0000] {logging_mixin.py:149} INFO - [2024-11-01T03:10:38.900+0000] {dag.py:2726} INFO - Sync 1 DAGs
[2024-11-01T03:10:38.911+0000] {logging_mixin.py:149} INFO - [2024-11-01T03:10:38.911+0000] {dag.py:3490} INFO - Setting next_dagrun for my_dag to 2024-10-31T00:00:00+00:00, run_after=2024-11-01T00:00:00+00:00
[2024-11-01T03:10:38.919+0000] {processor.py:179} INFO - Processing /opt/airflow/dags/my_dag.py took 0.133 seconds
[2024-11-01T03:11:09.137+0000] {processor.py:157} INFO - Started process (PID=52) to work on /opt/airflow/dags/my_dag.py
[2024-11-01T03:11:09.137+0000] {processor.py:826} INFO - Processing file /opt/airflow/dags/my_dag.py for tasks to queue
[2024-11-01T03:11:09.138+0000] {logging_mixin.py:149} INFO - [2024-11-01T03:11:09.138+0000] {dagbag.py:541} INFO - Filling up the DagBag from /opt/airflow/dags/my_dag.py
[2024-11-01T03:11:09.143+0000] {processor.py:836} INFO - DAG(s) dict_keys(['my_dag']) retrieved from /opt/airflow/dags/my_dag.py
[2024-11-01T03:11:09.156+0000] {logging_mixin.py:149} INFO - [2024-11-01T03:11:09.156+0000] {dag.py:2726} INFO - Sync 1 DAGs
[2024-11-01T03:11:09.167+0000] {logging_mixin.py:149} INFO - [2024-11-01T03:11:09.167+0000] {dag.py:3490} INFO - Setting next_dagrun for my_dag to 2024-10-31T00:00:00+00:00, run_after=2024-11-01T00:00:00+00:00
[2024-11-01T03:11:09.175+0000] {processor.py:179} INFO - Processing /opt/airflow/dags/my_dag.py took 0.039 seconds
[2024-11-01T03:11:39.414+0000] {processor.py:157} INFO - Started process (PID=68) to work on /opt/airflow/dags/my_dag.py
[2024-11-01T03:11:39.415+0000] {processor.py:826} INFO - Processing file /opt/airflow/dags/my_dag.py for tasks to queue
[2024-11-01T03:11:39.415+0000] {logging_mixin.py:149} INFO - [2024-11-01T03:11:39.415+0000] {dagbag.py:541} INFO - Filling up the DagBag from /opt/airflow/dags/my_dag.py
[2024-11-01T03:11:39.421+0000] {processor.py:836} INFO - DAG(s) dict_keys(['my_dag']) retrieved from /opt/airflow/dags/my_dag.py
[2024-11-01T03:11:39.436+0000] {logging_mixin.py:149} INFO - [2024-11-01T03:11:39.436+0000] {dag.py:2726} INFO - Sync 1 DAGs
[2024-11-01T03:11:39.446+0000] {logging_mixin.py:149} INFO - [2024-11-01T03:11:39.446+0000] {dag.py:3490} INFO - Setting next_dagrun for my_dag to 2024-10-31T00:00:00+00:00, run_after=2024-11-01T00:00:00+00:00
[2024-11-01T03:11:39.454+0000] {processor.py:179} INFO - Processing /opt/airflow/dags/my_dag.py took 0.042 seconds
[2024-11-01T03:12:09.712+0000] {processor.py:157} INFO - Started process (PID=84) to work on /opt/airflow/dags/my_dag.py
[2024-11-01T03:12:09.713+0000] {processor.py:826} INFO - Processing file /opt/airflow/dags/my_dag.py for tasks to queue
[2024-11-01T03:12:09.713+0000] {logging_mixin.py:149} INFO - [2024-11-01T03:12:09.713+0000] {dagbag.py:541} INFO - Filling up the DagBag from /opt/airflow/dags/my_dag.py
[2024-11-01T03:12:09.720+0000] {processor.py:836} INFO - DAG(s) dict_keys(['my_dag']) retrieved from /opt/airflow/dags/my_dag.py
[2024-11-01T03:12:09.734+0000] {logging_mixin.py:149} INFO - [2024-11-01T03:12:09.734+0000] {dag.py:2726} INFO - Sync 1 DAGs
[2024-11-01T03:12:09.745+0000] {logging_mixin.py:149} INFO - [2024-11-01T03:12:09.745+0000] {dag.py:3490} INFO - Setting next_dagrun for my_dag to 2024-10-31T00:00:00+00:00, run_after=2024-11-01T00:00:00+00:00
[2024-11-01T03:12:09.753+0000] {processor.py:179} INFO - Processing /opt/airflow/dags/my_dag.py took 0.042 seconds
[2024-11-01T03:12:40.003+0000] {processor.py:157} INFO - Started process (PID=100) to work on /opt/airflow/dags/my_dag.py
[2024-11-01T03:12:40.003+0000] {processor.py:826} INFO - Processing file /opt/airflow/dags/my_dag.py for tasks to queue
[2024-11-01T03:12:40.003+0000] {logging_mixin.py:149} INFO - [2024-11-01T03:12:40.003+0000] {dagbag.py:541} INFO - Filling up the DagBag from /opt/airflow/dags/my_dag.py
[2024-11-01T03:12:40.009+0000] {processor.py:836} INFO - DAG(s) dict_keys(['my_dag']) retrieved from /opt/airflow/dags/my_dag.py
[2024-11-01T03:12:40.023+0000] {logging_mixin.py:149} INFO - [2024-11-01T03:12:40.023+0000] {dag.py:2726} INFO - Sync 1 DAGs
[2024-11-01T03:12:40.034+0000] {logging_mixin.py:149} INFO - [2024-11-01T03:12:40.034+0000] {dag.py:3490} INFO - Setting next_dagrun for my_dag to 2024-10-31T00:00:00+00:00, run_after=2024-11-01T00:00:00+00:00
[2024-11-01T03:12:40.042+0000] {processor.py:179} INFO - Processing /opt/airflow/dags/my_dag.py took 0.041 seconds
[2024-11-01T03:13:10.293+0000] {processor.py:157} INFO - Started process (PID=116) to work on /opt/airflow/dags/my_dag.py
[2024-11-01T03:13:10.293+0000] {processor.py:826} INFO - Processing file /opt/airflow/dags/my_dag.py for tasks to queue
[2024-11-01T03:13:10.294+0000] {logging_mixin.py:149} INFO - [2024-11-01T03:13:10.294+0000] {dagbag.py:541} INFO - Filling up the DagBag from /opt/airflow/dags/my_dag.py
[2024-11-01T03:13:10.299+0000] {processor.py:836} INFO - DAG(s) dict_keys(['my_dag']) retrieved from /opt/airflow/dags/my_dag.py
[2024-11-01T03:13:10.313+0000] {logging_mixin.py:149} INFO - [2024-11-01T03:13:10.313+0000] {dag.py:2726} INFO - Sync 1 DAGs
[2024-11-01T03:13:10.324+0000] {logging_mixin.py:149} INFO - [2024-11-01T03:13:10.324+0000] {dag.py:3490} INFO - Setting next_dagrun for my_dag to 2024-10-31T00:00:00+00:00, run_after=2024-11-01T00:00:00+00:00
[2024-11-01T03:13:10.332+0000] {processor.py:179} INFO - Processing /opt/airflow/dags/my_dag.py took 0.041 seconds
[2024-11-01T03:13:40.586+0000] {processor.py:157} INFO - Started process (PID=132) to work on /opt/airflow/dags/my_dag.py
[2024-11-01T03:13:40.586+0000] {processor.py:826} INFO - Processing file /opt/airflow/dags/my_dag.py for tasks to queue
[2024-11-01T03:13:40.586+0000] {logging_mixin.py:149} INFO - [2024-11-01T03:13:40.586+0000] {dagbag.py:541} INFO - Filling up the DagBag from /opt/airflow/dags/my_dag.py
[2024-11-01T03:13:40.592+0000] {processor.py:836} INFO - DAG(s) dict_keys(['my_dag']) retrieved from /opt/airflow/dags/my_dag.py
[2024-11-01T03:13:40.609+0000] {logging_mixin.py:149} INFO - [2024-11-01T03:13:40.609+0000] {dag.py:2726} INFO - Sync 1 DAGs
[2024-11-01T03:13:40.621+0000] {logging_mixin.py:149} INFO - [2024-11-01T03:13:40.621+0000] {dag.py:3490} INFO - Setting next_dagrun for my_dag to 2024-10-31T00:00:00+00:00, run_after=2024-11-01T00:00:00+00:00
[2024-11-01T03:13:40.629+0000] {processor.py:179} INFO - Processing /opt/airflow/dags/my_dag.py took 0.046 seconds
[2024-11-01T03:14:10.867+0000] {processor.py:157} INFO - Started process (PID=148) to work on /opt/airflow/dags/my_dag.py
[2024-11-01T03:14:10.868+0000] {processor.py:826} INFO - Processing file /opt/airflow/dags/my_dag.py for tasks to queue
[2024-11-01T03:14:10.868+0000] {logging_mixin.py:149} INFO - [2024-11-01T03:14:10.868+0000] {dagbag.py:541} INFO - Filling up the DagBag from /opt/airflow/dags/my_dag.py
[2024-11-01T03:14:10.875+0000] {processor.py:836} INFO - DAG(s) dict_keys(['my_dag']) retrieved from /opt/airflow/dags/my_dag.py
[2024-11-01T03:14:10.891+0000] {logging_mixin.py:149} INFO - [2024-11-01T03:14:10.891+0000] {dag.py:2726} INFO - Sync 1 DAGs
[2024-11-01T03:14:10.905+0000] {logging_mixin.py:149} INFO - [2024-11-01T03:14:10.905+0000] {dag.py:3490} INFO - Setting next_dagrun for my_dag to 2024-10-31T00:00:00+00:00, run_after=2024-11-01T00:00:00+00:00
[2024-11-01T03:14:10.916+0000] {processor.py:179} INFO - Processing /opt/airflow/dags/my_dag.py took 0.051 seconds
[2024-11-01T03:14:41.157+0000] {processor.py:157} INFO - Started process (PID=164) to work on /opt/airflow/dags/my_dag.py
[2024-11-01T03:14:41.157+0000] {processor.py:826} INFO - Processing file /opt/airflow/dags/my_dag.py for tasks to queue
[2024-11-01T03:14:41.158+0000] {logging_mixin.py:149} INFO - [2024-11-01T03:14:41.157+0000] {dagbag.py:541} INFO - Filling up the DagBag from /opt/airflow/dags/my_dag.py
[2024-11-01T03:14:41.165+0000] {processor.py:836} INFO - DAG(s) dict_keys(['my_dag']) retrieved from /opt/airflow/dags/my_dag.py
[2024-11-01T03:14:41.180+0000] {logging_mixin.py:149} INFO - [2024-11-01T03:14:41.180+0000] {dag.py:2726} INFO - Sync 1 DAGs
[2024-11-01T03:14:41.192+0000] {logging_mixin.py:149} INFO - [2024-11-01T03:14:41.192+0000] {dag.py:3490} INFO - Setting next_dagrun for my_dag to 2024-10-31T00:00:00+00:00, run_after=2024-11-01T00:00:00+00:00
[2024-11-01T03:14:41.202+0000] {processor.py:179} INFO - Processing /opt/airflow/dags/my_dag.py took 0.048 seconds
[2024-11-01T03:15:11.470+0000] {processor.py:157} INFO - Started process (PID=180) to work on /opt/airflow/dags/my_dag.py
[2024-11-01T03:15:11.471+0000] {processor.py:826} INFO - Processing file /opt/airflow/dags/my_dag.py for tasks to queue
[2024-11-01T03:15:11.471+0000] {logging_mixin.py:149} INFO - [2024-11-01T03:15:11.471+0000] {dagbag.py:541} INFO - Filling up the DagBag from /opt/airflow/dags/my_dag.py
[2024-11-01T03:15:11.478+0000] {processor.py:836} INFO - DAG(s) dict_keys(['my_dag']) retrieved from /opt/airflow/dags/my_dag.py
[2024-11-01T03:15:11.494+0000] {logging_mixin.py:149} INFO - [2024-11-01T03:15:11.494+0000] {dag.py:2726} INFO - Sync 1 DAGs
[2024-11-01T03:15:11.506+0000] {logging_mixin.py:149} INFO - [2024-11-01T03:15:11.506+0000] {dag.py:3490} INFO - Setting next_dagrun for my_dag to 2024-10-31T00:00:00+00:00, run_after=2024-11-01T00:00:00+00:00
[2024-11-01T03:15:11.515+0000] {processor.py:179} INFO - Processing /opt/airflow/dags/my_dag.py took 0.047 seconds
[2024-11-01T03:15:41.733+0000] {processor.py:157} INFO - Started process (PID=196) to work on /opt/airflow/dags/my_dag.py
[2024-11-01T03:15:41.734+0000] {processor.py:826} INFO - Processing file /opt/airflow/dags/my_dag.py for tasks to queue
[2024-11-01T03:15:41.734+0000] {logging_mixin.py:149} INFO - [2024-11-01T03:15:41.734+0000] {dagbag.py:541} INFO - Filling up the DagBag from /opt/airflow/dags/my_dag.py
[2024-11-01T03:15:41.741+0000] {processor.py:836} INFO - DAG(s) dict_keys(['my_dag']) retrieved from /opt/airflow/dags/my_dag.py
[2024-11-01T03:15:41.757+0000] {logging_mixin.py:149} INFO - [2024-11-01T03:15:41.757+0000] {dag.py:2726} INFO - Sync 1 DAGs
[2024-11-01T03:15:41.769+0000] {logging_mixin.py:149} INFO - [2024-11-01T03:15:41.769+0000] {dag.py:3490} INFO - Setting next_dagrun for my_dag to 2024-10-31T00:00:00+00:00, run_after=2024-11-01T00:00:00+00:00
[2024-11-01T03:15:41.777+0000] {processor.py:179} INFO - Processing /opt/airflow/dags/my_dag.py took 0.047 seconds
[2024-11-01T03:16:12.024+0000] {processor.py:157} INFO - Started process (PID=212) to work on /opt/airflow/dags/my_dag.py
[2024-11-01T03:16:12.025+0000] {processor.py:826} INFO - Processing file /opt/airflow/dags/my_dag.py for tasks to queue
[2024-11-01T03:16:12.025+0000] {logging_mixin.py:149} INFO - [2024-11-01T03:16:12.025+0000] {dagbag.py:541} INFO - Filling up the DagBag from /opt/airflow/dags/my_dag.py
[2024-11-01T03:16:12.033+0000] {processor.py:836} INFO - DAG(s) dict_keys(['my_dag']) retrieved from /opt/airflow/dags/my_dag.py
[2024-11-01T03:16:12.049+0000] {logging_mixin.py:149} INFO - [2024-11-01T03:16:12.049+0000] {dag.py:2726} INFO - Sync 1 DAGs
[2024-11-01T03:16:12.061+0000] {logging_mixin.py:149} INFO - [2024-11-01T03:16:12.061+0000] {dag.py:3490} INFO - Setting next_dagrun for my_dag to 2024-10-31T00:00:00+00:00, run_after=2024-11-01T00:00:00+00:00
[2024-11-01T03:16:12.069+0000] {processor.py:179} INFO - Processing /opt/airflow/dags/my_dag.py took 0.047 seconds
[2024-11-01T03:16:42.294+0000] {processor.py:157} INFO - Started process (PID=228) to work on /opt/airflow/dags/my_dag.py
[2024-11-01T03:16:42.295+0000] {processor.py:826} INFO - Processing file /opt/airflow/dags/my_dag.py for tasks to queue
[2024-11-01T03:16:42.295+0000] {logging_mixin.py:149} INFO - [2024-11-01T03:16:42.295+0000] {dagbag.py:541} INFO - Filling up the DagBag from /opt/airflow/dags/my_dag.py
[2024-11-01T03:16:42.302+0000] {processor.py:836} INFO - DAG(s) dict_keys(['my_dag']) retrieved from /opt/airflow/dags/my_dag.py
[2024-11-01T03:16:42.316+0000] {logging_mixin.py:149} INFO - [2024-11-01T03:16:42.316+0000] {dag.py:2726} INFO - Sync 1 DAGs
[2024-11-01T03:16:42.328+0000] {logging_mixin.py:149} INFO - [2024-11-01T03:16:42.328+0000] {dag.py:3490} INFO - Setting next_dagrun for my_dag to 2024-10-31T00:00:00+00:00, run_after=2024-11-01T00:00:00+00:00
[2024-11-01T03:16:42.337+0000] {processor.py:179} INFO - Processing /opt/airflow/dags/my_dag.py took 0.046 seconds
[2024-11-01T03:17:12.572+0000] {processor.py:157} INFO - Started process (PID=244) to work on /opt/airflow/dags/my_dag.py
[2024-11-01T03:17:12.573+0000] {processor.py:826} INFO - Processing file /opt/airflow/dags/my_dag.py for tasks to queue
[2024-11-01T03:17:12.573+0000] {logging_mixin.py:149} INFO - [2024-11-01T03:17:12.573+0000] {dagbag.py:541} INFO - Filling up the DagBag from /opt/airflow/dags/my_dag.py
[2024-11-01T03:17:12.580+0000] {processor.py:836} INFO - DAG(s) dict_keys(['my_dag']) retrieved from /opt/airflow/dags/my_dag.py
[2024-11-01T03:17:12.595+0000] {logging_mixin.py:149} INFO - [2024-11-01T03:17:12.595+0000] {dag.py:2726} INFO - Sync 1 DAGs
[2024-11-01T03:17:12.610+0000] {logging_mixin.py:149} INFO - [2024-11-01T03:17:12.609+0000] {dag.py:3490} INFO - Setting next_dagrun for my_dag to 2024-10-31T00:00:00+00:00, run_after=2024-11-01T00:00:00+00:00
[2024-11-01T03:17:12.618+0000] {processor.py:179} INFO - Processing /opt/airflow/dags/my_dag.py took 0.049 seconds
[2024-11-01T03:17:42.799+0000] {processor.py:157} INFO - Started process (PID=260) to work on /opt/airflow/dags/my_dag.py
[2024-11-01T03:17:42.799+0000] {processor.py:826} INFO - Processing file /opt/airflow/dags/my_dag.py for tasks to queue
[2024-11-01T03:17:42.800+0000] {logging_mixin.py:149} INFO - [2024-11-01T03:17:42.800+0000] {dagbag.py:541} INFO - Filling up the DagBag from /opt/airflow/dags/my_dag.py
[2024-11-01T03:17:42.806+0000] {processor.py:836} INFO - DAG(s) dict_keys(['my_dag']) retrieved from /opt/airflow/dags/my_dag.py
[2024-11-01T03:17:42.821+0000] {logging_mixin.py:149} INFO - [2024-11-01T03:17:42.821+0000] {dag.py:2726} INFO - Sync 1 DAGs
[2024-11-01T03:17:42.831+0000] {logging_mixin.py:149} INFO - [2024-11-01T03:17:42.831+0000] {dag.py:3490} INFO - Setting next_dagrun for my_dag to 2024-10-31T00:00:00+00:00, run_after=2024-11-01T00:00:00+00:00
[2024-11-01T03:17:42.838+0000] {processor.py:179} INFO - Processing /opt/airflow/dags/my_dag.py took 0.042 seconds
[2024-11-01T03:18:13.038+0000] {processor.py:157} INFO - Started process (PID=276) to work on /opt/airflow/dags/my_dag.py
[2024-11-01T03:18:13.039+0000] {processor.py:826} INFO - Processing file /opt/airflow/dags/my_dag.py for tasks to queue
[2024-11-01T03:18:13.040+0000] {logging_mixin.py:149} INFO - [2024-11-01T03:18:13.040+0000] {dagbag.py:541} INFO - Filling up the DagBag from /opt/airflow/dags/my_dag.py
[2024-11-01T03:18:13.047+0000] {processor.py:836} INFO - DAG(s) dict_keys(['my_dag']) retrieved from /opt/airflow/dags/my_dag.py
[2024-11-01T03:18:13.053+0000] {logging_mixin.py:149} INFO - [2024-11-01T03:18:13.053+0000] {dag.py:2726} INFO - Sync 1 DAGs
[2024-11-01T03:18:13.067+0000] {logging_mixin.py:149} INFO - [2024-11-01T03:18:13.067+0000] {dag.py:3490} INFO - Setting next_dagrun for my_dag to 2024-10-31T00:00:00+00:00, run_after=2024-11-01T00:00:00+00:00
[2024-11-01T03:18:13.077+0000] {processor.py:179} INFO - Processing /opt/airflow/dags/my_dag.py took 0.041 seconds
[2024-11-01T03:18:43.266+0000] {processor.py:157} INFO - Started process (PID=292) to work on /opt/airflow/dags/my_dag.py
[2024-11-01T03:18:43.267+0000] {processor.py:826} INFO - Processing file /opt/airflow/dags/my_dag.py for tasks to queue
[2024-11-01T03:18:43.268+0000] {logging_mixin.py:149} INFO - [2024-11-01T03:18:43.267+0000] {dagbag.py:541} INFO - Filling up the DagBag from /opt/airflow/dags/my_dag.py
[2024-11-01T03:18:43.275+0000] {processor.py:836} INFO - DAG(s) dict_keys(['my_dag']) retrieved from /opt/airflow/dags/my_dag.py
[2024-11-01T03:18:43.291+0000] {logging_mixin.py:149} INFO - [2024-11-01T03:18:43.291+0000] {dag.py:2726} INFO - Sync 1 DAGs
[2024-11-01T03:18:43.304+0000] {logging_mixin.py:149} INFO - [2024-11-01T03:18:43.304+0000] {dag.py:3490} INFO - Setting next_dagrun for my_dag to 2024-10-31T00:00:00+00:00, run_after=2024-11-01T00:00:00+00:00
[2024-11-01T03:18:43.313+0000] {processor.py:179} INFO - Processing /opt/airflow/dags/my_dag.py took 0.049 seconds
[2024-11-01T03:19:13.529+0000] {processor.py:157} INFO - Started process (PID=308) to work on /opt/airflow/dags/my_dag.py
[2024-11-01T03:19:13.529+0000] {processor.py:826} INFO - Processing file /opt/airflow/dags/my_dag.py for tasks to queue
[2024-11-01T03:19:13.530+0000] {logging_mixin.py:149} INFO - [2024-11-01T03:19:13.530+0000] {dagbag.py:541} INFO - Filling up the DagBag from /opt/airflow/dags/my_dag.py
[2024-11-01T03:19:13.537+0000] {processor.py:836} INFO - DAG(s) dict_keys(['my_dag']) retrieved from /opt/airflow/dags/my_dag.py
[2024-11-01T03:19:13.553+0000] {logging_mixin.py:149} INFO - [2024-11-01T03:19:13.553+0000] {dag.py:2726} INFO - Sync 1 DAGs
[2024-11-01T03:19:13.568+0000] {logging_mixin.py:149} INFO - [2024-11-01T03:19:13.567+0000] {dag.py:3490} INFO - Setting next_dagrun for my_dag to 2024-10-31T00:00:00+00:00, run_after=2024-11-01T00:00:00+00:00
[2024-11-01T03:19:13.576+0000] {processor.py:179} INFO - Processing /opt/airflow/dags/my_dag.py took 0.050 seconds
[2024-11-01T03:19:43.774+0000] {processor.py:157} INFO - Started process (PID=324) to work on /opt/airflow/dags/my_dag.py
[2024-11-01T03:19:43.774+0000] {processor.py:826} INFO - Processing file /opt/airflow/dags/my_dag.py for tasks to queue
[2024-11-01T03:19:43.775+0000] {logging_mixin.py:149} INFO - [2024-11-01T03:19:43.775+0000] {dagbag.py:541} INFO - Filling up the DagBag from /opt/airflow/dags/my_dag.py
[2024-11-01T03:19:43.781+0000] {processor.py:836} INFO - DAG(s) dict_keys(['my_dag']) retrieved from /opt/airflow/dags/my_dag.py
[2024-11-01T03:19:43.796+0000] {logging_mixin.py:149} INFO - [2024-11-01T03:19:43.796+0000] {dag.py:2726} INFO - Sync 1 DAGs
[2024-11-01T03:19:43.807+0000] {logging_mixin.py:149} INFO - [2024-11-01T03:19:43.807+0000] {dag.py:3490} INFO - Setting next_dagrun for my_dag to 2024-10-31T00:00:00+00:00, run_after=2024-11-01T00:00:00+00:00
[2024-11-01T03:19:43.814+0000] {processor.py:179} INFO - Processing /opt/airflow/dags/my_dag.py took 0.042 seconds
[2024-11-01T03:20:14.009+0000] {processor.py:157} INFO - Started process (PID=340) to work on /opt/airflow/dags/my_dag.py
[2024-11-01T03:20:14.010+0000] {processor.py:826} INFO - Processing file /opt/airflow/dags/my_dag.py for tasks to queue
[2024-11-01T03:20:14.010+0000] {logging_mixin.py:149} INFO - [2024-11-01T03:20:14.010+0000] {dagbag.py:541} INFO - Filling up the DagBag from /opt/airflow/dags/my_dag.py
[2024-11-01T03:20:14.017+0000] {processor.py:836} INFO - DAG(s) dict_keys(['my_dag']) retrieved from /opt/airflow/dags/my_dag.py
[2024-11-01T03:20:14.032+0000] {logging_mixin.py:149} INFO - [2024-11-01T03:20:14.032+0000] {dag.py:2726} INFO - Sync 1 DAGs
[2024-11-01T03:20:14.044+0000] {logging_mixin.py:149} INFO - [2024-11-01T03:20:14.044+0000] {dag.py:3490} INFO - Setting next_dagrun for my_dag to 2024-10-31T00:00:00+00:00, run_after=2024-11-01T00:00:00+00:00
[2024-11-01T03:20:14.052+0000] {processor.py:179} INFO - Processing /opt/airflow/dags/my_dag.py took 0.046 seconds
[2024-11-01T03:20:44.253+0000] {processor.py:157} INFO - Started process (PID=356) to work on /opt/airflow/dags/my_dag.py
[2024-11-01T03:20:44.253+0000] {processor.py:826} INFO - Processing file /opt/airflow/dags/my_dag.py for tasks to queue
[2024-11-01T03:20:44.254+0000] {logging_mixin.py:149} INFO - [2024-11-01T03:20:44.254+0000] {dagbag.py:541} INFO - Filling up the DagBag from /opt/airflow/dags/my_dag.py
[2024-11-01T03:20:44.261+0000] {processor.py:836} INFO - DAG(s) dict_keys(['my_dag']) retrieved from /opt/airflow/dags/my_dag.py
[2024-11-01T03:20:44.277+0000] {logging_mixin.py:149} INFO - [2024-11-01T03:20:44.277+0000] {dag.py:2726} INFO - Sync 1 DAGs
[2024-11-01T03:20:44.290+0000] {logging_mixin.py:149} INFO - [2024-11-01T03:20:44.290+0000] {dag.py:3490} INFO - Setting next_dagrun for my_dag to 2024-10-31T00:00:00+00:00, run_after=2024-11-01T00:00:00+00:00
[2024-11-01T03:20:44.300+0000] {processor.py:179} INFO - Processing /opt/airflow/dags/my_dag.py took 0.048 seconds
[2024-11-01T03:21:14.501+0000] {processor.py:157} INFO - Started process (PID=372) to work on /opt/airflow/dags/my_dag.py
[2024-11-01T03:21:14.502+0000] {processor.py:826} INFO - Processing file /opt/airflow/dags/my_dag.py for tasks to queue
[2024-11-01T03:21:14.502+0000] {logging_mixin.py:149} INFO - [2024-11-01T03:21:14.502+0000] {dagbag.py:541} INFO - Filling up the DagBag from /opt/airflow/dags/my_dag.py
[2024-11-01T03:21:14.509+0000] {processor.py:836} INFO - DAG(s) dict_keys(['my_dag']) retrieved from /opt/airflow/dags/my_dag.py
[2024-11-01T03:21:14.525+0000] {logging_mixin.py:149} INFO - [2024-11-01T03:21:14.525+0000] {dag.py:2726} INFO - Sync 1 DAGs
[2024-11-01T03:21:14.537+0000] {logging_mixin.py:149} INFO - [2024-11-01T03:21:14.537+0000] {dag.py:3490} INFO - Setting next_dagrun for my_dag to 2024-10-31T00:00:00+00:00, run_after=2024-11-01T00:00:00+00:00
[2024-11-01T03:21:14.545+0000] {processor.py:179} INFO - Processing /opt/airflow/dags/my_dag.py took 0.047 seconds
[2024-11-01T03:21:44.732+0000] {processor.py:157} INFO - Started process (PID=388) to work on /opt/airflow/dags/my_dag.py
[2024-11-01T03:21:44.733+0000] {processor.py:826} INFO - Processing file /opt/airflow/dags/my_dag.py for tasks to queue
[2024-11-01T03:21:44.733+0000] {logging_mixin.py:149} INFO - [2024-11-01T03:21:44.733+0000] {dagbag.py:541} INFO - Filling up the DagBag from /opt/airflow/dags/my_dag.py
[2024-11-01T03:21:44.740+0000] {processor.py:836} INFO - DAG(s) dict_keys(['my_dag']) retrieved from /opt/airflow/dags/my_dag.py
[2024-11-01T03:21:44.756+0000] {logging_mixin.py:149} INFO - [2024-11-01T03:21:44.756+0000] {dag.py:2726} INFO - Sync 1 DAGs
[2024-11-01T03:21:44.771+0000] {logging_mixin.py:149} INFO - [2024-11-01T03:21:44.770+0000] {dag.py:3490} INFO - Setting next_dagrun for my_dag to 2024-10-31T00:00:00+00:00, run_after=2024-11-01T00:00:00+00:00
[2024-11-01T03:21:44.779+0000] {processor.py:179} INFO - Processing /opt/airflow/dags/my_dag.py took 0.048 seconds
