[2024-11-01T01:26:10.754+0000] {processor.py:186} INFO - Started process (PID=44) to work on /opt/airflow/dags/surf_pj_dag.py
[2024-11-01T01:26:10.754+0000] {processor.py:914} INFO - Processing file /opt/airflow/dags/surf_pj_dag.py for tasks to queue
[2024-11-01T01:26:10.756+0000] {logging_mixin.py:190} INFO - [2024-11-01T01:26:10.756+0000] {dagbag.py:588} INFO - Filling up the DagBag from /opt/airflow/dags/surf_pj_dag.py
[2024-11-01T01:26:10.767+0000] {logging_mixin.py:190} INFO - [2024-11-01T01:26:10.765+0000] {dagbag.py:387} ERROR - Failed to import: /opt/airflow/dags/surf_pj_dag.py
Traceback (most recent call last):
  File "/home/airflow/.local/lib/python3.12/site-packages/airflow/models/dagbag.py", line 383, in parse
    loader.exec_module(new_module)
  File "<frozen importlib._bootstrap_external>", line 995, in exec_module
  File "<frozen importlib._bootstrap>", line 488, in _call_with_frames_removed
  File "/opt/airflow/dags/surf_pj_dag.py", line 5, in <module>
    import pysurfline
ModuleNotFoundError: No module named 'pysurfline'
[2024-11-01T01:26:10.768+0000] {processor.py:927} WARNING - No viable dags retrieved from /opt/airflow/dags/surf_pj_dag.py
[2024-11-01T01:26:10.785+0000] {processor.py:208} INFO - Processing /opt/airflow/dags/surf_pj_dag.py took 0.035 seconds
[2024-11-01T01:26:41.680+0000] {processor.py:186} INFO - Started process (PID=108) to work on /opt/airflow/dags/surf_pj_dag.py
[2024-11-01T01:26:41.681+0000] {processor.py:914} INFO - Processing file /opt/airflow/dags/surf_pj_dag.py for tasks to queue
[2024-11-01T01:26:41.683+0000] {logging_mixin.py:190} INFO - [2024-11-01T01:26:41.683+0000] {dagbag.py:588} INFO - Filling up the DagBag from /opt/airflow/dags/surf_pj_dag.py
[2024-11-01T01:26:41.689+0000] {logging_mixin.py:190} INFO - [2024-11-01T01:26:41.688+0000] {dagbag.py:387} ERROR - Failed to import: /opt/airflow/dags/surf_pj_dag.py
Traceback (most recent call last):
  File "/home/airflow/.local/lib/python3.12/site-packages/airflow/models/dagbag.py", line 383, in parse
    loader.exec_module(new_module)
  File "<frozen importlib._bootstrap_external>", line 995, in exec_module
  File "<frozen importlib._bootstrap>", line 488, in _call_with_frames_removed
  File "/opt/airflow/dags/surf_pj_dag.py", line 5, in <module>
    import pysurfline
ModuleNotFoundError: No module named 'pysurfline'
[2024-11-01T01:26:41.690+0000] {processor.py:927} WARNING - No viable dags retrieved from /opt/airflow/dags/surf_pj_dag.py
[2024-11-01T01:26:41.701+0000] {processor.py:208} INFO - Processing /opt/airflow/dags/surf_pj_dag.py took 0.025 seconds
[2024-11-01T01:27:12.477+0000] {processor.py:186} INFO - Started process (PID=178) to work on /opt/airflow/dags/surf_pj_dag.py
[2024-11-01T01:27:12.478+0000] {processor.py:914} INFO - Processing file /opt/airflow/dags/surf_pj_dag.py for tasks to queue
[2024-11-01T01:27:12.480+0000] {logging_mixin.py:190} INFO - [2024-11-01T01:27:12.479+0000] {dagbag.py:588} INFO - Filling up the DagBag from /opt/airflow/dags/surf_pj_dag.py
[2024-11-01T01:27:12.488+0000] {logging_mixin.py:190} INFO - [2024-11-01T01:27:12.486+0000] {dagbag.py:387} ERROR - Failed to import: /opt/airflow/dags/surf_pj_dag.py
Traceback (most recent call last):
  File "/home/airflow/.local/lib/python3.12/site-packages/airflow/models/dagbag.py", line 383, in parse
    loader.exec_module(new_module)
  File "<frozen importlib._bootstrap_external>", line 995, in exec_module
  File "<frozen importlib._bootstrap>", line 488, in _call_with_frames_removed
  File "/opt/airflow/dags/surf_pj_dag.py", line 5, in <module>
    import pysurfline
ModuleNotFoundError: No module named 'pysurfline'
[2024-11-01T01:27:12.488+0000] {processor.py:927} WARNING - No viable dags retrieved from /opt/airflow/dags/surf_pj_dag.py
[2024-11-01T01:27:12.497+0000] {processor.py:208} INFO - Processing /opt/airflow/dags/surf_pj_dag.py took 0.025 seconds
[2024-11-01T01:27:43.282+0000] {processor.py:186} INFO - Started process (PID=242) to work on /opt/airflow/dags/surf_pj_dag.py
[2024-11-01T01:27:43.283+0000] {processor.py:914} INFO - Processing file /opt/airflow/dags/surf_pj_dag.py for tasks to queue
[2024-11-01T01:27:43.285+0000] {logging_mixin.py:190} INFO - [2024-11-01T01:27:43.285+0000] {dagbag.py:588} INFO - Filling up the DagBag from /opt/airflow/dags/surf_pj_dag.py
[2024-11-01T01:27:43.292+0000] {logging_mixin.py:190} INFO - [2024-11-01T01:27:43.290+0000] {dagbag.py:387} ERROR - Failed to import: /opt/airflow/dags/surf_pj_dag.py
Traceback (most recent call last):
  File "/home/airflow/.local/lib/python3.12/site-packages/airflow/models/dagbag.py", line 383, in parse
    loader.exec_module(new_module)
  File "<frozen importlib._bootstrap_external>", line 995, in exec_module
  File "<frozen importlib._bootstrap>", line 488, in _call_with_frames_removed
  File "/opt/airflow/dags/surf_pj_dag.py", line 5, in <module>
    import pysurfline
ModuleNotFoundError: No module named 'pysurfline'
[2024-11-01T01:27:43.292+0000] {processor.py:927} WARNING - No viable dags retrieved from /opt/airflow/dags/surf_pj_dag.py
[2024-11-01T01:27:43.304+0000] {processor.py:208} INFO - Processing /opt/airflow/dags/surf_pj_dag.py took 0.025 seconds
[2024-11-01T01:28:14.174+0000] {processor.py:186} INFO - Started process (PID=305) to work on /opt/airflow/dags/surf_pj_dag.py
[2024-11-01T01:28:14.175+0000] {processor.py:914} INFO - Processing file /opt/airflow/dags/surf_pj_dag.py for tasks to queue
[2024-11-01T01:28:14.177+0000] {logging_mixin.py:190} INFO - [2024-11-01T01:28:14.177+0000] {dagbag.py:588} INFO - Filling up the DagBag from /opt/airflow/dags/surf_pj_dag.py
[2024-11-01T01:28:14.183+0000] {logging_mixin.py:190} INFO - [2024-11-01T01:28:14.183+0000] {dagbag.py:387} ERROR - Failed to import: /opt/airflow/dags/surf_pj_dag.py
Traceback (most recent call last):
  File "/home/airflow/.local/lib/python3.12/site-packages/airflow/models/dagbag.py", line 383, in parse
    loader.exec_module(new_module)
  File "<frozen importlib._bootstrap_external>", line 995, in exec_module
  File "<frozen importlib._bootstrap>", line 488, in _call_with_frames_removed
  File "/opt/airflow/dags/surf_pj_dag.py", line 5, in <module>
    import pysurfline
ModuleNotFoundError: No module named 'pysurfline'
[2024-11-01T01:28:14.184+0000] {processor.py:927} WARNING - No viable dags retrieved from /opt/airflow/dags/surf_pj_dag.py
[2024-11-01T01:28:14.194+0000] {processor.py:208} INFO - Processing /opt/airflow/dags/surf_pj_dag.py took 0.026 seconds
[2024-11-01T01:28:45.022+0000] {processor.py:186} INFO - Started process (PID=369) to work on /opt/airflow/dags/surf_pj_dag.py
[2024-11-01T01:28:45.024+0000] {processor.py:914} INFO - Processing file /opt/airflow/dags/surf_pj_dag.py for tasks to queue
[2024-11-01T01:28:45.025+0000] {logging_mixin.py:190} INFO - [2024-11-01T01:28:45.025+0000] {dagbag.py:588} INFO - Filling up the DagBag from /opt/airflow/dags/surf_pj_dag.py
[2024-11-01T01:28:45.034+0000] {logging_mixin.py:190} INFO - [2024-11-01T01:28:45.033+0000] {dagbag.py:387} ERROR - Failed to import: /opt/airflow/dags/surf_pj_dag.py
Traceback (most recent call last):
  File "/home/airflow/.local/lib/python3.12/site-packages/airflow/models/dagbag.py", line 383, in parse
    loader.exec_module(new_module)
  File "<frozen importlib._bootstrap_external>", line 995, in exec_module
  File "<frozen importlib._bootstrap>", line 488, in _call_with_frames_removed
  File "/opt/airflow/dags/surf_pj_dag.py", line 5, in <module>
    import pysurfline
ModuleNotFoundError: No module named 'pysurfline'
[2024-11-01T01:28:45.034+0000] {processor.py:927} WARNING - No viable dags retrieved from /opt/airflow/dags/surf_pj_dag.py
[2024-11-01T01:28:45.047+0000] {processor.py:208} INFO - Processing /opt/airflow/dags/surf_pj_dag.py took 0.030 seconds
[2024-11-01T01:29:15.800+0000] {processor.py:186} INFO - Started process (PID=433) to work on /opt/airflow/dags/surf_pj_dag.py
[2024-11-01T01:29:15.801+0000] {processor.py:914} INFO - Processing file /opt/airflow/dags/surf_pj_dag.py for tasks to queue
[2024-11-01T01:29:15.802+0000] {logging_mixin.py:190} INFO - [2024-11-01T01:29:15.802+0000] {dagbag.py:588} INFO - Filling up the DagBag from /opt/airflow/dags/surf_pj_dag.py
[2024-11-01T01:29:15.806+0000] {logging_mixin.py:190} INFO - [2024-11-01T01:29:15.805+0000] {dagbag.py:387} ERROR - Failed to import: /opt/airflow/dags/surf_pj_dag.py
Traceback (most recent call last):
  File "/home/airflow/.local/lib/python3.12/site-packages/airflow/models/dagbag.py", line 383, in parse
    loader.exec_module(new_module)
  File "<frozen importlib._bootstrap_external>", line 995, in exec_module
  File "<frozen importlib._bootstrap>", line 488, in _call_with_frames_removed
  File "/opt/airflow/dags/surf_pj_dag.py", line 5, in <module>
    import pysurfline
ModuleNotFoundError: No module named 'pysurfline'
[2024-11-01T01:29:15.808+0000] {processor.py:927} WARNING - No viable dags retrieved from /opt/airflow/dags/surf_pj_dag.py
[2024-11-01T01:29:15.819+0000] {processor.py:208} INFO - Processing /opt/airflow/dags/surf_pj_dag.py took 0.023 seconds
[2024-11-01T02:28:21.663+0000] {processor.py:157} INFO - Started process (PID=28) to work on /opt/airflow/dags/surf_pj_dag.py
[2024-11-01T02:28:21.664+0000] {processor.py:826} INFO - Processing file /opt/airflow/dags/surf_pj_dag.py for tasks to queue
[2024-11-01T02:28:21.665+0000] {logging_mixin.py:149} INFO - [2024-11-01T02:28:21.664+0000] {dagbag.py:541} INFO - Filling up the DagBag from /opt/airflow/dags/surf_pj_dag.py
[2024-11-01T02:28:22.384+0000] {logging_mixin.py:149} INFO - [2024-11-01T02:28:22.383+0000] {font_manager.py:1443} INFO - generated new fontManager
[2024-11-01T02:28:22.698+0000] {processor.py:836} INFO - DAG(s) dict_keys(['surf_dag']) retrieved from /opt/airflow/dags/surf_pj_dag.py
[2024-11-01T02:28:22.739+0000] {logging_mixin.py:149} INFO - [2024-11-01T02:28:22.739+0000] {manager.py:504} INFO - Created Permission View: can delete on DAG:surf_dag
[2024-11-01T02:28:22.743+0000] {logging_mixin.py:149} INFO - [2024-11-01T02:28:22.743+0000] {manager.py:504} INFO - Created Permission View: can read on DAG:surf_dag
[2024-11-01T02:28:22.745+0000] {logging_mixin.py:149} INFO - [2024-11-01T02:28:22.745+0000] {manager.py:504} INFO - Created Permission View: can edit on DAG:surf_dag
[2024-11-01T02:28:22.750+0000] {logging_mixin.py:149} INFO - [2024-11-01T02:28:22.750+0000] {dag.py:2726} INFO - Sync 1 DAGs
[2024-11-01T02:28:22.754+0000] {logging_mixin.py:149} INFO - [2024-11-01T02:28:22.754+0000] {dag.py:2747} INFO - Creating ORM DAG for surf_dag
[2024-11-01T02:28:22.758+0000] {logging_mixin.py:149} INFO - [2024-11-01T02:28:22.758+0000] {dag.py:3490} INFO - Setting next_dagrun for surf_dag to 2024-10-31T02:28:22.758335+00:00, run_after=2024-11-01T02:28:22.758335+00:00
[2024-11-01T02:28:22.764+0000] {processor.py:179} INFO - Processing /opt/airflow/dags/surf_pj_dag.py took 1.102 seconds
[2024-11-01T02:28:52.938+0000] {processor.py:157} INFO - Started process (PID=48) to work on /opt/airflow/dags/surf_pj_dag.py
[2024-11-01T02:28:52.939+0000] {processor.py:826} INFO - Processing file /opt/airflow/dags/surf_pj_dag.py for tasks to queue
[2024-11-01T02:28:52.939+0000] {logging_mixin.py:149} INFO - [2024-11-01T02:28:52.939+0000] {dagbag.py:541} INFO - Filling up the DagBag from /opt/airflow/dags/surf_pj_dag.py
[2024-11-01T02:28:53.471+0000] {processor.py:836} INFO - DAG(s) dict_keys(['surf_dag']) retrieved from /opt/airflow/dags/surf_pj_dag.py
[2024-11-01T02:28:53.483+0000] {logging_mixin.py:149} INFO - [2024-11-01T02:28:53.483+0000] {dag.py:2726} INFO - Sync 1 DAGs
[2024-11-01T02:28:53.493+0000] {logging_mixin.py:149} INFO - [2024-11-01T02:28:53.493+0000] {dag.py:3490} INFO - Setting next_dagrun for surf_dag to 2024-10-31T02:28:53.493197+00:00, run_after=2024-11-01T02:28:53.493197+00:00
[2024-11-01T02:28:53.499+0000] {processor.py:179} INFO - Processing /opt/airflow/dags/surf_pj_dag.py took 0.564 seconds
[2024-11-01T02:29:24.230+0000] {processor.py:157} INFO - Started process (PID=64) to work on /opt/airflow/dags/surf_pj_dag.py
[2024-11-01T02:29:24.231+0000] {processor.py:826} INFO - Processing file /opt/airflow/dags/surf_pj_dag.py for tasks to queue
[2024-11-01T02:29:24.231+0000] {logging_mixin.py:149} INFO - [2024-11-01T02:29:24.231+0000] {dagbag.py:541} INFO - Filling up the DagBag from /opt/airflow/dags/surf_pj_dag.py
[2024-11-01T02:29:24.775+0000] {processor.py:836} INFO - DAG(s) dict_keys(['surf_dag']) retrieved from /opt/airflow/dags/surf_pj_dag.py
[2024-11-01T02:29:24.786+0000] {logging_mixin.py:149} INFO - [2024-11-01T02:29:24.786+0000] {dag.py:2726} INFO - Sync 1 DAGs
[2024-11-01T02:29:24.795+0000] {logging_mixin.py:149} INFO - [2024-11-01T02:29:24.795+0000] {dag.py:3490} INFO - Setting next_dagrun for surf_dag to 2024-10-31T02:29:24.795438+00:00, run_after=2024-11-01T02:29:24.795438+00:00
[2024-11-01T02:29:24.803+0000] {processor.py:179} INFO - Processing /opt/airflow/dags/surf_pj_dag.py took 0.574 seconds
[2024-11-01T02:29:55.517+0000] {processor.py:157} INFO - Started process (PID=80) to work on /opt/airflow/dags/surf_pj_dag.py
[2024-11-01T02:29:55.518+0000] {processor.py:826} INFO - Processing file /opt/airflow/dags/surf_pj_dag.py for tasks to queue
[2024-11-01T02:29:55.518+0000] {logging_mixin.py:149} INFO - [2024-11-01T02:29:55.518+0000] {dagbag.py:541} INFO - Filling up the DagBag from /opt/airflow/dags/surf_pj_dag.py
[2024-11-01T02:29:56.016+0000] {processor.py:836} INFO - DAG(s) dict_keys(['surf_dag']) retrieved from /opt/airflow/dags/surf_pj_dag.py
[2024-11-01T02:29:56.027+0000] {logging_mixin.py:149} INFO - [2024-11-01T02:29:56.026+0000] {dag.py:2726} INFO - Sync 1 DAGs
[2024-11-01T02:29:56.036+0000] {logging_mixin.py:149} INFO - [2024-11-01T02:29:56.036+0000] {dag.py:3490} INFO - Setting next_dagrun for surf_dag to 2024-10-31T02:29:56.036531+00:00, run_after=2024-11-01T02:29:56.036531+00:00
[2024-11-01T02:29:56.044+0000] {processor.py:179} INFO - Processing /opt/airflow/dags/surf_pj_dag.py took 0.529 seconds
[2024-11-01T02:30:26.841+0000] {processor.py:157} INFO - Started process (PID=96) to work on /opt/airflow/dags/surf_pj_dag.py
[2024-11-01T02:30:26.841+0000] {processor.py:826} INFO - Processing file /opt/airflow/dags/surf_pj_dag.py for tasks to queue
[2024-11-01T02:30:26.842+0000] {logging_mixin.py:149} INFO - [2024-11-01T02:30:26.842+0000] {dagbag.py:541} INFO - Filling up the DagBag from /opt/airflow/dags/surf_pj_dag.py
[2024-11-01T02:30:27.314+0000] {processor.py:836} INFO - DAG(s) dict_keys(['surf_dag']) retrieved from /opt/airflow/dags/surf_pj_dag.py
[2024-11-01T02:30:27.324+0000] {logging_mixin.py:149} INFO - [2024-11-01T02:30:27.324+0000] {dag.py:2726} INFO - Sync 1 DAGs
[2024-11-01T02:30:27.333+0000] {logging_mixin.py:149} INFO - [2024-11-01T02:30:27.333+0000] {dag.py:3490} INFO - Setting next_dagrun for surf_dag to 2024-10-31T02:30:27.333160+00:00, run_after=2024-11-01T02:30:27.333160+00:00
[2024-11-01T02:30:27.340+0000] {processor.py:179} INFO - Processing /opt/airflow/dags/surf_pj_dag.py took 0.501 seconds
[2024-11-01T02:30:58.201+0000] {processor.py:157} INFO - Started process (PID=112) to work on /opt/airflow/dags/surf_pj_dag.py
[2024-11-01T02:30:58.202+0000] {processor.py:826} INFO - Processing file /opt/airflow/dags/surf_pj_dag.py for tasks to queue
[2024-11-01T02:30:58.203+0000] {logging_mixin.py:149} INFO - [2024-11-01T02:30:58.203+0000] {dagbag.py:541} INFO - Filling up the DagBag from /opt/airflow/dags/surf_pj_dag.py
[2024-11-01T02:30:58.688+0000] {processor.py:836} INFO - DAG(s) dict_keys(['surf_dag']) retrieved from /opt/airflow/dags/surf_pj_dag.py
[2024-11-01T02:30:58.698+0000] {logging_mixin.py:149} INFO - [2024-11-01T02:30:58.698+0000] {dag.py:2726} INFO - Sync 1 DAGs
[2024-11-01T02:30:58.706+0000] {logging_mixin.py:149} INFO - [2024-11-01T02:30:58.706+0000] {dag.py:3490} INFO - Setting next_dagrun for surf_dag to 2024-10-31T02:30:58.706807+00:00, run_after=2024-11-01T02:30:58.706807+00:00
[2024-11-01T02:30:58.713+0000] {processor.py:179} INFO - Processing /opt/airflow/dags/surf_pj_dag.py took 0.516 seconds
[2024-11-01T02:31:29.561+0000] {processor.py:157} INFO - Started process (PID=128) to work on /opt/airflow/dags/surf_pj_dag.py
[2024-11-01T02:31:29.562+0000] {processor.py:826} INFO - Processing file /opt/airflow/dags/surf_pj_dag.py for tasks to queue
[2024-11-01T02:31:29.563+0000] {logging_mixin.py:149} INFO - [2024-11-01T02:31:29.562+0000] {dagbag.py:541} INFO - Filling up the DagBag from /opt/airflow/dags/surf_pj_dag.py
[2024-11-01T02:31:30.044+0000] {processor.py:836} INFO - DAG(s) dict_keys(['surf_dag']) retrieved from /opt/airflow/dags/surf_pj_dag.py
[2024-11-01T02:31:30.054+0000] {logging_mixin.py:149} INFO - [2024-11-01T02:31:30.054+0000] {dag.py:2726} INFO - Sync 1 DAGs
[2024-11-01T02:31:30.063+0000] {logging_mixin.py:149} INFO - [2024-11-01T02:31:30.063+0000] {dag.py:3490} INFO - Setting next_dagrun for surf_dag to 2024-10-31T02:31:30.063136+00:00, run_after=2024-11-01T02:31:30.063136+00:00
[2024-11-01T02:31:30.070+0000] {processor.py:179} INFO - Processing /opt/airflow/dags/surf_pj_dag.py took 0.512 seconds
[2024-11-01T02:32:00.977+0000] {processor.py:157} INFO - Started process (PID=144) to work on /opt/airflow/dags/surf_pj_dag.py
[2024-11-01T02:32:00.978+0000] {processor.py:826} INFO - Processing file /opt/airflow/dags/surf_pj_dag.py for tasks to queue
[2024-11-01T02:32:00.978+0000] {logging_mixin.py:149} INFO - [2024-11-01T02:32:00.978+0000] {dagbag.py:541} INFO - Filling up the DagBag from /opt/airflow/dags/surf_pj_dag.py
[2024-11-01T02:32:01.466+0000] {processor.py:836} INFO - DAG(s) dict_keys(['surf_dag']) retrieved from /opt/airflow/dags/surf_pj_dag.py
[2024-11-01T02:32:01.476+0000] {logging_mixin.py:149} INFO - [2024-11-01T02:32:01.476+0000] {dag.py:2726} INFO - Sync 1 DAGs
[2024-11-01T02:32:01.485+0000] {logging_mixin.py:149} INFO - [2024-11-01T02:32:01.485+0000] {dag.py:3490} INFO - Setting next_dagrun for surf_dag to 2024-10-31T02:32:01.485393+00:00, run_after=2024-11-01T02:32:01.485393+00:00
[2024-11-01T02:32:01.492+0000] {processor.py:179} INFO - Processing /opt/airflow/dags/surf_pj_dag.py took 0.518 seconds
[2024-11-01T02:32:32.396+0000] {processor.py:157} INFO - Started process (PID=160) to work on /opt/airflow/dags/surf_pj_dag.py
[2024-11-01T02:32:32.397+0000] {processor.py:826} INFO - Processing file /opt/airflow/dags/surf_pj_dag.py for tasks to queue
[2024-11-01T02:32:32.397+0000] {logging_mixin.py:149} INFO - [2024-11-01T02:32:32.397+0000] {dagbag.py:541} INFO - Filling up the DagBag from /opt/airflow/dags/surf_pj_dag.py
[2024-11-01T02:32:32.904+0000] {processor.py:836} INFO - DAG(s) dict_keys(['surf_dag']) retrieved from /opt/airflow/dags/surf_pj_dag.py
[2024-11-01T02:32:32.916+0000] {logging_mixin.py:149} INFO - [2024-11-01T02:32:32.916+0000] {dag.py:2726} INFO - Sync 1 DAGs
[2024-11-01T02:32:32.925+0000] {logging_mixin.py:149} INFO - [2024-11-01T02:32:32.925+0000] {dag.py:3490} INFO - Setting next_dagrun for surf_dag to 2024-10-31T02:32:32.925791+00:00, run_after=2024-11-01T02:32:32.925791+00:00
[2024-11-01T02:32:32.934+0000] {processor.py:179} INFO - Processing /opt/airflow/dags/surf_pj_dag.py took 0.542 seconds
[2024-11-01T02:33:03.831+0000] {processor.py:157} INFO - Started process (PID=176) to work on /opt/airflow/dags/surf_pj_dag.py
[2024-11-01T02:33:03.832+0000] {processor.py:826} INFO - Processing file /opt/airflow/dags/surf_pj_dag.py for tasks to queue
[2024-11-01T02:33:03.832+0000] {logging_mixin.py:149} INFO - [2024-11-01T02:33:03.832+0000] {dagbag.py:541} INFO - Filling up the DagBag from /opt/airflow/dags/surf_pj_dag.py
[2024-11-01T02:33:04.319+0000] {processor.py:836} INFO - DAG(s) dict_keys(['surf_dag']) retrieved from /opt/airflow/dags/surf_pj_dag.py
[2024-11-01T02:33:04.328+0000] {logging_mixin.py:149} INFO - [2024-11-01T02:33:04.328+0000] {dag.py:2726} INFO - Sync 1 DAGs
[2024-11-01T02:33:04.337+0000] {logging_mixin.py:149} INFO - [2024-11-01T02:33:04.337+0000] {dag.py:3490} INFO - Setting next_dagrun for surf_dag to 2024-10-31T02:33:04.337027+00:00, run_after=2024-11-01T02:33:04.337027+00:00
[2024-11-01T02:33:04.344+0000] {processor.py:179} INFO - Processing /opt/airflow/dags/surf_pj_dag.py took 0.516 seconds
[2024-11-01T02:33:35.327+0000] {processor.py:157} INFO - Started process (PID=192) to work on /opt/airflow/dags/surf_pj_dag.py
[2024-11-01T02:33:35.328+0000] {processor.py:826} INFO - Processing file /opt/airflow/dags/surf_pj_dag.py for tasks to queue
[2024-11-01T02:33:35.328+0000] {logging_mixin.py:149} INFO - [2024-11-01T02:33:35.328+0000] {dagbag.py:541} INFO - Filling up the DagBag from /opt/airflow/dags/surf_pj_dag.py
[2024-11-01T02:33:35.783+0000] {processor.py:836} INFO - DAG(s) dict_keys(['surf_dag']) retrieved from /opt/airflow/dags/surf_pj_dag.py
[2024-11-01T02:33:35.793+0000] {logging_mixin.py:149} INFO - [2024-11-01T02:33:35.793+0000] {dag.py:2726} INFO - Sync 1 DAGs
[2024-11-01T02:33:35.802+0000] {logging_mixin.py:149} INFO - [2024-11-01T02:33:35.802+0000] {dag.py:3490} INFO - Setting next_dagrun for surf_dag to 2024-10-31T02:33:35.802640+00:00, run_after=2024-11-01T02:33:35.802640+00:00
[2024-11-01T02:33:35.809+0000] {processor.py:179} INFO - Processing /opt/airflow/dags/surf_pj_dag.py took 0.484 seconds
[2024-11-01T02:34:06.643+0000] {processor.py:157} INFO - Started process (PID=208) to work on /opt/airflow/dags/surf_pj_dag.py
[2024-11-01T02:34:06.644+0000] {processor.py:826} INFO - Processing file /opt/airflow/dags/surf_pj_dag.py for tasks to queue
[2024-11-01T02:34:06.645+0000] {logging_mixin.py:149} INFO - [2024-11-01T02:34:06.645+0000] {dagbag.py:541} INFO - Filling up the DagBag from /opt/airflow/dags/surf_pj_dag.py
[2024-11-01T02:34:07.124+0000] {processor.py:836} INFO - DAG(s) dict_keys(['surf_dag']) retrieved from /opt/airflow/dags/surf_pj_dag.py
[2024-11-01T02:34:07.134+0000] {logging_mixin.py:149} INFO - [2024-11-01T02:34:07.134+0000] {dag.py:2726} INFO - Sync 1 DAGs
[2024-11-01T02:34:07.143+0000] {logging_mixin.py:149} INFO - [2024-11-01T02:34:07.143+0000] {dag.py:3490} INFO - Setting next_dagrun for surf_dag to 2024-10-31T02:34:07.143255+00:00, run_after=2024-11-01T02:34:07.143255+00:00
[2024-11-01T02:34:07.150+0000] {processor.py:179} INFO - Processing /opt/airflow/dags/surf_pj_dag.py took 0.510 seconds
[2024-11-01T02:34:39.414+0000] {processor.py:157} INFO - Started process (PID=34) to work on /opt/airflow/dags/surf_pj_dag.py
[2024-11-01T02:34:39.415+0000] {processor.py:826} INFO - Processing file /opt/airflow/dags/surf_pj_dag.py for tasks to queue
[2024-11-01T02:34:39.416+0000] {logging_mixin.py:149} INFO - [2024-11-01T02:34:39.416+0000] {dagbag.py:541} INFO - Filling up the DagBag from /opt/airflow/dags/surf_pj_dag.py
[2024-11-01T02:34:40.195+0000] {logging_mixin.py:149} INFO - [2024-11-01T02:34:40.194+0000] {font_manager.py:1443} INFO - generated new fontManager
[2024-11-01T02:34:40.479+0000] {processor.py:836} INFO - DAG(s) dict_keys(['surf_dag']) retrieved from /opt/airflow/dags/surf_pj_dag.py
[2024-11-01T02:34:40.494+0000] {logging_mixin.py:149} INFO - [2024-11-01T02:34:40.494+0000] {dag.py:2726} INFO - Sync 1 DAGs
[2024-11-01T02:34:40.504+0000] {logging_mixin.py:149} INFO - [2024-11-01T02:34:40.504+0000] {dag.py:3490} INFO - Setting next_dagrun for surf_dag to 2024-10-31T02:34:40.504657+00:00, run_after=2024-11-01T02:34:40.504657+00:00
[2024-11-01T02:34:40.512+0000] {processor.py:179} INFO - Processing /opt/airflow/dags/surf_pj_dag.py took 1.100 seconds
[2024-11-01T02:35:10.787+0000] {processor.py:157} INFO - Started process (PID=53) to work on /opt/airflow/dags/surf_pj_dag.py
[2024-11-01T02:35:10.788+0000] {processor.py:826} INFO - Processing file /opt/airflow/dags/surf_pj_dag.py for tasks to queue
[2024-11-01T02:35:10.789+0000] {logging_mixin.py:149} INFO - [2024-11-01T02:35:10.789+0000] {dagbag.py:541} INFO - Filling up the DagBag from /opt/airflow/dags/surf_pj_dag.py
[2024-11-01T02:35:11.238+0000] {processor.py:836} INFO - DAG(s) dict_keys(['surf_dag']) retrieved from /opt/airflow/dags/surf_pj_dag.py
[2024-11-01T02:35:11.251+0000] {logging_mixin.py:149} INFO - [2024-11-01T02:35:11.251+0000] {dag.py:2726} INFO - Sync 1 DAGs
[2024-11-01T02:35:11.262+0000] {logging_mixin.py:149} INFO - [2024-11-01T02:35:11.262+0000] {dag.py:3490} INFO - Setting next_dagrun for surf_dag to 2024-10-31T02:35:11.262092+00:00, run_after=2024-11-01T02:35:11.262092+00:00
[2024-11-01T02:35:11.272+0000] {processor.py:179} INFO - Processing /opt/airflow/dags/surf_pj_dag.py took 0.487 seconds
[2024-11-01T02:35:42.176+0000] {processor.py:157} INFO - Started process (PID=69) to work on /opt/airflow/dags/surf_pj_dag.py
[2024-11-01T02:35:42.177+0000] {processor.py:826} INFO - Processing file /opt/airflow/dags/surf_pj_dag.py for tasks to queue
[2024-11-01T02:35:42.177+0000] {logging_mixin.py:149} INFO - [2024-11-01T02:35:42.177+0000] {dagbag.py:541} INFO - Filling up the DagBag from /opt/airflow/dags/surf_pj_dag.py
[2024-11-01T02:35:42.626+0000] {processor.py:836} INFO - DAG(s) dict_keys(['surf_dag']) retrieved from /opt/airflow/dags/surf_pj_dag.py
[2024-11-01T02:35:42.637+0000] {logging_mixin.py:149} INFO - [2024-11-01T02:35:42.637+0000] {dag.py:2726} INFO - Sync 1 DAGs
[2024-11-01T02:35:42.646+0000] {logging_mixin.py:149} INFO - [2024-11-01T02:35:42.645+0000] {dag.py:3490} INFO - Setting next_dagrun for surf_dag to 2024-10-31T02:35:42.645922+00:00, run_after=2024-11-01T02:35:42.645922+00:00
[2024-11-01T02:35:42.653+0000] {processor.py:179} INFO - Processing /opt/airflow/dags/surf_pj_dag.py took 0.480 seconds
[2024-11-01T02:36:13.557+0000] {processor.py:157} INFO - Started process (PID=85) to work on /opt/airflow/dags/surf_pj_dag.py
[2024-11-01T02:36:13.558+0000] {processor.py:826} INFO - Processing file /opt/airflow/dags/surf_pj_dag.py for tasks to queue
[2024-11-01T02:36:13.559+0000] {logging_mixin.py:149} INFO - [2024-11-01T02:36:13.559+0000] {dagbag.py:541} INFO - Filling up the DagBag from /opt/airflow/dags/surf_pj_dag.py
[2024-11-01T02:36:13.998+0000] {processor.py:836} INFO - DAG(s) dict_keys(['surf_dag']) retrieved from /opt/airflow/dags/surf_pj_dag.py
[2024-11-01T02:36:14.008+0000] {logging_mixin.py:149} INFO - [2024-11-01T02:36:14.008+0000] {dag.py:2726} INFO - Sync 1 DAGs
[2024-11-01T02:36:14.016+0000] {logging_mixin.py:149} INFO - [2024-11-01T02:36:14.016+0000] {dag.py:3490} INFO - Setting next_dagrun for surf_dag to 2024-10-31T02:36:14.016856+00:00, run_after=2024-11-01T02:36:14.016856+00:00
[2024-11-01T02:36:14.024+0000] {processor.py:179} INFO - Processing /opt/airflow/dags/surf_pj_dag.py took 0.470 seconds
[2024-11-01T02:39:54.267+0000] {processor.py:157} INFO - Started process (PID=28) to work on /opt/airflow/dags/surf_pj_dag.py
[2024-11-01T02:39:54.268+0000] {processor.py:826} INFO - Processing file /opt/airflow/dags/surf_pj_dag.py for tasks to queue
[2024-11-01T02:39:54.268+0000] {logging_mixin.py:149} INFO - [2024-11-01T02:39:54.268+0000] {dagbag.py:541} INFO - Filling up the DagBag from /opt/airflow/dags/surf_pj_dag.py
[2024-11-01T02:39:54.958+0000] {logging_mixin.py:149} INFO - [2024-11-01T02:39:54.958+0000] {font_manager.py:1443} INFO - generated new fontManager
[2024-11-01T02:39:55.278+0000] {processor.py:836} INFO - DAG(s) dict_keys(['surf_dag']) retrieved from /opt/airflow/dags/surf_pj_dag.py
[2024-11-01T02:39:55.322+0000] {logging_mixin.py:149} INFO - [2024-11-01T02:39:55.322+0000] {manager.py:504} INFO - Created Permission View: can read on DAG:surf_dag
[2024-11-01T02:39:55.326+0000] {logging_mixin.py:149} INFO - [2024-11-01T02:39:55.326+0000] {manager.py:504} INFO - Created Permission View: can edit on DAG:surf_dag
[2024-11-01T02:39:55.328+0000] {logging_mixin.py:149} INFO - [2024-11-01T02:39:55.328+0000] {manager.py:504} INFO - Created Permission View: can delete on DAG:surf_dag
[2024-11-01T02:39:55.334+0000] {logging_mixin.py:149} INFO - [2024-11-01T02:39:55.333+0000] {dag.py:2726} INFO - Sync 1 DAGs
[2024-11-01T02:39:55.338+0000] {logging_mixin.py:149} INFO - [2024-11-01T02:39:55.338+0000] {dag.py:2747} INFO - Creating ORM DAG for surf_dag
[2024-11-01T02:39:55.342+0000] {logging_mixin.py:149} INFO - [2024-11-01T02:39:55.342+0000] {dag.py:3490} INFO - Setting next_dagrun for surf_dag to 2024-10-31T02:39:55.342669+00:00, run_after=2024-11-01T02:39:55.342669+00:00
[2024-11-01T02:39:55.349+0000] {processor.py:179} INFO - Processing /opt/airflow/dags/surf_pj_dag.py took 1.084 seconds
[2024-11-01T02:40:25.551+0000] {processor.py:157} INFO - Started process (PID=48) to work on /opt/airflow/dags/surf_pj_dag.py
[2024-11-01T02:40:25.552+0000] {processor.py:826} INFO - Processing file /opt/airflow/dags/surf_pj_dag.py for tasks to queue
[2024-11-01T02:40:25.552+0000] {logging_mixin.py:149} INFO - [2024-11-01T02:40:25.552+0000] {dagbag.py:541} INFO - Filling up the DagBag from /opt/airflow/dags/surf_pj_dag.py
[2024-11-01T02:40:26.037+0000] {processor.py:836} INFO - DAG(s) dict_keys(['surf_dag']) retrieved from /opt/airflow/dags/surf_pj_dag.py
[2024-11-01T02:40:26.047+0000] {logging_mixin.py:149} INFO - [2024-11-01T02:40:26.047+0000] {dag.py:2726} INFO - Sync 1 DAGs
[2024-11-01T02:40:26.056+0000] {logging_mixin.py:149} INFO - [2024-11-01T02:40:26.056+0000] {dag.py:3490} INFO - Setting next_dagrun for surf_dag to 2024-10-31T02:40:26.056235+00:00, run_after=2024-11-01T02:40:26.056235+00:00
[2024-11-01T02:40:26.062+0000] {processor.py:179} INFO - Processing /opt/airflow/dags/surf_pj_dag.py took 0.514 seconds
[2024-11-01T02:40:56.875+0000] {processor.py:157} INFO - Started process (PID=64) to work on /opt/airflow/dags/surf_pj_dag.py
[2024-11-01T02:40:56.876+0000] {processor.py:826} INFO - Processing file /opt/airflow/dags/surf_pj_dag.py for tasks to queue
[2024-11-01T02:40:56.876+0000] {logging_mixin.py:149} INFO - [2024-11-01T02:40:56.876+0000] {dagbag.py:541} INFO - Filling up the DagBag from /opt/airflow/dags/surf_pj_dag.py
[2024-11-01T02:40:57.356+0000] {processor.py:836} INFO - DAG(s) dict_keys(['surf_dag']) retrieved from /opt/airflow/dags/surf_pj_dag.py
[2024-11-01T02:40:57.366+0000] {logging_mixin.py:149} INFO - [2024-11-01T02:40:57.366+0000] {dag.py:2726} INFO - Sync 1 DAGs
[2024-11-01T02:40:57.375+0000] {logging_mixin.py:149} INFO - [2024-11-01T02:40:57.375+0000] {dag.py:3490} INFO - Setting next_dagrun for surf_dag to 2024-10-31T02:40:57.375642+00:00, run_after=2024-11-01T02:40:57.375642+00:00
[2024-11-01T02:40:57.383+0000] {processor.py:179} INFO - Processing /opt/airflow/dags/surf_pj_dag.py took 0.510 seconds
[2024-11-01T02:41:28.213+0000] {processor.py:157} INFO - Started process (PID=80) to work on /opt/airflow/dags/surf_pj_dag.py
[2024-11-01T02:41:28.214+0000] {processor.py:826} INFO - Processing file /opt/airflow/dags/surf_pj_dag.py for tasks to queue
[2024-11-01T02:41:28.214+0000] {logging_mixin.py:149} INFO - [2024-11-01T02:41:28.214+0000] {dagbag.py:541} INFO - Filling up the DagBag from /opt/airflow/dags/surf_pj_dag.py
[2024-11-01T02:41:28.694+0000] {processor.py:836} INFO - DAG(s) dict_keys(['surf_dag']) retrieved from /opt/airflow/dags/surf_pj_dag.py
[2024-11-01T02:41:28.704+0000] {logging_mixin.py:149} INFO - [2024-11-01T02:41:28.704+0000] {dag.py:2726} INFO - Sync 1 DAGs
[2024-11-01T02:41:28.714+0000] {logging_mixin.py:149} INFO - [2024-11-01T02:41:28.714+0000] {dag.py:3490} INFO - Setting next_dagrun for surf_dag to 2024-10-31T02:41:28.714127+00:00, run_after=2024-11-01T02:41:28.714127+00:00
[2024-11-01T02:41:28.721+0000] {processor.py:179} INFO - Processing /opt/airflow/dags/surf_pj_dag.py took 0.511 seconds
[2024-11-01T02:41:59.643+0000] {processor.py:157} INFO - Started process (PID=96) to work on /opt/airflow/dags/surf_pj_dag.py
[2024-11-01T02:41:59.644+0000] {processor.py:826} INFO - Processing file /opt/airflow/dags/surf_pj_dag.py for tasks to queue
[2024-11-01T02:41:59.645+0000] {logging_mixin.py:149} INFO - [2024-11-01T02:41:59.645+0000] {dagbag.py:541} INFO - Filling up the DagBag from /opt/airflow/dags/surf_pj_dag.py
[2024-11-01T02:42:00.128+0000] {processor.py:836} INFO - DAG(s) dict_keys(['surf_dag']) retrieved from /opt/airflow/dags/surf_pj_dag.py
[2024-11-01T02:42:00.139+0000] {logging_mixin.py:149} INFO - [2024-11-01T02:42:00.138+0000] {dag.py:2726} INFO - Sync 1 DAGs
[2024-11-01T02:42:00.148+0000] {logging_mixin.py:149} INFO - [2024-11-01T02:42:00.148+0000] {dag.py:3490} INFO - Setting next_dagrun for surf_dag to 2024-10-31T02:42:00.147973+00:00, run_after=2024-11-01T02:42:00.147973+00:00
[2024-11-01T02:42:00.155+0000] {processor.py:179} INFO - Processing /opt/airflow/dags/surf_pj_dag.py took 0.515 seconds
[2024-11-01T02:42:31.032+0000] {processor.py:157} INFO - Started process (PID=112) to work on /opt/airflow/dags/surf_pj_dag.py
[2024-11-01T02:42:31.033+0000] {processor.py:826} INFO - Processing file /opt/airflow/dags/surf_pj_dag.py for tasks to queue
[2024-11-01T02:42:31.034+0000] {logging_mixin.py:149} INFO - [2024-11-01T02:42:31.034+0000] {dagbag.py:541} INFO - Filling up the DagBag from /opt/airflow/dags/surf_pj_dag.py
[2024-11-01T02:42:31.533+0000] {processor.py:836} INFO - DAG(s) dict_keys(['surf_dag']) retrieved from /opt/airflow/dags/surf_pj_dag.py
[2024-11-01T02:42:31.544+0000] {logging_mixin.py:149} INFO - [2024-11-01T02:42:31.544+0000] {dag.py:2726} INFO - Sync 1 DAGs
[2024-11-01T02:42:31.553+0000] {logging_mixin.py:149} INFO - [2024-11-01T02:42:31.553+0000] {dag.py:3490} INFO - Setting next_dagrun for surf_dag to 2024-10-31T02:42:31.553324+00:00, run_after=2024-11-01T02:42:31.553324+00:00
[2024-11-01T02:42:31.560+0000] {processor.py:179} INFO - Processing /opt/airflow/dags/surf_pj_dag.py took 0.532 seconds
[2024-11-01T02:43:02.403+0000] {processor.py:157} INFO - Started process (PID=128) to work on /opt/airflow/dags/surf_pj_dag.py
[2024-11-01T02:43:02.404+0000] {processor.py:826} INFO - Processing file /opt/airflow/dags/surf_pj_dag.py for tasks to queue
[2024-11-01T02:43:02.405+0000] {logging_mixin.py:149} INFO - [2024-11-01T02:43:02.405+0000] {dagbag.py:541} INFO - Filling up the DagBag from /opt/airflow/dags/surf_pj_dag.py
[2024-11-01T02:43:02.876+0000] {processor.py:836} INFO - DAG(s) dict_keys(['surf_dag']) retrieved from /opt/airflow/dags/surf_pj_dag.py
[2024-11-01T02:43:02.886+0000] {logging_mixin.py:149} INFO - [2024-11-01T02:43:02.886+0000] {dag.py:2726} INFO - Sync 1 DAGs
[2024-11-01T02:43:02.895+0000] {logging_mixin.py:149} INFO - [2024-11-01T02:43:02.895+0000] {dag.py:3490} INFO - Setting next_dagrun for surf_dag to 2024-10-31T02:43:02.895593+00:00, run_after=2024-11-01T02:43:02.895593+00:00
[2024-11-01T02:43:02.902+0000] {processor.py:179} INFO - Processing /opt/airflow/dags/surf_pj_dag.py took 0.502 seconds
[2024-11-01T02:43:33.792+0000] {processor.py:157} INFO - Started process (PID=144) to work on /opt/airflow/dags/surf_pj_dag.py
[2024-11-01T02:43:33.794+0000] {processor.py:826} INFO - Processing file /opt/airflow/dags/surf_pj_dag.py for tasks to queue
[2024-11-01T02:43:33.794+0000] {logging_mixin.py:149} INFO - [2024-11-01T02:43:33.794+0000] {dagbag.py:541} INFO - Filling up the DagBag from /opt/airflow/dags/surf_pj_dag.py
[2024-11-01T02:43:34.273+0000] {processor.py:836} INFO - DAG(s) dict_keys(['surf_dag']) retrieved from /opt/airflow/dags/surf_pj_dag.py
[2024-11-01T02:43:34.285+0000] {logging_mixin.py:149} INFO - [2024-11-01T02:43:34.285+0000] {dag.py:2726} INFO - Sync 1 DAGs
[2024-11-01T02:43:34.296+0000] {logging_mixin.py:149} INFO - [2024-11-01T02:43:34.296+0000] {dag.py:3490} INFO - Setting next_dagrun for surf_dag to 2024-10-31T02:43:34.296160+00:00, run_after=2024-11-01T02:43:34.296160+00:00
[2024-11-01T02:43:34.304+0000] {processor.py:179} INFO - Processing /opt/airflow/dags/surf_pj_dag.py took 0.516 seconds
[2024-11-01T02:44:04.327+0000] {processor.py:157} INFO - Started process (PID=160) to work on /opt/airflow/dags/surf_pj_dag.py
[2024-11-01T02:44:04.328+0000] {processor.py:826} INFO - Processing file /opt/airflow/dags/surf_pj_dag.py for tasks to queue
[2024-11-01T02:44:04.329+0000] {logging_mixin.py:149} INFO - [2024-11-01T02:44:04.329+0000] {dagbag.py:541} INFO - Filling up the DagBag from /opt/airflow/dags/surf_pj_dag.py
[2024-11-01T02:44:04.793+0000] {processor.py:836} INFO - DAG(s) dict_keys(['surf_dag']) retrieved from /opt/airflow/dags/surf_pj_dag.py
[2024-11-01T02:44:04.804+0000] {logging_mixin.py:149} INFO - [2024-11-01T02:44:04.804+0000] {dag.py:2726} INFO - Sync 1 DAGs
[2024-11-01T02:44:04.814+0000] {logging_mixin.py:149} INFO - [2024-11-01T02:44:04.814+0000] {dag.py:3490} INFO - Setting next_dagrun for surf_dag to 2024-10-31T02:44:04.814551+00:00, run_after=2024-11-01T02:44:04.814551+00:00
[2024-11-01T02:44:04.822+0000] {processor.py:179} INFO - Processing /opt/airflow/dags/surf_pj_dag.py took 0.498 seconds
[2024-11-01T02:51:41.446+0000] {processor.py:157} INFO - Started process (PID=28) to work on /opt/airflow/dags/surf_pj_dag.py
[2024-11-01T02:51:41.446+0000] {processor.py:826} INFO - Processing file /opt/airflow/dags/surf_pj_dag.py for tasks to queue
[2024-11-01T02:51:41.447+0000] {logging_mixin.py:149} INFO - [2024-11-01T02:51:41.447+0000] {dagbag.py:541} INFO - Filling up the DagBag from /opt/airflow/dags/surf_pj_dag.py
[2024-11-01T02:51:42.122+0000] {logging_mixin.py:149} INFO - [2024-11-01T02:51:42.121+0000] {font_manager.py:1443} INFO - generated new fontManager
[2024-11-01T02:51:42.436+0000] {processor.py:836} INFO - DAG(s) dict_keys(['surf_dag']) retrieved from /opt/airflow/dags/surf_pj_dag.py
[2024-11-01T02:51:42.479+0000] {logging_mixin.py:149} INFO - [2024-11-01T02:51:42.479+0000] {manager.py:504} INFO - Created Permission View: can delete on DAG:surf_dag
[2024-11-01T02:51:42.483+0000] {logging_mixin.py:149} INFO - [2024-11-01T02:51:42.483+0000] {manager.py:504} INFO - Created Permission View: can read on DAG:surf_dag
[2024-11-01T02:51:42.485+0000] {logging_mixin.py:149} INFO - [2024-11-01T02:51:42.485+0000] {manager.py:504} INFO - Created Permission View: can edit on DAG:surf_dag
[2024-11-01T02:51:42.490+0000] {logging_mixin.py:149} INFO - [2024-11-01T02:51:42.490+0000] {dag.py:2726} INFO - Sync 1 DAGs
[2024-11-01T02:51:42.494+0000] {logging_mixin.py:149} INFO - [2024-11-01T02:51:42.494+0000] {dag.py:2747} INFO - Creating ORM DAG for surf_dag
[2024-11-01T02:51:42.498+0000] {logging_mixin.py:149} INFO - [2024-11-01T02:51:42.498+0000] {dag.py:3490} INFO - Setting next_dagrun for surf_dag to 2024-10-31T02:51:42.498607+00:00, run_after=2024-11-01T02:51:42.498607+00:00
[2024-11-01T02:51:42.504+0000] {processor.py:179} INFO - Processing /opt/airflow/dags/surf_pj_dag.py took 1.060 seconds
[2024-11-01T02:52:12.766+0000] {processor.py:157} INFO - Started process (PID=48) to work on /opt/airflow/dags/surf_pj_dag.py
[2024-11-01T02:52:12.767+0000] {processor.py:826} INFO - Processing file /opt/airflow/dags/surf_pj_dag.py for tasks to queue
[2024-11-01T02:52:12.767+0000] {logging_mixin.py:149} INFO - [2024-11-01T02:52:12.767+0000] {dagbag.py:541} INFO - Filling up the DagBag from /opt/airflow/dags/surf_pj_dag.py
[2024-11-01T02:52:13.237+0000] {processor.py:836} INFO - DAG(s) dict_keys(['surf_dag']) retrieved from /opt/airflow/dags/surf_pj_dag.py
[2024-11-01T02:52:13.247+0000] {logging_mixin.py:149} INFO - [2024-11-01T02:52:13.247+0000] {dag.py:2726} INFO - Sync 1 DAGs
[2024-11-01T02:52:13.256+0000] {logging_mixin.py:149} INFO - [2024-11-01T02:52:13.256+0000] {dag.py:3490} INFO - Setting next_dagrun for surf_dag to 2024-10-31T02:52:13.256213+00:00, run_after=2024-11-01T02:52:13.256213+00:00
[2024-11-01T02:52:13.262+0000] {processor.py:179} INFO - Processing /opt/airflow/dags/surf_pj_dag.py took 0.499 seconds
[2024-11-01T02:52:44.101+0000] {processor.py:157} INFO - Started process (PID=64) to work on /opt/airflow/dags/surf_pj_dag.py
[2024-11-01T02:52:44.102+0000] {processor.py:826} INFO - Processing file /opt/airflow/dags/surf_pj_dag.py for tasks to queue
[2024-11-01T02:52:44.102+0000] {logging_mixin.py:149} INFO - [2024-11-01T02:52:44.102+0000] {dagbag.py:541} INFO - Filling up the DagBag from /opt/airflow/dags/surf_pj_dag.py
[2024-11-01T02:52:44.584+0000] {processor.py:836} INFO - DAG(s) dict_keys(['surf_dag']) retrieved from /opt/airflow/dags/surf_pj_dag.py
[2024-11-01T02:52:44.594+0000] {logging_mixin.py:149} INFO - [2024-11-01T02:52:44.594+0000] {dag.py:2726} INFO - Sync 1 DAGs
[2024-11-01T02:52:44.602+0000] {logging_mixin.py:149} INFO - [2024-11-01T02:52:44.602+0000] {dag.py:3490} INFO - Setting next_dagrun for surf_dag to 2024-10-31T02:52:44.602836+00:00, run_after=2024-11-01T02:52:44.602836+00:00
[2024-11-01T02:52:44.610+0000] {processor.py:179} INFO - Processing /opt/airflow/dags/surf_pj_dag.py took 0.512 seconds
[2024-11-01T02:53:15.505+0000] {processor.py:157} INFO - Started process (PID=80) to work on /opt/airflow/dags/surf_pj_dag.py
[2024-11-01T02:53:15.506+0000] {processor.py:826} INFO - Processing file /opt/airflow/dags/surf_pj_dag.py for tasks to queue
[2024-11-01T02:53:15.506+0000] {logging_mixin.py:149} INFO - [2024-11-01T02:53:15.506+0000] {dagbag.py:541} INFO - Filling up the DagBag from /opt/airflow/dags/surf_pj_dag.py
[2024-11-01T02:53:15.994+0000] {processor.py:836} INFO - DAG(s) dict_keys(['surf_dag']) retrieved from /opt/airflow/dags/surf_pj_dag.py
[2024-11-01T02:53:16.005+0000] {logging_mixin.py:149} INFO - [2024-11-01T02:53:16.005+0000] {dag.py:2726} INFO - Sync 1 DAGs
[2024-11-01T02:53:16.014+0000] {logging_mixin.py:149} INFO - [2024-11-01T02:53:16.014+0000] {dag.py:3490} INFO - Setting next_dagrun for surf_dag to 2024-10-31T02:53:16.014830+00:00, run_after=2024-11-01T02:53:16.014830+00:00
[2024-11-01T02:53:16.021+0000] {processor.py:179} INFO - Processing /opt/airflow/dags/surf_pj_dag.py took 0.519 seconds
[2024-11-01T02:53:46.871+0000] {processor.py:157} INFO - Started process (PID=96) to work on /opt/airflow/dags/surf_pj_dag.py
[2024-11-01T02:53:46.872+0000] {processor.py:826} INFO - Processing file /opt/airflow/dags/surf_pj_dag.py for tasks to queue
[2024-11-01T02:53:46.872+0000] {logging_mixin.py:149} INFO - [2024-11-01T02:53:46.872+0000] {dagbag.py:541} INFO - Filling up the DagBag from /opt/airflow/dags/surf_pj_dag.py
[2024-11-01T02:53:47.348+0000] {processor.py:836} INFO - DAG(s) dict_keys(['surf_dag']) retrieved from /opt/airflow/dags/surf_pj_dag.py
[2024-11-01T02:53:47.358+0000] {logging_mixin.py:149} INFO - [2024-11-01T02:53:47.358+0000] {dag.py:2726} INFO - Sync 1 DAGs
[2024-11-01T02:53:47.367+0000] {logging_mixin.py:149} INFO - [2024-11-01T02:53:47.367+0000] {dag.py:3490} INFO - Setting next_dagrun for surf_dag to 2024-10-31T02:53:47.366941+00:00, run_after=2024-11-01T02:53:47.366941+00:00
[2024-11-01T02:53:47.373+0000] {processor.py:179} INFO - Processing /opt/airflow/dags/surf_pj_dag.py took 0.505 seconds
[2024-11-01T02:54:18.274+0000] {processor.py:157} INFO - Started process (PID=112) to work on /opt/airflow/dags/surf_pj_dag.py
[2024-11-01T02:54:18.275+0000] {processor.py:826} INFO - Processing file /opt/airflow/dags/surf_pj_dag.py for tasks to queue
[2024-11-01T02:54:18.276+0000] {logging_mixin.py:149} INFO - [2024-11-01T02:54:18.276+0000] {dagbag.py:541} INFO - Filling up the DagBag from /opt/airflow/dags/surf_pj_dag.py
[2024-11-01T02:54:18.752+0000] {processor.py:836} INFO - DAG(s) dict_keys(['surf_dag']) retrieved from /opt/airflow/dags/surf_pj_dag.py
[2024-11-01T02:54:18.762+0000] {logging_mixin.py:149} INFO - [2024-11-01T02:54:18.762+0000] {dag.py:2726} INFO - Sync 1 DAGs
[2024-11-01T02:54:18.771+0000] {logging_mixin.py:149} INFO - [2024-11-01T02:54:18.771+0000] {dag.py:3490} INFO - Setting next_dagrun for surf_dag to 2024-10-31T02:54:18.771187+00:00, run_after=2024-11-01T02:54:18.771187+00:00
[2024-11-01T02:54:18.778+0000] {processor.py:179} INFO - Processing /opt/airflow/dags/surf_pj_dag.py took 0.508 seconds
[2024-11-01T02:54:49.637+0000] {processor.py:157} INFO - Started process (PID=128) to work on /opt/airflow/dags/surf_pj_dag.py
[2024-11-01T02:54:49.638+0000] {processor.py:826} INFO - Processing file /opt/airflow/dags/surf_pj_dag.py for tasks to queue
[2024-11-01T02:54:49.639+0000] {logging_mixin.py:149} INFO - [2024-11-01T02:54:49.638+0000] {dagbag.py:541} INFO - Filling up the DagBag from /opt/airflow/dags/surf_pj_dag.py
[2024-11-01T02:54:50.110+0000] {processor.py:836} INFO - DAG(s) dict_keys(['surf_dag']) retrieved from /opt/airflow/dags/surf_pj_dag.py
[2024-11-01T02:54:50.120+0000] {logging_mixin.py:149} INFO - [2024-11-01T02:54:50.119+0000] {dag.py:2726} INFO - Sync 1 DAGs
[2024-11-01T02:54:50.129+0000] {logging_mixin.py:149} INFO - [2024-11-01T02:54:50.129+0000] {dag.py:3490} INFO - Setting next_dagrun for surf_dag to 2024-10-31T02:54:50.129659+00:00, run_after=2024-11-01T02:54:50.129659+00:00
[2024-11-01T02:54:50.136+0000] {processor.py:179} INFO - Processing /opt/airflow/dags/surf_pj_dag.py took 0.504 seconds
[2024-11-01T02:55:21.019+0000] {processor.py:157} INFO - Started process (PID=144) to work on /opt/airflow/dags/surf_pj_dag.py
[2024-11-01T02:55:21.020+0000] {processor.py:826} INFO - Processing file /opt/airflow/dags/surf_pj_dag.py for tasks to queue
[2024-11-01T02:55:21.021+0000] {logging_mixin.py:149} INFO - [2024-11-01T02:55:21.020+0000] {dagbag.py:541} INFO - Filling up the DagBag from /opt/airflow/dags/surf_pj_dag.py
[2024-11-01T02:55:21.497+0000] {processor.py:836} INFO - DAG(s) dict_keys(['surf_dag']) retrieved from /opt/airflow/dags/surf_pj_dag.py
[2024-11-01T02:55:21.508+0000] {logging_mixin.py:149} INFO - [2024-11-01T02:55:21.508+0000] {dag.py:2726} INFO - Sync 1 DAGs
[2024-11-01T02:55:21.516+0000] {logging_mixin.py:149} INFO - [2024-11-01T02:55:21.516+0000] {dag.py:3490} INFO - Setting next_dagrun for surf_dag to 2024-10-31T02:55:21.516878+00:00, run_after=2024-11-01T02:55:21.516878+00:00
[2024-11-01T02:55:21.522+0000] {processor.py:179} INFO - Processing /opt/airflow/dags/surf_pj_dag.py took 0.508 seconds
[2024-11-01T02:55:52.452+0000] {processor.py:157} INFO - Started process (PID=160) to work on /opt/airflow/dags/surf_pj_dag.py
[2024-11-01T02:55:52.453+0000] {processor.py:826} INFO - Processing file /opt/airflow/dags/surf_pj_dag.py for tasks to queue
[2024-11-01T02:55:52.454+0000] {logging_mixin.py:149} INFO - [2024-11-01T02:55:52.454+0000] {dagbag.py:541} INFO - Filling up the DagBag from /opt/airflow/dags/surf_pj_dag.py
[2024-11-01T02:55:52.920+0000] {processor.py:836} INFO - DAG(s) dict_keys(['surf_dag']) retrieved from /opt/airflow/dags/surf_pj_dag.py
[2024-11-01T02:55:52.930+0000] {logging_mixin.py:149} INFO - [2024-11-01T02:55:52.930+0000] {dag.py:2726} INFO - Sync 1 DAGs
[2024-11-01T02:55:52.939+0000] {logging_mixin.py:149} INFO - [2024-11-01T02:55:52.939+0000] {dag.py:3490} INFO - Setting next_dagrun for surf_dag to 2024-10-31T02:55:52.939148+00:00, run_after=2024-11-01T02:55:52.939148+00:00
[2024-11-01T02:55:52.945+0000] {processor.py:179} INFO - Processing /opt/airflow/dags/surf_pj_dag.py took 0.496 seconds
[2024-11-01T02:56:23.897+0000] {processor.py:157} INFO - Started process (PID=176) to work on /opt/airflow/dags/surf_pj_dag.py
[2024-11-01T02:56:23.898+0000] {processor.py:826} INFO - Processing file /opt/airflow/dags/surf_pj_dag.py for tasks to queue
[2024-11-01T02:56:23.898+0000] {logging_mixin.py:149} INFO - [2024-11-01T02:56:23.898+0000] {dagbag.py:541} INFO - Filling up the DagBag from /opt/airflow/dags/surf_pj_dag.py
[2024-11-01T02:56:24.366+0000] {processor.py:836} INFO - DAG(s) dict_keys(['surf_dag']) retrieved from /opt/airflow/dags/surf_pj_dag.py
[2024-11-01T02:56:24.376+0000] {logging_mixin.py:149} INFO - [2024-11-01T02:56:24.376+0000] {dag.py:2726} INFO - Sync 1 DAGs
[2024-11-01T02:56:24.384+0000] {logging_mixin.py:149} INFO - [2024-11-01T02:56:24.384+0000] {dag.py:3490} INFO - Setting next_dagrun for surf_dag to 2024-10-31T02:56:24.384740+00:00, run_after=2024-11-01T02:56:24.384740+00:00
[2024-11-01T02:56:24.392+0000] {processor.py:179} INFO - Processing /opt/airflow/dags/surf_pj_dag.py took 0.499 seconds
[2024-11-01T02:56:55.328+0000] {processor.py:157} INFO - Started process (PID=192) to work on /opt/airflow/dags/surf_pj_dag.py
[2024-11-01T02:56:55.329+0000] {processor.py:826} INFO - Processing file /opt/airflow/dags/surf_pj_dag.py for tasks to queue
[2024-11-01T02:56:55.329+0000] {logging_mixin.py:149} INFO - [2024-11-01T02:56:55.329+0000] {dagbag.py:541} INFO - Filling up the DagBag from /opt/airflow/dags/surf_pj_dag.py
[2024-11-01T02:56:55.771+0000] {processor.py:836} INFO - DAG(s) dict_keys(['surf_dag']) retrieved from /opt/airflow/dags/surf_pj_dag.py
[2024-11-01T02:56:55.781+0000] {logging_mixin.py:149} INFO - [2024-11-01T02:56:55.781+0000] {dag.py:2726} INFO - Sync 1 DAGs
[2024-11-01T02:56:55.790+0000] {logging_mixin.py:149} INFO - [2024-11-01T02:56:55.789+0000] {dag.py:3490} INFO - Setting next_dagrun for surf_dag to 2024-10-31T02:56:55.789914+00:00, run_after=2024-11-01T02:56:55.789914+00:00
[2024-11-01T02:56:55.797+0000] {processor.py:179} INFO - Processing /opt/airflow/dags/surf_pj_dag.py took 0.470 seconds
[2024-11-01T02:57:26.629+0000] {processor.py:157} INFO - Started process (PID=208) to work on /opt/airflow/dags/surf_pj_dag.py
[2024-11-01T02:57:26.630+0000] {processor.py:826} INFO - Processing file /opt/airflow/dags/surf_pj_dag.py for tasks to queue
[2024-11-01T02:57:26.630+0000] {logging_mixin.py:149} INFO - [2024-11-01T02:57:26.630+0000] {dagbag.py:541} INFO - Filling up the DagBag from /opt/airflow/dags/surf_pj_dag.py
[2024-11-01T02:57:27.075+0000] {processor.py:836} INFO - DAG(s) dict_keys(['surf_dag']) retrieved from /opt/airflow/dags/surf_pj_dag.py
[2024-11-01T02:57:27.085+0000] {logging_mixin.py:149} INFO - [2024-11-01T02:57:27.084+0000] {dag.py:2726} INFO - Sync 1 DAGs
[2024-11-01T02:57:27.093+0000] {logging_mixin.py:149} INFO - [2024-11-01T02:57:27.093+0000] {dag.py:3490} INFO - Setting next_dagrun for surf_dag to 2024-10-31T02:57:27.093366+00:00, run_after=2024-11-01T02:57:27.093366+00:00
[2024-11-01T02:57:27.100+0000] {processor.py:179} INFO - Processing /opt/airflow/dags/surf_pj_dag.py took 0.473 seconds
[2024-11-01T02:57:57.906+0000] {processor.py:157} INFO - Started process (PID=224) to work on /opt/airflow/dags/surf_pj_dag.py
[2024-11-01T02:57:57.907+0000] {processor.py:826} INFO - Processing file /opt/airflow/dags/surf_pj_dag.py for tasks to queue
[2024-11-01T02:57:57.908+0000] {logging_mixin.py:149} INFO - [2024-11-01T02:57:57.907+0000] {dagbag.py:541} INFO - Filling up the DagBag from /opt/airflow/dags/surf_pj_dag.py
[2024-11-01T02:57:58.371+0000] {processor.py:836} INFO - DAG(s) dict_keys(['surf_dag']) retrieved from /opt/airflow/dags/surf_pj_dag.py
[2024-11-01T02:57:58.381+0000] {logging_mixin.py:149} INFO - [2024-11-01T02:57:58.381+0000] {dag.py:2726} INFO - Sync 1 DAGs
[2024-11-01T02:57:58.389+0000] {logging_mixin.py:149} INFO - [2024-11-01T02:57:58.389+0000] {dag.py:3490} INFO - Setting next_dagrun for surf_dag to 2024-10-31T02:57:58.389773+00:00, run_after=2024-11-01T02:57:58.389773+00:00
[2024-11-01T02:57:58.396+0000] {processor.py:179} INFO - Processing /opt/airflow/dags/surf_pj_dag.py took 0.492 seconds
[2024-11-01T02:58:29.185+0000] {processor.py:157} INFO - Started process (PID=240) to work on /opt/airflow/dags/surf_pj_dag.py
[2024-11-01T02:58:29.186+0000] {processor.py:826} INFO - Processing file /opt/airflow/dags/surf_pj_dag.py for tasks to queue
[2024-11-01T02:58:29.187+0000] {logging_mixin.py:149} INFO - [2024-11-01T02:58:29.187+0000] {dagbag.py:541} INFO - Filling up the DagBag from /opt/airflow/dags/surf_pj_dag.py
[2024-11-01T02:58:29.643+0000] {processor.py:836} INFO - DAG(s) dict_keys(['surf_dag']) retrieved from /opt/airflow/dags/surf_pj_dag.py
[2024-11-01T02:58:29.652+0000] {logging_mixin.py:149} INFO - [2024-11-01T02:58:29.652+0000] {dag.py:2726} INFO - Sync 1 DAGs
[2024-11-01T02:58:29.661+0000] {logging_mixin.py:149} INFO - [2024-11-01T02:58:29.661+0000] {dag.py:3490} INFO - Setting next_dagrun for surf_dag to 2024-10-31T02:58:29.661114+00:00, run_after=2024-11-01T02:58:29.661114+00:00
[2024-11-01T02:58:29.667+0000] {processor.py:179} INFO - Processing /opt/airflow/dags/surf_pj_dag.py took 0.486 seconds
[2024-11-01T02:59:00.559+0000] {processor.py:157} INFO - Started process (PID=256) to work on /opt/airflow/dags/surf_pj_dag.py
[2024-11-01T02:59:00.560+0000] {processor.py:826} INFO - Processing file /opt/airflow/dags/surf_pj_dag.py for tasks to queue
[2024-11-01T02:59:00.560+0000] {logging_mixin.py:149} INFO - [2024-11-01T02:59:00.560+0000] {dagbag.py:541} INFO - Filling up the DagBag from /opt/airflow/dags/surf_pj_dag.py
[2024-11-01T02:59:01.023+0000] {processor.py:836} INFO - DAG(s) dict_keys(['surf_dag']) retrieved from /opt/airflow/dags/surf_pj_dag.py
[2024-11-01T02:59:01.033+0000] {logging_mixin.py:149} INFO - [2024-11-01T02:59:01.033+0000] {dag.py:2726} INFO - Sync 1 DAGs
[2024-11-01T02:59:01.042+0000] {logging_mixin.py:149} INFO - [2024-11-01T02:59:01.042+0000] {dag.py:3490} INFO - Setting next_dagrun for surf_dag to 2024-10-31T02:59:01.042739+00:00, run_after=2024-11-01T02:59:01.042739+00:00
[2024-11-01T02:59:01.049+0000] {processor.py:179} INFO - Processing /opt/airflow/dags/surf_pj_dag.py took 0.494 seconds
[2024-11-01T02:59:31.968+0000] {processor.py:157} INFO - Started process (PID=272) to work on /opt/airflow/dags/surf_pj_dag.py
[2024-11-01T02:59:31.969+0000] {processor.py:826} INFO - Processing file /opt/airflow/dags/surf_pj_dag.py for tasks to queue
[2024-11-01T02:59:31.969+0000] {logging_mixin.py:149} INFO - [2024-11-01T02:59:31.969+0000] {dagbag.py:541} INFO - Filling up the DagBag from /opt/airflow/dags/surf_pj_dag.py
[2024-11-01T02:59:32.499+0000] {processor.py:836} INFO - DAG(s) dict_keys(['surf_dag']) retrieved from /opt/airflow/dags/surf_pj_dag.py
[2024-11-01T02:59:32.510+0000] {logging_mixin.py:149} INFO - [2024-11-01T02:59:32.510+0000] {dag.py:2726} INFO - Sync 1 DAGs
[2024-11-01T02:59:32.520+0000] {logging_mixin.py:149} INFO - [2024-11-01T02:59:32.520+0000] {dag.py:3490} INFO - Setting next_dagrun for surf_dag to 2024-10-31T02:59:32.519924+00:00, run_after=2024-11-01T02:59:32.519924+00:00
[2024-11-01T02:59:32.527+0000] {processor.py:179} INFO - Processing /opt/airflow/dags/surf_pj_dag.py took 0.563 seconds
[2024-11-01T03:00:03.299+0000] {processor.py:157} INFO - Started process (PID=288) to work on /opt/airflow/dags/surf_pj_dag.py
[2024-11-01T03:00:03.300+0000] {processor.py:826} INFO - Processing file /opt/airflow/dags/surf_pj_dag.py for tasks to queue
[2024-11-01T03:00:03.300+0000] {logging_mixin.py:149} INFO - [2024-11-01T03:00:03.300+0000] {dagbag.py:541} INFO - Filling up the DagBag from /opt/airflow/dags/surf_pj_dag.py
[2024-11-01T03:00:03.794+0000] {processor.py:836} INFO - DAG(s) dict_keys(['surf_dag']) retrieved from /opt/airflow/dags/surf_pj_dag.py
[2024-11-01T03:00:03.805+0000] {logging_mixin.py:149} INFO - [2024-11-01T03:00:03.805+0000] {dag.py:2726} INFO - Sync 1 DAGs
[2024-11-01T03:00:03.814+0000] {logging_mixin.py:149} INFO - [2024-11-01T03:00:03.814+0000] {dag.py:3490} INFO - Setting next_dagrun for surf_dag to 2024-10-31T03:00:03.814265+00:00, run_after=2024-11-01T03:00:03.814265+00:00
[2024-11-01T03:00:03.821+0000] {processor.py:179} INFO - Processing /opt/airflow/dags/surf_pj_dag.py took 0.526 seconds
[2024-11-01T03:00:34.678+0000] {processor.py:157} INFO - Started process (PID=304) to work on /opt/airflow/dags/surf_pj_dag.py
[2024-11-01T03:00:34.679+0000] {processor.py:826} INFO - Processing file /opt/airflow/dags/surf_pj_dag.py for tasks to queue
[2024-11-01T03:00:34.680+0000] {logging_mixin.py:149} INFO - [2024-11-01T03:00:34.680+0000] {dagbag.py:541} INFO - Filling up the DagBag from /opt/airflow/dags/surf_pj_dag.py
[2024-11-01T03:00:35.138+0000] {processor.py:836} INFO - DAG(s) dict_keys(['surf_dag']) retrieved from /opt/airflow/dags/surf_pj_dag.py
[2024-11-01T03:00:35.149+0000] {logging_mixin.py:149} INFO - [2024-11-01T03:00:35.148+0000] {dag.py:2726} INFO - Sync 1 DAGs
[2024-11-01T03:00:35.157+0000] {logging_mixin.py:149} INFO - [2024-11-01T03:00:35.157+0000] {dag.py:3490} INFO - Setting next_dagrun for surf_dag to 2024-10-31T03:00:35.157538+00:00, run_after=2024-11-01T03:00:35.157538+00:00
[2024-11-01T03:00:35.164+0000] {processor.py:179} INFO - Processing /opt/airflow/dags/surf_pj_dag.py took 0.489 seconds
[2024-11-01T03:01:06.117+0000] {processor.py:157} INFO - Started process (PID=320) to work on /opt/airflow/dags/surf_pj_dag.py
[2024-11-01T03:01:06.118+0000] {processor.py:826} INFO - Processing file /opt/airflow/dags/surf_pj_dag.py for tasks to queue
[2024-11-01T03:01:06.118+0000] {logging_mixin.py:149} INFO - [2024-11-01T03:01:06.118+0000] {dagbag.py:541} INFO - Filling up the DagBag from /opt/airflow/dags/surf_pj_dag.py
[2024-11-01T03:01:06.650+0000] {processor.py:836} INFO - DAG(s) dict_keys(['surf_dag']) retrieved from /opt/airflow/dags/surf_pj_dag.py
[2024-11-01T03:01:06.662+0000] {logging_mixin.py:149} INFO - [2024-11-01T03:01:06.662+0000] {dag.py:2726} INFO - Sync 1 DAGs
[2024-11-01T03:01:06.674+0000] {logging_mixin.py:149} INFO - [2024-11-01T03:01:06.674+0000] {dag.py:3490} INFO - Setting next_dagrun for surf_dag to 2024-10-31T03:01:06.674130+00:00, run_after=2024-11-01T03:01:06.674130+00:00
[2024-11-01T03:01:06.682+0000] {processor.py:179} INFO - Processing /opt/airflow/dags/surf_pj_dag.py took 0.569 seconds
[2024-11-01T03:01:37.485+0000] {processor.py:157} INFO - Started process (PID=336) to work on /opt/airflow/dags/surf_pj_dag.py
[2024-11-01T03:01:37.486+0000] {processor.py:826} INFO - Processing file /opt/airflow/dags/surf_pj_dag.py for tasks to queue
[2024-11-01T03:01:37.487+0000] {logging_mixin.py:149} INFO - [2024-11-01T03:01:37.487+0000] {dagbag.py:541} INFO - Filling up the DagBag from /opt/airflow/dags/surf_pj_dag.py
[2024-11-01T03:01:37.943+0000] {processor.py:836} INFO - DAG(s) dict_keys(['surf_dag']) retrieved from /opt/airflow/dags/surf_pj_dag.py
[2024-11-01T03:01:37.952+0000] {logging_mixin.py:149} INFO - [2024-11-01T03:01:37.952+0000] {dag.py:2726} INFO - Sync 1 DAGs
[2024-11-01T03:01:37.961+0000] {logging_mixin.py:149} INFO - [2024-11-01T03:01:37.961+0000] {dag.py:3490} INFO - Setting next_dagrun for surf_dag to 2024-10-31T03:01:37.961094+00:00, run_after=2024-11-01T03:01:37.961094+00:00
[2024-11-01T03:01:37.967+0000] {processor.py:179} INFO - Processing /opt/airflow/dags/surf_pj_dag.py took 0.485 seconds
[2024-11-01T03:02:08.841+0000] {processor.py:157} INFO - Started process (PID=352) to work on /opt/airflow/dags/surf_pj_dag.py
[2024-11-01T03:02:08.842+0000] {processor.py:826} INFO - Processing file /opt/airflow/dags/surf_pj_dag.py for tasks to queue
[2024-11-01T03:02:08.842+0000] {logging_mixin.py:149} INFO - [2024-11-01T03:02:08.842+0000] {dagbag.py:541} INFO - Filling up the DagBag from /opt/airflow/dags/surf_pj_dag.py
[2024-11-01T03:02:09.339+0000] {processor.py:836} INFO - DAG(s) dict_keys(['surf_dag']) retrieved from /opt/airflow/dags/surf_pj_dag.py
[2024-11-01T03:02:09.349+0000] {logging_mixin.py:149} INFO - [2024-11-01T03:02:09.349+0000] {dag.py:2726} INFO - Sync 1 DAGs
[2024-11-01T03:02:09.358+0000] {logging_mixin.py:149} INFO - [2024-11-01T03:02:09.358+0000] {dag.py:3490} INFO - Setting next_dagrun for surf_dag to 2024-10-31T03:02:09.358106+00:00, run_after=2024-11-01T03:02:09.358106+00:00
[2024-11-01T03:02:09.364+0000] {processor.py:179} INFO - Processing /opt/airflow/dags/surf_pj_dag.py took 0.526 seconds
[2024-11-01T03:02:44.378+0000] {processor.py:157} INFO - Started process (PID=33) to work on /opt/airflow/dags/surf_pj_dag.py
[2024-11-01T03:02:44.379+0000] {processor.py:826} INFO - Processing file /opt/airflow/dags/surf_pj_dag.py for tasks to queue
[2024-11-01T03:02:44.379+0000] {logging_mixin.py:149} INFO - [2024-11-01T03:02:44.379+0000] {dagbag.py:541} INFO - Filling up the DagBag from /opt/airflow/dags/surf_pj_dag.py
[2024-11-01T03:02:45.141+0000] {logging_mixin.py:149} INFO - [2024-11-01T03:02:45.141+0000] {font_manager.py:1443} INFO - generated new fontManager
[2024-11-01T03:02:45.422+0000] {processor.py:836} INFO - DAG(s) dict_keys(['surf_dag']) retrieved from /opt/airflow/dags/surf_pj_dag.py
[2024-11-01T03:02:45.437+0000] {logging_mixin.py:149} INFO - [2024-11-01T03:02:45.437+0000] {dag.py:2726} INFO - Sync 1 DAGs
[2024-11-01T03:02:45.447+0000] {logging_mixin.py:149} INFO - [2024-11-01T03:02:45.447+0000] {dag.py:3490} INFO - Setting next_dagrun for surf_dag to 2024-10-31T03:02:45.446969+00:00, run_after=2024-11-01T03:02:45.446969+00:00
[2024-11-01T03:02:45.454+0000] {processor.py:179} INFO - Processing /opt/airflow/dags/surf_pj_dag.py took 1.077 seconds
[2024-11-01T03:03:15.803+0000] {processor.py:157} INFO - Started process (PID=53) to work on /opt/airflow/dags/surf_pj_dag.py
[2024-11-01T03:03:15.804+0000] {processor.py:826} INFO - Processing file /opt/airflow/dags/surf_pj_dag.py for tasks to queue
[2024-11-01T03:03:15.804+0000] {logging_mixin.py:149} INFO - [2024-11-01T03:03:15.804+0000] {dagbag.py:541} INFO - Filling up the DagBag from /opt/airflow/dags/surf_pj_dag.py
[2024-11-01T03:03:16.256+0000] {processor.py:836} INFO - DAG(s) dict_keys(['surf_dag']) retrieved from /opt/airflow/dags/surf_pj_dag.py
[2024-11-01T03:03:16.266+0000] {logging_mixin.py:149} INFO - [2024-11-01T03:03:16.266+0000] {dag.py:2726} INFO - Sync 1 DAGs
[2024-11-01T03:03:16.274+0000] {logging_mixin.py:149} INFO - [2024-11-01T03:03:16.274+0000] {dag.py:3490} INFO - Setting next_dagrun for surf_dag to 2024-10-31T03:03:16.274627+00:00, run_after=2024-11-01T03:03:16.274627+00:00
[2024-11-01T03:03:16.281+0000] {processor.py:179} INFO - Processing /opt/airflow/dags/surf_pj_dag.py took 0.481 seconds
[2024-11-01T03:03:47.185+0000] {processor.py:157} INFO - Started process (PID=69) to work on /opt/airflow/dags/surf_pj_dag.py
[2024-11-01T03:03:47.186+0000] {processor.py:826} INFO - Processing file /opt/airflow/dags/surf_pj_dag.py for tasks to queue
[2024-11-01T03:03:47.186+0000] {logging_mixin.py:149} INFO - [2024-11-01T03:03:47.186+0000] {dagbag.py:541} INFO - Filling up the DagBag from /opt/airflow/dags/surf_pj_dag.py
[2024-11-01T03:03:47.639+0000] {processor.py:836} INFO - DAG(s) dict_keys(['surf_dag']) retrieved from /opt/airflow/dags/surf_pj_dag.py
[2024-11-01T03:03:47.649+0000] {logging_mixin.py:149} INFO - [2024-11-01T03:03:47.649+0000] {dag.py:2726} INFO - Sync 1 DAGs
[2024-11-01T03:03:47.657+0000] {logging_mixin.py:149} INFO - [2024-11-01T03:03:47.657+0000] {dag.py:3490} INFO - Setting next_dagrun for surf_dag to 2024-10-31T03:03:47.657787+00:00, run_after=2024-11-01T03:03:47.657787+00:00
[2024-11-01T03:03:47.664+0000] {processor.py:179} INFO - Processing /opt/airflow/dags/surf_pj_dag.py took 0.482 seconds
[2024-11-01T03:04:18.585+0000] {processor.py:157} INFO - Started process (PID=85) to work on /opt/airflow/dags/surf_pj_dag.py
[2024-11-01T03:04:18.586+0000] {processor.py:826} INFO - Processing file /opt/airflow/dags/surf_pj_dag.py for tasks to queue
[2024-11-01T03:04:18.586+0000] {logging_mixin.py:149} INFO - [2024-11-01T03:04:18.586+0000] {dagbag.py:541} INFO - Filling up the DagBag from /opt/airflow/dags/surf_pj_dag.py
[2024-11-01T03:04:19.076+0000] {processor.py:836} INFO - DAG(s) dict_keys(['surf_dag']) retrieved from /opt/airflow/dags/surf_pj_dag.py
[2024-11-01T03:04:19.085+0000] {logging_mixin.py:149} INFO - [2024-11-01T03:04:19.085+0000] {dag.py:2726} INFO - Sync 1 DAGs
[2024-11-01T03:04:19.094+0000] {logging_mixin.py:149} INFO - [2024-11-01T03:04:19.094+0000] {dag.py:3490} INFO - Setting next_dagrun for surf_dag to 2024-10-31T03:04:19.094012+00:00, run_after=2024-11-01T03:04:19.094012+00:00
[2024-11-01T03:04:19.101+0000] {processor.py:179} INFO - Processing /opt/airflow/dags/surf_pj_dag.py took 0.519 seconds
[2024-11-01T03:04:49.961+0000] {processor.py:157} INFO - Started process (PID=101) to work on /opt/airflow/dags/surf_pj_dag.py
[2024-11-01T03:04:49.962+0000] {processor.py:826} INFO - Processing file /opt/airflow/dags/surf_pj_dag.py for tasks to queue
[2024-11-01T03:04:49.963+0000] {logging_mixin.py:149} INFO - [2024-11-01T03:04:49.963+0000] {dagbag.py:541} INFO - Filling up the DagBag from /opt/airflow/dags/surf_pj_dag.py
[2024-11-01T03:04:50.404+0000] {processor.py:836} INFO - DAG(s) dict_keys(['surf_dag']) retrieved from /opt/airflow/dags/surf_pj_dag.py
[2024-11-01T03:04:50.414+0000] {logging_mixin.py:149} INFO - [2024-11-01T03:04:50.414+0000] {dag.py:2726} INFO - Sync 1 DAGs
[2024-11-01T03:04:50.423+0000] {logging_mixin.py:149} INFO - [2024-11-01T03:04:50.423+0000] {dag.py:3490} INFO - Setting next_dagrun for surf_dag to 2024-10-31T03:04:50.423024+00:00, run_after=2024-11-01T03:04:50.423024+00:00
[2024-11-01T03:04:50.429+0000] {processor.py:179} INFO - Processing /opt/airflow/dags/surf_pj_dag.py took 0.472 seconds
[2024-11-01T03:05:21.337+0000] {processor.py:157} INFO - Started process (PID=117) to work on /opt/airflow/dags/surf_pj_dag.py
[2024-11-01T03:05:21.338+0000] {processor.py:826} INFO - Processing file /opt/airflow/dags/surf_pj_dag.py for tasks to queue
[2024-11-01T03:05:21.339+0000] {logging_mixin.py:149} INFO - [2024-11-01T03:05:21.339+0000] {dagbag.py:541} INFO - Filling up the DagBag from /opt/airflow/dags/surf_pj_dag.py
[2024-11-01T03:05:21.798+0000] {processor.py:836} INFO - DAG(s) dict_keys(['surf_dag']) retrieved from /opt/airflow/dags/surf_pj_dag.py
[2024-11-01T03:05:21.808+0000] {logging_mixin.py:149} INFO - [2024-11-01T03:05:21.807+0000] {dag.py:2726} INFO - Sync 1 DAGs
[2024-11-01T03:05:21.816+0000] {logging_mixin.py:149} INFO - [2024-11-01T03:05:21.816+0000] {dag.py:3490} INFO - Setting next_dagrun for surf_dag to 2024-10-31T03:05:21.816324+00:00, run_after=2024-11-01T03:05:21.816324+00:00
[2024-11-01T03:05:21.823+0000] {processor.py:179} INFO - Processing /opt/airflow/dags/surf_pj_dag.py took 0.489 seconds
[2024-11-01T03:05:52.720+0000] {processor.py:157} INFO - Started process (PID=133) to work on /opt/airflow/dags/surf_pj_dag.py
[2024-11-01T03:05:52.721+0000] {processor.py:826} INFO - Processing file /opt/airflow/dags/surf_pj_dag.py for tasks to queue
[2024-11-01T03:05:52.722+0000] {logging_mixin.py:149} INFO - [2024-11-01T03:05:52.722+0000] {dagbag.py:541} INFO - Filling up the DagBag from /opt/airflow/dags/surf_pj_dag.py
[2024-11-01T03:05:53.174+0000] {processor.py:836} INFO - DAG(s) dict_keys(['surf_dag']) retrieved from /opt/airflow/dags/surf_pj_dag.py
[2024-11-01T03:05:53.184+0000] {logging_mixin.py:149} INFO - [2024-11-01T03:05:53.183+0000] {dag.py:2726} INFO - Sync 1 DAGs
[2024-11-01T03:05:53.192+0000] {logging_mixin.py:149} INFO - [2024-11-01T03:05:53.192+0000] {dag.py:3490} INFO - Setting next_dagrun for surf_dag to 2024-10-31T03:05:53.192324+00:00, run_after=2024-11-01T03:05:53.192324+00:00
[2024-11-01T03:05:53.199+0000] {processor.py:179} INFO - Processing /opt/airflow/dags/surf_pj_dag.py took 0.483 seconds
[2024-11-01T03:06:24.123+0000] {processor.py:157} INFO - Started process (PID=149) to work on /opt/airflow/dags/surf_pj_dag.py
[2024-11-01T03:06:24.124+0000] {processor.py:826} INFO - Processing file /opt/airflow/dags/surf_pj_dag.py for tasks to queue
[2024-11-01T03:06:24.125+0000] {logging_mixin.py:149} INFO - [2024-11-01T03:06:24.125+0000] {dagbag.py:541} INFO - Filling up the DagBag from /opt/airflow/dags/surf_pj_dag.py
[2024-11-01T03:06:24.584+0000] {processor.py:836} INFO - DAG(s) dict_keys(['surf_dag']) retrieved from /opt/airflow/dags/surf_pj_dag.py
[2024-11-01T03:06:24.594+0000] {logging_mixin.py:149} INFO - [2024-11-01T03:06:24.594+0000] {dag.py:2726} INFO - Sync 1 DAGs
[2024-11-01T03:06:24.603+0000] {logging_mixin.py:149} INFO - [2024-11-01T03:06:24.603+0000] {dag.py:3490} INFO - Setting next_dagrun for surf_dag to 2024-10-31T03:06:24.603387+00:00, run_after=2024-11-01T03:06:24.603387+00:00
[2024-11-01T03:06:24.610+0000] {processor.py:179} INFO - Processing /opt/airflow/dags/surf_pj_dag.py took 0.491 seconds
[2024-11-01T03:06:55.458+0000] {processor.py:157} INFO - Started process (PID=165) to work on /opt/airflow/dags/surf_pj_dag.py
[2024-11-01T03:06:55.459+0000] {processor.py:826} INFO - Processing file /opt/airflow/dags/surf_pj_dag.py for tasks to queue
[2024-11-01T03:06:55.459+0000] {logging_mixin.py:149} INFO - [2024-11-01T03:06:55.459+0000] {dagbag.py:541} INFO - Filling up the DagBag from /opt/airflow/dags/surf_pj_dag.py
[2024-11-01T03:06:55.926+0000] {processor.py:836} INFO - DAG(s) dict_keys(['surf_dag']) retrieved from /opt/airflow/dags/surf_pj_dag.py
[2024-11-01T03:06:55.938+0000] {logging_mixin.py:149} INFO - [2024-11-01T03:06:55.937+0000] {dag.py:2726} INFO - Sync 1 DAGs
[2024-11-01T03:06:55.947+0000] {logging_mixin.py:149} INFO - [2024-11-01T03:06:55.947+0000] {dag.py:3490} INFO - Setting next_dagrun for surf_dag to 2024-10-31T03:06:55.947689+00:00, run_after=2024-11-01T03:06:55.947689+00:00
[2024-11-01T03:06:55.954+0000] {processor.py:179} INFO - Processing /opt/airflow/dags/surf_pj_dag.py took 0.499 seconds
[2024-11-01T03:07:26.775+0000] {processor.py:157} INFO - Started process (PID=181) to work on /opt/airflow/dags/surf_pj_dag.py
[2024-11-01T03:07:26.776+0000] {processor.py:826} INFO - Processing file /opt/airflow/dags/surf_pj_dag.py for tasks to queue
[2024-11-01T03:07:26.777+0000] {logging_mixin.py:149} INFO - [2024-11-01T03:07:26.777+0000] {dagbag.py:541} INFO - Filling up the DagBag from /opt/airflow/dags/surf_pj_dag.py
[2024-11-01T03:07:27.240+0000] {processor.py:836} INFO - DAG(s) dict_keys(['surf_dag']) retrieved from /opt/airflow/dags/surf_pj_dag.py
[2024-11-01T03:07:27.251+0000] {logging_mixin.py:149} INFO - [2024-11-01T03:07:27.251+0000] {dag.py:2726} INFO - Sync 1 DAGs
[2024-11-01T03:07:27.259+0000] {logging_mixin.py:149} INFO - [2024-11-01T03:07:27.259+0000] {dag.py:3490} INFO - Setting next_dagrun for surf_dag to 2024-10-31T03:07:27.259526+00:00, run_after=2024-11-01T03:07:27.259526+00:00
[2024-11-01T03:07:27.266+0000] {processor.py:179} INFO - Processing /opt/airflow/dags/surf_pj_dag.py took 0.495 seconds
[2024-11-01T03:07:58.164+0000] {processor.py:157} INFO - Started process (PID=197) to work on /opt/airflow/dags/surf_pj_dag.py
[2024-11-01T03:07:58.164+0000] {processor.py:826} INFO - Processing file /opt/airflow/dags/surf_pj_dag.py for tasks to queue
[2024-11-01T03:07:58.165+0000] {logging_mixin.py:149} INFO - [2024-11-01T03:07:58.165+0000] {dagbag.py:541} INFO - Filling up the DagBag from /opt/airflow/dags/surf_pj_dag.py
[2024-11-01T03:07:58.633+0000] {processor.py:836} INFO - DAG(s) dict_keys(['surf_dag']) retrieved from /opt/airflow/dags/surf_pj_dag.py
[2024-11-01T03:07:58.643+0000] {logging_mixin.py:149} INFO - [2024-11-01T03:07:58.643+0000] {dag.py:2726} INFO - Sync 1 DAGs
[2024-11-01T03:07:58.652+0000] {logging_mixin.py:149} INFO - [2024-11-01T03:07:58.652+0000] {dag.py:3490} INFO - Setting next_dagrun for surf_dag to 2024-10-31T03:07:58.652119+00:00, run_after=2024-11-01T03:07:58.652119+00:00
[2024-11-01T03:07:58.659+0000] {processor.py:179} INFO - Processing /opt/airflow/dags/surf_pj_dag.py took 0.497 seconds
[2024-11-01T03:08:29.512+0000] {processor.py:157} INFO - Started process (PID=213) to work on /opt/airflow/dags/surf_pj_dag.py
[2024-11-01T03:08:29.513+0000] {processor.py:826} INFO - Processing file /opt/airflow/dags/surf_pj_dag.py for tasks to queue
[2024-11-01T03:08:29.513+0000] {logging_mixin.py:149} INFO - [2024-11-01T03:08:29.513+0000] {dagbag.py:541} INFO - Filling up the DagBag from /opt/airflow/dags/surf_pj_dag.py
[2024-11-01T03:08:30.004+0000] {processor.py:836} INFO - DAG(s) dict_keys(['surf_dag']) retrieved from /opt/airflow/dags/surf_pj_dag.py
[2024-11-01T03:08:30.014+0000] {logging_mixin.py:149} INFO - [2024-11-01T03:08:30.014+0000] {dag.py:2726} INFO - Sync 1 DAGs
[2024-11-01T03:08:30.023+0000] {logging_mixin.py:149} INFO - [2024-11-01T03:08:30.023+0000] {dag.py:3490} INFO - Setting next_dagrun for surf_dag to 2024-10-31T03:08:30.023781+00:00, run_after=2024-11-01T03:08:30.023781+00:00
[2024-11-01T03:08:30.031+0000] {processor.py:179} INFO - Processing /opt/airflow/dags/surf_pj_dag.py took 0.520 seconds
[2024-11-01T03:10:38.787+0000] {processor.py:157} INFO - Started process (PID=33) to work on /opt/airflow/dags/surf_pj_dag.py
[2024-11-01T03:10:38.787+0000] {processor.py:826} INFO - Processing file /opt/airflow/dags/surf_pj_dag.py for tasks to queue
[2024-11-01T03:10:38.787+0000] {logging_mixin.py:149} INFO - [2024-11-01T03:10:38.787+0000] {dagbag.py:541} INFO - Filling up the DagBag from /opt/airflow/dags/surf_pj_dag.py
[2024-11-01T03:10:39.573+0000] {logging_mixin.py:149} INFO - [2024-11-01T03:10:39.573+0000] {font_manager.py:1443} INFO - generated new fontManager
[2024-11-01T03:10:39.870+0000] {processor.py:836} INFO - DAG(s) dict_keys(['surf_dag']) retrieved from /opt/airflow/dags/surf_pj_dag.py
[2024-11-01T03:10:39.886+0000] {logging_mixin.py:149} INFO - [2024-11-01T03:10:39.886+0000] {dag.py:2726} INFO - Sync 1 DAGs
[2024-11-01T03:10:39.897+0000] {logging_mixin.py:149} INFO - [2024-11-01T03:10:39.897+0000] {dag.py:3490} INFO - Setting next_dagrun for surf_dag to 2024-10-31T03:10:39.897348+00:00, run_after=2024-11-01T03:10:39.897348+00:00
[2024-11-01T03:10:39.904+0000] {processor.py:179} INFO - Processing /opt/airflow/dags/surf_pj_dag.py took 1.119 seconds
[2024-11-01T03:11:10.146+0000] {processor.py:157} INFO - Started process (PID=53) to work on /opt/airflow/dags/surf_pj_dag.py
[2024-11-01T03:11:10.146+0000] {processor.py:826} INFO - Processing file /opt/airflow/dags/surf_pj_dag.py for tasks to queue
[2024-11-01T03:11:10.147+0000] {logging_mixin.py:149} INFO - [2024-11-01T03:11:10.147+0000] {dagbag.py:541} INFO - Filling up the DagBag from /opt/airflow/dags/surf_pj_dag.py
[2024-11-01T03:11:10.612+0000] {processor.py:836} INFO - DAG(s) dict_keys(['surf_dag']) retrieved from /opt/airflow/dags/surf_pj_dag.py
[2024-11-01T03:11:10.623+0000] {logging_mixin.py:149} INFO - [2024-11-01T03:11:10.623+0000] {dag.py:2726} INFO - Sync 1 DAGs
[2024-11-01T03:11:10.632+0000] {logging_mixin.py:149} INFO - [2024-11-01T03:11:10.632+0000] {dag.py:3490} INFO - Setting next_dagrun for surf_dag to 2024-10-31T03:11:10.632590+00:00, run_after=2024-11-01T03:11:10.632590+00:00
[2024-11-01T03:11:10.639+0000] {processor.py:179} INFO - Processing /opt/airflow/dags/surf_pj_dag.py took 0.495 seconds
[2024-11-01T03:11:41.441+0000] {processor.py:157} INFO - Started process (PID=69) to work on /opt/airflow/dags/surf_pj_dag.py
[2024-11-01T03:11:41.442+0000] {processor.py:826} INFO - Processing file /opt/airflow/dags/surf_pj_dag.py for tasks to queue
[2024-11-01T03:11:41.442+0000] {logging_mixin.py:149} INFO - [2024-11-01T03:11:41.442+0000] {dagbag.py:541} INFO - Filling up the DagBag from /opt/airflow/dags/surf_pj_dag.py
[2024-11-01T03:11:41.924+0000] {processor.py:836} INFO - DAG(s) dict_keys(['surf_dag']) retrieved from /opt/airflow/dags/surf_pj_dag.py
[2024-11-01T03:11:41.935+0000] {logging_mixin.py:149} INFO - [2024-11-01T03:11:41.935+0000] {dag.py:2726} INFO - Sync 1 DAGs
[2024-11-01T03:11:41.944+0000] {logging_mixin.py:149} INFO - [2024-11-01T03:11:41.944+0000] {dag.py:3490} INFO - Setting next_dagrun for surf_dag to 2024-10-31T03:11:41.944595+00:00, run_after=2024-11-01T03:11:41.944595+00:00
[2024-11-01T03:11:41.951+0000] {processor.py:179} INFO - Processing /opt/airflow/dags/surf_pj_dag.py took 0.512 seconds
[2024-11-01T03:12:12.745+0000] {processor.py:157} INFO - Started process (PID=85) to work on /opt/airflow/dags/surf_pj_dag.py
[2024-11-01T03:12:12.745+0000] {processor.py:826} INFO - Processing file /opt/airflow/dags/surf_pj_dag.py for tasks to queue
[2024-11-01T03:12:12.746+0000] {logging_mixin.py:149} INFO - [2024-11-01T03:12:12.745+0000] {dagbag.py:541} INFO - Filling up the DagBag from /opt/airflow/dags/surf_pj_dag.py
[2024-11-01T03:12:13.217+0000] {processor.py:836} INFO - DAG(s) dict_keys(['surf_dag']) retrieved from /opt/airflow/dags/surf_pj_dag.py
[2024-11-01T03:12:13.228+0000] {logging_mixin.py:149} INFO - [2024-11-01T03:12:13.228+0000] {dag.py:2726} INFO - Sync 1 DAGs
[2024-11-01T03:12:13.238+0000] {logging_mixin.py:149} INFO - [2024-11-01T03:12:13.238+0000] {dag.py:3490} INFO - Setting next_dagrun for surf_dag to 2024-10-31T03:12:13.238125+00:00, run_after=2024-11-01T03:12:13.238125+00:00
[2024-11-01T03:12:13.246+0000] {processor.py:179} INFO - Processing /opt/airflow/dags/surf_pj_dag.py took 0.504 seconds
[2024-11-01T03:12:44.048+0000] {processor.py:157} INFO - Started process (PID=101) to work on /opt/airflow/dags/surf_pj_dag.py
[2024-11-01T03:12:44.048+0000] {processor.py:826} INFO - Processing file /opt/airflow/dags/surf_pj_dag.py for tasks to queue
[2024-11-01T03:12:44.049+0000] {logging_mixin.py:149} INFO - [2024-11-01T03:12:44.049+0000] {dagbag.py:541} INFO - Filling up the DagBag from /opt/airflow/dags/surf_pj_dag.py
[2024-11-01T03:12:44.514+0000] {processor.py:836} INFO - DAG(s) dict_keys(['surf_dag']) retrieved from /opt/airflow/dags/surf_pj_dag.py
[2024-11-01T03:12:44.525+0000] {logging_mixin.py:149} INFO - [2024-11-01T03:12:44.525+0000] {dag.py:2726} INFO - Sync 1 DAGs
[2024-11-01T03:12:44.535+0000] {logging_mixin.py:149} INFO - [2024-11-01T03:12:44.535+0000] {dag.py:3490} INFO - Setting next_dagrun for surf_dag to 2024-10-31T03:12:44.534978+00:00, run_after=2024-11-01T03:12:44.534978+00:00
[2024-11-01T03:12:44.541+0000] {processor.py:179} INFO - Processing /opt/airflow/dags/surf_pj_dag.py took 0.495 seconds
[2024-11-01T03:13:15.346+0000] {processor.py:157} INFO - Started process (PID=117) to work on /opt/airflow/dags/surf_pj_dag.py
[2024-11-01T03:13:15.347+0000] {processor.py:826} INFO - Processing file /opt/airflow/dags/surf_pj_dag.py for tasks to queue
[2024-11-01T03:13:15.347+0000] {logging_mixin.py:149} INFO - [2024-11-01T03:13:15.347+0000] {dagbag.py:541} INFO - Filling up the DagBag from /opt/airflow/dags/surf_pj_dag.py
[2024-11-01T03:13:15.825+0000] {processor.py:836} INFO - DAG(s) dict_keys(['surf_dag']) retrieved from /opt/airflow/dags/surf_pj_dag.py
[2024-11-01T03:13:15.836+0000] {logging_mixin.py:149} INFO - [2024-11-01T03:13:15.836+0000] {dag.py:2726} INFO - Sync 1 DAGs
[2024-11-01T03:13:15.845+0000] {logging_mixin.py:149} INFO - [2024-11-01T03:13:15.845+0000] {dag.py:3490} INFO - Setting next_dagrun for surf_dag to 2024-10-31T03:13:15.845655+00:00, run_after=2024-11-01T03:13:15.845655+00:00
[2024-11-01T03:13:15.853+0000] {processor.py:179} INFO - Processing /opt/airflow/dags/surf_pj_dag.py took 0.509 seconds
[2024-11-01T03:13:46.639+0000] {processor.py:157} INFO - Started process (PID=133) to work on /opt/airflow/dags/surf_pj_dag.py
[2024-11-01T03:13:46.639+0000] {processor.py:826} INFO - Processing file /opt/airflow/dags/surf_pj_dag.py for tasks to queue
[2024-11-01T03:13:46.639+0000] {logging_mixin.py:149} INFO - [2024-11-01T03:13:46.639+0000] {dagbag.py:541} INFO - Filling up the DagBag from /opt/airflow/dags/surf_pj_dag.py
[2024-11-01T03:13:47.101+0000] {processor.py:836} INFO - DAG(s) dict_keys(['surf_dag']) retrieved from /opt/airflow/dags/surf_pj_dag.py
[2024-11-01T03:13:47.113+0000] {logging_mixin.py:149} INFO - [2024-11-01T03:13:47.113+0000] {dag.py:2726} INFO - Sync 1 DAGs
[2024-11-01T03:13:47.123+0000] {logging_mixin.py:149} INFO - [2024-11-01T03:13:47.123+0000] {dag.py:3490} INFO - Setting next_dagrun for surf_dag to 2024-10-31T03:13:47.123093+00:00, run_after=2024-11-01T03:13:47.123093+00:00
[2024-11-01T03:13:47.130+0000] {processor.py:179} INFO - Processing /opt/airflow/dags/surf_pj_dag.py took 0.493 seconds
[2024-11-01T03:14:17.937+0000] {processor.py:157} INFO - Started process (PID=149) to work on /opt/airflow/dags/surf_pj_dag.py
[2024-11-01T03:14:17.938+0000] {processor.py:826} INFO - Processing file /opt/airflow/dags/surf_pj_dag.py for tasks to queue
[2024-11-01T03:14:17.938+0000] {logging_mixin.py:149} INFO - [2024-11-01T03:14:17.938+0000] {dagbag.py:541} INFO - Filling up the DagBag from /opt/airflow/dags/surf_pj_dag.py
[2024-11-01T03:14:18.461+0000] {processor.py:836} INFO - DAG(s) dict_keys(['surf_dag']) retrieved from /opt/airflow/dags/surf_pj_dag.py
[2024-11-01T03:14:18.474+0000] {logging_mixin.py:149} INFO - [2024-11-01T03:14:18.474+0000] {dag.py:2726} INFO - Sync 1 DAGs
[2024-11-01T03:14:18.486+0000] {logging_mixin.py:149} INFO - [2024-11-01T03:14:18.486+0000] {dag.py:3490} INFO - Setting next_dagrun for surf_dag to 2024-10-31T03:14:18.486559+00:00, run_after=2024-11-01T03:14:18.486559+00:00
[2024-11-01T03:14:18.497+0000] {processor.py:179} INFO - Processing /opt/airflow/dags/surf_pj_dag.py took 0.562 seconds
[2024-11-01T03:14:49.245+0000] {processor.py:157} INFO - Started process (PID=165) to work on /opt/airflow/dags/surf_pj_dag.py
[2024-11-01T03:14:49.246+0000] {processor.py:826} INFO - Processing file /opt/airflow/dags/surf_pj_dag.py for tasks to queue
[2024-11-01T03:14:49.246+0000] {logging_mixin.py:149} INFO - [2024-11-01T03:14:49.246+0000] {dagbag.py:541} INFO - Filling up the DagBag from /opt/airflow/dags/surf_pj_dag.py
[2024-11-01T03:14:49.748+0000] {processor.py:836} INFO - DAG(s) dict_keys(['surf_dag']) retrieved from /opt/airflow/dags/surf_pj_dag.py
[2024-11-01T03:14:49.760+0000] {logging_mixin.py:149} INFO - [2024-11-01T03:14:49.760+0000] {dag.py:2726} INFO - Sync 1 DAGs
[2024-11-01T03:14:49.770+0000] {logging_mixin.py:149} INFO - [2024-11-01T03:14:49.770+0000] {dag.py:3490} INFO - Setting next_dagrun for surf_dag to 2024-10-31T03:14:49.770550+00:00, run_after=2024-11-01T03:14:49.770550+00:00
[2024-11-01T03:14:49.779+0000] {processor.py:179} INFO - Processing /opt/airflow/dags/surf_pj_dag.py took 0.536 seconds
[2024-11-01T03:15:20.564+0000] {processor.py:157} INFO - Started process (PID=181) to work on /opt/airflow/dags/surf_pj_dag.py
[2024-11-01T03:15:20.565+0000] {processor.py:826} INFO - Processing file /opt/airflow/dags/surf_pj_dag.py for tasks to queue
[2024-11-01T03:15:20.565+0000] {logging_mixin.py:149} INFO - [2024-11-01T03:15:20.565+0000] {dagbag.py:541} INFO - Filling up the DagBag from /opt/airflow/dags/surf_pj_dag.py
[2024-11-01T03:15:21.067+0000] {processor.py:836} INFO - DAG(s) dict_keys(['surf_dag']) retrieved from /opt/airflow/dags/surf_pj_dag.py
[2024-11-01T03:15:21.080+0000] {logging_mixin.py:149} INFO - [2024-11-01T03:15:21.080+0000] {dag.py:2726} INFO - Sync 1 DAGs
[2024-11-01T03:15:21.091+0000] {logging_mixin.py:149} INFO - [2024-11-01T03:15:21.091+0000] {dag.py:3490} INFO - Setting next_dagrun for surf_dag to 2024-10-31T03:15:21.091221+00:00, run_after=2024-11-01T03:15:21.091221+00:00
[2024-11-01T03:15:21.099+0000] {processor.py:179} INFO - Processing /opt/airflow/dags/surf_pj_dag.py took 0.537 seconds
[2024-11-01T03:15:51.827+0000] {processor.py:157} INFO - Started process (PID=197) to work on /opt/airflow/dags/surf_pj_dag.py
[2024-11-01T03:15:51.828+0000] {processor.py:826} INFO - Processing file /opt/airflow/dags/surf_pj_dag.py for tasks to queue
[2024-11-01T03:15:51.828+0000] {logging_mixin.py:149} INFO - [2024-11-01T03:15:51.828+0000] {dagbag.py:541} INFO - Filling up the DagBag from /opt/airflow/dags/surf_pj_dag.py
[2024-11-01T03:15:52.327+0000] {processor.py:836} INFO - DAG(s) dict_keys(['surf_dag']) retrieved from /opt/airflow/dags/surf_pj_dag.py
[2024-11-01T03:15:52.339+0000] {logging_mixin.py:149} INFO - [2024-11-01T03:15:52.339+0000] {dag.py:2726} INFO - Sync 1 DAGs
[2024-11-01T03:15:52.350+0000] {logging_mixin.py:149} INFO - [2024-11-01T03:15:52.350+0000] {dag.py:3490} INFO - Setting next_dagrun for surf_dag to 2024-10-31T03:15:52.350362+00:00, run_after=2024-11-01T03:15:52.350362+00:00
[2024-11-01T03:15:52.359+0000] {processor.py:179} INFO - Processing /opt/airflow/dags/surf_pj_dag.py took 0.534 seconds
[2024-11-01T03:16:23.138+0000] {processor.py:157} INFO - Started process (PID=213) to work on /opt/airflow/dags/surf_pj_dag.py
[2024-11-01T03:16:23.139+0000] {processor.py:826} INFO - Processing file /opt/airflow/dags/surf_pj_dag.py for tasks to queue
[2024-11-01T03:16:23.139+0000] {logging_mixin.py:149} INFO - [2024-11-01T03:16:23.139+0000] {dagbag.py:541} INFO - Filling up the DagBag from /opt/airflow/dags/surf_pj_dag.py
[2024-11-01T03:16:23.641+0000] {processor.py:836} INFO - DAG(s) dict_keys(['surf_dag']) retrieved from /opt/airflow/dags/surf_pj_dag.py
[2024-11-01T03:16:23.654+0000] {logging_mixin.py:149} INFO - [2024-11-01T03:16:23.654+0000] {dag.py:2726} INFO - Sync 1 DAGs
[2024-11-01T03:16:23.665+0000] {logging_mixin.py:149} INFO - [2024-11-01T03:16:23.664+0000] {dag.py:3490} INFO - Setting next_dagrun for surf_dag to 2024-10-31T03:16:23.664846+00:00, run_after=2024-11-01T03:16:23.664846+00:00
[2024-11-01T03:16:23.674+0000] {processor.py:179} INFO - Processing /opt/airflow/dags/surf_pj_dag.py took 0.538 seconds
[2024-11-01T03:16:54.399+0000] {processor.py:157} INFO - Started process (PID=229) to work on /opt/airflow/dags/surf_pj_dag.py
[2024-11-01T03:16:54.400+0000] {processor.py:826} INFO - Processing file /opt/airflow/dags/surf_pj_dag.py for tasks to queue
[2024-11-01T03:16:54.400+0000] {logging_mixin.py:149} INFO - [2024-11-01T03:16:54.400+0000] {dagbag.py:541} INFO - Filling up the DagBag from /opt/airflow/dags/surf_pj_dag.py
[2024-11-01T03:16:54.897+0000] {processor.py:836} INFO - DAG(s) dict_keys(['surf_dag']) retrieved from /opt/airflow/dags/surf_pj_dag.py
[2024-11-01T03:16:54.909+0000] {logging_mixin.py:149} INFO - [2024-11-01T03:16:54.909+0000] {dag.py:2726} INFO - Sync 1 DAGs
[2024-11-01T03:16:54.920+0000] {logging_mixin.py:149} INFO - [2024-11-01T03:16:54.919+0000] {dag.py:3490} INFO - Setting next_dagrun for surf_dag to 2024-10-31T03:16:54.919860+00:00, run_after=2024-11-01T03:16:54.919860+00:00
[2024-11-01T03:16:54.928+0000] {processor.py:179} INFO - Processing /opt/airflow/dags/surf_pj_dag.py took 0.533 seconds
[2024-11-01T03:17:25.692+0000] {processor.py:157} INFO - Started process (PID=245) to work on /opt/airflow/dags/surf_pj_dag.py
[2024-11-01T03:17:25.693+0000] {processor.py:826} INFO - Processing file /opt/airflow/dags/surf_pj_dag.py for tasks to queue
[2024-11-01T03:17:25.693+0000] {logging_mixin.py:149} INFO - [2024-11-01T03:17:25.693+0000] {dagbag.py:541} INFO - Filling up the DagBag from /opt/airflow/dags/surf_pj_dag.py
[2024-11-01T03:17:26.188+0000] {processor.py:836} INFO - DAG(s) dict_keys(['surf_dag']) retrieved from /opt/airflow/dags/surf_pj_dag.py
[2024-11-01T03:17:26.200+0000] {logging_mixin.py:149} INFO - [2024-11-01T03:17:26.200+0000] {dag.py:2726} INFO - Sync 1 DAGs
[2024-11-01T03:17:26.212+0000] {logging_mixin.py:149} INFO - [2024-11-01T03:17:26.212+0000] {dag.py:3490} INFO - Setting next_dagrun for surf_dag to 2024-10-31T03:17:26.212381+00:00, run_after=2024-11-01T03:17:26.212381+00:00
[2024-11-01T03:17:26.220+0000] {processor.py:179} INFO - Processing /opt/airflow/dags/surf_pj_dag.py took 0.529 seconds
[2024-11-01T03:17:56.922+0000] {processor.py:157} INFO - Started process (PID=261) to work on /opt/airflow/dags/surf_pj_dag.py
[2024-11-01T03:17:56.923+0000] {processor.py:826} INFO - Processing file /opt/airflow/dags/surf_pj_dag.py for tasks to queue
[2024-11-01T03:17:56.924+0000] {logging_mixin.py:149} INFO - [2024-11-01T03:17:56.924+0000] {dagbag.py:541} INFO - Filling up the DagBag from /opt/airflow/dags/surf_pj_dag.py
[2024-11-01T03:17:57.447+0000] {processor.py:836} INFO - DAG(s) dict_keys(['surf_dag']) retrieved from /opt/airflow/dags/surf_pj_dag.py
[2024-11-01T03:17:57.460+0000] {logging_mixin.py:149} INFO - [2024-11-01T03:17:57.460+0000] {dag.py:2726} INFO - Sync 1 DAGs
[2024-11-01T03:17:57.471+0000] {logging_mixin.py:149} INFO - [2024-11-01T03:17:57.471+0000] {dag.py:3490} INFO - Setting next_dagrun for surf_dag to 2024-10-31T03:17:57.470946+00:00, run_after=2024-11-01T03:17:57.470946+00:00
[2024-11-01T03:17:57.479+0000] {processor.py:179} INFO - Processing /opt/airflow/dags/surf_pj_dag.py took 0.558 seconds
[2024-11-01T03:18:28.161+0000] {processor.py:157} INFO - Started process (PID=277) to work on /opt/airflow/dags/surf_pj_dag.py
[2024-11-01T03:18:28.162+0000] {processor.py:826} INFO - Processing file /opt/airflow/dags/surf_pj_dag.py for tasks to queue
[2024-11-01T03:18:28.162+0000] {logging_mixin.py:149} INFO - [2024-11-01T03:18:28.162+0000] {dagbag.py:541} INFO - Filling up the DagBag from /opt/airflow/dags/surf_pj_dag.py
[2024-11-01T03:18:28.667+0000] {processor.py:836} INFO - DAG(s) dict_keys(['surf_dag']) retrieved from /opt/airflow/dags/surf_pj_dag.py
[2024-11-01T03:18:28.672+0000] {logging_mixin.py:149} INFO - [2024-11-01T03:18:28.672+0000] {dag.py:2726} INFO - Sync 1 DAGs
[2024-11-01T03:18:28.683+0000] {logging_mixin.py:149} INFO - [2024-11-01T03:18:28.683+0000] {dag.py:3490} INFO - Setting next_dagrun for surf_dag to 2024-10-31T03:18:28.683483+00:00, run_after=2024-11-01T03:18:28.683483+00:00
[2024-11-01T03:18:28.692+0000] {processor.py:179} INFO - Processing /opt/airflow/dags/surf_pj_dag.py took 0.533 seconds
[2024-11-01T03:18:59.420+0000] {processor.py:157} INFO - Started process (PID=293) to work on /opt/airflow/dags/surf_pj_dag.py
[2024-11-01T03:18:59.420+0000] {processor.py:826} INFO - Processing file /opt/airflow/dags/surf_pj_dag.py for tasks to queue
[2024-11-01T03:18:59.421+0000] {logging_mixin.py:149} INFO - [2024-11-01T03:18:59.421+0000] {dagbag.py:541} INFO - Filling up the DagBag from /opt/airflow/dags/surf_pj_dag.py
[2024-11-01T03:18:59.924+0000] {processor.py:836} INFO - DAG(s) dict_keys(['surf_dag']) retrieved from /opt/airflow/dags/surf_pj_dag.py
[2024-11-01T03:18:59.937+0000] {logging_mixin.py:149} INFO - [2024-11-01T03:18:59.937+0000] {dag.py:2726} INFO - Sync 1 DAGs
[2024-11-01T03:18:59.949+0000] {logging_mixin.py:149} INFO - [2024-11-01T03:18:59.949+0000] {dag.py:3490} INFO - Setting next_dagrun for surf_dag to 2024-10-31T03:18:59.949187+00:00, run_after=2024-11-01T03:18:59.949187+00:00
[2024-11-01T03:18:59.957+0000] {processor.py:179} INFO - Processing /opt/airflow/dags/surf_pj_dag.py took 0.539 seconds
[2024-11-01T03:19:30.678+0000] {processor.py:157} INFO - Started process (PID=309) to work on /opt/airflow/dags/surf_pj_dag.py
[2024-11-01T03:19:30.679+0000] {processor.py:826} INFO - Processing file /opt/airflow/dags/surf_pj_dag.py for tasks to queue
[2024-11-01T03:19:30.679+0000] {logging_mixin.py:149} INFO - [2024-11-01T03:19:30.679+0000] {dagbag.py:541} INFO - Filling up the DagBag from /opt/airflow/dags/surf_pj_dag.py
[2024-11-01T03:19:31.169+0000] {processor.py:836} INFO - DAG(s) dict_keys(['surf_dag']) retrieved from /opt/airflow/dags/surf_pj_dag.py
[2024-11-01T03:19:31.181+0000] {logging_mixin.py:149} INFO - [2024-11-01T03:19:31.180+0000] {dag.py:2726} INFO - Sync 1 DAGs
[2024-11-01T03:19:31.191+0000] {logging_mixin.py:149} INFO - [2024-11-01T03:19:31.191+0000] {dag.py:3490} INFO - Setting next_dagrun for surf_dag to 2024-10-31T03:19:31.191759+00:00, run_after=2024-11-01T03:19:31.191759+00:00
[2024-11-01T03:19:31.199+0000] {processor.py:179} INFO - Processing /opt/airflow/dags/surf_pj_dag.py took 0.522 seconds
[2024-11-01T03:20:01.918+0000] {processor.py:157} INFO - Started process (PID=325) to work on /opt/airflow/dags/surf_pj_dag.py
[2024-11-01T03:20:01.919+0000] {processor.py:826} INFO - Processing file /opt/airflow/dags/surf_pj_dag.py for tasks to queue
[2024-11-01T03:20:01.919+0000] {logging_mixin.py:149} INFO - [2024-11-01T03:20:01.919+0000] {dagbag.py:541} INFO - Filling up the DagBag from /opt/airflow/dags/surf_pj_dag.py
[2024-11-01T03:20:02.412+0000] {processor.py:836} INFO - DAG(s) dict_keys(['surf_dag']) retrieved from /opt/airflow/dags/surf_pj_dag.py
[2024-11-01T03:20:02.425+0000] {logging_mixin.py:149} INFO - [2024-11-01T03:20:02.425+0000] {dag.py:2726} INFO - Sync 1 DAGs
[2024-11-01T03:20:02.436+0000] {logging_mixin.py:149} INFO - [2024-11-01T03:20:02.436+0000] {dag.py:3490} INFO - Setting next_dagrun for surf_dag to 2024-10-31T03:20:02.436023+00:00, run_after=2024-11-01T03:20:02.436023+00:00
[2024-11-01T03:20:02.445+0000] {processor.py:179} INFO - Processing /opt/airflow/dags/surf_pj_dag.py took 0.529 seconds
[2024-11-01T03:20:33.166+0000] {processor.py:157} INFO - Started process (PID=341) to work on /opt/airflow/dags/surf_pj_dag.py
[2024-11-01T03:20:33.167+0000] {processor.py:826} INFO - Processing file /opt/airflow/dags/surf_pj_dag.py for tasks to queue
[2024-11-01T03:20:33.167+0000] {logging_mixin.py:149} INFO - [2024-11-01T03:20:33.167+0000] {dagbag.py:541} INFO - Filling up the DagBag from /opt/airflow/dags/surf_pj_dag.py
[2024-11-01T03:20:33.665+0000] {processor.py:836} INFO - DAG(s) dict_keys(['surf_dag']) retrieved from /opt/airflow/dags/surf_pj_dag.py
[2024-11-01T03:20:33.677+0000] {logging_mixin.py:149} INFO - [2024-11-01T03:20:33.677+0000] {dag.py:2726} INFO - Sync 1 DAGs
[2024-11-01T03:20:33.687+0000] {logging_mixin.py:149} INFO - [2024-11-01T03:20:33.687+0000] {dag.py:3490} INFO - Setting next_dagrun for surf_dag to 2024-10-31T03:20:33.687695+00:00, run_after=2024-11-01T03:20:33.687695+00:00
[2024-11-01T03:20:33.696+0000] {processor.py:179} INFO - Processing /opt/airflow/dags/surf_pj_dag.py took 0.531 seconds
[2024-11-01T03:21:04.410+0000] {processor.py:157} INFO - Started process (PID=357) to work on /opt/airflow/dags/surf_pj_dag.py
[2024-11-01T03:21:04.411+0000] {processor.py:826} INFO - Processing file /opt/airflow/dags/surf_pj_dag.py for tasks to queue
[2024-11-01T03:21:04.412+0000] {logging_mixin.py:149} INFO - [2024-11-01T03:21:04.411+0000] {dagbag.py:541} INFO - Filling up the DagBag from /opt/airflow/dags/surf_pj_dag.py
[2024-11-01T03:21:04.917+0000] {processor.py:836} INFO - DAG(s) dict_keys(['surf_dag']) retrieved from /opt/airflow/dags/surf_pj_dag.py
[2024-11-01T03:21:04.929+0000] {logging_mixin.py:149} INFO - [2024-11-01T03:21:04.929+0000] {dag.py:2726} INFO - Sync 1 DAGs
[2024-11-01T03:21:04.940+0000] {logging_mixin.py:149} INFO - [2024-11-01T03:21:04.940+0000] {dag.py:3490} INFO - Setting next_dagrun for surf_dag to 2024-10-31T03:21:04.940492+00:00, run_after=2024-11-01T03:21:04.940492+00:00
[2024-11-01T03:21:04.948+0000] {processor.py:179} INFO - Processing /opt/airflow/dags/surf_pj_dag.py took 0.540 seconds
[2024-11-01T03:21:35.662+0000] {processor.py:157} INFO - Started process (PID=373) to work on /opt/airflow/dags/surf_pj_dag.py
[2024-11-01T03:21:35.663+0000] {processor.py:826} INFO - Processing file /opt/airflow/dags/surf_pj_dag.py for tasks to queue
[2024-11-01T03:21:35.663+0000] {logging_mixin.py:149} INFO - [2024-11-01T03:21:35.663+0000] {dagbag.py:541} INFO - Filling up the DagBag from /opt/airflow/dags/surf_pj_dag.py
[2024-11-01T03:21:36.165+0000] {processor.py:836} INFO - DAG(s) dict_keys(['surf_dag']) retrieved from /opt/airflow/dags/surf_pj_dag.py
[2024-11-01T03:21:36.176+0000] {logging_mixin.py:149} INFO - [2024-11-01T03:21:36.176+0000] {dag.py:2726} INFO - Sync 1 DAGs
[2024-11-01T03:21:36.187+0000] {logging_mixin.py:149} INFO - [2024-11-01T03:21:36.187+0000] {dag.py:3490} INFO - Setting next_dagrun for surf_dag to 2024-10-31T03:21:36.187373+00:00, run_after=2024-11-01T03:21:36.187373+00:00
[2024-11-01T03:21:36.195+0000] {processor.py:179} INFO - Processing /opt/airflow/dags/surf_pj_dag.py took 0.536 seconds
[2024-11-01T03:22:06.887+0000] {processor.py:157} INFO - Started process (PID=389) to work on /opt/airflow/dags/surf_pj_dag.py
[2024-11-01T03:22:06.887+0000] {processor.py:826} INFO - Processing file /opt/airflow/dags/surf_pj_dag.py for tasks to queue
[2024-11-01T03:22:06.888+0000] {logging_mixin.py:149} INFO - [2024-11-01T03:22:06.888+0000] {dagbag.py:541} INFO - Filling up the DagBag from /opt/airflow/dags/surf_pj_dag.py
[2024-11-01T03:22:07.388+0000] {processor.py:836} INFO - DAG(s) dict_keys(['surf_dag']) retrieved from /opt/airflow/dags/surf_pj_dag.py
[2024-11-01T03:22:07.402+0000] {logging_mixin.py:149} INFO - [2024-11-01T03:22:07.402+0000] {dag.py:2726} INFO - Sync 1 DAGs
[2024-11-01T03:22:07.413+0000] {logging_mixin.py:149} INFO - [2024-11-01T03:22:07.413+0000] {dag.py:3490} INFO - Setting next_dagrun for surf_dag to 2024-10-31T03:22:07.413048+00:00, run_after=2024-11-01T03:22:07.413048+00:00
[2024-11-01T03:22:07.422+0000] {processor.py:179} INFO - Processing /opt/airflow/dags/surf_pj_dag.py took 0.538 seconds
